00:05:47 use a0122145834;
00:05:47 set names utf8;
00:05:47 select * from configs
00:09:17 use a0122145834;
00:09:17 set names utf8;
00:09:17 select * from configs
00:15:12 use a0122145834;
00:15:12 set names utf8;
00:15:12 select * from configs
00:16:53 use a0122145834;
00:16:53 set names utf8;
00:16:53 select * from configs
00:49:25 use a0122145834;
00:49:25 set names utf8;
00:49:25 select * from configs
00:49:35 use a0122145834;
00:49:35 set names utf8;
00:49:35 select * from configs
00:50:14 use a0122145834;
00:50:14 set names utf8;
00:50:14 select * from configs
00:51:12 use a0122145834;
00:51:12 set names utf8;
00:51:12 select * from configs
00:52:10 use a0122145834;
00:52:10 set names utf8;
00:52:10 select * from configs
01:09:21 use a0122145834;
01:09:21 set names utf8;
01:09:21 select * from configs
01:10:52 use a0122145834;
01:10:52 set names utf8;
01:10:52 select * from configs
01:32:58 use a0122145834;
01:32:58 set names utf8;
01:32:58 select * from configs
01:33:49 use a0122145834;
01:33:49 set names utf8;
01:33:49 select * from configs
01:39:50 use a0122145834;
01:39:50 set names utf8;
01:39:50 select * from configs
01:41:35 use a0122145834;
01:41:35 set names utf8;
01:41:35 select * from configs
02:16:00 use a0122145834;
02:16:00 set names utf8;
02:16:00 select * from configs
02:17:28 use a0122145834;
02:17:28 set names utf8;
02:17:28 select * from configs
02:43:34 use a0122145834;
02:43:34 set names utf8;
03:57:42 use a0122145834;
03:57:42 set names utf8;
03:57:43 select * from configs
04:41:05 use a0122145834;
04:41:05 set names utf8;
04:41:05 select * from configs
04:45:29 use a0122145834;
04:45:29 set names utf8;
04:45:29 select * from configs
04:57:35 use a0122145834;
04:57:35 set names utf8;
04:57:35 select * from configs
04:59:22 use a0122145834;
04:59:22 set names utf8;
04:59:22 select * from configs
05:23:58 use a0122145834;
05:23:58 set names utf8;
05:23:58 select * from configs
05:25:59 use a0122145834;
05:25:59 set names utf8;
05:25:59 select * from configs
05:28:34 use a0122145834;
05:28:34 set names utf8;
05:28:34 select * from configs
06:12:05 use a0122145834;
06:12:05 set names utf8;
06:12:05 select * from configs
06:12:13 use a0122145834;
06:12:13 set names utf8;
06:12:13 select * from configs
06:33:59 use a0122145834;
06:33:59 set names utf8;
06:33:59 select * from configs
06:40:33 use a0122145834;
06:40:33 set names utf8;
06:40:33 select * from configs
07:01:25 use a0122145834;
07:01:25 set names utf8;
07:01:25 select * from configs
07:01:26 use a0122145834;
07:01:26 set names utf8;
07:01:26 select * from configs
07:01:30 use a0122145834;
07:01:30 set names utf8;
07:01:30 select * from configs
07:01:30 use a0122145834;
07:01:30 set names utf8;
07:01:30 select * from configs
07:16:30 use a0122145834;
07:16:30 set names utf8;
07:16:30 select * from configs
07:29:21 use a0122145834;
07:29:21 set names utf8;
07:29:21 select * from configs
07:30:04 use a0122145834;
07:30:04 set names utf8;
07:30:04 select * from configs
07:34:07 use a0122145834;
07:34:07 set names utf8;
07:34:07 select * from configs
08:08:07 use a0122145834;
08:08:07 set names utf8;
08:08:07 select * from configs
08:10:49 use a0122145834;
08:10:49 set names utf8;
08:10:49 select * from configs
08:29:34 use a0122145834;
08:29:34 set names utf8;
08:29:34 select * from configs
09:09:44 use a0122145834;
09:09:44 set names utf8;
09:09:44 select * from configs
09:16:25 use a0122145834;
09:16:25 set names utf8;
09:16:25 select * from configs
09:19:34 use a0122145834;
09:19:34 set names utf8;
09:19:34 select * from configs
09:56:40 use a0122145834;
09:56:40 set names utf8;
09:56:40 select * from configs
10:05:32 use a0122145834;
10:05:32 set names utf8;
10:05:32 select * from configs
10:25:18 use a0122145834;
10:25:18 set names utf8;
10:25:18 select * from configs
10:48:07 use a0122145834;
10:48:07 set names utf8;
10:48:07 select * from configs
11:43:08 use a0122145834;
11:43:08 set names utf8;
11:43:08 select * from configs
12:07:15 use a0122145834;
12:07:15 set names utf8;
12:07:15 select * from configs
12:09:38 use a0122145834;
12:09:38 set names utf8;
12:09:38 select * from configs
12:09:39 use a0122145834;
12:09:39 set names utf8;
12:09:39 select * from configs
12:09:44 use a0122145834;
12:09:44 set names utf8;
12:09:44 select * from configs
12:14:23 use a0122145834;
12:14:23 set names utf8;
12:14:23 select * from configs
12:25:24 use a0122145834;
12:25:24 set names utf8;
12:25:24 select * from configs
12:28:25 use a0122145834;
12:28:25 set names utf8;
12:28:25 select * from configs
12:46:15 use a0122145834;
12:46:15 set names utf8;
12:46:15 select * from configs
13:32:29 use a0122145834;
13:32:29 set names utf8;
13:32:29 select * from configs
13:39:55 use a0122145834;
13:39:55 set names utf8;
13:39:55 select * from configs
14:37:51 use a0122145834;
14:37:51 set names utf8;
14:37:51 select * from configs
14:44:06 use a0122145834;
14:44:06 set names utf8;
14:44:06 select * from configs
15:08:55 use a0122145834;
15:08:55 set names utf8;
15:08:55 select * from configs
15:46:11 use a0122145834;
15:46:11 set names utf8;
15:46:11 select * from configs
16:08:57 use a0122145834;
16:08:57 set names utf8;
16:08:57 select * from configs
16:08:58 use a0122145834;
16:08:58 set names utf8;
16:08:58 select * from configs
16:09:04 use a0122145834;
16:09:04 set names utf8;
16:09:04 select * from configs
16:09:04 select * from users where user_name='555555' and user_word='5b1b68a9abf4d2cd155c81a9225fd158'
16:09:04 use a0122145834;
16:09:04 set names utf8;
16:09:04 select * from configs
16:09:04 select * from users where id=38
16:09:04 select count(id) from users where spreader_id='38'
16:09:04 select * from images
16:09:04 select * from goods where need_top=1 and need_hidden=0 order by id desc limit 0,5
16:09:04 select count(id) from goods where need_top=0 and need_hidden=0 order by id desc
16:09:04 select * from goods where need_top=0 and need_hidden=0 order by id desc limit 0,5
16:09:45 use a0122145834;
16:09:45 set names utf8;
16:09:45 select * from configs
16:09:45 select * from users where id=38
16:09:45 select count(id) from users where spreader_id='38'
16:09:45 select * from images
16:09:45 select * from goods where need_top=1 and need_hidden=0 order by id desc limit 0,5
16:09:45 select count(id) from goods where need_top=0 and need_hidden=0 order by id desc
16:09:45 select * from goods where need_top=0 and need_hidden=0 order by id desc limit 0,5
16:09:58 use a0122145834;
16:09:58 set names utf8;
16:09:58 select * from configs
16:09:58 select * from users where id=38
16:09:58 select count(id) from users where spreader_id='38'
16:09:58 select * from images
16:09:58 select * from goods where need_top=1 and need_hidden=0 order by id desc limit 0,5
16:09:58 select count(id) from goods where need_top=0 and need_hidden=0 order by id desc
16:09:58 select * from goods where need_top=0 and need_hidden=0 order by id desc limit 0,5
16:10:12 use a0122145834;
16:10:12 set names utf8;
16:10:12 select * from configs
16:10:12 select * from users where id=38
16:10:12 select count(id) from users where spreader_id='38'
16:10:12 select * from images
16:10:12 select * from goods where need_top=1 and need_hidden=0 order by id desc limit 0,5
16:10:12 select count(id) from goods where need_top=0 and need_hidden=0 order by id desc
16:10:12 select * from goods where need_top=0 and need_hidden=0 order by id desc limit 0,5
16:22:17 use a0122145834;
16:22:17 set names utf8;
16:22:17 select * from configs
16:46:07 use a0122145834;
16:46:07 set names utf8;
16:46:07 select * from configs
17:13:10 use a0122145834;
17:13:10 set names utf8;
17:13:10 select * from configs
17:13:10 select * from users where id=38
17:13:10 select count(id) from users where spreader_id='38'
17:13:10 select * from images
17:13:10 select * from goods where need_top=1 and need_hidden=0 order by id desc limit 0,5
17:13:10 select count(id) from goods where need_top=0 and need_hidden=0 order by id desc
17:13:10 select * from goods where need_top=0 and need_hidden=0 order by id desc limit 0,5
17:16:26 use a0122145834;
17:16:26 set names utf8;
17:16:26 select * from configs
17:16:26 select * from users where id=38
17:16:26 select count(id) from users where spreader_id='38'
17:16:26 select * from images
17:16:26 select type_id from articles where id='9'
17:16:26 select * from articles where id='9'
17:16:53 use a0122145834;
17:16:53 set names utf8;
17:16:54 select * from configs
17:16:54 select * from users where id=38
17:16:54 select count(id) from users where spreader_id='38'
17:16:54 select * from images
17:16:54 select count(id) from income where user_id=38
17:16:54 select * from income where user_id=38 limit 0,5
17:17:16 use a0122145834;
17:17:16 set names utf8;
17:17:16 select * from configs
17:18:04 use a0122145834;
17:18:04 set names utf8;
17:18:04 select * from configs
17:18:04 select * from users where id=38
17:18:04 select count(id) from users where spreader_id='38'
17:18:04 select * from images
17:18:06 use a0122145834;
17:18:06 set names utf8;
17:18:06 select * from configs
17:18:06 select * from users where id=38
17:18:06 select count(id) from users where spreader_id='38'
17:18:06 select * from images
17:18:06 select * from goods where need_top=1 and need_hidden=0 order by id desc limit 0,5
17:18:06 select count(id) from goods where need_top=0 and need_hidden=0 order by id desc
17:18:06 select * from goods where need_top=0 and need_hidden=0 order by id desc limit 0,5
17:18:08 use a0122145834;
17:18:08 set names utf8;
17:18:08 select * from configs
17:20:18 use a0122145834;
17:20:18 set names utf8;
17:20:18 select * from configs
17:20:43 use a0122145834;
17:20:43 set names utf8;
17:20:43 select * from configs
17:21:25 use a0122145834;
17:21:25 set names utf8;
17:21:25 select * from configs
17:21:52 use a0122145834;
17:21:52 set names utf8;
17:21:52 select * from configs
17:22:18 use a0122145834;
17:22:18 set names utf8;
17:22:18 select * from configs
17:24:55 use a0122145834;
17:24:55 set names utf8;
17:24:55 select * from configs
17:24:55 select * from users where id=38
17:24:55 select count(id) from users where spreader_id='38'
17:24:55 select * from images
17:24:55 use a0122145834;
17:24:55 set names utf8;
17:24:55 select * from configs
17:52:01 use a0122145834;
17:52:01 set names utf8;
17:52:01 select * from configs
17:52:37 use a0122145834;
17:52:37 set names utf8;
17:52:37 select * from configs
18:28:36 use a0122145834;
18:28:36 set names utf8;
18:28:36 select * from configs
18:32:40 use a0122145834;
18:32:40 set names utf8;
18:32:40 select * from configs
18:57:05 use a0122145834;
18:57:05 set names utf8;
18:57:05 select * from configs
18:57:08 use a0122145834;
18:57:08 set names utf8;
18:57:08 select * from configs
18:57:09 use a0122145834;
18:57:09 set names utf8;
18:57:09 select * from configs
18:57:14 use a0122145834;
18:57:14 set names utf8;
18:57:14 select * from configs
18:57:14 select * from users where user_name='555555' and user_word='5b1b68a9abf4d2cd155c81a9225fd158'
18:57:14 use a0122145834;
18:57:14 set names utf8;
18:57:14 select * from configs
18:57:14 select * from users where id=38
18:57:14 select count(id) from users where spreader_id='38'
18:57:14 select * from images
18:57:14 select * from goods where need_top=1 and need_hidden=0 order by id desc limit 0,5
18:57:14 select count(id) from goods where need_top=0 and need_hidden=0 order by id desc
18:57:14 select * from goods where need_top=0 and need_hidden=0 order by id desc limit 0,5
18:57:21 use a0122145834;
18:57:21 set names utf8;
18:57:21 select * from configs
18:57:21 select * from users where id=38
18:57:21 select count(id) from users where spreader_id='38'
18:57:21 select * from images
18:57:21 select count(id) from income where user_id=38
18:57:21 select * from income where user_id=38 limit 0,5
18:57:24 use a0122145834;
18:57:24 set names utf8;
18:57:24 select * from configs
18:57:24 select * from users where id=38
18:57:24 insert into income (user_id,income_money,order_sn,add_time,pay_status) values ('38','10','139228904434850','1392289044','0') ;
18:58:19 use a0122145834;
18:58:19 set names utf8;
18:58:19 select * from configs
18:58:19 select * from users where id=38
18:58:19 insert into income (user_id,income_money,order_sn,add_time,pay_status) values ('38','10','139228909981750','1392289099','0') ;
19:06:27 use a0122145834;
19:06:27 set names utf8;
19:06:27 select * from configs
19:06:27 select * from users where id=38
19:06:27 select count(id) from users where spreader_id='38'
19:06:27 select * from images
19:06:27 select count(id) from income where user_id=38
19:06:27 select * from income where user_id=38 limit 0,5
19:11:51 use a0122145834;
19:11:51 set names utf8;
19:11:51 select * from configs
19:11:51 use a0122145834;
19:11:51 set names utf8;
19:11:51 select * from configs
19:12:02 use a0122145834;
19:12:02 set names utf8;
19:12:02 select * from configs
19:12:02 select * from admins where user_name='admin' and user_word='21232f297a57a5a743894a0e4a801fc3'
19:12:03 use a0122145834;
19:12:03 set names utf8;
19:12:03 select * from configs
19:12:03 select * from admins where id=1
19:12:13 use a0122145834;
19:12:13 set names utf8;
19:12:13 select * from configs
19:12:13 select * from admins where id=1
19:12:13 use a0122145834;
19:12:13 set names utf8;
19:12:13 select * from configs
19:12:13 select * from admins where id=1
19:12:13 select count(id) from users
19:12:13 select * from users limit 0,20
19:12:44 use a0122145834;
19:12:44 set names utf8;
19:12:44 select * from configs
19:12:44 select * from admins where id=1
19:12:44 select * from users where id=38
19:12:49 use a0122145834;
19:12:49 set names utf8;
19:12:49 select * from configs
19:12:49 select * from admins where id=1
19:12:49 update users set user_name='555555',nick_name='求昵称',credits='0',money='1970',pay_email='',pay_name='',address='',vip_level='0',spreader_rate='0.6' where id=38 
19:12:50 use a0122145834;
19:12:50 set names utf8;
19:12:50 select * from configs
19:12:50 select * from admins where id=1
19:12:50 select * from users where id=38
19:12:59 use a0122145834;
19:12:59 set names utf8;
19:12:59 select * from configs
19:12:59 select * from users where id=38
19:12:59 select count(id) from users where spreader_id='38'
19:12:59 select * from images
19:12:59 select count(id) from income where user_id=38
19:12:59 select * from income where user_id=38 limit 0,5
19:13:06 use a0122145834;
19:13:06 set names utf8;
19:13:06 select * from configs
19:13:06 select * from admins where id=1
19:13:06 select count(i.id) from income as i left join users as u on i.user_id=u.id
19:13:06 select i.id,i.income_money,i.order_sn,i.add_time,i.pay_status,u.user_name,u.nick_name,u.spreader_id,u.vip_level from income as i left join users as u on i.user_id=u.id limit 0,20
19:13:15 use a0122145834;
19:13:15 set names utf8;
19:13:15 select * from configs
19:13:15 select * from admins where id=1
19:13:15 Delete from income where id in (56,55,54,46,45)
19:13:18 use a0122145834;
19:13:18 set names utf8;
19:13:18 select * from configs
19:13:18 select * from admins where id=1
19:13:18 use a0122145834;
19:13:18 set names utf8;
19:13:18 select * from configs
19:13:18 select * from admins where id=1
19:13:18 select count(id) from users
19:13:18 select * from users limit 0,20
19:13:25 use a0122145834;
19:13:25 set names utf8;
19:13:25 select * from configs
19:13:25 select * from users where id=38
19:13:25 select count(id) from users where spreader_id='38'
19:13:25 select * from images
19:13:25 select count(id) from income where user_id=38
19:13:25 select * from income where user_id=38 limit 0,5
19:14:29 use a0122145834;
19:14:29 set names utf8;
19:14:29 select * from configs
19:14:29 select * from users where id=38
19:14:33 use a0122145834;
19:14:33 set names utf8;
19:14:33 select * from configs
19:14:33 select * from users where id=38
19:14:33 select count(id) from users where spreader_id='38'
19:14:33 select * from images
19:14:33 select count(id) from income where user_id=38
19:14:33 select * from income where user_id=38 limit 0,5
19:15:07 use a0122145834;
19:15:07 set names utf8;
19:15:07 select * from configs
19:15:07 select * from users where id=38
19:15:07 use a0122145834;
19:15:07 set names utf8;
19:15:07 select * from configs
19:15:07 select * from users where id=38
19:15:07 select count(id) from users where spreader_id='38'
19:15:07 select * from images
19:15:07 select * from goods where need_top=1 and need_hidden=0 order by id desc limit 0,5
19:15:07 select count(id) from goods where need_top=0 and need_hidden=0 order by id desc
19:15:07 select * from goods where need_top=0 and need_hidden=0 order by id desc limit 0,5
19:16:00 use a0122145834;
19:16:00 set names utf8;
19:16:00 select * from configs
19:16:00 select * from users where id=38
19:16:00 select count(id) from users where spreader_id='38'
19:16:00 select * from images
19:16:00 use a0122145834;
19:16:01 set names utf8;
19:16:01 select * from configs
19:16:03 use a0122145834;
19:16:03 set names utf8;
19:16:03 select * from configs
19:16:04 use a0122145834;
19:16:04 set names utf8;
19:16:04 select * from configs
19:16:18 use a0122145834;
19:16:18 set names utf8;
19:16:18 select * from configs
19:16:18 use a0122145834;
19:16:18 set names utf8;
19:16:19 select * from configs
19:16:22 use a0122145834;
19:16:22 set names utf8;
19:16:22 select * from configs
19:16:22 use a0122145834;
19:16:22 set names utf8;
19:16:22 select * from configs
19:21:12 use a0122145834;
19:21:12 set names utf8;
19:21:12 select * from configs
19:21:12 use a0122145834;
19:21:12 set names utf8;
19:21:12 select * from configs
19:21:23 use a0122145834;
19:21:23 set names utf8;
19:21:23 select * from configs
19:21:24 select * from users where user_name='555555' and user_word='5b1b68a9abf4d2cd155c81a9225fd158'
19:21:24 use a0122145834;
19:21:24 set names utf8;
19:21:24 select * from configs
19:21:24 select * from users where id=38
19:21:24 select count(id) from users where spreader_id='38'
19:21:24 select * from images
19:21:24 select * from goods where need_top=1 and need_hidden=0 order by id desc limit 0,5
19:21:24 select count(id) from goods where need_top=0 and need_hidden=0 order by id desc
19:21:24 select * from goods where need_top=0 and need_hidden=0 order by id desc limit 0,5
19:21:31 use a0122145834;
19:21:31 set names utf8;
19:21:31 select * from configs
19:21:31 select * from users where id=38
19:21:34 use a0122145834;
19:21:34 set names utf8;
19:21:34 select * from configs
19:21:34 select * from users where id=38
19:21:34 select count(id) from users where spreader_id='38'
19:21:34 select * from images
19:21:34 select count(id) from income where user_id=38
19:21:34 select * from income where user_id=38 limit 0,5
19:21:41 use a0122145834;
19:21:41 set names utf8;
19:21:41 select * from configs
19:21:41 select * from users where id=38
19:21:41 insert into income (user_id,income_money,order_sn,add_time,pay_status) values ('38','10','139229050111535','1392290501','0') ;
19:23:18 use a0122145834;
19:23:18 set names utf8;
19:23:18 select * from configs
19:23:18 select * from users where id=38
19:23:18 select count(id) from users where spreader_id='38'
19:23:18 select * from images
19:23:18 use a0122145834;
19:23:18 set names utf8;
19:23:18 select * from configs
19:23:44 use a0122145834;
19:23:44 set names utf8;
19:23:44 select * from configs
19:23:44 select * from admins where id=1
19:23:44 select count(i.id) from income as i left join users as u on i.user_id=u.id
19:23:44 select i.id,i.income_money,i.order_sn,i.add_time,i.pay_status,u.user_name,u.nick_name,u.spreader_id,u.vip_level from income as i left join users as u on i.user_id=u.id limit 0,20
19:23:51 use a0122145834;
19:23:51 set names utf8;
19:23:51 select * from configs
19:23:51 select * from admins where id=1
19:23:51 Delete from income where id in (57)
19:23:58 use a0122145834;
19:23:58 set names utf8;
19:23:58 select * from configs
19:23:58 select * from admins where id=1
19:23:58 use a0122145834;
19:23:58 set names utf8;
19:23:58 select * from configs
19:23:58 select * from admins where id=1
19:23:58 select count(id) from users
19:23:58 select * from users limit 0,20
19:24:03 use a0122145834;
19:24:03 set names utf8;
19:24:03 select * from configs
19:24:03 select * from admins where id=1
19:24:03 select * from users where id=38
19:24:10 use a0122145834;
19:24:10 set names utf8;
19:24:10 select * from configs
19:24:11 use a0122145834;
19:24:11 set names utf8;
19:24:11 select * from configs
19:24:16 use a0122145834;
19:24:16 set names utf8;
19:24:16 select * from configs
19:24:16 use a0122145834;
19:24:16 set names utf8;
19:24:16 select * from configs
19:24:51 use a0122145834;
19:24:51 set names utf8;
19:24:51 select * from configs
19:24:51 use a0122145834;
19:24:51 set names utf8;
19:24:51 select * from configs
19:25:01 use a0122145834;
19:25:01 set names utf8;
19:25:01 select * from configs
19:25:01 select * from users where user_name='555555' and user_word='5b1b68a9abf4d2cd155c81a9225fd158'
19:25:01 use a0122145834;
19:25:01 set names utf8;
19:25:01 select * from configs
19:25:01 select * from users where id=38
19:25:01 select count(id) from users where spreader_id='38'
19:25:01 select * from images
19:25:01 select * from goods where need_top=1 and need_hidden=0 order by id desc limit 0,5
19:25:01 select count(id) from goods where need_top=0 and need_hidden=0 order by id desc
19:25:01 select * from goods where need_top=0 and need_hidden=0 order by id desc limit 0,5
19:25:10 use a0122145834;
19:25:10 set names utf8;
19:25:10 select * from configs
19:25:10 select * from users where id=38
19:25:10 use a0122145834;
19:25:10 set names utf8;
19:25:10 select * from configs
19:25:10 select * from users where id=38
19:25:15 use a0122145834;
19:25:15 set names utf8;
19:25:15 select * from configs
19:25:15 select * from users where id=38
19:25:15 select count(id) from users where spreader_id='38'
19:25:15 select * from images
19:25:15 select count(id) from income where user_id=38
19:25:16 select * from income where user_id=38 limit 0,5
19:25:21 use a0122145834;
19:25:21 set names utf8;
19:25:21 select * from configs
19:25:21 select * from users where id=38
19:25:21 insert into income (user_id,income_money,order_sn,add_time,pay_status) values ('38','10','139229072173760','1392290721','0') ;
19:32:49 use a0122145834;
19:32:49 set names utf8;
19:32:50 select * from configs
19:32:59 use a0122145834;
19:32:59 set names utf8;
19:32:59 select * from configs
19:32:59 select * from admins where id=1
19:32:59 update users set user_name='555555',nick_name='求昵称',credits='0',money='1980',pay_email='',pay_name='',address='',vip_level='0',spreader_rate='0.6' where id=38 
19:33:01 use a0122145834;
19:33:01 set names utf8;
19:33:01 select * from configs
19:33:01 select * from admins where id=1
19:33:01 select * from users where id=38
19:34:10 use a0122145834;
19:34:10 set names utf8;
19:34:10 select * from configs
19:34:10 select * from admins where id=1
19:34:11 use a0122145834;
19:34:11 set names utf8;
19:34:11 select * from configs
19:34:11 select * from admins where id=1
19:34:11 select count(id) from users
19:34:11 select * from users limit 0,20
19:35:15 use a0122145834;
19:35:15 set names utf8;
19:35:15 select * from configs
19:35:19 use a0122145834;
19:35:19 set names utf8;
19:35:19 select * from configs
19:35:19 select * from users where id=38
19:35:19 select count(id) from users where spreader_id='38'
19:35:19 select * from images
19:35:19 select count(id) from income where user_id=38
19:35:19 select * from income where user_id=38 limit 0,5
19:35:28 use a0122145834;
19:35:28 set names utf8;
19:35:28 select * from configs
19:35:28 select * from users where id=38
19:35:28 update users set money=money-1980,credits=credits+0,spreader_rate=0.5,vip_level=2 where id=38
19:35:31 use a0122145834;
19:35:31 set names utf8;
19:35:31 select * from configs
19:35:31 select * from users where id=38
19:35:31 select count(id) from users where spreader_id='38'
19:35:31 select * from images
19:35:31 select * from goods where need_top=1 and need_hidden=0 order by id desc limit 0,5
19:35:31 select count(id) from goods where need_top=0 and need_hidden=0 order by id desc
19:35:31 select * from goods where need_top=0 and need_hidden=0 order by id desc limit 0,5
19:35:39 use a0122145834;
19:35:39 set names utf8;
19:35:39 select * from configs
19:35:39 select * from users where id=38
19:35:39 select count(id) from users where spreader_id='38'
19:35:39 select * from images
19:35:39 select * from article_type
19:35:39 select count(id) from articles order by add_time desc
19:35:39 select * from articles order by add_time desc limit 0,5
19:35:46 use a0122145834;
19:35:46 set names utf8;
19:35:46 select * from configs
19:35:46 select * from users where id=38
19:35:46 select count(id) from users where spreader_id='38'
19:35:46 select * from images
19:35:46 select * from article_type
19:35:46 select * from article_type where id='4'
19:35:46 select count(id) from articles where type_id='4' order by add_time desc
19:35:46 select * from articles where type_id='4' order by add_time desc limit 0,5
19:35:49 use a0122145834;
19:35:49 set names utf8;
19:35:49 select * from configs
19:35:49 select * from users where id=38
19:35:49 select count(id) from users where spreader_id='38'
19:35:49 select * from images
19:35:49 select type_id from articles where id='19'
19:35:49 select * from articles where id='19'
19:36:06 use a0122145834;
19:36:06 set names utf8;
19:36:06 select * from configs
19:36:06 select * from users where id=38
19:36:06 select count(id) from users where spreader_id='38'
19:36:06 select * from images
19:36:06 select type_id from articles where id='7'
19:36:06 select * from articles where id='7'
19:39:12 use a0122145834;
19:39:12 set names utf8;
19:39:12 select * from configs
19:39:12 select * from admins where id=1
19:39:12 use a0122145834;
19:39:12 set names utf8;
19:39:12 select * from configs
19:39:12 select * from admins where id=1
19:39:12 select count(id) from users
19:39:12 select * from users limit 0,20
19:39:13 use a0122145834;
19:39:14 set names utf8;
19:39:14 select * from configs
19:39:14 select * from admins where id=1
19:39:14 use a0122145834;
19:39:14 set names utf8;
19:39:14 select * from configs
19:39:14 select * from admins where id=1
19:39:14 select count(id) from goods
19:39:14 select * from goods limit 0,20
19:39:18 use a0122145834;
19:39:18 set names utf8;
19:39:18 select * from configs
19:39:18 select * from admins where id=1
19:39:18 select count(o.id) from articles as o left join article_type as u on u.id=o.type_id 
19:39:18 select o.id,o.title,o.add_time,u.type_name from articles as o left join article_type as u on u.id=o.type_id  limit 0,20
19:39:22 use a0122145834;
19:39:22 set names utf8;
19:39:22 select * from configs
19:39:22 select * from admins where id=1
19:39:22 select * from articles where id=7
19:39:38 use a0122145834;
19:39:38 set names utf8;
19:39:38 select * from configs
19:39:38 select * from admins where id=1
19:39:38 update articles set type_id=4, content='<p style="text-align: center"><span style="font-size:14px"><strong><span style="color:#ff0000">为保障学员的权益，核心课程为一机一码加密，下载完毕后打开视频，请将视频的机器码发送给我，我将会把播放密码发送给你。</span></strong></span></p>

<p style="text-align: center">&nbsp;</p>

<hr />
<p style="text-align: center">&nbsp;</p>

<p style="text-align: center">&nbsp;</p>

<p style="text-align: center">&nbsp;</p>

<p style="text-align: center">&nbsp;</p>

<p style="text-align: center"><a href="http://pan.baidu.com/s/1hqmiThE" target="_blank"><input name="第一部分" size="32" style="width: 123px; height: 42px" type="submit" value="第一部分" /></a>&nbsp;&nbsp;&nbsp;&nbsp;&nbsp; &nbsp;&nbsp;&nbsp;&nbsp; &nbsp; <a href="http://pan.baidu.com/s/1hqmiThE" target="_blank"><input name="第二部分" size="32" style="width: 123px; height: 42px" type="submit" value="第二部分" /></a>&nbsp;&nbsp;&nbsp;&nbsp;&nbsp;&nbsp; &nbsp;&nbsp;&nbsp;&nbsp;&nbsp; <input name="第三部分" size="32" style="width: 123px; height: 42px" type="submit" value="第三部分" /></p>

<p style="text-align: center"><span style="font-size:14px"><strong>&nbsp;提取密码：vc2j&nbsp;&nbsp;&nbsp;&nbsp;&nbsp;&nbsp;&nbsp;&nbsp;&nbsp;&nbsp; 提取密码：h4gh&nbsp;&nbsp;&nbsp;&nbsp;&nbsp;&nbsp;&nbsp;&nbsp;&nbsp;&nbsp;提取密码：p2ex</strong></span></p>

<p>&nbsp;</p>

<p>&nbsp;</p>

<p>&nbsp;</p>

<p style="text-align: center"><input name="第四部分" size="32" style="width: 123px; height: 42px" type="submit" value="第四部分" />&nbsp;&nbsp;&nbsp;&nbsp;&nbsp;&nbsp;&nbsp;&nbsp;&nbsp;&nbsp;&nbsp;&nbsp; <input name="第五部分" size="32" style="width: 123px; height: 42px" type="submit" value="第五部分" />&nbsp;&nbsp;&nbsp;&nbsp;&nbsp;&nbsp;&nbsp;&nbsp;&nbsp;&nbsp;&nbsp;&nbsp; <input name="第六部分" size="32" style="width: 123px; height: 42px" type="submit" value="第六部分" /></p>

<p style="text-align: center"><span style="font-size:14px"><strong>&nbsp;提取密码：1d9i&nbsp;&nbsp;&nbsp;&nbsp;&nbsp;&nbsp;&nbsp;&nbsp;&nbsp;&nbsp;&nbsp; </strong></span><strong><span style="font-size:14px">提取</span></strong><span style="font-size:14px"><strong>密码：r6yu&nbsp;&nbsp;&nbsp;&nbsp;&nbsp;&nbsp;&nbsp;&nbsp;&nbsp;&nbsp;</strong></span><strong><span style="font-size:14px">提取</span></strong><span style="font-size:14px"><strong>密码：8fg6</strong></span></p>

<p style="text-align: center">&nbsp;</p>

<p style="text-align: center">&nbsp;</p>

<p style="text-align: center">&nbsp;</p>
', title='核心课程下载区' where id=7
19:39:39 use a0122145834;
19:39:39 set names utf8;
19:39:39 select * from configs
19:39:39 select * from admins where id=1
19:39:39 select * from articles where id=7
19:39:41 use a0122145834;
19:39:41 set names utf8;
19:39:41 select * from configs
19:39:41 select * from admins where id=1
19:39:41 use a0122145834;
19:39:41 set names utf8;
19:39:41 select * from configs
19:39:41 select * from admins where id=1
19:39:41 select count(id) from users
19:39:41 select * from users limit 0,20
19:39:48 use a0122145834;
19:39:48 set names utf8;
19:39:48 select * from configs
19:39:48 select * from users where id=38
19:39:48 select count(id) from users where spreader_id='38'
19:39:48 select * from images
19:39:48 select type_id from articles where id='7'
19:39:48 select * from articles where id='7'
19:41:09 use a0122145834;
19:41:09 set names utf8;
19:41:09 select * from configs
19:41:09 select * from users where id=38
19:41:09 select count(id) from users where spreader_id='38'
19:41:09 select * from images
19:41:09 select * from article_type
19:41:09 select count(id) from articles order by add_time desc
19:41:09 select * from articles order by add_time desc limit 0,5
19:41:12 use a0122145834;
19:41:12 set names utf8;
19:41:12 select * from configs
19:41:12 select * from users where id=38
19:41:12 select count(id) from users where spreader_id='38'
19:41:12 select * from images
19:41:12 select * from article_type
19:41:12 select * from article_type where id='7'
19:41:12 select count(id) from articles where type_id='7' order by add_time desc
19:41:12 select * from articles where type_id='7' order by add_time desc limit 0,5
19:41:14 use a0122145834;
19:41:14 set names utf8;
19:41:14 select * from configs
19:41:14 select * from users where id=38
19:41:14 select count(id) from users where spreader_id='38'
19:41:14 select * from images
19:41:14 select type_id from articles where id='10'
19:41:15 select * from articles where id='10'
19:41:35 use a0122145834;
19:41:35 set names utf8;
19:41:35 select * from configs
19:41:35 select * from users where id=38
19:41:35 select count(id) from users where spreader_id='38'
19:41:35 select * from images
19:41:35 select * from article_type
19:41:35 select count(id) from articles order by add_time desc
19:41:35 select * from articles order by add_time desc limit 0,5
19:41:39 use a0122145834;
19:41:39 set names utf8;
19:41:39 select * from configs
19:41:39 select * from users where id=38
19:41:39 select count(id) from users where spreader_id='38'
19:41:39 select * from images
19:41:39 select * from article_type
19:41:39 select * from article_type where id='10'
19:41:39 select count(id) from articles where type_id='10' order by add_time desc
19:41:39 select * from articles where type_id='10' order by add_time desc limit 0,5
19:41:43 use a0122145834;
19:41:43 set names utf8;
19:41:43 select * from configs
19:41:43 select * from users where id=38
19:41:43 select count(id) from users where spreader_id='38'
19:41:43 select * from images
19:41:43 select type_id from articles where id='26'
19:41:43 select * from articles where id='26'
19:41:46 use a0122145834;
19:41:46 set names utf8;
19:41:46 select * from configs
19:41:46 select * from users where id=38
19:41:46 select count(id) from users where spreader_id='38'
19:41:46 select * from images
19:41:46 select type_id from articles where id='20'
19:41:46 select * from articles where id='20'
19:42:50 use a0122145834;
19:42:50 set names utf8;
19:42:50 select * from configs
19:42:50 select * from users where id=38
19:42:50 select count(id) from users where spreader_id='38'
19:42:50 select * from images
19:42:50 select * from article_type
19:42:50 select count(id) from articles order by add_time desc
19:42:50 select * from articles order by add_time desc limit 0,5
19:45:09 use a0122145834;
19:45:09 set names utf8;
19:45:09 select * from configs
19:45:09 select * from users where id=38
19:45:09 select count(id) from users where spreader_id='38'
19:45:09 select * from images
19:45:09 select * from article_type
19:45:09 select * from article_type where id='10'
19:45:09 select count(id) from articles where type_id='10' order by add_time desc
19:45:09 select * from articles where type_id='10' order by add_time desc limit 0,5
19:45:13 use a0122145834;
19:45:13 set names utf8;
19:45:13 select * from configs
19:45:13 select * from users where id=38
19:45:13 select count(id) from users where spreader_id='38'
19:45:13 select * from images
19:45:13 select * from article_type
19:45:13 select * from article_type where id='10'
19:45:13 select count(id) from articles where type_id='10' order by add_time desc
19:45:13 select * from articles where type_id='10' order by add_time desc limit 0,5
19:45:16 use a0122145834;
19:45:16 set names utf8;
19:45:16 select * from configs
19:45:16 select * from users where id=38
19:45:16 select count(id) from users where spreader_id='38'
19:45:16 select * from images
19:45:16 select type_id from articles where id='26'
19:45:16 select * from articles where id='26'
19:45:16 use a0122145834;
19:45:16 set names utf8;
19:45:16 select * from configs
19:45:17 use a0122145834;
19:45:17 set names utf8;
19:45:17 select * from configs
19:45:17 select * from users where id=38
19:45:17 select count(id) from users where spreader_id='38'
19:45:17 select * from images
19:45:17 select type_id from articles where id='20'
19:45:17 select * from articles where id='20'
19:45:46 use a0122145834;
19:45:46 set names utf8;
19:45:46 select * from configs
19:45:46 select * from users where id=38
19:45:46 select count(id) from users where spreader_id='38'
19:45:46 select * from images
19:45:46 select type_id from articles where id='20'
19:45:46 select * from articles where id='20'
19:46:11 use a0122145834;
19:46:11 set names utf8;
19:46:11 select * from configs
19:46:13 use a0122145834;
19:46:13 set names utf8;
19:46:13 select * from configs
19:46:14 use a0122145834;
19:46:14 set names utf8;
19:46:14 select * from configs
19:46:17 use a0122145834;
19:46:17 set names utf8;
19:46:17 select * from configs
19:46:19 use a0122145834;
19:46:19 set names utf8;
19:46:19 select * from configs
19:46:23 use a0122145834;
19:46:23 set names utf8;
19:46:23 select * from configs
19:46:30 use a0122145834;
19:46:30 set names utf8;
19:46:30 select * from configs
19:50:34 use a0122145834;
19:50:34 set names utf8;
19:50:34 select * from configs
19:50:35 select * from users where id=38
19:50:35 select count(id) from users where spreader_id='38'
19:50:35 select * from images
19:50:35 select type_id from articles where id='20'
19:50:35 select * from articles where id='20'
19:50:48 use a0122145834;
19:50:48 set names utf8;
19:50:48 select * from configs
19:50:48 select * from users where id=38
19:50:48 select count(id) from users where spreader_id='38'
19:50:48 select * from images
19:50:48 select type_id from articles where id='20'
19:50:48 select * from articles where id='20'
19:51:56 use a0122145834;
19:51:56 set names utf8;
19:51:56 select * from configs
19:51:56 select * from users where id=38
19:51:56 select count(id) from users where spreader_id='38'
19:51:56 select * from images
19:51:56 select * from article_type
19:51:56 select count(id) from articles order by add_time desc
19:51:56 select * from articles order by add_time desc limit 0,5
19:52:23 use a0122145834;
19:52:23 set names utf8;
19:52:23 select * from configs
19:52:23 select * from users where id=38
19:52:23 select count(id) from users where spreader_id='38'
19:52:23 select * from images
19:52:23 select type_id from articles where id='20'
19:52:23 select * from articles where id='20'
19:53:13 use a0122145834;
19:53:13 set names utf8;
19:53:13 select * from configs
19:53:13 select * from users where id=38
19:53:13 select count(id) from users where spreader_id='38'
19:53:13 select * from images
19:53:13 select * from article_type
19:53:13 select count(id) from articles order by add_time desc
19:53:13 select * from articles order by add_time desc limit 0,5
20:14:12 use a0122145834;
20:14:12 set names utf8;
20:14:12 select * from configs
20:14:15 use a0122145834;
20:14:15 set names utf8;
20:14:15 select * from configs
20:14:15 use a0122145834;
20:14:15 set names utf8;
20:14:15 select * from configs
20:14:20 use a0122145834;
20:14:20 set names utf8;
20:14:20 select * from configs
20:14:20 select * from users where user_name='555555' and user_word='5b1b68a9abf4d2cd155c81a9225fd158'
20:14:21 use a0122145834;
20:14:21 set names utf8;
20:14:21 select * from configs
20:14:21 select * from users where id=38
20:14:21 select count(id) from users where spreader_id='38'
20:14:21 select * from images
20:14:21 select * from goods where need_top=1 and need_hidden=0 order by id desc limit 0,5
20:14:21 select count(id) from goods where need_top=0 and need_hidden=0 order by id desc
20:14:21 select * from goods where need_top=0 and need_hidden=0 order by id desc limit 0,5
20:14:40 use a0122145834;
20:14:40 set names utf8;
20:14:40 select * from configs
20:14:40 select * from users where id=38
20:14:40 select count(id) from users where spreader_id='38'
20:14:40 select * from images
20:14:40 select * from article_type
20:14:40 select count(id) from articles order by add_time desc
20:14:40 select * from articles order by add_time desc limit 0,5
20:14:43 use a0122145834;
20:14:43 set names utf8;
20:14:43 select * from configs
20:14:43 select * from users where id=38
20:14:43 select count(id) from users where spreader_id='38'
20:14:43 select * from images
20:14:43 select count(id) from income where user_id=38
20:14:43 select * from income where user_id=38 limit 0,5
20:14:48 use a0122145834;
20:14:48 set names utf8;
20:14:48 select * from configs
20:14:48 select * from users where id=38
20:14:48 select count(id) from users where spreader_id='38'
20:14:48 select * from images
20:14:48 select * from article_type
20:14:48 select count(id) from articles order by add_time desc
20:14:48 select * from articles order by add_time desc limit 0,5
20:14:50 use a0122145834;
20:14:50 set names utf8;
20:14:50 select * from configs
20:14:50 select * from users where id=38
20:14:50 select count(id) from users where spreader_id='38'
20:14:50 select * from images
20:14:50 select * from article_type
20:14:50 select * from article_type where id='10'
20:14:50 select count(id) from articles where type_id='10' order by add_time desc
20:14:50 select * from articles where type_id='10' order by add_time desc limit 0,5
20:14:50 use a0122145834;
20:14:50 set names utf8;
20:14:50 select * from configs
20:14:50 select * from users where id=38
20:14:50 select count(id) from users where spreader_id='38'
20:14:50 select * from images
20:14:50 select * from article_type
20:14:50 select * from article_type where id='10'
20:14:50 select count(id) from articles where type_id='10' order by add_time desc
20:14:50 select * from articles where type_id='10' order by add_time desc limit 0,5
20:14:53 use a0122145834;
20:14:53 set names utf8;
20:14:53 select * from configs
20:14:53 select * from users where id=38
20:14:53 select count(id) from users where spreader_id='38'
20:14:53 select * from images
20:14:53 select type_id from articles where id='26'
20:14:53 select * from articles where id='26'
20:14:55 use a0122145834;
20:14:55 set names utf8;
20:14:55 select * from configs
20:14:55 select * from users where id=38
20:14:55 select count(id) from users where spreader_id='38'
20:14:55 select * from images
20:14:55 select type_id from articles where id='20'
20:14:55 select * from articles where id='20'
20:14:59 use a0122145834;
20:14:59 set names utf8;
20:14:59 select * from configs
20:14:59 select * from users where id=38
20:14:59 select count(id) from users where spreader_id='38'
20:14:59 select * from images
20:14:59 select type_id from articles where id='9'
20:14:59 select * from articles where id='9'
20:16:31 use a0122145834;
20:16:31 set names utf8;
20:16:31 select * from configs
20:16:31 select * from users where id=38
20:16:31 select count(id) from users where spreader_id='38'
20:16:31 select * from images
20:16:31 select * from article_type
20:16:31 select count(id) from articles order by add_time desc
20:16:31 select * from articles order by add_time desc limit 0,5
20:16:49 use a0122145834;
20:16:49 set names utf8;
20:16:49 select * from configs
20:16:49 select * from users where id=38
20:16:52 use a0122145834;
20:16:52 set names utf8;
20:16:52 select * from configs
20:16:52 select * from users where id=38
20:16:52 select count(id) from users where spreader_id='38'
20:16:52 select * from images
20:16:52 select * from goods where need_top=1 and need_hidden=0 order by id desc limit 0,5
20:16:52 select count(id) from goods where need_top=0 and need_hidden=0 order by id desc
20:16:52 select * from goods where need_top=0 and need_hidden=0 order by id desc limit 0,5
20:17:02 use a0122145834;
20:17:03 set names utf8;
20:17:03 select * from configs
20:17:03 select * from users where id=38
20:17:03 select count(id) from users where spreader_id='38'
20:17:03 select * from images
20:17:03 select * from article_type
20:17:03 select count(id) from articles order by add_time desc
20:17:03 select * from articles order by add_time desc limit 0,5
20:17:10 use a0122145834;
20:17:10 set names utf8;
20:17:10 select * from configs
20:17:10 select * from users where id=38
20:17:10 select count(id) from users where spreader_id='38'
20:17:10 select * from images
20:17:10 select * from article_type
20:17:10 select count(id) from articles order by add_time desc
20:17:10 select * from articles order by add_time desc limit 0,5
20:17:36 use a0122145834;
20:17:36 set names utf8;
20:17:36 select * from configs
20:17:36 select * from users where id=38
20:17:36 select count(id) from users where spreader_id='38'
20:17:36 select * from images
20:17:36 select * from article_type
20:17:36 select * from article_type where id='10'
20:17:36 select count(id) from articles where type_id='10' order by add_time desc
20:17:37 select * from articles where type_id='10' order by add_time desc limit 0,5
20:17:39 use a0122145834;
20:17:39 set names utf8;
20:17:39 select * from configs
20:17:39 select * from users where id=38
20:17:39 select count(id) from users where spreader_id='38'
20:17:39 select * from images
20:17:39 select type_id from articles where id='26'
20:17:39 select * from articles where id='26'
20:17:42 use a0122145834;
20:17:42 set names utf8;
20:17:42 select * from configs
20:17:42 select * from users where id=38
20:17:42 select count(id) from users where spreader_id='38'
20:17:42 select * from images
20:17:42 select type_id from articles where id='20'
20:17:42 select * from articles where id='20'
20:17:55 use a0122145834;
20:17:55 set names utf8;
20:17:55 select * from configs
20:17:55 select * from users where id=38
20:17:55 select count(id) from users where spreader_id='38'
20:17:55 select * from images
20:17:55 select * from article_type
20:17:55 select count(id) from articles order by add_time desc
20:17:55 select * from articles order by add_time desc limit 0,5
20:18:01 use a0122145834;
20:18:01 set names utf8;
20:18:01 select * from configs
20:18:01 select * from users where id=38
20:18:01 select count(id) from users where spreader_id='38'
20:18:01 select * from images
20:18:01 select type_id from articles where id='20'
20:18:01 select * from articles where id='20'
20:18:45 use a0122145834;
20:18:45 set names utf8;
20:18:45 select * from configs
20:18:45 select * from users where id=38
20:18:45 select count(id) from users where spreader_id='38'
20:18:45 select * from images
20:18:45 select * from article_type
20:18:45 select count(id) from articles order by add_time desc
20:18:45 select * from articles order by add_time desc limit 0,5
20:20:33 use a0122145834;
20:20:33 set names utf8;
20:20:33 select * from configs
20:20:33 select * from users where id=38
20:20:33 select count(id) from users where spreader_id='38'
20:20:33 select * from images
20:20:33 select type_id from articles where id='20'
20:20:33 select * from articles where id='20'
20:23:04 use a0122145834;
20:23:04 set names utf8;
20:23:04 select * from configs
20:23:05 select * from users where id=38
20:23:05 select count(id) from users where spreader_id='38'
20:23:05 select * from images
20:23:05 select * from article_type
20:23:05 select count(id) from articles order by add_time desc
20:23:05 select * from articles order by add_time desc limit 0,5
20:25:49 use a0122145834;
20:25:49 set names utf8;
20:25:49 select * from configs
20:25:49 select * from users where id=38
20:25:49 select count(id) from users where spreader_id='38'
20:25:49 select * from images
20:25:49 select * from article_type
20:25:49 select count(id) from articles order by add_time desc
20:25:49 select * from articles order by add_time desc limit 0,5
20:25:58 use a0122145834;
20:25:58 set names utf8;
20:25:58 select * from configs
20:25:58 select * from users where id=38
20:25:58 select count(id) from users where spreader_id='38'
20:25:58 select * from images
20:25:58 select type_id from articles where id='9'
20:25:58 select * from articles where id='9'
20:26:05 use a0122145834;
20:26:05 set names utf8;
20:26:05 select * from configs
20:26:05 select * from users where id=38
20:26:05 select count(id) from users where spreader_id='38'
20:26:05 select * from images
20:26:05 select * from article_type
20:26:05 select count(id) from articles order by add_time desc
20:26:05 select * from articles order by add_time desc limit 0,5
20:29:47 use a0122145834;
20:29:47 set names utf8;
20:29:47 select * from configs
20:29:47 select * from users where id=38
20:29:47 select count(id) from users where spreader_id='38'
20:29:47 select * from images
20:29:47 select * from article_type
20:29:47 select count(id) from articles order by add_time desc
20:29:47 select * from articles order by add_time desc limit 0,5
20:29:51 use a0122145834;
20:29:51 set names utf8;
20:29:51 select * from configs
20:29:51 select * from users where id=38
20:29:51 select count(id) from users where spreader_id='38'
20:29:51 select * from images
20:29:51 select * from article_type
20:29:51 select * from article_type where id='10'
20:29:51 select count(id) from articles where type_id='10' order by add_time desc
20:29:51 select * from articles where type_id='10' order by add_time desc limit 0,5
20:29:53 use a0122145834;
20:29:53 set names utf8;
20:29:53 select * from configs
20:29:53 select * from users where id=38
20:29:53 select count(id) from users where spreader_id='38'
20:29:53 select * from images
20:29:53 select type_id from articles where id='26'
20:29:53 select * from articles where id='26'
20:29:55 use a0122145834;
20:29:55 set names utf8;
20:29:55 select * from configs
20:29:55 select * from users where id=38
20:29:55 select count(id) from users where spreader_id='38'
20:29:55 select * from images
20:29:55 select type_id from articles where id='20'
20:29:55 select * from articles where id='20'
20:31:08 use a0122145834;
20:31:08 set names utf8;
20:31:08 select * from configs
20:31:08 select * from users where id=38
20:31:08 select count(id) from users where spreader_id='38'
20:31:08 select * from images
20:31:08 select * from article_type
20:31:08 select count(id) from articles order by add_time desc
20:31:08 select * from articles order by add_time desc limit 0,5
20:44:29 use a0122145834;
20:44:29 set names utf8;
20:44:29 select * from configs
20:48:25 use a0122145834;
20:48:25 set names utf8;
20:48:25 select * from configs
21:30:44 use a0122145834;
21:30:44 set names utf8;
21:30:44 select * from configs
21:31:17 use a0122145834;
21:31:17 set names utf8;
21:31:17 select * from configs
21:34:56 use a0122145834;
21:34:56 set names utf8;
21:34:56 select * from configs
21:35:35 use a0122145834;
21:35:35 set names utf8;
21:35:35 select * from configs
21:43:28 use a0122145834;
21:43:28 set names utf8;
21:43:28 select * from configs
21:43:41 use a0122145834;
21:43:41 set names utf8;
21:43:41 select * from configs
22:07:06 use a0122145834;
22:07:06 set names utf8;
22:07:06 select * from configs
22:07:06 select * from users where id=38
22:07:06 select count(id) from users where spreader_id='38'
22:07:06 select * from images
22:07:06 select type_id from articles where id='26'
22:07:06 select * from articles where id='26'
22:07:21 use a0122145834;
22:07:21 set names utf8;
22:07:21 select * from configs
22:07:21 select * from users where id=38
22:07:21 select count(id) from users where spreader_id='38'
22:07:21 select * from images
22:07:21 select * from article_type
22:07:21 select count(id) from articles order by add_time desc
22:07:21 select * from articles order by add_time desc limit 0,5
22:07:23 use a0122145834;
22:07:23 set names utf8;
22:07:23 select * from configs
22:07:23 select * from users where id=38
22:07:23 select count(id) from users where spreader_id='38'
22:07:23 select * from images
22:07:23 select type_id from articles where id='26'
22:07:23 select * from articles where id='26'
22:40:18 use a0122145834;
22:40:18 set names utf8;
22:40:18 select * from configs
23:18:16 use a0122145834;
23:18:16 set names utf8;
23:18:16 select * from configs
23:18:39 use a0122145834;
23:18:39 set names utf8;
23:18:39 select * from configs
23:34:00 use a0122145834;
23:34:00 set names utf8;
23:34:00 select * from configs
