19:30:08 use a0122145834;
19:30:08 set names utf8;
19:30:08 select * from configs
19:30:08 select * from users where id=958
19:30:08 select count(id) from users where spreader_id='958'
19:30:08 select * from images
19:31:02 use a0122145834;
19:31:02 set names utf8;
19:31:02 select * from configs
19:31:03 use a0122145834;
19:31:03 set names utf8;
19:31:03 select * from configs
19:31:12 use a0122145834;
19:31:12 set names utf8;
19:31:12 select * from configs
19:32:08 use a0122145834;
19:32:08 set names utf8;
19:32:08 select * from configs
19:33:16 use a0122145834;
19:33:16 set names utf8;
19:33:16 select * from configs
19:33:41 use a0122145834;
19:33:41 set names utf8;
19:33:41 select * from configs
19:33:41 select * from users where id=958
19:33:46 use a0122145834;
19:33:46 set names utf8;
19:33:46 select * from configs
19:33:46 select * from users where id=958
19:33:46 select count(id) from users where spreader_id='958'
19:33:46 select * from images
19:33:46 select count(id) from income where user_id=958
19:33:46 select * from income where user_id=958 limit 0,5
19:33:49 use a0122145834;
19:33:49 set names utf8;
19:33:49 select * from configs
19:33:49 select * from users where id=958
19:33:49 use a0122145834;
19:33:49 set names utf8;
19:33:49 select * from configs
19:33:49 select * from users where id=958
19:33:49 select count(id) from users where spreader_id='958'
19:33:49 select * from images
19:33:49 select * from goods where need_top=1 and need_hidden=0 order by id desc limit 0,5
19:33:49 select count(id) from goods where need_top=0 and need_hidden=0 order by id desc
19:33:49 select * from goods where need_top=0 and need_hidden=0 order by id desc limit 0,5
19:34:33 use a0122145834;
19:34:33 set names utf8;
19:34:33 select * from configs
19:34:33 select * from admins where id=1
19:34:33 use a0122145834;
19:34:33 set names utf8;
19:34:33 select * from configs
19:34:33 select * from admins where id=1
19:34:33 select count(id) from users
19:34:33 select * from users limit 0,20
19:34:37 use a0122145834;
19:34:37 set names utf8;
19:34:37 select * from configs
19:34:42 use a0122145834;
19:34:42 set names utf8;
19:34:42 select * from configs
19:34:42 select * from admins where id=1
19:34:42 select count(id) from users
19:34:42 select * from users limit 960,20
19:34:45 use a0122145834;
19:34:45 set names utf8;
19:34:45 select * from configs
19:34:45 select * from admins where id=1
19:34:45 select count(id) from users
19:34:45 select * from users limit 920,20
19:35:12 use a0122145834;
19:35:12 set names utf8;
19:35:12 select * from configs
19:35:12 select * from admins where id=1
19:35:12 select count(id) from users
19:35:12 select * from users limit 0,20
19:35:22 use a0122145834;
19:35:22 set names utf8;
19:35:22 select * from configs
19:35:22 select * from users where id=1
19:35:22 use a0122145834;
19:35:22 set names utf8;
19:35:22 select * from configs
19:36:45 use a0122145834;
19:36:45 set names utf8;
19:36:45 select * from configs
19:37:44 use a0122145834;
19:37:44 set names utf8;
19:37:44 select * from configs
19:49:28 use a0122145834;
19:49:28 set names utf8;
19:49:28 select * from configs
19:50:07 use a0122145834;
19:50:07 set names utf8;
19:50:07 select * from configs
19:50:56 use a0122145834;
19:50:56 set names utf8;
19:50:56 select * from configs
19:51:17 use a0122145834;
19:51:17 set names utf8;
19:51:17 select * from configs
19:51:47 use a0122145834;
19:51:47 set names utf8;
19:51:47 select * from configs
19:51:47 select * from users where id=1011
19:51:47 use a0122145834;
19:51:47 set names utf8;
19:51:47 select * from configs
19:51:47 select * from users where id=1011
19:51:47 select count(id) from users where spreader_id='1011'
19:51:47 select * from images
19:51:47 select * from goods where need_top=1 and need_hidden=0 order by id desc limit 0,5
19:51:47 select count(id) from goods where need_top=0 and need_hidden=0 order by id desc
19:51:47 select * from goods where need_top=0 and need_hidden=0 order by id desc limit 0,5
19:51:52 use a0122145834;
19:51:52 set names utf8;
19:51:52 select * from configs
19:51:52 select * from users where id=1011
19:51:52 select count(id) from users where spreader_id='1011'
19:51:52 select * from images
19:51:52 select * from goods where need_top=1 and need_hidden=0 order by id desc limit 0,5
19:51:52 select count(id) from goods where need_top=0 and need_hidden=0 order by id desc
19:51:52 select * from goods where need_top=0 and need_hidden=0 order by id desc limit 0,5
19:54:39 use a0122145834;
19:54:39 set names utf8;
19:54:39 select * from configs
19:54:43 use a0122145834;
19:54:43 set names utf8;
19:54:43 select * from configs
19:54:43 select * from users where user_name='773036429' and user_word='5842eb428c28ad1c7f498f2f211661d0'
19:54:44 use a0122145834;
19:54:44 set names utf8;
19:54:44 select * from configs
19:54:44 select * from users where id=941
19:54:44 select count(id) from users where spreader_id='941'
19:54:44 select * from images
19:54:44 select * from goods where need_top=1 and need_hidden=0 order by id desc limit 0,5
19:54:44 select count(id) from goods where need_top=0 and need_hidden=0 order by id desc
19:54:44 select * from goods where need_top=0 and need_hidden=0 order by id desc limit 0,5
19:55:14 use a0122145834;
19:55:14 set names utf8;
19:55:14 select * from configs
19:55:58 use a0122145834;
19:55:58 set names utf8;
19:55:58 select * from configs
19:55:58 select * from users where id=941
19:55:58 select * from goods where need_hidden=0 and id=12
19:55:58 select * from orders where user_id=941 and goods_id=12 
19:56:09 use a0122145834;
19:56:09 set names utf8;
19:56:09 select * from configs
20:03:06 use a0122145834;
20:03:06 set names utf8;
20:03:06 select * from configs
20:03:06 select * from users where id=1011
20:03:06 use a0122145834;
20:03:06 set names utf8;
20:03:06 select * from configs
20:03:06 select * from users where id=1011
20:03:06 select count(id) from users where spreader_id='1011'
20:03:06 select * from images
20:03:06 select * from goods where need_top=1 and need_hidden=0 order by id desc limit 0,5
20:03:06 select count(id) from goods where need_top=0 and need_hidden=0 order by id desc
20:03:06 select * from goods where need_top=0 and need_hidden=0 order by id desc limit 0,5
20:06:15 use a0122145834;
20:06:15 set names utf8;
20:06:15 select * from configs
20:06:16 use a0122145834;
20:06:16 set names utf8;
20:06:16 select * from configs
20:06:31 use a0122145834;
20:06:31 set names utf8;
20:06:31 select * from configs
20:07:16 use a0122145834;
20:07:16 set names utf8;
20:07:16 select * from configs
20:07:26 use a0122145834;
20:07:26 set names utf8;
20:07:26 select * from configs
20:09:36 use a0122145834;
20:09:36 set names utf8;
20:09:36 select * from configs
20:11:35 use a0122145834;
20:11:35 set names utf8;
20:11:35 select * from configs
20:11:40 use a0122145834;
20:11:40 set names utf8;
20:11:40 select * from configs
20:11:43 use a0122145834;
20:11:43 set names utf8;
20:11:43 select * from configs
20:11:43 use a0122145834;
20:11:43 set names utf8;
20:11:43 select * from configs
20:11:47 use a0122145834;
20:11:47 set names utf8;
20:11:47 select * from configs
20:11:47 select * from users where user_name='2049917091' and user_word='e99a18c428cb38d5f260853678922e03'
20:11:47 use a0122145834;
20:11:47 set names utf8;
20:11:47 select * from configs
20:11:47 select * from users where id=51
20:11:47 select count(id) from users where spreader_id='51'
20:11:47 select * from images
20:11:47 select * from goods where need_top=1 and need_hidden=0 order by id desc limit 0,5
20:11:47 select count(id) from goods where need_top=0 and need_hidden=0 order by id desc
20:11:47 select * from goods where need_top=0 and need_hidden=0 order by id desc limit 0,5
20:12:08 use a0122145834;
20:12:08 set names utf8;
20:12:08 select * from configs
20:12:08 select * from users where id=51
20:12:08 select count(id) from users where spreader_id='51'
20:12:08 select * from images
20:12:08 select count(id) from income where user_id=51
20:12:08 select * from income where user_id=51 limit 0,5
20:12:15 use a0122145834;
20:12:15 set names utf8;
20:12:15 select * from configs
20:12:15 select * from users where id=51
20:12:15 select count(id) from users where spreader_id='51'
20:12:15 select * from images
20:14:49 use a0122145834;
20:14:49 set names utf8;
20:14:49 select * from configs
20:15:15 use a0122145834;
20:15:15 set names utf8;
20:15:15 select * from configs
20:15:15 select * from users where id=51
20:15:15 select count(id) from users where spreader_id='51'
20:15:15 select * from images
20:15:15 select count(id) from income where user_id=51
20:15:15 select * from income where user_id=51 limit 0,5
20:15:26 use a0122145834;
20:15:26 set names utf8;
20:15:26 select * from configs
20:15:26 select * from users where id=51
20:15:26 select count(id) from users where spreader_id='51'
20:15:26 select * from images
20:15:26 select * from users where spreader_id='51'
20:17:11 use a0122145834;
20:17:11 set names utf8;
20:17:11 select * from configs
20:17:22 use a0122145834;
20:17:22 set names utf8;
20:17:22 select * from configs
20:17:49 use a0122145834;
20:17:49 set names utf8;
20:17:49 select * from configs
20:18:00 use a0122145834;
20:18:00 set names utf8;
20:18:00 select * from configs
20:18:01 use a0122145834;
20:18:01 set names utf8;
20:18:01 select * from configs
20:18:18 use a0122145834;
20:18:18 set names utf8;
20:18:18 select * from configs
20:18:22 use a0122145834;
20:18:22 set names utf8;
20:18:22 select * from configs
20:19:10 use a0122145834;
20:19:10 set names utf8;
20:19:10 select * from configs
20:19:18 use a0122145834;
20:19:18 set names utf8;
20:19:18 select * from configs
20:19:57 use a0122145834;
20:19:57 set names utf8;
20:19:57 select * from configs
20:20:09 use a0122145834;
20:20:09 set names utf8;
20:20:09 select * from configs
20:20:10 use a0122145834;
20:20:10 set names utf8;
20:20:10 select * from configs
20:20:14 use a0122145834;
20:20:14 set names utf8;
20:20:14 select * from configs
20:20:14 select * from users where user_name='2049917091' and user_word='e99a18c428cb38d5f260853678922e03'
20:20:15 use a0122145834;
20:20:15 set names utf8;
20:20:15 select * from configs
20:20:15 select * from users where id=51
20:20:15 select count(id) from users where spreader_id='51'
20:20:15 select * from images
20:20:15 select * from goods where need_top=1 and need_hidden=0 order by id desc limit 0,5
20:20:15 select count(id) from goods where need_top=0 and need_hidden=0 order by id desc
20:20:15 select * from goods where need_top=0 and need_hidden=0 order by id desc limit 0,5
20:20:29 use a0122145834;
20:20:29 set names utf8;
20:20:29 select * from configs
20:20:29 select * from users where id=51
20:20:29 select * from goods where need_hidden=0 and id=20
20:20:29 select * from orders where user_id=51 and goods_id=20 
20:23:35 use a0122145834;
20:23:35 set names utf8;
20:23:35 select * from configs
20:26:23 use a0122145834;
20:26:23 set names utf8;
20:26:23 select * from configs
20:27:29 use a0122145834;
20:27:29 set names utf8;
20:27:29 select * from configs
20:28:40 use a0122145834;
20:28:40 set names utf8;
20:28:40 select * from configs
20:28:49 use a0122145834;
20:28:49 set names utf8;
20:28:49 select * from configs
20:28:49 use a0122145834;
20:28:49 set names utf8;
20:28:49 select * from configs
20:29:33 use a0122145834;
20:29:33 set names utf8;
20:29:33 select * from configs
20:29:33 select * from users where user_name='2451894304' and user_word='69f2ba5377e096ce329cd41499e2f864'
20:29:33 use a0122145834;
20:29:33 set names utf8;
20:29:33 select * from configs
20:29:33 select * from users where id=945
20:29:33 select count(id) from users where spreader_id='945'
20:29:33 select * from images
20:29:33 select * from goods where need_top=1 and need_hidden=0 order by id desc limit 0,5
20:29:33 select count(id) from goods where need_top=0 and need_hidden=0 order by id desc
20:29:33 select * from goods where need_top=0 and need_hidden=0 order by id desc limit 0,5
20:30:04 use a0122145834;
20:30:04 set names utf8;
20:30:04 select * from configs
20:30:04 select * from users where id=945
20:30:04 select count(id) from users where spreader_id='945'
20:30:04 select * from images
20:30:04 select * from goods where need_top=1 and need_hidden=0 order by id desc limit 0,5
20:30:04 select count(id) from goods where need_top=0 and need_hidden=0 order by id desc
20:30:04 select * from goods where need_top=0 and need_hidden=0 order by id desc limit 0,5
20:31:03 use a0122145834;
20:31:03 set names utf8;
20:31:03 select * from configs
20:31:03 select * from users where id=941
20:31:03 select count(id) from users where spreader_id='941'
20:31:03 select * from images
20:31:03 select * from goods where need_top=1 and need_hidden=0 order by id desc limit 0,5
20:31:03 select count(id) from goods where need_top=0 and need_hidden=0 order by id desc
20:31:03 select * from goods where need_top=0 and need_hidden=0 order by id desc limit 0,5
20:31:18 use a0122145834;
20:31:18 set names utf8;
20:31:18 select * from configs
20:31:18 select * from users where id=941
20:31:18 select count(id) from users where spreader_id='941'
20:31:18 select * from images
20:31:18 select count(id) from expense where user_id=941
20:31:18 select * from expense where user_id=941 limit 0,5
20:32:38 use a0122145834;
20:32:38 set names utf8;
20:32:38 select * from configs
20:32:38 select * from users where id=945
20:32:38 select * from goods where need_hidden=0 and id=21
20:32:38 select * from orders where user_id=945 and goods_id=21 
20:32:52 use a0122145834;
20:32:52 set names utf8;
20:32:52 select * from configs
20:32:52 select * from users where id=945
20:32:52 select count(id) from users where spreader_id='945'
20:32:52 select * from images
20:33:02 use a0122145834;
20:33:02 set names utf8;
20:33:02 select * from configs
20:33:02 select * from users where id=945
20:33:02 select count(id) from users where spreader_id='945'
20:33:02 select * from images
20:33:02 select count(id) from expense where user_id=945
20:33:02 select * from expense where user_id=945 limit 0,5
20:33:50 use a0122145834;
20:33:50 set names utf8;
20:33:50 select * from configs
20:36:03 use a0122145834;
20:36:03 set names utf8;
20:36:03 select * from configs
20:36:03 use a0122145834;
20:36:03 set names utf8;
20:36:03 select * from configs
20:39:57 use a0122145834;
20:39:57 set names utf8;
20:39:57 select * from configs
20:39:57 select * from users where id=945
20:39:57 select count(id) from users where spreader_id='945'
20:39:57 select * from images
20:39:57 select * from users where spreader_id='945'
20:42:10 use a0122145834;
20:42:10 set names utf8;
20:42:10 select * from configs
20:42:24 use a0122145834;
20:42:24 set names utf8;
20:42:24 select * from configs
20:42:26 use a0122145834;
20:42:26 set names utf8;
20:42:26 select * from configs
20:42:49 use a0122145834;
20:42:49 set names utf8;
20:42:49 select * from configs
20:43:31 use a0122145834;
20:43:31 set names utf8;
20:43:31 select * from configs
20:45:52 use a0122145834;
20:45:52 set names utf8;
20:45:52 select * from configs
20:46:39 use a0122145834;
20:46:39 set names utf8;
20:46:39 select * from configs
20:46:46 use a0122145834;
20:46:46 set names utf8;
20:46:46 select * from configs
20:47:40 use a0122145834;
20:47:40 set names utf8;
20:47:40 select * from configs
20:49:10 use a0122145834;
20:49:10 set names utf8;
20:49:10 select * from configs
20:50:16 use a0122145834;
20:50:16 set names utf8;
20:50:16 select * from configs
20:53:32 use a0122145834;
20:53:32 set names utf8;
20:53:32 select * from configs
20:56:07 use a0122145834;
20:56:07 set names utf8;
20:56:07 select * from configs
20:56:25 use a0122145834;
20:56:25 set names utf8;
20:56:25 select * from configs
20:57:22 use a0122145834;
20:57:22 set names utf8;
20:57:22 select * from configs
20:58:08 use a0122145834;
20:58:08 set names utf8;
20:58:08 select * from configs
20:58:16 use a0122145834;
20:58:16 set names utf8;
20:58:16 select * from configs
20:58:47 use a0122145834;
20:58:47 set names utf8;
20:58:47 select * from configs
20:58:48 use a0122145834;
20:58:48 set names utf8;
20:58:48 select * from configs
20:58:48 use a0122145834;
20:58:48 set names utf8;
20:58:48 use a0122145834;
20:58:48 use a0122145834;
20:58:48 use a0122145834;
20:58:48 set names utf8;
20:58:48 select * from configs
20:58:48 set names utf8;
20:58:48 select * from configs
20:58:48 select * from configs
20:58:48 set names utf8;
20:58:48 select * from configs
20:58:48 use a0122145834;
20:58:48 set names utf8;
20:58:48 use a0122145834;
20:58:48 select * from configs
20:58:48 use a0122145834;
20:58:48 set names utf8;
20:58:48 set names utf8;
20:58:48 select * from configs
20:58:48 select * from configs
20:58:48 use a0122145834;
20:58:48 set names utf8;
20:58:48 use a0122145834;
20:58:48 set names utf8;
20:58:48 select * from configs
20:58:48 select * from configs
20:58:48 use a0122145834;
20:58:48 use a0122145834;
20:58:48 set names utf8;
20:58:48 set names utf8;
20:58:48 select * from configs
20:58:48 use a0122145834;
20:58:48 select * from configs
20:58:48 set names utf8;
20:58:48 select * from configs
20:58:48 use a0122145834;
20:58:48 set names utf8;
20:58:48 select * from configs
20:58:48 use a0122145834;
20:58:48 set names utf8;
20:58:48 select * from configs
20:58:48 use a0122145834;
20:58:48 set names utf8;
20:58:48 select * from configs
20:58:48 use a0122145834;
20:58:48 set names utf8;
20:58:48 select * from configs
20:58:48 use a0122145834;
20:58:48 set names utf8;
20:58:48 select * from configs
20:58:49 use a0122145834;
20:58:49 set names utf8;
20:58:49 select * from configs
20:58:51 use a0122145834;
20:58:51 set names utf8;
20:58:51 select * from configs
20:58:51 use a0122145834;
20:58:51 set names utf8;
20:58:51 select * from configs
20:58:51 use a0122145834;
20:58:51 set names utf8;
20:58:51 select * from configs
20:58:51 use a0122145834;
20:58:51 set names utf8;
20:58:51 use a0122145834;
20:58:51 select * from configs
20:58:51 set names utf8;
20:58:51 select * from configs
20:58:51 use a0122145834;
20:58:51 set names utf8;
20:58:51 select * from configs
20:58:51 use a0122145834;
20:58:51 set names utf8;
20:58:51 select * from configs
20:58:51 use a0122145834;
20:58:51 set names utf8;
20:58:51 select * from configs
20:58:52 use a0122145834;
20:58:52 set names utf8;
20:58:52 select * from configs
20:58:52 use a0122145834;
20:58:52 set names utf8;
20:58:52 select * from configs
20:58:52 use a0122145834;
20:58:52 set names utf8;
20:58:52 select * from configs
20:58:52 use a0122145834;
20:58:52 set names utf8;
20:58:52 select * from configs
20:58:52 use a0122145834;
20:58:52 set names utf8;
20:58:52 select * from configs
20:58:52 use a0122145834;
20:58:52 set names utf8;
20:58:52 select * from configs
20:58:53 use a0122145834;
20:58:53 set names utf8;
20:58:53 select * from configs
20:58:55 use a0122145834;
20:58:55 set names utf8;
20:58:55 select * from configs
20:58:55 use a0122145834;
20:58:55 set names utf8;
20:58:55 select * from configs
20:58:55 use a0122145834;
20:58:55 set names utf8;
20:58:55 select * from configs
20:58:55 use a0122145834;
20:58:55 set names utf8;
20:58:55 select * from configs
20:59:58 use a0122145834;
20:59:58 set names utf8;
20:59:58 select * from configs
20:59:58 select * from users where id=945
20:59:58 select count(id) from users where spreader_id='945'
20:59:58 select * from images
21:00:04 use a0122145834;
21:00:04 set names utf8;
21:00:04 select * from configs
21:00:13 use a0122145834;
21:00:13 set names utf8;
21:00:13 select * from configs
21:01:42 use a0122145834;
21:01:42 set names utf8;
21:01:42 select * from configs
21:02:22 use a0122145834;
21:02:22 set names utf8;
21:02:22 select * from configs
21:04:19 use a0122145834;
21:04:19 set names utf8;
21:04:19 select * from configs
21:04:43 use a0122145834;
21:04:43 set names utf8;
21:04:43 select * from configs
21:05:41 use a0122145834;
21:05:41 set names utf8;
21:05:41 select * from configs
21:07:02 use a0122145834;
21:07:02 set names utf8;
21:07:02 select * from configs
21:07:56 use a0122145834;
21:07:56 set names utf8;
21:07:56 select * from configs
21:10:10 use a0122145834;
21:10:10 set names utf8;
21:10:10 select * from configs
21:10:31 use a0122145834;
21:10:31 set names utf8;
21:10:31 select * from configs
21:10:47 use a0122145834;
21:10:47 set names utf8;
21:10:47 select * from configs
21:11:47 use a0122145834;
21:11:47 set names utf8;
21:11:47 select * from configs
21:12:05 use a0122145834;
21:12:05 set names utf8;
21:12:05 select * from configs
21:12:05 select * from users where user_name='545540933' and user_word='296d03c50da23dccb3d2ddbeb3ef7275'
21:12:19 use a0122145834;
21:12:19 set names utf8;
21:12:19 select * from configs
21:12:19 select * from users where user_name='545540933' and user_word='45ad67588e52e1c6648ad5e6c03629ea'
21:12:23 use a0122145834;
21:12:23 set names utf8;
21:12:23 select * from configs
21:12:39 use a0122145834;
21:12:39 set names utf8;
21:12:39 select * from configs
21:12:58 use a0122145834;
21:12:58 set names utf8;
21:12:58 select * from configs
21:12:58 select * from users where user_name='545540933' and user_word='296d03c50da23dccb3d2ddbeb3ef7275'
21:12:59 use a0122145834;
21:12:59 set names utf8;
21:12:59 select * from configs
21:13:12 use a0122145834;
21:13:12 set names utf8;
21:13:12 select * from configs
21:13:12 select * from users where user_name='545540933' and user_word='9164d3c00bf394f2b32f8ce3845ded2b'
21:13:16 use a0122145834;
21:13:16 set names utf8;
21:13:16 select * from configs
21:13:27 use a0122145834;
21:13:27 set names utf8;
21:13:27 select * from configs
21:13:33 use a0122145834;
21:13:33 set names utf8;
21:13:33 select * from configs
21:20:30 use a0122145834;
21:20:30 set names utf8;
21:20:30 select * from configs
21:21:38 use a0122145834;
21:21:38 set names utf8;
21:21:38 select * from configs
21:21:38 use a0122145834;
21:21:38 set names utf8;
21:21:38 select * from configs
21:21:45 use a0122145834;
21:21:45 set names utf8;
21:21:45 select * from configs
21:21:46 use a0122145834;
21:21:46 set names utf8;
21:21:46 select * from configs
21:30:32 use a0122145834;
21:30:32 set names utf8;
21:30:32 select * from configs
21:32:20 use a0122145834;
21:32:20 set names utf8;
21:32:20 select * from configs
21:40:15 use a0122145834;
21:40:15 set names utf8;
21:40:15 select * from configs
21:40:54 use a0122145834;
21:40:54 set names utf8;
21:40:54 select * from configs
21:41:30 use a0122145834;
21:41:30 set names utf8;
21:41:30 select * from configs
21:41:31 use a0122145834;
21:41:31 set names utf8;
21:41:31 select * from configs
21:41:45 use a0122145834;
21:41:45 set names utf8;
21:41:45 select * from configs
21:41:48 use a0122145834;
21:41:48 set names utf8;
21:41:48 select * from configs
21:41:57 use a0122145834;
21:41:57 set names utf8;
21:41:57 select * from configs
21:41:57 select * from users where user_name='2049917091' and user_word='e99a18c428cb38d5f260853678922e03'
21:42:22 use a0122145834;
21:42:22 set names utf8;
21:42:22 select * from configs
21:42:24 use a0122145834;
21:42:24 set names utf8;
21:42:24 select * from configs
21:42:38 use a0122145834;
21:42:38 set names utf8;
21:42:38 select * from configs
21:42:38 select * from admins where user_name='admin' and user_word='bccf0d96673408a7a0ce5f007328ec42'
21:42:39 use a0122145834;
21:42:39 set names utf8;
21:42:39 select * from configs
21:42:42 use a0122145834;
21:42:42 set names utf8;
21:42:42 select * from configs
21:42:42 select * from admins where id=1
21:42:49 use a0122145834;
21:42:49 set names utf8;
21:42:49 select * from configs
21:42:49 select * from admins where id=1
21:42:49 use a0122145834;
21:42:49 set names utf8;
21:42:49 select * from configs
21:42:49 select * from admins where id=1
21:42:49 select count(id) from users
21:42:49 select * from users limit 0,20
21:42:58 use a0122145834;
21:42:58 set names utf8;
21:42:58 select * from configs
21:42:58 select * from admins where id=1
21:42:58 select count(id) from users
21:42:58 select * from users limit 960,20
21:43:04 use a0122145834;
21:43:04 set names utf8;
21:43:04 select * from configs
21:43:04 select * from admins where id=1
21:43:04 select count(id) from users
21:43:04 select * from users limit 940,20
21:43:14 use a0122145834;
21:43:14 set names utf8;
21:43:14 select * from configs
21:43:14 select * from admins where id=1
21:43:14 select count(id) from users
21:43:14 select * from users limit 920,20
21:43:18 use a0122145834;
21:43:18 set names utf8;
21:43:18 select * from configs
21:43:21 use a0122145834;
21:43:21 set names utf8;
21:43:21 select * from configs
21:43:22 use a0122145834;
21:43:22 set names utf8;
21:43:22 select * from configs
21:43:22 select * from admins where id=1
21:43:22 select count(id) from users
21:43:22 select * from users limit 900,20
21:43:31 use a0122145834;
21:43:31 set names utf8;
21:43:31 select * from configs
21:43:31 select * from admins where id=1
21:43:31 select count(id) from users
21:43:31 select * from users limit 880,20
21:43:35 use a0122145834;
21:43:35 set names utf8;
21:43:35 select * from configs
21:43:35 select * from users where user_name='2049917091' and user_word='e99a18c428cb38d5f260853678922e03'
21:43:45 use a0122145834;
21:43:45 set names utf8;
21:43:45 select * from configs
21:43:45 select * from users where id=51
21:43:45 select count(id) from users where spreader_id='51'
21:43:45 select * from images
21:43:45 select * from goods where need_top=1 and need_hidden=0 order by id desc limit 0,5
21:43:45 select count(id) from goods where need_top=0 and need_hidden=0 order by id desc
21:43:45 select * from goods where need_top=0 and need_hidden=0 order by id desc limit 0,5
21:43:47 use a0122145834;
21:43:47 set names utf8;
21:43:47 select * from configs
21:43:47 select * from admins where id=1
21:43:48 select count(id) from users
21:43:48 select * from users limit 860,20
21:43:54 use a0122145834;
21:43:54 set names utf8;
21:43:54 select * from configs
21:43:54 select * from admins where id=1
21:43:54 select count(id) from users
21:43:54 select * from users limit 840,20
21:44:32 use a0122145834;
21:44:32 set names utf8;
21:44:32 select * from configs
21:44:32 select * from users where id=51
21:44:32 select count(id) from users where spreader_id='51'
21:44:32 select * from images
21:44:32 select * from goods where need_top=1 and need_hidden=0 order by id desc limit 0,5
21:44:32 select count(id) from goods where need_top=0 and need_hidden=0 order by id desc
21:44:32 select * from goods where need_top=0 and need_hidden=0 order by id desc limit 0,5
21:44:39 use a0122145834;
21:44:39 set names utf8;
21:44:39 select * from configs
21:44:39 select * from users where id=51
21:44:39 select count(id) from users where spreader_id='51'
21:44:39 select * from images
21:44:39 select * from users where spreader_id='51'
21:44:52 use a0122145834;
21:44:52 set names utf8;
21:44:52 select * from configs
21:44:52 select * from users where id=51
21:44:52 select * from goods where need_hidden=0 and id=21
21:44:52 select * from orders where user_id=51 and goods_id=21 
21:45:51 use a0122145834;
21:45:51 set names utf8;
21:45:51 select * from configs
21:48:05 use a0122145834;
21:48:05 set names utf8;
21:48:05 select * from configs
21:49:15 use a0122145834;
21:49:15 set names utf8;
21:49:15 select * from configs
21:50:54 use a0122145834;
21:50:54 set names utf8;
21:50:54 select * from configs
21:52:04 use a0122145834;
21:52:04 set names utf8;
21:52:04 select * from configs
21:52:32 use a0122145834;
21:52:32 set names utf8;
21:52:32 select * from configs
21:52:46 use a0122145834;
21:52:46 set names utf8;
21:52:46 select * from configs
21:52:46 select * from users where user_name='644649746' and user_word='fe008700f25cb28940ca8ed91b23b354'
21:52:46 use a0122145834;
21:52:46 set names utf8;
21:52:46 select * from configs
21:52:46 select * from users where id=50
21:52:46 select count(id) from users where spreader_id='50'
21:52:46 select * from images
21:52:46 select * from goods where need_top=1 and need_hidden=0 order by id desc limit 0,5
21:52:46 select count(id) from goods where need_top=0 and need_hidden=0 order by id desc
21:52:46 select * from goods where need_top=0 and need_hidden=0 order by id desc limit 0,5
21:54:47 use a0122145834;
21:54:47 set names utf8;
21:54:47 select * from configs
21:54:47 select * from admins where id=1
21:54:47 select count(id) from users
21:54:47 select * from users limit 960,20
21:56:22 use a0122145834;
21:56:22 set names utf8;
21:56:22 select * from configs
21:56:25 use a0122145834;
21:56:25 set names utf8;
21:56:25 select * from configs
21:56:25 select * from users where id=50
21:56:25 select count(id) from users where spreader_id='50'
21:56:25 select * from images
21:56:25 select * from goods where need_top=1 and need_hidden=0 order by id desc limit 0,5
21:56:25 select count(id) from goods where need_top=0 and need_hidden=0 order by id desc
21:56:25 select * from goods where need_top=0 and need_hidden=0 order by id desc limit 0,5
21:57:05 use a0122145834;
21:57:05 set names utf8;
21:57:05 select * from configs
21:57:05 use a0122145834;
21:57:05 set names utf8;
21:57:05 select * from configs
21:57:23 use a0122145834;
21:57:23 set names utf8;
21:57:23 select * from configs
21:59:08 use a0122145834;
21:59:08 set names utf8;
21:59:08 select * from configs
21:59:08 select * from admins where id=1
21:59:08 select count(id) from users
21:59:08 select * from users limit 940,20
21:59:13 use a0122145834;
21:59:13 set names utf8;
21:59:13 select * from configs
21:59:13 select * from admins where id=1
21:59:13 select count(id) from users
21:59:13 select * from users limit 920,20
21:59:17 use a0122145834;
21:59:17 set names utf8;
21:59:17 select * from configs
21:59:21 use a0122145834;
21:59:21 set names utf8;
21:59:21 select * from configs
21:59:28 use a0122145834;
21:59:28 set names utf8;
21:59:28 select * from configs
21:59:28 select * from admins where id=1
21:59:28 select count(id) from users
21:59:28 select * from users limit 940,20
21:59:31 use a0122145834;
21:59:31 set names utf8;
21:59:31 select * from configs
21:59:31 select * from admins where id=1
21:59:31 select count(id) from users
21:59:31 select * from users limit 960,20
21:59:33 use a0122145834;
21:59:33 set names utf8;
21:59:33 select * from configs
21:59:33 select * from admins where id=1
21:59:33 select count(id) from users
21:59:33 select * from users limit 940,20
21:59:52 use a0122145834;
21:59:52 set names utf8;
21:59:52 select * from configs
21:59:52 select * from admins where id=1
21:59:52 select count(id) from users
21:59:52 select * from users limit 960,20
21:59:57 use a0122145834;
21:59:57 set names utf8;
21:59:57 select * from configs
21:59:57 select * from admins where id=1
21:59:57 select count(id) from users
21:59:57 select * from users limit 900,20
22:00:01 use a0122145834;
22:00:01 set names utf8;
22:00:01 select * from configs
22:00:01 select * from users where id=1
22:00:03 use a0122145834;
22:00:03 set names utf8;
22:00:03 select * from configs
22:00:46 use a0122145834;
22:00:46 set names utf8;
22:00:46 select * from configs
22:03:43 use a0122145834;
22:03:43 set names utf8;
22:03:43 select * from configs
22:04:26 use a0122145834;
22:04:26 set names utf8;
22:04:26 select * from configs
22:04:26 select * from users where user_name='1550210535' and user_word='b3d3b0a1b99b8ccb234958192f2949e2'
22:04:26 update users set first_login='1',last_ip='112.66.97.129' where id='1008'
22:04:26 update users set credits=credits+1 where id='50'
22:04:26 use a0122145834;
22:04:26 set names utf8;
22:04:26 select * from configs
22:04:26 select * from users where id=1008
22:04:26 select count(id) from users where spreader_id='1008'
22:04:26 select * from images
22:04:26 select * from goods where need_top=1 and need_hidden=0 order by id desc limit 0,5
22:04:26 select count(id) from goods where need_top=0 and need_hidden=0 order by id desc
22:04:26 select * from goods where need_top=0 and need_hidden=0 order by id desc limit 0,5
22:05:24 use a0122145834;
22:05:24 set names utf8;
22:05:24 select * from configs
22:05:24 select * from users where id=1008
22:05:24 select * from goods where need_hidden=0 and id=20
22:05:24 select * from orders where user_id=1008 and goods_id=20 
22:05:25 use a0122145834;
22:05:25 set names utf8;
22:05:25 select * from configs
22:05:25 select * from users where id=1008
22:05:25 select * from goods where need_hidden=0 and id=20
22:05:25 select * from orders where user_id=1008 and goods_id=20 
22:05:37 use a0122145834;
22:05:37 set names utf8;
22:05:38 select * from configs
22:05:38 select * from users where id=50
22:05:38 select count(id) from users where spreader_id='50'
22:05:38 select * from images
22:05:38 select * from goods where need_top=1 and need_hidden=0 order by id desc limit 0,5
22:05:38 select count(id) from goods where need_top=0 and need_hidden=0 order by id desc
22:05:38 select * from goods where need_top=0 and need_hidden=0 order by id desc limit 0,5
22:05:40 use a0122145834;
22:05:40 set names utf8;
22:05:40 select * from configs
22:05:40 select * from users where id=50
22:05:40 select count(id) from users where spreader_id='50'
22:05:40 select * from images
22:05:41 use a0122145834;
22:05:41 set names utf8;
22:05:41 select * from configs
22:06:01 use a0122145834;
22:06:01 set names utf8;
22:06:01 select * from configs
22:06:01 select * from users where id=1008
22:06:01 select * from goods where id=20
22:06:03 use a0122145834;
22:06:03 set names utf8;
22:06:03 select * from configs
22:06:03 select * from users where id=1008
22:06:03 select * from goods where need_hidden=0 and id=20
22:06:03 select * from orders where user_id=1008 and goods_id=20 
22:06:17 use a0122145834;
22:06:17 set names utf8;
22:06:17 select * from configs
22:06:17 select * from users where id=1008
22:06:18 use a0122145834;
22:06:18 set names utf8;
22:06:18 select * from configs
22:06:18 select * from users where id=1008
22:06:18 use a0122145834;
22:06:18 set names utf8;
22:06:18 select * from configs
22:06:18 select * from users where id=1008
22:06:18 use a0122145834;
22:06:18 set names utf8;
22:06:18 select * from configs
22:06:18 select * from users where id=1008
22:06:20 use a0122145834;
22:06:20 set names utf8;
22:06:20 select * from configs
22:06:20 select * from users where id=1008
22:06:20 select count(id) from users where spreader_id='1008'
22:06:20 select * from images
22:06:20 select count(id) from income where user_id=1008
22:06:20 select * from income where user_id=1008 limit 0,5
22:06:37 use a0122145834;
22:06:37 set names utf8;
22:06:37 select * from configs
22:06:37 select * from users where id=1008
22:06:37 insert into income (user_id,income_money,order_sn,add_time,pay_status) values ('1008','380','139454679737979','1394546797','0') ;
22:07:35 use a0122145834;
22:07:35 set names utf8;
22:07:35 select * from configs
22:07:44 use a0122145834;
22:07:44 set names utf8;
22:07:44 select * from configs
22:08:18 use a0122145834;
22:08:18 set names utf8;
22:08:18 select * from configs
22:10:00 use a0122145834;
22:10:00 set names utf8;
22:10:00 select * from configs
22:10:00 select * from users where id=1008
22:10:00 select count(id) from users where spreader_id='1008'
22:10:00 select * from images
22:10:01 use a0122145834;
22:10:01 set names utf8;
22:10:01 select * from configs
22:10:01 select * from users where id=1008
22:10:01 select count(id) from users where spreader_id='1008'
22:10:01 select * from images
22:10:19 use a0122145834;
22:10:19 set names utf8;
22:10:19 select * from configs
22:10:19 select * from users where id=1008
22:10:19 select count(id) from users where spreader_id='1008'
22:10:19 select * from images
22:10:19 update users set nick_name='lufei',pay_name='李乃达',pay_email='15289768048',address='' where id=1008
22:10:21 use a0122145834;
22:10:21 set names utf8;
22:10:21 select * from configs
22:10:21 select * from users where id=1008
22:10:21 select count(id) from users where spreader_id='1008'
22:10:21 select * from images
22:11:57 use a0122145834;
22:11:57 set names utf8;
22:11:57 select * from configs
22:12:17 use a0122145834;
22:12:17 set names utf8;
22:12:17 select * from configs
22:12:17 select * from users where id=1008
22:12:17 select count(id) from users where spreader_id='1008'
22:12:17 select * from images
22:12:22 use a0122145834;
22:12:22 set names utf8;
22:12:22 select * from configs
22:12:22 select * from users where id=1008
22:12:22 use a0122145834;
22:12:22 set names utf8;
22:12:22 select * from configs
22:12:22 select * from users where id=1008
22:12:24 use a0122145834;
22:12:24 set names utf8;
22:12:24 select * from configs
22:12:24 select * from users where id=1008
22:12:24 select count(id) from users where spreader_id='1008'
22:12:24 select * from images
22:12:24 select count(id) from income where user_id=1008
22:12:24 select * from income where user_id=1008 limit 0,5
22:12:32 use a0122145834;
22:12:32 set names utf8;
22:12:32 select * from configs
22:12:32 select * from users where id=1008
22:12:32 select count(id) from users where spreader_id='1008'
22:12:32 select * from images
22:12:32 select count(id) from income where user_id=1008
22:12:32 select * from income where user_id=1008 limit 0,5
22:12:32 use a0122145834;
22:12:32 set names utf8;
22:12:32 select * from configs
22:12:32 select * from users where id=1008
22:12:32 select count(id) from users where spreader_id='1008'
22:12:32 select * from images
22:12:32 select count(id) from income where user_id=1008
22:12:32 select * from income where user_id=1008 limit 0,5
22:13:03 use a0122145834;
22:13:03 set names utf8;
22:13:03 select * from configs
22:13:03 select * from users where id=1008
22:13:03 select count(id) from users where spreader_id='1008'
22:13:03 select * from images
22:13:03 select count(id) from income where user_id=1008
22:13:03 select * from income where user_id=1008 limit 0,5
22:13:16 use a0122145834;
22:13:16 set names utf8;
22:13:16 select * from configs
22:13:16 select * from users where id=1008
22:13:16 use a0122145834;
22:13:16 set names utf8;
22:13:16 select * from configs
22:13:16 select * from users where id=1008
22:13:18 use a0122145834;
22:13:18 set names utf8;
22:13:18 select * from configs
22:13:18 select * from users where id=1008
22:13:18 select count(id) from users where spreader_id='1008'
22:13:18 select * from images
22:13:18 select count(id) from income where user_id=1008
22:13:18 select * from income where user_id=1008 limit 0,5
22:13:23 use a0122145834;
22:13:23 set names utf8;
22:13:23 select * from configs
22:13:23 select * from users where id=1008
22:13:23 select count(id) from users where spreader_id='1008'
22:13:23 select * from images
22:13:24 use a0122145834;
22:13:24 set names utf8;
22:13:24 select * from configs
22:13:24 select * from users where id=1008
22:13:24 select count(id) from users where spreader_id='1008'
22:13:24 select * from images
22:14:36 use a0122145834;
22:14:36 set names utf8;
22:14:36 select * from configs
22:14:36 select * from users where id=1008
22:14:36 select count(id) from users where spreader_id='1008'
22:14:36 select * from images
22:14:36 select count(v.id) from vipmsg as v left join users as u on v.user_id=u.id where v.can_see=1 order by v.id desc
22:14:36 select v.id,u.nick_name,v.user_id,v.user_msg,v.recove,v.add_time from vipmsg as v left join users as u on v.user_id=u.id where v.can_see=1 order by v.id desc limit 0,5
22:14:37 use a0122145834;
22:14:37 set names utf8;
22:14:37 select * from configs
22:14:37 select * from users where id=1008
22:14:37 select count(id) from users where spreader_id='1008'
22:14:37 select * from images
22:14:37 select count(v.id) from vipmsg as v left join users as u on v.user_id=u.id where v.can_see=1 order by v.id desc
22:14:37 select v.id,u.nick_name,v.user_id,v.user_msg,v.recove,v.add_time from vipmsg as v left join users as u on v.user_id=u.id where v.can_see=1 order by v.id desc limit 0,5
22:14:40 use a0122145834;
22:14:40 set names utf8;
22:14:40 select * from configs
22:14:40 select * from users where id=1008
22:14:40 select count(id) from users where spreader_id='1008'
22:14:40 select * from images
22:14:40 select * from goods where need_top=1 and need_hidden=0 order by id desc limit 0,5
22:14:40 select count(id) from goods where need_top=0 and need_hidden=0 order by id desc
22:14:40 select * from goods where need_top=0 and need_hidden=0 order by id desc limit 0,5
22:15:52 use a0122145834;
22:15:52 set names utf8;
22:15:52 select * from configs
22:15:52 select * from users where id=1008
22:15:52 select * from goods where need_hidden=0 and id=20
22:15:52 select * from orders where user_id=1008 and goods_id=20 
22:15:53 use a0122145834;
22:15:53 set names utf8;
22:15:53 select * from configs
22:15:53 select * from users where id=1008
22:15:53 select * from goods where need_hidden=0 and id=20
22:15:53 select * from orders where user_id=1008 and goods_id=20 
22:16:02 use a0122145834;
22:16:02 set names utf8;
22:16:02 select * from configs
22:16:03 use a0122145834;
22:16:03 set names utf8;
22:16:03 select * from configs
22:16:27 use a0122145834;
22:16:27 set names utf8;
22:16:27 select * from configs
22:16:27 select * from admins where user_name='admin' and user_word='bccf0d96673408a7a0ce5f007328ec42'
22:16:28 use a0122145834;
22:16:28 set names utf8;
22:16:28 select * from configs
22:16:28 select * from admins where id=1
22:16:39 use a0122145834;
22:16:39 set names utf8;
22:16:39 select * from configs
22:16:39 select * from users where id=1008
22:16:39 select * from goods where id=20
22:16:39 update users set money=money-380 where id=1008
22:16:39 insert into orders (goods_id,user_id,pay_type,order_sn,order_type,add_time) values ('20','1008','1','139454739939147','1','1394547399') ;
22:16:39 select * from users where id=50
22:16:39 update users set money=money+228 where id=50
22:16:42 use a0122145834;
22:16:42 set names utf8;
22:16:42 select * from configs
22:16:42 select * from users where id=1008
22:16:42 select * from goods where need_hidden=0 and id=20
22:16:42 select * from orders where user_id=1008 and goods_id=20 
22:16:50 use a0122145834;
22:16:50 set names utf8;
22:16:50 select * from configs
22:16:50 select * from users where id=1008
22:16:50 select * from goods where need_hidden=0 and id=20
22:16:50 select * from orders where user_id=1008 and goods_id=20 
22:16:52 use a0122145834;
22:16:52 set names utf8;
22:16:52 select * from configs
22:16:52 select * from admins where id=1
22:16:52 use a0122145834;
22:16:52 set names utf8;
22:16:52 select * from configs
22:16:52 select * from admins where id=1
22:16:52 select count(id) from users
22:16:52 select * from users limit 0,20
22:16:56 use a0122145834;
22:16:56 set names utf8;
22:16:56 select * from configs
22:16:56 select * from admins where id=1
22:16:56 select count(id) from users
22:16:56 select * from users limit 960,20
22:16:56 use a0122145834;
22:16:56 set names utf8;
22:16:56 select * from configs
22:17:07 use a0122145834;
22:17:07 set names utf8;
22:17:07 select * from configs
22:17:07 select * from users where user_name='644649746' and user_word='fe008700f25cb28940ca8ed91b23b354'
22:17:07 use a0122145834;
22:17:07 set names utf8;
22:17:07 select * from configs
22:17:07 select * from users where id=50
22:17:07 select count(id) from users where spreader_id='50'
22:17:07 select * from images
22:17:07 select * from goods where need_top=1 and need_hidden=0 order by id desc limit 0,5
22:17:07 select count(id) from goods where need_top=0 and need_hidden=0 order by id desc
22:17:07 select * from goods where need_top=0 and need_hidden=0 order by id desc limit 0,5
22:17:15 use a0122145834;
22:17:15 set names utf8;
22:17:15 select * from configs
22:17:15 select * from admins where id=1
22:17:15 select count(id) from users
22:17:15 select * from users limit 940,20
22:17:20 use a0122145834;
22:17:20 set names utf8;
22:17:20 select * from configs
22:17:20 select * from admins where id=1
22:17:20 select count(id) from users
22:17:20 select * from users limit 960,20
22:17:28 use a0122145834;
22:17:28 set names utf8;
22:17:28 select * from configs
22:17:28 select * from admins where id=1
22:17:28 select count(id) from users
22:17:28 select * from users limit 0,20
22:20:19 use a0122145834;
22:20:19 set names utf8;
22:20:19 select * from configs
22:21:41 use a0122145834;
22:21:41 set names utf8;
22:21:41 select * from configs
22:22:45 use a0122145834;
22:22:45 set names utf8;
22:22:45 select * from configs
22:24:01 use a0122145834;
22:24:01 set names utf8;
22:24:01 select * from configs
22:24:01 select * from users where id=50
22:24:01 select count(id) from users where spreader_id='50'
22:24:01 select * from images
22:24:01 select count(id) from expense where user_id=50
22:24:01 select * from expense where user_id=50 limit 0,5
22:24:28 use a0122145834;
22:24:28 set names utf8;
22:24:28 select * from configs
22:24:28 select * from users where id=50
22:24:28 insert into expense (user_id,expense_money,order_sn,add_time,expense_status) values ('50','228','139454786836190','1394547868','0') ;
22:24:28 update users set money=money-228 where id='50'
22:24:29 use a0122145834;
22:24:29 set names utf8;
22:24:29 select * from configs
22:24:29 select * from users where id=50
22:24:29 select count(id) from users where spreader_id='50'
22:24:29 select * from images
22:24:29 select count(id) from expense where user_id=50
22:24:29 select * from expense where user_id=50 limit 0,5
22:25:14 use a0122145834;
22:25:14 set names utf8;
22:25:14 select * from configs
22:26:07 use a0122145834;
22:26:07 set names utf8;
22:26:07 select * from configs
22:26:07 select * from users where id=50
22:26:07 select count(id) from users where spreader_id='50'
22:26:07 select * from images
22:27:13 use a0122145834;
22:27:13 set names utf8;
22:27:13 select * from configs
22:28:38 use a0122145834;
22:28:38 set names utf8;
22:28:38 select * from configs
22:28:38 select * from users where id=50
22:28:38 select count(id) from users where spreader_id='50'
22:28:38 select * from images
22:28:38 update users set nick_name='求昵称',pay_name='修雁',pay_email='1392841893@qq.com',address='',user_word='903f3726f616b9df82f38cb1439d38a9' where id=50
22:28:40 use a0122145834;
22:28:40 set names utf8;
22:28:40 select * from configs
22:28:40 select * from users where id=50
22:28:40 select count(id) from users where spreader_id='50'
22:28:40 select * from images
22:28:46 use a0122145834;
22:28:46 set names utf8;
22:28:46 select * from configs
22:28:46 select * from users where id=50
22:28:46 select count(id) from users where spreader_id='50'
22:28:46 select * from images
22:28:46 use a0122145834;
22:28:46 set names utf8;
22:28:46 select * from configs
22:28:48 use a0122145834;
22:28:48 set names utf8;
22:28:48 select * from configs
22:28:49 use a0122145834;
22:28:49 set names utf8;
22:28:49 select * from configs
22:29:03 use a0122145834;
22:29:03 set names utf8;
22:29:03 select * from configs
22:29:03 select * from users where user_name='644649746' and user_word='903f3726f616b9df82f38cb1439d38a9'
22:29:03 use a0122145834;
22:29:03 set names utf8;
22:29:03 select * from configs
22:29:03 select * from users where id=50
22:29:03 select count(id) from users where spreader_id='50'
22:29:03 select * from images
22:29:03 select * from goods where need_top=1 and need_hidden=0 order by id desc limit 0,5
22:29:03 select count(id) from goods where need_top=0 and need_hidden=0 order by id desc
22:29:03 select * from goods where need_top=0 and need_hidden=0 order by id desc limit 0,5
22:29:10 use a0122145834;
22:29:10 set names utf8;
22:29:10 select * from configs
22:29:10 select * from users where id=50
22:29:10 select count(id) from users where spreader_id='50'
22:29:10 select * from images
22:29:10 select count(id) from expense where user_id=50
22:29:10 select * from expense where user_id=50 limit 0,5
22:29:12 use a0122145834;
22:29:12 set names utf8;
22:29:12 select * from configs
22:29:12 use a0122145834;
22:29:12 set names utf8;
22:29:12 select * from configs
22:29:12 select * from users where id=50
22:29:12 select count(id) from users where spreader_id='50'
22:29:12 select * from images
22:29:12 select count(id) from expense where user_id=50
22:29:12 select * from expense where user_id=50 limit 0,5
22:29:13 use a0122145834;
22:29:13 set names utf8;
22:29:13 select * from configs
22:29:26 use a0122145834;
22:29:26 set names utf8;
22:29:26 select * from configs
22:29:26 select * from users where id=50
22:29:26 select count(id) from users where spreader_id='50'
22:29:26 select * from images
22:29:26 select count(id) from expense where user_id=50
22:29:26 select * from expense where user_id=50 limit 0,5
22:29:31 use a0122145834;
22:29:31 set names utf8;
22:29:31 select * from configs
22:29:31 select * from users where id=50
22:29:31 select count(id) from users where spreader_id='50'
22:29:31 select * from images
22:29:31 select count(id) from income where user_id=50
22:29:31 select * from income where user_id=50 limit 0,5
22:29:34 use a0122145834;
22:29:34 set names utf8;
22:29:34 select * from configs
22:29:34 select * from users where id=50
22:29:34 select count(id) from users where spreader_id='50'
22:29:34 select * from images
22:30:09 use a0122145834;
22:30:09 set names utf8;
22:30:09 select * from configs
22:30:09 select * from users where id=50
22:30:09 select count(id) from users where spreader_id='50'
22:30:09 select * from images
22:30:10 use a0122145834;
22:30:10 set names utf8;
22:30:10 select * from configs
22:31:49 use a0122145834;
22:31:49 set names utf8;
22:31:49 select * from configs
22:32:30 use a0122145834;
22:32:30 set names utf8;
22:32:30 select * from configs
22:32:30 use a0122145834;
22:32:30 set names utf8;
22:32:30 select * from configs
22:32:33 use a0122145834;
22:32:33 set names utf8;
22:32:33 select * from configs
22:32:34 use a0122145834;
22:32:34 set names utf8;
22:32:34 select * from configs
22:32:39 use a0122145834;
22:32:39 set names utf8;
22:32:39 select * from configs
22:32:53 use a0122145834;
22:32:53 set names utf8;
22:32:53 select * from configs
22:32:53 select * from admins where id=1
22:32:53 select count(i.id) from expense as i left join users as u on i.user_id=u.id
22:32:53 select i.id,i.expense_money,i.order_sn,i.add_time,i.expense_status,u.user_name,u.nick_name,u.spreader_id,u.vip_level,u.pay_name,u.pay_email from expense as i left join users as u on i.user_id=u.id limit 0,20
22:33:07 use a0122145834;
22:33:07 set names utf8;
22:33:07 select * from configs
22:33:07 select * from admins where id=1
22:33:07 update expense set expense_status=1 where id=31
22:35:17 use a0122145834;
22:35:17 set names utf8;
22:35:17 select * from configs
22:35:17 select * from admins where id=1
22:35:17 use a0122145834;
22:35:17 set names utf8;
22:35:17 select * from configs
22:35:17 select * from admins where id=1
22:35:17 select count(id) from users
22:35:17 select * from users limit 0,20
22:35:24 use a0122145834;
22:35:24 set names utf8;
22:35:24 select * from configs
22:35:24 select * from admins where id=1
22:35:24 select count(id) from users
22:35:24 select * from users limit 960,20
22:40:25 use a0122145834;
22:40:25 set names utf8;
22:40:25 select * from configs
22:40:45 use a0122145834;
22:40:45 set names utf8;
22:40:45 select * from configs
22:40:45 select * from users where user_name='644649746' and user_word='903f3726f616b9df82f38cb1439d38a9'
22:40:45 use a0122145834;
22:40:45 set names utf8;
22:40:45 select * from configs
22:40:45 select * from users where id=50
22:40:45 select count(id) from users where spreader_id='50'
22:40:45 select * from images
22:40:45 select * from goods where need_top=1 and need_hidden=0 order by id desc limit 0,5
22:40:45 select count(id) from goods where need_top=0 and need_hidden=0 order by id desc
22:40:45 select * from goods where need_top=0 and need_hidden=0 order by id desc limit 0,5
22:40:48 use a0122145834;
22:40:48 set names utf8;
22:40:48 select * from configs
22:40:48 select * from users where id=50
22:40:48 select count(id) from users where spreader_id='50'
22:40:48 select * from images
22:40:48 select count(id) from expense where user_id=50
22:40:48 select * from expense where user_id=50 limit 0,5
22:40:53 use a0122145834;
22:40:53 set names utf8;
22:40:53 select * from configs
22:40:53 select * from users where id=50
22:40:53 select count(id) from users where spreader_id='50'
22:40:53 select * from images
22:40:53 select count(id) from expense where user_id=50
22:40:53 select * from expense where user_id=50 limit 0,5
22:40:59 use a0122145834;
22:40:59 set names utf8;
22:40:59 select * from configs
22:40:59 select * from users where id=50
22:40:59 select count(id) from users where spreader_id='50'
22:40:59 select * from images
22:41:00 use a0122145834;
22:41:00 set names utf8;
22:41:00 select * from configs
22:45:53 use a0122145834;
22:45:53 set names utf8;
22:45:53 select * from configs
22:46:46 use a0122145834;
22:46:46 set names utf8;
22:46:46 select * from configs
22:49:52 use a0122145834;
22:49:52 set names utf8;
22:49:52 select * from configs
22:50:35 use a0122145834;
22:50:35 set names utf8;
22:50:35 select * from configs
22:53:04 use a0122145834;
22:53:04 set names utf8;
22:53:04 select * from configs
22:56:14 use a0122145834;
22:56:14 set names utf8;
22:56:14 select * from configs
22:56:23 use a0122145834;
22:56:23 set names utf8;
22:56:23 select * from configs
22:56:23 use a0122145834;
22:56:23 set names utf8;
22:56:23 select * from configs
22:56:26 use a0122145834;
22:56:26 set names utf8;
22:56:26 select * from configs
22:57:25 use a0122145834;
22:57:25 set names utf8;
22:57:25 select * from configs
22:57:25 select * from admins where id=1
22:57:26 use a0122145834;
22:57:26 set names utf8;
22:57:26 select * from configs
22:57:26 select * from admins where id=1
22:57:26 select count(id) from users
22:57:26 select * from users limit 0,20
22:57:28 use a0122145834;
22:57:28 set names utf8;
22:57:28 select * from configs
22:57:28 select * from admins where id=1
22:57:28 select count(id) from users
22:57:28 select * from users limit 960,20
22:57:37 use a0122145834;
22:57:37 set names utf8;
22:57:37 select * from configs
22:57:37 select count(id) from users where register_ip='183.61.33.74' or last_ip='183.61.33.74' and add_time>1391957857
22:57:37 select * from users where user_name='2356232324'
22:57:37 insert into users (user_name,nick_name,user_word,email,spreader_id,add_time,register_ip) values ('2356232324','求昵称','9c8150f484b60b6eeb558cb96596368a','2356232324@qq.com',51,'1394549857','183.61.33.74') ;
22:57:40 use a0122145834;
22:57:40 set names utf8;
22:57:40 select * from configs
22:57:40 select * from users where id=1015
22:57:40 select count(id) from users where spreader_id='1015'
22:57:40 select * from images
22:58:34 use a0122145834;
22:58:34 set names utf8;
22:58:34 select * from configs
22:58:34 select * from users where id=1015
22:58:34 select count(id) from users where spreader_id='1015'
22:58:34 select * from images
22:58:34 use a0122145834;
22:58:34 set names utf8;
22:58:34 select * from configs
22:58:34 select * from users where id=1015
22:58:34 select count(id) from users where spreader_id='1015'
22:58:34 select * from images
22:58:34 select * from goods where need_top=1 and need_hidden=0 order by id desc limit 0,5
22:58:34 select count(id) from goods where need_top=0 and need_hidden=0 order by id desc
22:58:34 select * from goods where need_top=0 and need_hidden=0 order by id desc limit 0,5
23:02:06 use a0122145834;
23:02:06 set names utf8;
23:02:06 select * from configs
23:08:15 use a0122145834;
23:08:15 set names utf8;
23:08:15 select * from configs
23:09:10 use a0122145834;
23:09:10 set names utf8;
23:09:10 select * from configs
23:09:10 use a0122145834;
23:09:10 set names utf8;
23:09:10 select * from configs
23:09:47 use a0122145834;
23:09:47 set names utf8;
23:09:47 select * from configs
23:14:46 use a0122145834;
23:14:46 set names utf8;
23:14:46 select * from configs
23:14:46 use a0122145834;
23:14:46 set names utf8;
23:14:46 select * from configs
23:15:52 use a0122145834;
23:15:52 set names utf8;
23:15:52 select * from configs
23:22:13 use a0122145834;
23:22:13 set names utf8;
23:22:13 select * from configs
23:23:37 use a0122145834;
23:23:37 set names utf8;
23:23:37 select * from configs
23:27:37 use a0122145834;
23:27:37 set names utf8;
23:27:37 select * from configs
23:32:46 use a0122145834;
23:32:46 set names utf8;
23:32:47 select * from configs
23:32:51 use a0122145834;
23:32:51 set names utf8;
23:32:51 select * from configs
23:32:52 use a0122145834;
23:32:52 set names utf8;
23:32:52 select * from configs
23:32:57 use a0122145834;
23:32:57 set names utf8;
23:32:57 select * from configs
23:32:57 select * from users where user_name='2049917091' and user_word='e99a18c428cb38d5f260853678922e03'
23:32:57 use a0122145834;
23:32:57 set names utf8;
23:32:57 select * from configs
23:32:57 select * from users where id=51
23:32:57 select count(id) from users where spreader_id='51'
23:32:57 select * from images
23:32:57 select * from goods where need_top=1 and need_hidden=0 order by id desc limit 0,5
23:32:57 select count(id) from goods where need_top=0 and need_hidden=0 order by id desc
23:32:57 select * from goods where need_top=0 and need_hidden=0 order by id desc limit 0,5
23:34:16 use a0122145834;
23:34:16 set names utf8;
23:34:16 select * from configs
23:45:44 use a0122145834;
23:45:44 set names utf8;
23:45:44 select * from configs
23:46:37 use a0122145834;
23:46:37 set names utf8;
23:46:37 select * from configs
23:46:37 use a0122145834;
23:46:37 set names utf8;
23:46:37 select * from configs
23:46:37 use a0122145834;
23:46:37 set names utf8;
23:46:37 select * from configs
23:53:48 use a0122145834;
23:53:48 set names utf8;
23:53:48 select * from configs
