10:07:16 use sayhello;
10:07:16 set names utf8;
10:07:16 select * from configs
10:17:30 use sayhello;
10:17:30 set names utf8;
10:17:30 select * from configs
10:17:36 use sayhello;
10:17:36 set names utf8;
10:17:36 select * from configs
15:26:48 use sayhello;
15:26:48 set names utf8;
15:26:48 select * from configs
15:26:48 use sayhello;
15:26:48 set names utf8;
15:26:48 select * from configs
15:26:53 use sayhello;
15:26:53 set names utf8;
15:26:53 select * from configs
15:26:54 select * from users where user_name='123456' and user_word='6e6b4eb37a7ca16e13c91fd050c7f90d'
15:26:54 use sayhello;
15:26:54 set names utf8;
15:26:54 select * from configs
15:26:54 select * from users where id=1
15:26:54 select count(id) from users where spreader_id='1'
15:26:54 select * from images
15:26:54 select * from goods where need_top=1 and need_hidden=0 order by id desc limit 0,5
15:26:54 select count(id) from goods where need_top=0 and need_hidden=0 order by id desc
15:26:54 select * from goods where need_top=0 and need_hidden=0 order by id desc limit 0,10
15:27:03 use sayhello;
15:27:03 set names utf8;
15:27:03 select * from configs
15:27:03 select * from users where id=1
15:27:03 select count(id) from users where spreader_id='1'
15:27:03 select * from images
15:43:16 use sayhello;
15:43:16 set names utf8;
15:43:16 select * from configs
15:43:16 use sayhello;
15:43:16 set names utf8;
15:43:16 select * from configs
22:40:26 use sayhello;
22:40:26 set names utf8;
22:40:26 select * from configs
22:40:44 use sayhello;
22:40:44 set names utf8;
22:40:44 select * from configs
22:40:49 use sayhello;
22:40:49 set names utf8;
22:40:49 select * from configs
22:40:49 use sayhello;
22:40:49 set names utf8;
22:40:49 select * from configs
22:40:56 use sayhello;
22:40:56 set names utf8;
22:40:56 select * from configs
22:40:56 select * from users where user_name='123456' and user_word='6e6b4eb37a7ca16e13c91fd050c7f90d'
22:40:56 use sayhello;
22:40:56 set names utf8;
22:40:56 select * from configs
22:40:56 select * from users where id=1
22:40:56 select count(id) from users where spreader_id='1'
22:40:56 select * from images
22:40:56 select * from goods where need_top=1 and need_hidden=0 order by id desc limit 0,5
22:40:56 select count(id) from goods where need_top=0 and need_hidden=0 order by id desc
22:40:56 select * from goods where need_top=0 and need_hidden=0 order by id desc limit 0,10
22:40:57 use sayhello;
22:40:57 set names utf8;
22:40:57 select * from configs
22:40:57 select * from users where id=1
22:40:57 select count(id) from users where spreader_id='1'
22:40:57 select * from images
22:40:58 use sayhello;
22:40:58 set names utf8;
22:40:58 select * from configs
22:40:58 select * from users where id=1
22:40:58 select count(id) from users where spreader_id='1'
22:40:58 select * from images
22:40:58 select count(id) from income where user_id=1
22:40:58 select * from income where user_id=1 limit 0,10
22:40:58 use sayhello;
22:40:58 set names utf8;
22:40:58 select * from configs
22:40:58 select * from users where id=1
22:40:58 select count(id) from users where spreader_id='1'
22:40:58 select * from images
22:40:58 select * from article_type
22:40:58 select count(id) from articles order by add_time desc
22:40:58 select * from articles order by add_time desc limit 0,10
22:40:59 use sayhello;
22:40:59 set names utf8;
22:40:59 select * from configs
22:40:59 select * from users where id=1
22:40:59 select count(id) from users where spreader_id='1'
22:40:59 select * from images
22:40:59 select count(v.id) from vipmsg as v left join users as u on v.user_id=u.id where v.can_see=1 order by v.id desc
22:40:59 select v.id,u.nick_name,v.user_id,v.user_msg,v.recove,v.add_time from vipmsg as v left join users as u on v.user_id=u.id where v.can_see=1 order by v.id desc limit 0,10
22:41:00 use sayhello;
22:41:00 set names utf8;
22:41:00 select * from configs
22:41:00 select * from users where id=1
22:41:00 select count(id) from users where spreader_id='1'
22:41:00 select * from images
22:41:00 select count(id) from expense where user_id=1
22:41:00 select * from expense where user_id=1 limit 0,10
22:41:00 use sayhello;
22:41:00 set names utf8;
22:41:00 select * from configs
22:41:00 select * from users where id=1
22:41:00 select count(id) from users where spreader_id='1'
22:41:00 select * from images
22:41:01 use sayhello;
22:41:01 set names utf8;
22:41:01 select * from configs
22:41:01 select * from users where id=1
22:41:01 select count(id) from users where spreader_id='1'
22:41:01 select * from images
22:41:01 use sayhello;
22:41:01 set names utf8;
22:41:01 select * from configs
22:41:01 select * from users where id=1
22:41:01 select count(id) from users where spreader_id='1'
22:41:01 select * from images
22:41:01 select count(id) from income where user_id=1
22:41:01 select * from income where user_id=1 limit 0,10
22:41:01 use sayhello;
22:41:01 set names utf8;
22:41:01 select * from configs
22:41:01 select * from users where id=1
22:41:01 select count(id) from users where spreader_id='1'
22:41:01 select * from images
22:41:01 select * from article_type
22:41:01 select count(id) from articles order by add_time desc
22:41:01 select * from articles order by add_time desc limit 0,10
22:41:02 use sayhello;
22:41:02 set names utf8;
22:41:02 select * from configs
22:41:02 select * from users where id=1
22:41:02 select count(id) from users where spreader_id='1'
22:41:02 select * from images
22:41:02 select count(v.id) from vipmsg as v left join users as u on v.user_id=u.id where v.can_see=1 order by v.id desc
22:41:02 select v.id,u.nick_name,v.user_id,v.user_msg,v.recove,v.add_time from vipmsg as v left join users as u on v.user_id=u.id where v.can_see=1 order by v.id desc limit 0,10
22:41:02 use sayhello;
22:41:02 set names utf8;
22:41:02 select * from configs
22:41:02 select * from users where id=1
22:41:02 select count(id) from users where spreader_id='1'
22:41:02 select * from images
22:41:02 select count(id) from expense where user_id=1
22:41:02 select * from expense where user_id=1 limit 0,10
22:41:02 use sayhello;
22:41:02 set names utf8;
22:41:02 select * from configs
22:41:02 select * from users where id=1
22:41:02 select count(id) from users where spreader_id='1'
22:41:02 select * from images
22:41:03 use sayhello;
22:41:03 set names utf8;
22:41:03 select * from configs
22:41:03 select * from users where id=1
22:41:03 select count(id) from users where spreader_id='1'
22:41:03 select * from images
22:41:03 select count(id) from income where user_id=1
22:41:03 select * from income where user_id=1 limit 0,10
22:41:04 use sayhello;
22:41:04 set names utf8;
22:41:04 select * from configs
22:41:04 select * from users where id=1
22:41:04 select count(id) from users where spreader_id='1'
22:41:04 select * from images
22:41:04 select * from article_type
22:41:04 select count(id) from articles order by add_time desc
22:41:04 select * from articles order by add_time desc limit 0,10
22:41:04 use sayhello;
22:41:04 set names utf8;
22:41:04 select * from configs
22:41:04 select * from users where id=1
22:41:04 select count(id) from users where spreader_id='1'
22:41:04 select * from images
22:41:04 select count(id) from income where user_id=1
22:41:04 select * from income where user_id=1 limit 0,10
22:41:05 use sayhello;
22:41:05 set names utf8;
22:41:05 select * from configs
22:41:05 select * from users where id=1
22:41:05 select count(id) from users where spreader_id='1'
22:41:05 select * from images
22:41:05 use sayhello;
22:41:05 set names utf8;
22:41:05 select * from configs
22:41:05 select * from users where id=1
22:41:05 select count(id) from users where spreader_id='1'
22:41:05 select * from images
22:41:06 use sayhello;
22:41:06 set names utf8;
22:41:06 select * from configs
22:41:06 select * from users where id=1
22:41:06 select count(id) from users where spreader_id='1'
22:41:06 select * from images
22:41:06 select count(id) from expense where user_id=1
22:41:06 select * from expense where user_id=1 limit 0,10
22:41:06 use sayhello;
22:41:06 set names utf8;
22:41:06 select * from configs
22:41:06 select * from users where id=1
22:41:06 select count(id) from users where spreader_id='1'
22:41:06 select * from images
22:41:06 select count(id) from income where user_id=1
22:41:06 select * from income where user_id=1 limit 0,10
22:41:06 use sayhello;
22:41:06 set names utf8;
22:41:06 select * from configs
22:41:06 select * from users where id=1
22:41:06 select count(id) from users where spreader_id='1'
22:41:06 select * from images
22:41:06 select * from article_type
22:41:06 select count(id) from articles order by add_time desc
22:41:06 select * from articles order by add_time desc limit 0,10
22:41:06 use sayhello;
22:41:06 set names utf8;
22:41:06 select * from configs
22:41:06 select * from users where id=1
22:41:06 select count(id) from users where spreader_id='1'
22:41:06 select * from images
22:41:06 select count(v.id) from vipmsg as v left join users as u on v.user_id=u.id where v.can_see=1 order by v.id desc
22:41:06 select v.id,u.nick_name,v.user_id,v.user_msg,v.recove,v.add_time from vipmsg as v left join users as u on v.user_id=u.id where v.can_see=1 order by v.id desc limit 0,10
22:42:53 use sayhello;
22:42:53 set names utf8;
22:42:53 select * from configs
22:42:53 select * from users where id=1
22:42:53 select count(id) from users where spreader_id='1'
22:42:53 select * from images
22:42:54 use sayhello;
22:42:54 set names utf8;
22:42:54 select * from configs
22:42:54 select * from users where id=1
22:42:54 select count(id) from users where spreader_id='1'
22:42:54 select * from images
22:42:54 select count(id) from income where user_id=1
22:42:54 select * from income where user_id=1 limit 0,10
22:42:54 use sayhello;
22:42:54 set names utf8;
22:42:54 select * from configs
22:42:54 select * from users where id=1
22:42:54 select count(id) from users where spreader_id='1'
22:42:54 select * from images
22:42:54 select * from article_type
22:42:54 select count(id) from articles order by add_time desc
22:42:54 select * from articles order by add_time desc limit 0,10
22:42:55 use sayhello;
22:42:55 set names utf8;
22:42:55 select * from configs
22:42:55 select * from users where id=1
22:42:55 select count(id) from users where spreader_id='1'
22:42:55 select * from images
22:42:55 select count(v.id) from vipmsg as v left join users as u on v.user_id=u.id where v.can_see=1 order by v.id desc
22:42:55 select v.id,u.nick_name,v.user_id,v.user_msg,v.recove,v.add_time from vipmsg as v left join users as u on v.user_id=u.id where v.can_see=1 order by v.id desc limit 0,10
22:42:55 use sayhello;
22:42:55 set names utf8;
22:42:55 select * from configs
22:42:55 select * from users where id=1
22:42:55 select count(id) from users where spreader_id='1'
22:42:55 select * from images
22:42:55 select count(id) from expense where user_id=1
22:42:55 select * from expense where user_id=1 limit 0,10
22:42:56 use sayhello;
22:42:56 set names utf8;
22:42:56 select * from configs
22:42:56 select * from users where id=1
22:42:56 select count(id) from users where spreader_id='1'
22:42:56 select * from images
22:42:56 use sayhello;
22:42:56 set names utf8;
22:42:56 select * from configs
22:42:56 select * from users where id=1
22:42:56 select count(id) from users where spreader_id='1'
22:42:56 select * from images
22:42:57 use sayhello;
22:42:57 set names utf8;
22:42:57 select * from configs
22:42:57 select * from users where id=1
22:42:57 select count(id) from users where spreader_id='1'
22:42:57 select * from images
22:42:57 select count(id) from income where user_id=1
22:42:57 select * from income where user_id=1 limit 0,10
22:42:57 use sayhello;
22:42:57 set names utf8;
22:42:57 select * from configs
22:42:57 select * from users where id=1
22:42:57 select count(id) from users where spreader_id='1'
22:42:57 select * from images
22:42:57 select * from article_type
22:42:57 select count(id) from articles order by add_time desc
22:42:57 select * from articles order by add_time desc limit 0,10
22:42:58 use sayhello;
22:42:58 set names utf8;
22:42:58 select * from configs
22:42:58 select * from users where id=1
22:42:58 select count(id) from users where spreader_id='1'
22:42:58 select * from images
22:42:58 select count(v.id) from vipmsg as v left join users as u on v.user_id=u.id where v.can_see=1 order by v.id desc
22:42:58 select v.id,u.nick_name,v.user_id,v.user_msg,v.recove,v.add_time from vipmsg as v left join users as u on v.user_id=u.id where v.can_see=1 order by v.id desc limit 0,10
22:42:58 use sayhello;
22:42:58 set names utf8;
22:42:58 select * from configs
22:42:58 select * from users where id=1
22:42:58 select count(id) from users where spreader_id='1'
22:42:58 select * from images
22:42:58 select count(id) from expense where user_id=1
22:42:58 select * from expense where user_id=1 limit 0,10
22:42:58 use sayhello;
22:42:58 set names utf8;
22:42:58 select * from configs
22:42:58 select * from users where id=1
22:42:58 select count(id) from users where spreader_id='1'
22:42:58 select * from images
22:42:59 use sayhello;
22:42:59 set names utf8;
22:42:59 select * from configs
22:42:59 select * from users where id=1
22:42:59 select count(id) from users where spreader_id='1'
22:42:59 select * from images
22:42:59 use sayhello;
22:42:59 set names utf8;
22:42:59 select * from configs
22:42:59 select * from users where id=1
22:42:59 select count(id) from users where spreader_id='1'
22:42:59 select * from images
22:42:59 select count(id) from income where user_id=1
22:42:59 select * from income where user_id=1 limit 0,10
22:42:59 use sayhello;
22:42:59 set names utf8;
22:42:59 select * from configs
22:42:59 select * from users where id=1
22:42:59 select count(id) from users where spreader_id='1'
22:42:59 select * from images
22:42:59 select * from article_type
22:42:59 select count(id) from articles order by add_time desc
22:42:59 select * from articles order by add_time desc limit 0,10
22:43:00 use sayhello;
22:43:00 set names utf8;
22:43:00 select * from configs
22:43:00 select * from users where id=1
22:43:00 select count(id) from users where spreader_id='1'
22:43:00 select * from images
22:43:00 select count(v.id) from vipmsg as v left join users as u on v.user_id=u.id where v.can_see=1 order by v.id desc
22:43:00 select v.id,u.nick_name,v.user_id,v.user_msg,v.recove,v.add_time from vipmsg as v left join users as u on v.user_id=u.id where v.can_see=1 order by v.id desc limit 0,10
22:43:00 use sayhello;
22:43:00 set names utf8;
22:43:00 select * from configs
22:43:00 select * from users where id=1
22:43:00 select count(id) from users where spreader_id='1'
22:43:00 select * from images
22:43:00 select count(id) from expense where user_id=1
22:43:00 select * from expense where user_id=1 limit 0,10
22:43:00 use sayhello;
22:43:00 set names utf8;
22:43:00 select * from configs
22:43:00 select * from users where id=1
22:43:00 select count(id) from users where spreader_id='1'
22:43:00 select * from images
22:43:00 use sayhello;
22:43:00 set names utf8;
22:43:00 select * from configs
22:43:00 select * from users where id=1
22:43:00 select count(id) from users where spreader_id='1'
22:43:00 select * from images
22:43:15 use sayhello;
22:43:15 set names utf8;
22:43:15 select * from configs
22:43:15 select * from users where id=1
22:43:15 select count(id) from users where spreader_id='1'
22:43:15 select * from images
22:43:16 use sayhello;
22:43:16 set names utf8;
22:43:16 select * from configs
22:43:16 select * from users where id=1
22:43:16 select count(id) from users where spreader_id='1'
22:43:16 select * from images
22:43:16 select count(id) from income where user_id=1
22:43:16 select * from income where user_id=1 limit 0,10
22:43:17 use sayhello;
22:43:17 set names utf8;
22:43:17 select * from configs
22:43:17 select * from users where id=1
22:43:17 select count(id) from users where spreader_id='1'
22:43:17 select * from images
22:43:17 select * from article_type
22:43:17 select count(id) from articles order by add_time desc
22:43:17 select * from articles order by add_time desc limit 0,10
22:43:17 use sayhello;
22:43:17 set names utf8;
22:43:17 select * from configs
22:43:17 select * from users where id=1
22:43:17 select count(id) from users where spreader_id='1'
22:43:17 select * from images
22:43:17 select count(v.id) from vipmsg as v left join users as u on v.user_id=u.id where v.can_see=1 order by v.id desc
22:43:17 select v.id,u.nick_name,v.user_id,v.user_msg,v.recove,v.add_time from vipmsg as v left join users as u on v.user_id=u.id where v.can_see=1 order by v.id desc limit 0,10
22:43:18 use sayhello;
22:43:18 set names utf8;
22:43:18 select * from configs
22:43:18 select * from users where id=1
22:43:18 select count(id) from users where spreader_id='1'
22:43:18 select * from images
22:43:18 select count(id) from expense where user_id=1
22:43:18 select * from expense where user_id=1 limit 0,10
22:43:18 use sayhello;
22:43:18 set names utf8;
22:43:18 select * from configs
22:43:18 select * from users where id=1
22:43:18 select count(id) from users where spreader_id='1'
22:43:18 select * from images
22:43:19 use sayhello;
22:43:19 set names utf8;
22:43:19 select * from configs
22:43:19 select * from users where id=1
22:43:19 select count(id) from users where spreader_id='1'
22:43:19 select * from images
22:43:20 use sayhello;
22:43:20 set names utf8;
22:43:20 select * from configs
22:43:20 select * from users where id=1
22:43:20 select count(id) from users where spreader_id='1'
22:43:20 select * from images
22:43:20 select count(id) from income where user_id=1
22:43:20 select * from income where user_id=1 limit 0,10
22:43:20 use sayhello;
22:43:20 set names utf8;
22:43:20 select * from configs
22:43:20 select * from users where id=1
22:43:20 select count(id) from users where spreader_id='1'
22:43:20 select * from images
22:43:20 select * from article_type
22:43:20 select count(id) from articles order by add_time desc
22:43:20 select * from articles order by add_time desc limit 0,10
22:43:21 use sayhello;
22:43:21 set names utf8;
22:43:21 select * from configs
22:43:21 select * from users where id=1
22:43:21 select count(id) from users where spreader_id='1'
22:43:21 select * from images
22:43:33 use sayhello;
22:43:33 set names utf8;
22:43:33 select * from configs
22:43:33 select * from users where id=1
22:43:33 select count(id) from users where spreader_id='1'
22:43:33 select * from images
22:43:33 use sayhello;
22:43:33 set names utf8;
22:43:33 select * from configs
22:43:33 select * from users where id=1
22:43:33 select count(id) from users where spreader_id='1'
22:43:33 select * from images
22:43:33 select * from goods where need_top=1 and need_hidden=0 order by id desc limit 0,5
22:43:33 select count(id) from goods where need_top=0 and need_hidden=0 order by id desc
22:43:33 select * from goods where need_top=0 and need_hidden=0 order by id desc limit 0,10
22:43:45 use sayhello;
22:43:45 set names utf8;
22:43:45 select * from configs
22:43:45 select * from users where id=1
22:43:45 select count(id) from users where spreader_id='1'
22:43:45 select * from images
22:43:45 select * from goods where need_top=1 and need_hidden=0 order by id desc limit 0,5
22:43:45 select count(id) from goods where need_top=0 and need_hidden=0 order by id desc
22:43:45 select * from goods where need_top=0 and need_hidden=0 order by id desc limit 0,10
22:43:49 use sayhello;
22:43:49 set names utf8;
22:43:49 select * from configs
22:43:49 select * from users where id=1
22:43:49 select count(id) from users where spreader_id='1'
22:43:49 select * from images
22:43:49 select * from goods where need_top=1 and need_hidden=0 order by id desc limit 0,5
22:43:49 select count(id) from goods where need_top=0 and need_hidden=0 order by id desc
22:43:49 select * from goods where need_top=0 and need_hidden=0 order by id desc limit 0,10
22:48:11 use sayhello;
22:48:11 set names utf8;
22:48:11 select * from configs
22:48:11 select * from users where id=1
22:48:11 select count(id) from users where spreader_id='1'
22:48:11 select * from images
22:48:12 use sayhello;
22:48:12 set names utf8;
22:48:12 select * from configs
22:48:12 select * from users where id=1
22:48:12 select count(id) from users where spreader_id='1'
22:48:12 select * from images
22:48:12 use sayhello;
22:48:12 set names utf8;
22:48:12 select * from configs
22:48:12 select * from users where id=1
22:48:12 select count(id) from users where spreader_id='1'
22:48:12 select * from images
22:48:12 select count(id) from income where user_id=1
22:48:12 select * from income where user_id=1 limit 0,10
22:48:13 use sayhello;
22:48:13 set names utf8;
22:48:13 select * from configs
22:48:13 select * from users where id=1
22:48:13 select count(id) from users where spreader_id='1'
22:48:13 select * from images
22:48:13 select count(id) from expense where user_id=1
22:48:13 select * from expense where user_id=1 limit 0,10
22:48:14 use sayhello;
22:48:14 set names utf8;
22:48:14 select * from configs
22:48:14 select * from users where id=1
22:48:14 select count(id) from users where spreader_id='1'
22:48:14 select * from images
22:48:14 select * from article_type
22:48:14 select count(id) from articles order by add_time desc
22:48:14 select * from articles order by add_time desc limit 0,10
22:48:14 use sayhello;
22:48:14 set names utf8;
22:48:14 select * from configs
22:48:14 select * from users where id=1
22:48:14 select count(id) from users where spreader_id='1'
22:48:14 select * from images
22:48:14 select count(v.id) from vipmsg as v left join users as u on v.user_id=u.id where v.can_see=1 order by v.id desc
22:48:14 select v.id,u.nick_name,v.user_id,v.user_msg,v.recove,v.add_time from vipmsg as v left join users as u on v.user_id=u.id where v.can_see=1 order by v.id desc limit 0,10
22:48:15 use sayhello;
22:48:15 set names utf8;
22:48:15 select * from configs
22:48:15 select * from users where id=1
22:48:15 select count(id) from users where spreader_id='1'
22:48:15 select * from images
22:48:15 select * from article_type
22:48:15 select count(id) from articles order by add_time desc
22:48:15 select * from articles order by add_time desc limit 0,10
22:48:16 use sayhello;
22:48:16 set names utf8;
22:48:16 select * from configs
22:48:16 select * from users where id=1
22:48:16 select count(id) from users where spreader_id='1'
22:48:16 select * from images
22:48:16 select * from article_type
22:48:16 select * from article_type where id='3'
22:48:16 select count(id) from articles where type_id='3' order by add_time desc
22:48:16 select * from articles where type_id='3' order by add_time desc limit 0,10
23:04:51 use sayhello;
23:04:51 set names utf8;
23:04:51 select * from configs
23:04:51 select * from users where id=1
23:04:51 select count(id) from users where spreader_id='1'
23:04:51 select * from images
23:04:51 select * from article_type
23:04:51 select count(id) from articles order by add_time desc
23:04:51 select * from articles order by add_time desc limit 0,10
23:04:52 use sayhello;
23:04:52 set names utf8;
23:04:52 select * from configs
23:04:52 select * from users where id=1
23:04:52 select count(id) from users where spreader_id='1'
23:04:52 select * from images
23:04:52 select * from article_type
23:04:52 select count(id) from articles order by add_time desc
23:04:52 select * from articles order by add_time desc limit 0,10
23:04:54 use sayhello;
23:04:54 set names utf8;
23:04:54 select * from configs
23:04:54 select * from users where id=1
23:04:54 select count(id) from users where spreader_id='1'
23:04:54 select * from images
23:04:54 select * from article_type
23:04:54 select count(id) from articles order by add_time desc
23:04:54 select * from articles order by add_time desc limit 0,10
23:04:55 use sayhello;
23:04:55 set names utf8;
23:04:55 select * from configs
23:04:55 select * from users where id=1
23:04:55 select count(id) from users where spreader_id='1'
23:04:55 select * from images
23:04:55 select * from article_type
23:04:55 select count(id) from articles order by add_time desc
23:04:55 select * from articles order by add_time desc limit 0,10
23:04:55 use sayhello;
23:04:55 set names utf8;
23:04:55 select * from configs
23:04:55 select * from users where id=1
23:04:55 select count(id) from users where spreader_id='1'
23:04:55 select * from images
23:04:55 select * from article_type
23:04:55 select count(id) from articles order by add_time desc
23:04:55 select * from articles order by add_time desc limit 0,10
23:04:56 use sayhello;
23:04:56 set names utf8;
23:04:56 select * from configs
23:04:56 select * from users where id=1
23:04:56 select count(id) from users where spreader_id='1'
23:04:56 select * from images
23:04:56 select * from article_type
23:04:56 select count(id) from articles order by add_time desc
23:04:56 select * from articles order by add_time desc limit 0,10
23:04:56 use sayhello;
23:04:56 set names utf8;
23:04:56 select * from configs
23:04:56 select * from users where id=1
23:04:56 select count(id) from users where spreader_id='1'
23:04:56 select * from images
23:04:56 select * from article_type
23:04:56 select count(id) from articles order by add_time desc
23:04:56 select * from articles order by add_time desc limit 0,10
23:04:57 use sayhello;
23:04:57 set names utf8;
23:04:57 select * from configs
23:04:57 select * from users where id=1
23:04:57 select count(id) from users where spreader_id='1'
23:04:57 select * from images
23:04:57 select * from article_type
23:04:57 select count(id) from articles order by add_time desc
23:04:57 select * from articles order by add_time desc limit 0,10
23:04:57 use sayhello;
23:04:57 set names utf8;
23:04:57 select * from configs
23:04:57 select * from users where id=1
23:04:57 select count(id) from users where spreader_id='1'
23:04:57 select * from images
23:04:57 select * from article_type
23:04:57 select count(id) from articles order by add_time desc
23:04:57 select * from articles order by add_time desc limit 0,10
23:04:58 use sayhello;
23:04:58 set names utf8;
23:04:58 select * from configs
23:04:58 select * from users where id=1
23:04:58 select count(id) from users where spreader_id='1'
23:04:58 select * from images
23:04:58 select * from article_type
23:04:58 select count(id) from articles order by add_time desc
23:04:58 select * from articles order by add_time desc limit 0,10
23:04:58 use sayhello;
23:04:58 set names utf8;
23:04:58 select * from configs
23:04:58 select * from users where id=1
23:04:58 select count(id) from users where spreader_id='1'
23:04:58 select * from images
23:04:58 select * from article_type
23:04:58 select count(id) from articles order by add_time desc
23:04:58 select * from articles order by add_time desc limit 0,10
23:04:58 use sayhello;
23:04:58 set names utf8;
23:04:58 select * from configs
23:04:58 select * from users where id=1
23:04:58 select count(id) from users where spreader_id='1'
23:04:58 select * from images
23:04:58 select * from article_type
23:04:58 select count(id) from articles order by add_time desc
23:04:58 select * from articles order by add_time desc limit 0,10
23:04:59 use sayhello;
23:04:59 set names utf8;
23:04:59 select * from configs
23:04:59 select * from users where id=1
23:04:59 select count(id) from users where spreader_id='1'
23:04:59 select * from images
23:04:59 select * from article_type
23:04:59 select count(id) from articles order by add_time desc
23:04:59 select * from articles order by add_time desc limit 0,10
23:05:02 use sayhello;
23:05:02 set names utf8;
23:05:02 select * from configs
23:05:02 select * from users where id=1
23:05:02 select count(id) from users where spreader_id='1'
23:05:02 select * from images
23:05:02 select * from article_type
23:05:02 select count(id) from articles order by add_time desc
23:05:02 select * from articles order by add_time desc limit 0,10
23:06:47 use sayhello;
23:06:47 set names utf8;
23:06:47 select * from configs
23:06:47 select * from users where id=1
23:06:47 select count(id) from users where spreader_id='1'
23:06:47 select * from images
23:06:49 use sayhello;
23:06:49 set names utf8;
23:06:49 select * from configs
23:06:49 select * from users where id=1
23:06:49 select count(id) from users where spreader_id='1'
23:06:49 select * from images
23:06:50 use sayhello;
23:06:50 set names utf8;
23:06:50 select * from configs
23:06:50 select * from users where id=1
23:06:50 select count(id) from users where spreader_id='1'
23:06:50 select * from images
23:06:50 select count(id) from expense where user_id=1
23:06:50 select * from expense where user_id=1 limit 0,10
23:06:51 use sayhello;
23:06:51 set names utf8;
23:06:51 select * from configs
23:06:51 select * from users where id=1
23:06:51 select count(id) from users where spreader_id='1'
23:06:51 select * from images
23:06:51 select count(id) from income where user_id=1
23:06:51 select * from income where user_id=1 limit 0,10
23:06:52 use sayhello;
23:06:52 set names utf8;
23:06:52 select * from configs
23:06:52 select * from users where id=1
23:06:52 select count(id) from users where spreader_id='1'
23:06:52 select * from images
23:06:52 select * from article_type
23:06:52 select count(id) from articles order by add_time desc
23:06:52 select * from articles order by add_time desc limit 0,10
23:06:52 use sayhello;
23:06:52 set names utf8;
23:06:52 select * from configs
23:06:52 select * from users where id=1
23:06:52 select count(id) from users where spreader_id='1'
23:06:52 select * from images
23:06:52 select count(v.id) from vipmsg as v left join users as u on v.user_id=u.id where v.can_see=1 order by v.id desc
23:06:52 select v.id,u.nick_name,v.user_id,v.user_msg,v.recove,v.add_time from vipmsg as v left join users as u on v.user_id=u.id where v.can_see=1 order by v.id desc limit 0,10
23:06:53 use sayhello;
23:06:53 set names utf8;
23:06:53 select * from configs
23:06:53 select * from users where id=1
23:06:53 select count(id) from users where spreader_id='1'
23:06:53 select * from images
23:06:53 select * from goods where need_top=1 and need_hidden=0 order by id desc limit 0,5
23:06:53 select count(id) from goods where need_top=0 and need_hidden=0 order by id desc
23:06:53 select * from goods where need_top=0 and need_hidden=0 order by id desc limit 0,10
23:07:07 use sayhello;
23:07:07 set names utf8;
23:07:07 select * from configs
23:07:07 select * from users where id=1
23:07:07 select count(id) from users where spreader_id='1'
23:07:07 select * from images
23:07:08 use sayhello;
23:07:08 set names utf8;
23:07:08 select * from configs
23:07:08 select * from users where id=1
23:07:08 select count(id) from users where spreader_id='1'
23:07:08 select * from images
23:07:09 use sayhello;
23:07:09 set names utf8;
23:07:09 select * from configs
23:07:09 select * from users where id=1
23:07:09 select count(id) from users where spreader_id='1'
23:07:09 select * from images
23:07:09 select count(id) from income where user_id=1
23:07:09 select * from income where user_id=1 limit 0,10
23:07:10 use sayhello;
23:07:10 set names utf8;
23:07:10 select * from configs
23:07:10 select * from users where id=1
23:07:10 select count(id) from users where spreader_id='1'
23:07:10 select * from images
23:07:10 select count(id) from expense where user_id=1
23:07:10 select * from expense where user_id=1 limit 0,10
23:07:10 use sayhello;
23:07:10 set names utf8;
23:07:10 select * from configs
23:07:10 select * from users where id=1
23:07:10 select count(id) from users where spreader_id='1'
23:07:10 select * from images
23:07:10 select count(v.id) from vipmsg as v left join users as u on v.user_id=u.id where v.can_see=1 order by v.id desc
23:07:10 select v.id,u.nick_name,v.user_id,v.user_msg,v.recove,v.add_time from vipmsg as v left join users as u on v.user_id=u.id where v.can_see=1 order by v.id desc limit 0,10
23:07:11 use sayhello;
23:07:11 set names utf8;
23:07:11 select * from configs
23:07:11 select * from users where id=1
23:07:11 select count(id) from users where spreader_id='1'
23:07:11 select * from images
23:07:11 select * from article_type
23:07:11 select count(id) from articles order by add_time desc
23:07:11 select * from articles order by add_time desc limit 0,10
23:30:15 use sayhello;
23:30:15 set names utf8;
23:30:15 select * from configs
23:30:18 use sayhello;
23:30:18 set names utf8;
23:30:18 select * from configs
23:30:18 use sayhello;
23:30:18 set names utf8;
23:30:18 select * from configs
23:30:22 use sayhello;
23:30:22 set names utf8;
23:30:22 select * from configs
23:30:22 select * from users where user_name='123456' and user_word='6e6b4eb37a7ca16e13c91fd050c7f90d'
23:30:22 use sayhello;
23:30:22 set names utf8;
23:30:22 select * from configs
23:30:22 select * from users where id=1
23:30:22 select count(id) from users where spreader_id='1'
23:30:22 select * from images
23:30:22 select * from goods where need_top=1 and need_hidden=0 order by id desc limit 0,5
23:30:22 select count(id) from goods where need_top=0 and need_hidden=0 order by id desc
23:30:22 select * from goods where need_top=0 and need_hidden=0 order by id desc limit 0,10
23:30:25 use sayhello;
23:30:25 set names utf8;
23:30:25 select * from configs
23:30:25 select * from users where id=1
23:30:25 select count(id) from users where spreader_id='1'
23:30:25 select * from images
23:30:56 use sayhello;
23:30:56 set names utf8;
23:30:56 select * from configs
23:30:56 select * from users where id=1
23:30:56 select count(id) from users where spreader_id='1'
23:30:56 select * from images
23:30:56 use sayhello;
23:30:56 set names utf8;
23:30:56 select * from configs
23:30:56 select * from users where id=1
23:30:56 select count(id) from users where spreader_id='1'
23:30:56 select * from images
23:30:56 use sayhello;
23:30:56 set names utf8;
23:30:56 select * from configs
23:30:56 select * from users where id=1
23:30:56 select count(id) from users where spreader_id='1'
23:30:56 select * from images
23:30:57 use sayhello;
23:30:57 set names utf8;
23:30:57 select * from configs
23:30:57 select * from users where id=1
23:30:57 select count(id) from users where spreader_id='1'
23:30:57 select * from images
23:30:58 use sayhello;
23:30:58 set names utf8;
23:30:58 select * from configs
23:30:58 select * from users where id=1
23:30:58 select count(id) from users where spreader_id='1'
23:30:58 select * from images
23:36:52 use sayhello;
23:36:52 set names utf8;
23:36:52 select * from configs
23:36:53 use sayhello;
23:36:53 set names utf8;
23:36:53 select * from configs
23:36:54 use sayhello;
23:36:54 set names utf8;
23:36:54 select * from configs
23:36:59 use sayhello;
23:36:59 set names utf8;
23:36:59 select * from configs
23:36:59 select * from users where user_name='123456' and user_word='6e6b4eb37a7ca16e13c91fd050c7f90d'
23:36:59 use sayhello;
23:36:59 set names utf8;
23:36:59 select * from configs
23:36:59 select * from users where id=1
23:36:59 select count(id) from users where spreader_id='1'
23:36:59 select * from images
23:36:59 select * from goods where need_top=1 and need_hidden=0 order by id desc limit 0,5
23:36:59 select count(id) from goods where need_top=0 and need_hidden=0 order by id desc
23:36:59 select * from goods where need_top=0 and need_hidden=0 order by id desc limit 0,10
23:37:03 use sayhello;
23:37:03 set names utf8;
23:37:03 select * from configs
23:37:03 select * from users where id=1
23:37:03 select count(id) from users where spreader_id='1'
23:37:03 select * from images
23:40:12 use sayhello;
23:40:12 set names utf8;
23:40:12 select * from configs
23:40:12 select * from users where id=1
23:40:12 select count(id) from users where spreader_id='1'
23:40:12 select * from images
23:40:12 select * from goods where need_top=1 and need_hidden=0 order by id desc limit 0,5
23:40:12 select count(id) from goods where need_top=0 and need_hidden=0 order by id desc
23:40:12 select * from goods where need_top=0 and need_hidden=0 order by id desc limit 0,10
23:40:12 use sayhello;
23:40:12 set names utf8;
23:40:12 select * from configs
23:40:12 select * from users where id=1
23:40:12 select count(id) from users where spreader_id='1'
23:40:12 select * from images
23:40:12 select * from goods where need_top=1 and need_hidden=0 order by id desc limit 0,5
23:40:12 select count(id) from goods where need_top=0 and need_hidden=0 order by id desc
23:40:12 select * from goods where need_top=0 and need_hidden=0 order by id desc limit 0,10
23:40:12 use sayhello;
23:40:12 set names utf8;
23:40:12 select * from configs
23:40:12 select * from users where id=1
23:40:12 select count(id) from users where spreader_id='1'
23:40:12 select * from images
23:40:12 use sayhello;
23:40:12 set names utf8;
23:40:12 select * from configs
23:40:12 select * from users where id=1
23:40:12 select count(id) from users where spreader_id='1'
23:40:12 select * from images
23:40:24 use sayhello;
23:40:24 set names utf8;
23:40:24 select * from configs
23:40:24 select * from users where id=1
23:40:24 select count(id) from users where spreader_id='1'
23:40:24 select * from images
23:41:21 use sayhello;
23:41:21 set names utf8;
23:41:21 select * from configs
23:41:21 select * from users where id=1
23:41:21 select count(id) from users where spreader_id='1'
23:41:21 select * from images
23:41:25 use sayhello;
23:41:25 set names utf8;
23:41:25 select * from configs
23:41:25 select * from users where id=1
23:41:25 select count(id) from users where spreader_id='1'
23:41:25 select * from images
23:41:25 use sayhello;
23:41:25 set names utf8;
23:41:25 select * from configs
23:41:25 select * from users where id=1
23:41:25 select count(id) from users where spreader_id='1'
23:41:25 select * from images
23:41:25 use sayhello;
23:41:25 set names utf8;
23:41:25 select * from configs
23:41:25 select * from users where id=1
23:41:25 select count(id) from users where spreader_id='1'
23:41:25 select * from images
23:41:25 use sayhello;
23:41:25 set names utf8;
23:41:25 select * from configs
23:41:25 select * from users where id=1
23:41:25 select count(id) from users where spreader_id='1'
23:41:25 select * from images
23:42:24 use sayhello;
23:42:24 set names utf8;
23:42:24 select * from configs
23:42:24 select * from users where id=1
23:42:24 select count(id) from users where spreader_id='1'
23:42:24 select * from images
23:42:35 use sayhello;
23:42:35 set names utf8;
23:42:35 select * from configs
23:42:35 select * from users where id=1
23:42:35 select count(id) from users where spreader_id='1'
23:42:35 select * from images
