00:02:25 use a0122145834;
00:02:25 set names utf8;
00:02:25 select * from configs
00:03:36 use a0122145834;
00:03:36 set names utf8;
00:03:36 select * from configs
00:03:37 use a0122145834;
00:03:37 set names utf8;
00:03:37 select * from configs
00:03:41 use a0122145834;
00:03:41 set names utf8;
00:03:41 select * from configs
00:03:43 use a0122145834;
00:03:43 set names utf8;
00:03:43 select * from configs
00:03:44 use a0122145834;
00:03:44 set names utf8;
00:03:44 select * from configs
00:13:46 use a0122145834;
00:13:46 set names utf8;
00:13:46 select * from configs
00:13:49 use a0122145834;
00:13:49 set names utf8;
00:13:49 select * from configs
00:14:14 use a0122145834;
00:14:14 set names utf8;
00:14:14 select * from configs
00:15:00 use a0122145834;
00:15:00 set names utf8;
00:15:00 select * from configs
00:15:40 use a0122145834;
00:15:40 set names utf8;
00:15:40 select * from configs
00:17:38 use a0122145834;
00:17:38 set names utf8;
00:17:38 select * from configs
00:25:43 use a0122145834;
00:25:43 set names utf8;
00:25:43 select * from configs
00:26:12 use a0122145834;
00:26:12 set names utf8;
00:26:12 select * from configs
00:26:13 use a0122145834;
00:26:13 set names utf8;
00:26:13 select * from configs
00:26:17 use a0122145834;
00:26:17 set names utf8;
00:26:17 select * from configs
00:26:25 use a0122145834;
00:26:25 set names utf8;
00:26:25 select * from configs
00:26:25 use a0122145834;
00:26:25 set names utf8;
00:26:25 select * from configs
00:30:22 use a0122145834;
00:30:22 set names utf8;
00:30:22 select * from configs
00:40:17 use a0122145834;
00:40:17 set names utf8;
00:40:17 select * from configs
00:58:33 use a0122145834;
00:58:33 set names utf8;
00:58:33 select * from configs
01:00:19 use a0122145834;
01:00:19 set names utf8;
01:00:19 select * from configs
01:00:21 use a0122145834;
01:00:21 set names utf8;
01:00:21 select * from configs
01:00:22 use a0122145834;
01:00:22 set names utf8;
01:00:22 select * from configs
01:00:42 use a0122145834;
01:00:42 set names utf8;
01:00:42 select * from configs
01:00:42 select * from users where user_name='2049917091' and user_word='e99a18c428cb38d5f260853678922e03'
01:00:42 use a0122145834;
01:00:42 set names utf8;
01:00:42 select * from configs
01:00:42 select * from users where id=51
01:00:42 select count(id) from users where spreader_id='51'
01:00:42 select * from images
01:00:42 select * from goods where need_top=1 and need_hidden=0 order by id desc limit 0,5
01:00:42 select count(id) from goods where need_top=0 and need_hidden=0 order by id desc
01:00:42 select * from goods where need_top=0 and need_hidden=0 order by id desc limit 0,5
01:00:50 use a0122145834;
01:00:50 set names utf8;
01:00:50 select * from configs
01:00:50 select * from users where id=51
01:00:50 select count(id) from users where spreader_id='51'
01:00:50 select * from images
01:00:50 select * from users where spreader_id='51'
01:01:11 use a0122145834;
01:01:11 set names utf8;
01:01:11 select * from configs
01:01:11 select * from users where id=51
01:01:11 select count(id) from users where spreader_id='51'
01:01:11 select * from images
01:01:11 select * from article_type
01:01:11 select * from article_type where id='0'
01:01:11 select count(id) from articles where type_id='0' order by add_time desc
01:01:11 select * from articles where type_id='0' order by add_time desc limit 0,5
01:01:38 use a0122145834;
01:01:38 set names utf8;
01:01:38 select * from configs
01:01:38 select * from users where id=51
01:01:38 select count(id) from users where spreader_id='51'
01:01:38 select * from images
01:01:38 select * from article_type
01:01:38 select * from article_type where id='0'
01:01:38 select count(id) from articles where type_id='0' order by add_time desc
01:01:38 select * from articles where type_id='0' order by add_time desc limit 5,5
01:01:45 use a0122145834;
01:01:45 set names utf8;
01:01:45 select * from configs
01:01:45 select * from users where id=51
01:01:45 select count(id) from users where spreader_id='51'
01:01:45 select * from images
01:01:45 select type_id from articles where id='9'
01:01:45 select * from articles where id='9'
01:01:54 use a0122145834;
01:01:54 set names utf8;
01:01:54 select * from configs
01:02:24 use a0122145834;
01:02:24 set names utf8;
01:02:24 select * from configs
01:02:24 select * from users where id=51
01:02:24 use a0122145834;
01:02:24 set names utf8;
01:02:24 select * from configs
01:02:24 select * from users where id=51
01:02:24 select count(id) from users where spreader_id='51'
01:02:24 select * from images
01:02:24 select * from goods where need_top=1 and need_hidden=0 order by id desc limit 0,5
01:02:24 select count(id) from goods where need_top=0 and need_hidden=0 order by id desc
01:02:24 select * from goods where need_top=0 and need_hidden=0 order by id desc limit 0,5
01:02:30 use a0122145834;
01:02:30 set names utf8;
01:02:30 select * from configs
01:02:35 use a0122145834;
01:02:35 set names utf8;
01:02:35 select * from configs
01:02:43 use a0122145834;
01:02:43 set names utf8;
01:02:43 select * from configs
01:02:44 use a0122145834;
01:02:44 set names utf8;
01:02:44 select * from configs
01:02:50 use a0122145834;
01:02:50 set names utf8;
01:02:50 select * from configs
01:02:50 select * from users where user_name='2049917091' and user_word='e99a18c428cb38d5f260853678922e03'
01:02:50 use a0122145834;
01:02:50 set names utf8;
01:02:50 select * from configs
01:02:50 select * from users where id=51
01:02:50 select count(id) from users where spreader_id='51'
01:02:50 select * from images
01:02:50 select * from goods where need_top=1 and need_hidden=0 order by id desc limit 0,5
01:02:50 select count(id) from goods where need_top=0 and need_hidden=0 order by id desc
01:02:50 select * from goods where need_top=0 and need_hidden=0 order by id desc limit 0,5
01:03:11 use a0122145834;
01:03:11 set names utf8;
01:03:11 select * from configs
01:03:11 select * from users where id=51
01:03:11 select count(id) from users where spreader_id='51'
01:03:11 select * from images
01:03:11 select type_id from articles where id='8'
01:03:11 select * from articles where id='8'
01:26:52 use a0122145834;
01:26:52 set names utf8;
01:26:52 select * from configs
01:38:46 use a0122145834;
01:38:46 set names utf8;
01:38:46 select * from configs
01:39:53 use a0122145834;
01:39:53 set names utf8;
01:39:53 select * from configs
01:41:53 use a0122145834;
01:41:53 set names utf8;
01:41:53 select * from configs
02:20:08 use a0122145834;
02:20:08 set names utf8;
02:20:08 select * from configs
02:36:59 use a0122145834;
02:36:59 set names utf8;
02:36:59 select * from configs
02:39:10 use a0122145834;
02:39:10 set names utf8;
02:39:10 select * from configs
02:39:24 use a0122145834;
02:39:24 set names utf8;
02:39:24 select * from configs
02:39:59 use a0122145834;
02:39:59 set names utf8;
02:39:59 select * from configs
03:08:03 use a0122145834;
03:08:03 set names utf8;
03:08:03 select * from configs
03:52:48 use a0122145834;
03:52:48 set names utf8;
03:52:48 select * from configs
04:00:14 use a0122145834;
04:00:14 set names utf8;
04:00:14 select * from configs
04:46:48 use a0122145834;
04:46:48 set names utf8;
04:46:48 select * from configs
04:47:55 use a0122145834;
04:47:55 set names utf8;
04:47:55 select * from configs
05:12:00 use a0122145834;
05:12:00 set names utf8;
05:12:00 select * from configs
05:12:01 use a0122145834;
05:12:01 set names utf8;
05:12:01 select * from configs
05:16:12 use a0122145834;
05:16:12 set names utf8;
05:16:12 select * from configs
06:24:53 use a0122145834;
06:24:53 set names utf8;
06:24:53 select * from configs
06:28:51 use a0122145834;
06:28:51 set names utf8;
06:28:51 select * from configs
06:42:04 use a0122145834;
06:42:04 set names utf8;
06:42:04 select * from configs
07:34:38 use a0122145834;
07:34:38 set names utf8;
07:34:38 select * from configs
07:37:06 use a0122145834;
07:37:06 set names utf8;
07:37:06 select * from configs
07:41:55 use a0122145834;
07:41:55 set names utf8;
07:41:55 select * from configs
08:20:19 use a0122145834;
08:20:19 set names utf8;
08:20:19 select * from configs
08:24:48 use a0122145834;
08:24:48 set names utf8;
08:24:48 select * from configs
08:26:26 use a0122145834;
08:26:26 set names utf8;
08:26:26 select * from configs
08:40:00 use a0122145834;
08:40:00 set names utf8;
08:40:00 select * from configs
08:46:15 use a0122145834;
08:46:15 set names utf8;
08:46:15 select * from configs
08:46:15 select count(id) from users where register_ip='120.42.90.209' or last_ip='120.42.90.209' and add_time>1389919575
08:46:15 select * from users where user_name='1819328357'
08:46:15 insert into users (user_name,nick_name,user_word,email,spreader_id,add_time,register_ip) values ('1819328357','求昵称','82a7867186187035565e73364eae4178','1819328357@qq.com',0,'1392511575','120.42.90.209') ;
08:46:15 use a0122145834;
08:46:15 set names utf8;
08:46:15 select * from configs
08:46:15 select * from users where id=55
08:46:15 select count(id) from users where spreader_id='55'
08:46:15 select * from images
08:50:24 use a0122145834;
08:50:24 set names utf8;
08:50:24 select * from configs
08:51:02 use a0122145834;
08:51:02 set names utf8;
08:51:02 select * from configs
08:52:34 use a0122145834;
08:52:34 set names utf8;
08:52:34 select * from configs
08:52:35 use a0122145834;
08:52:35 set names utf8;
08:52:35 select * from configs
08:52:38 use a0122145834;
08:52:38 set names utf8;
08:52:38 select * from configs
09:02:27 use a0122145834;
09:02:27 set names utf8;
09:02:27 select * from configs
09:18:55 use a0122145834;
09:18:55 set names utf8;
09:18:55 select * from configs
09:21:13 use a0122145834;
09:21:13 set names utf8;
09:21:13 select * from configs
09:21:16 use a0122145834;
09:21:16 set names utf8;
09:21:16 select * from configs
09:26:05 use a0122145834;
09:26:05 set names utf8;
09:26:05 select * from configs
09:26:05 use a0122145834;
09:26:05 set names utf8;
09:26:05 select * from configs
09:26:09 use a0122145834;
09:26:09 set names utf8;
09:26:09 select * from configs
09:26:09 use a0122145834;
09:26:09 set names utf8;
09:26:09 select * from configs
09:26:16 use a0122145834;
09:26:16 set names utf8;
09:26:16 select * from configs
09:26:16 select * from users where user_name='123456' and user_word='6e6b4eb37a7ca16e13c91fd050c7f90d'
09:26:16 use a0122145834;
09:26:16 set names utf8;
09:26:16 select * from configs
09:26:16 select * from users where id=36
09:26:16 select count(id) from users where spreader_id='36'
09:26:16 select * from images
09:26:16 select * from goods where need_top=1 and need_hidden=0 order by id desc limit 0,5
09:26:16 select count(id) from goods where need_top=0 and need_hidden=0 order by id desc
09:26:16 select * from goods where need_top=0 and need_hidden=0 order by id desc limit 0,5
09:27:38 use a0122145834;
09:27:38 set names utf8;
09:27:38 select * from configs
09:27:42 use a0122145834;
09:27:42 set names utf8;
09:27:42 select * from configs
09:27:43 use a0122145834;
09:27:43 set names utf8;
09:27:43 select * from configs
09:27:54 use a0122145834;
09:27:54 set names utf8;
09:27:54 select * from configs
09:27:54 select * from users where user_name='123456' and user_word='6e6b4eb37a7ca16e13c91fd050c7f90d'
09:27:54 use a0122145834;
09:27:54 set names utf8;
09:27:54 select * from configs
09:27:54 select * from users where id=36
09:27:54 select count(id) from users where spreader_id='36'
09:27:54 select * from images
09:27:54 select * from goods where need_top=1 and need_hidden=0 order by id desc limit 0,5
09:27:54 select count(id) from goods where need_top=0 and need_hidden=0 order by id desc
09:27:54 select * from goods where need_top=0 and need_hidden=0 order by id desc limit 0,5
09:42:50 use a0122145834;
09:42:50 set names utf8;
09:42:50 select * from configs
09:42:55 use a0122145834;
09:42:55 set names utf8;
09:42:55 select * from configs
09:42:55 use a0122145834;
09:42:55 set names utf8;
09:42:55 select * from configs
09:43:02 use a0122145834;
09:43:02 set names utf8;
09:43:02 select * from configs
09:43:02 select * from users where user_name='2049917091' and user_word='e99a18c428cb38d5f260853678922e03'
09:43:02 use a0122145834;
09:43:02 set names utf8;
09:43:02 select * from configs
09:43:02 select * from users where id=51
09:43:02 select count(id) from users where spreader_id='51'
09:43:02 select * from images
09:43:02 select * from goods where need_top=1 and need_hidden=0 order by id desc limit 0,5
09:43:02 select count(id) from goods where need_top=0 and need_hidden=0 order by id desc
09:43:02 select * from goods where need_top=0 and need_hidden=0 order by id desc limit 0,5
09:53:12 use a0122145834;
09:53:12 set names utf8;
09:53:12 select * from configs
09:53:12 select * from users where id=36
09:53:12 select count(id) from users where spreader_id='36'
09:53:12 select * from images
09:53:12 select * from goods where need_top=1 and need_hidden=0 order by id desc limit 0,5
09:53:12 select count(id) from goods where need_top=0 and need_hidden=0 order by id desc
09:53:12 select * from goods where need_top=0 and need_hidden=0 order by id desc limit 0,5
09:53:15 use a0122145834;
09:53:15 set names utf8;
09:53:15 select * from configs
09:53:15 select * from users where id=36
09:53:15 select count(id) from users where spreader_id='36'
09:53:15 select * from images
09:53:15 select * from goods where need_top=1 and need_hidden=0 order by id desc limit 0,5
09:53:15 select count(id) from goods where need_top=0 and need_hidden=0 order by id desc
09:53:15 select * from goods where need_top=0 and need_hidden=0 order by id desc limit 0,5
09:53:17 use a0122145834;
09:53:17 set names utf8;
09:53:17 select * from configs
09:53:17 select * from users where id=36
09:53:17 select count(id) from users where spreader_id='36'
09:53:17 select * from images
09:53:17 select * from goods where need_top=1 and need_hidden=0 order by id desc limit 0,5
09:53:17 select count(id) from goods where need_top=0 and need_hidden=0 order by id desc
09:53:17 select * from goods where need_top=0 and need_hidden=0 order by id desc limit 0,5
09:53:20 use a0122145834;
09:53:20 set names utf8;
09:53:20 select * from configs
09:53:20 select * from users where id=36
09:53:20 select count(id) from users where spreader_id='36'
09:53:20 select * from images
09:53:20 select * from goods where need_top=1 and need_hidden=0 order by id desc limit 0,5
09:53:20 select count(id) from goods where need_top=0 and need_hidden=0 order by id desc
09:53:20 select * from goods where need_top=0 and need_hidden=0 order by id desc limit 0,5
09:53:28 use a0122145834;
09:53:28 set names utf8;
09:53:28 select * from configs
09:53:28 select * from users where id=36
09:53:28 select count(id) from users where spreader_id='36'
09:53:28 select * from images
09:53:28 select * from goods where need_top=1 and need_hidden=0 order by id desc limit 0,5
09:53:28 select count(id) from goods where need_top=0 and need_hidden=0 order by id desc
09:53:28 select * from goods where need_top=0 and need_hidden=0 order by id desc limit 0,5
09:53:30 use a0122145834;
09:53:30 set names utf8;
09:53:30 select * from configs
09:53:30 select * from users where id=36
09:53:30 select count(id) from users where spreader_id='36'
09:53:30 select * from images
09:53:30 select * from goods where need_top=1 and need_hidden=0 order by id desc limit 0,5
09:53:30 select count(id) from goods where need_top=0 and need_hidden=0 order by id desc
09:53:30 select * from goods where need_top=0 and need_hidden=0 order by id desc limit 0,5
09:55:24 use a0122145834;
09:55:24 set names utf8;
09:55:24 select * from configs
09:55:24 select * from users where id=36
09:55:24 select count(id) from users where spreader_id='36'
09:55:24 select * from images
09:55:24 select * from goods where need_top=1 and need_hidden=0 order by id desc limit 0,5
09:55:24 select count(id) from goods where need_top=0 and need_hidden=0 order by id desc
09:55:24 select * from goods where need_top=0 and need_hidden=0 order by id desc limit 0,5
09:55:26 use a0122145834;
09:55:26 set names utf8;
09:55:26 select * from configs
09:55:26 select * from users where id=36
09:55:26 select count(id) from users where spreader_id='36'
09:55:26 select * from images
09:55:26 select * from goods where need_top=1 and need_hidden=0 order by id desc limit 0,5
09:55:26 select count(id) from goods where need_top=0 and need_hidden=0 order by id desc
09:55:26 select * from goods where need_top=0 and need_hidden=0 order by id desc limit 0,5
09:55:36 use a0122145834;
09:55:36 set names utf8;
09:55:36 select * from configs
09:55:36 select * from users where id=36
09:55:36 select count(id) from users where spreader_id='36'
09:55:36 select * from images
09:55:36 select * from goods where need_top=1 and need_hidden=0 order by id desc limit 0,5
09:55:36 select count(id) from goods where need_top=0 and need_hidden=0 order by id desc
09:55:36 select * from goods where need_top=0 and need_hidden=0 order by id desc limit 0,5
09:55:38 use a0122145834;
09:55:38 set names utf8;
09:55:38 select * from configs
09:55:38 select * from users where id=36
09:55:38 select count(id) from users where spreader_id='36'
09:55:38 select * from images
09:55:38 select * from goods where need_top=1 and need_hidden=0 order by id desc limit 0,5
09:55:38 select count(id) from goods where need_top=0 and need_hidden=0 order by id desc
09:55:38 select * from goods where need_top=0 and need_hidden=0 order by id desc limit 0,5
10:07:05 use a0122145834;
10:07:05 set names utf8;
10:07:05 select * from configs
10:07:05 select * from users where id=36
10:07:05 select count(id) from users where spreader_id='36'
10:07:05 select * from images
10:07:05 select * from goods where need_top=1 and need_hidden=0 order by id desc limit 0,5
10:07:05 select count(id) from goods where need_top=0 and need_hidden=0 order by id desc
10:07:05 select * from goods where need_top=0 and need_hidden=0 order by id desc limit 0,5
10:07:09 use a0122145834;
10:07:09 set names utf8;
10:07:09 select * from configs
10:07:09 select * from users where id=36
10:07:09 select count(id) from users where spreader_id='36'
10:07:09 select * from images
10:07:09 select * from goods where need_top=1 and need_hidden=0 order by id desc limit 0,5
10:07:09 select count(id) from goods where need_top=0 and need_hidden=0 order by id desc
10:07:09 select * from goods where need_top=0 and need_hidden=0 order by id desc limit 0,5
10:07:09 use a0122145834;
10:07:09 set names utf8;
10:07:09 select * from configs
10:07:09 select * from users where id=36
10:07:09 select count(id) from users where spreader_id='36'
10:07:09 select * from images
10:07:09 select * from goods where need_top=1 and need_hidden=0 order by id desc limit 0,5
10:07:09 select count(id) from goods where need_top=0 and need_hidden=0 order by id desc
10:07:09 select * from goods where need_top=0 and need_hidden=0 order by id desc limit 0,5
10:07:37 use a0122145834;
10:07:37 set names utf8;
10:07:37 select * from configs
10:07:37 select * from users where id=36
10:07:37 select count(id) from users where spreader_id='36'
10:07:37 select * from images
10:07:37 select * from goods where need_top=1 and need_hidden=0 order by id desc limit 0,5
10:07:37 select count(id) from goods where need_top=0 and need_hidden=0 order by id desc
10:07:37 select * from goods where need_top=0 and need_hidden=0 order by id desc limit 0,5
10:08:31 use a0122145834;
10:08:31 set names utf8;
10:08:31 select * from configs
10:08:31 select * from users where id=36
10:08:31 select count(id) from users where spreader_id='36'
10:08:31 select * from images
10:08:31 select * from goods where need_top=1 and need_hidden=0 order by id desc limit 0,5
10:08:31 select count(id) from goods where need_top=0 and need_hidden=0 order by id desc
10:08:31 select * from goods where need_top=0 and need_hidden=0 order by id desc limit 0,5
10:08:50 use a0122145834;
10:08:50 set names utf8;
10:08:50 select * from configs
10:08:54 use a0122145834;
10:08:54 set names utf8;
10:08:54 select * from configs
10:08:55 use a0122145834;
10:08:55 set names utf8;
10:08:55 select * from configs
10:09:00 use a0122145834;
10:09:00 set names utf8;
10:09:00 select * from configs
10:09:00 select * from users where user_name='123456' and user_word='6e6b4eb37a7ca16e13c91fd050c7f90d'
10:09:00 use a0122145834;
10:09:00 set names utf8;
10:09:00 select * from configs
10:09:00 select * from users where id=36
10:09:00 select count(id) from users where spreader_id='36'
10:09:00 select * from images
10:09:00 select * from goods where need_top=1 and need_hidden=0 order by id desc limit 0,5
10:09:00 select count(id) from goods where need_top=0 and need_hidden=0 order by id desc
10:09:00 select * from goods where need_top=0 and need_hidden=0 order by id desc limit 0,5
10:09:07 use a0122145834;
10:09:07 set names utf8;
10:09:07 select * from configs
10:09:07 select * from users where id=36
10:09:07 select count(id) from users where spreader_id='36'
10:09:07 select * from images
10:09:07 select * from goods where need_top=1 and need_hidden=0 order by id desc limit 0,5
10:09:07 select count(id) from goods where need_top=0 and need_hidden=0 order by id desc
10:09:07 select * from goods where need_top=0 and need_hidden=0 order by id desc limit 0,5
10:09:10 use a0122145834;
10:09:10 set names utf8;
10:09:10 select * from configs
10:09:10 select * from users where id=36
10:09:10 select count(id) from users where spreader_id='36'
10:09:10 select * from images
10:09:10 select * from goods where need_top=1 and need_hidden=0 order by id desc limit 0,5
10:09:10 select count(id) from goods where need_top=0 and need_hidden=0 order by id desc
10:09:10 select * from goods where need_top=0 and need_hidden=0 order by id desc limit 0,5
10:09:12 use a0122145834;
10:09:12 set names utf8;
10:09:12 select * from configs
10:09:12 select * from users where id=36
10:09:12 select count(id) from users where spreader_id='36'
10:09:12 select * from images
10:09:12 select * from goods where need_top=1 and need_hidden=0 order by id desc limit 0,5
10:09:12 select count(id) from goods where need_top=0 and need_hidden=0 order by id desc
10:09:12 select * from goods where need_top=0 and need_hidden=0 order by id desc limit 0,5
10:09:15 use a0122145834;
10:09:15 set names utf8;
10:09:15 select * from configs
10:09:15 select * from users where id=36
10:09:15 select count(id) from users where spreader_id='36'
10:09:15 select * from images
10:09:15 select * from goods where need_top=1 and need_hidden=0 order by id desc limit 0,5
10:09:15 select count(id) from goods where need_top=0 and need_hidden=0 order by id desc
10:09:15 select * from goods where need_top=0 and need_hidden=0 order by id desc limit 0,5
10:09:20 use a0122145834;
10:09:20 set names utf8;
10:09:20 select * from configs
10:09:20 select * from users where id=36
10:09:20 select count(id) from users where spreader_id='36'
10:09:20 select * from images
10:09:20 select * from goods where need_top=1 and need_hidden=0 order by id desc limit 0,5
10:09:20 select count(id) from goods where need_top=0 and need_hidden=0 order by id desc
10:09:20 select * from goods where need_top=0 and need_hidden=0 order by id desc limit 0,5
10:09:23 use a0122145834;
10:09:23 set names utf8;
10:09:23 select * from configs
10:09:23 select * from users where id=36
10:09:23 select count(id) from users where spreader_id='36'
10:09:23 select * from images
10:09:23 select * from goods where need_top=1 and need_hidden=0 order by id desc limit 0,5
10:09:23 select count(id) from goods where need_top=0 and need_hidden=0 order by id desc
10:09:23 select * from goods where need_top=0 and need_hidden=0 order by id desc limit 0,5
10:09:52 use a0122145834;
10:09:52 set names utf8;
10:09:52 select * from configs
10:09:52 select * from users where id=36
10:09:52 select count(id) from users where spreader_id='36'
10:09:52 select * from images
10:09:52 select * from goods where need_top=1 and need_hidden=0 order by id desc limit 0,5
10:09:52 select count(id) from goods where need_top=0 and need_hidden=0 order by id desc
10:09:52 select * from goods where need_top=0 and need_hidden=0 order by id desc limit 0,5
10:09:58 use a0122145834;
10:09:58 set names utf8;
10:09:58 select * from configs
10:19:33 use a0122145834;
10:19:33 set names utf8;
10:19:33 select * from configs
10:19:51 use a0122145834;
10:19:51 set names utf8;
10:19:51 select * from configs
10:26:34 use a0122145834;
10:26:34 set names utf8;
10:26:34 select * from configs
10:29:39 use a0122145834;
10:29:39 set names utf8;
10:29:39 select * from configs
10:29:40 use a0122145834;
10:29:40 set names utf8;
10:29:40 select * from configs
10:38:46 use a0122145834;
10:38:46 set names utf8;
10:38:46 select * from configs
10:46:15 use a0122145834;
10:46:15 set names utf8;
10:46:15 select * from configs
10:46:15 select count(id) from users where register_ip='110.206.131.102' or last_ip='110.206.131.102' and add_time>1389926775
10:46:15 select * from users where user_name='2448247798'
10:46:15 insert into users (user_name,nick_name,user_word,email,spreader_id,add_time,register_ip) values ('2448247798','求昵称','22fcaabb3e5f8244791ce7d8d618b93a','2448247798@qq.com',53,'1392518775','110.206.131.102') ;
10:46:15 use a0122145834;
10:46:15 set names utf8;
10:46:15 select * from configs
10:46:15 select * from users where id=56
10:46:15 select count(id) from users where spreader_id='56'
10:46:15 select * from images
10:48:50 use a0122145834;
10:48:50 set names utf8;
10:48:50 select * from configs
11:16:16 use a0122145834;
11:16:16 set names utf8;
11:16:16 select * from configs
11:16:16 use a0122145834;
11:16:16 set names utf8;
11:16:16 select * from configs
11:16:47 use a0122145834;
11:16:47 set names utf8;
11:16:47 select * from configs
11:24:35 use a0122145834;
11:24:35 set names utf8;
11:24:35 select * from configs
11:25:38 use a0122145834;
11:25:38 set names utf8;
11:25:38 select * from configs
11:25:52 use a0122145834;
11:25:52 set names utf8;
11:25:52 select * from configs
11:27:17 use a0122145834;
11:27:17 set names utf8;
11:27:17 select * from configs
11:33:34 use a0122145834;
11:33:34 set names utf8;
11:33:34 select * from configs
11:47:41 use a0122145834;
11:47:41 set names utf8;
11:47:41 select * from configs
11:56:44 use a0122145834;
11:56:44 set names utf8;
11:56:44 select * from configs
12:33:01 use a0122145834;
12:33:01 set names utf8;
12:33:01 select * from configs
12:33:14 use a0122145834;
12:33:14 set names utf8;
12:33:14 select * from configs
12:45:18 use a0122145834;
12:45:18 set names utf8;
12:45:18 select * from configs
12:45:31 use a0122145834;
12:45:31 set names utf8;
12:45:31 select * from configs
12:45:36 use a0122145834;
12:45:36 set names utf8;
12:45:36 select * from configs
12:45:37 use a0122145834;
12:45:37 set names utf8;
12:45:37 select * from configs
12:51:28 use a0122145834;
12:51:28 set names utf8;
12:51:28 select * from configs
12:52:02 use a0122145834;
12:52:02 set names utf8;
12:52:02 select * from configs
12:53:23 use a0122145834;
12:53:23 set names utf8;
12:53:23 select * from configs
13:17:57 use a0122145834;
13:17:57 set names utf8;
13:17:57 select * from configs
13:17:57 select * from users where user_name='555555' and user_word='5b1b68a9abf4d2cd155c81a9225fd158'
13:17:57 use a0122145834;
13:17:57 set names utf8;
13:17:57 select * from configs
13:17:57 select * from users where id=38
13:17:57 select count(id) from users where spreader_id='38'
13:17:57 select * from images
13:17:57 select * from goods where need_top=1 and need_hidden=0 order by id desc limit 0,5
13:17:57 select count(id) from goods where need_top=0 and need_hidden=0 order by id desc
13:17:57 select * from goods where need_top=0 and need_hidden=0 order by id desc limit 0,5
13:18:25 use a0122145834;
13:18:25 set names utf8;
13:18:25 select * from configs
13:18:25 select * from users where id=38
13:18:25 select count(id) from users where spreader_id='38'
13:18:25 select * from images
13:18:25 select type_id from articles where id='9'
13:18:25 select * from articles where id='9'
13:19:58 use a0122145834;
13:19:58 set names utf8;
13:19:58 select * from configs
13:19:59 use a0122145834;
13:19:59 set names utf8;
13:19:59 select * from configs
13:20:04 use a0122145834;
13:20:04 set names utf8;
13:20:04 select * from configs
13:20:04 select * from admins where user_name='admin' and user_word='21232f297a57a5a743894a0e4a801fc3'
13:20:05 use a0122145834;
13:20:05 set names utf8;
13:20:05 select * from configs
13:20:05 select * from admins where id=1
13:20:10 use a0122145834;
13:20:10 set names utf8;
13:20:10 select * from configs
13:20:10 select * from admins where id=1
13:20:10 use a0122145834;
13:20:10 set names utf8;
13:20:10 select * from configs
13:20:10 select * from admins where id=1
13:20:10 select count(id) from users
13:20:10 select * from users limit 0,20
13:21:13 use a0122145834;
13:21:13 set names utf8;
13:21:13 select * from configs
13:21:13 select * from admins where id=1
13:21:14 select count(i.id) from income as i left join users as u on i.user_id=u.id
13:21:14 select i.id,i.income_money,i.order_sn,i.add_time,i.pay_status,u.user_name,u.nick_name,u.spreader_id,u.vip_level from income as i left join users as u on i.user_id=u.id limit 0,20
13:22:30 use a0122145834;
13:22:30 set names utf8;
13:22:30 select * from configs
13:22:43 use a0122145834;
13:22:43 set names utf8;
13:22:43 select * from configs
13:22:50 use a0122145834;
13:22:50 set names utf8;
13:22:50 select * from configs
13:23:52 use a0122145834;
13:23:52 set names utf8;
13:23:52 select * from configs
13:32:46 use a0122145834;
13:32:46 set names utf8;
13:32:46 select * from configs
13:33:50 use a0122145834;
13:33:50 set names utf8;
13:33:50 select * from configs
13:38:23 use a0122145834;
13:38:23 set names utf8;
13:38:23 select * from configs
13:47:00 use a0122145834;
13:47:00 set names utf8;
13:47:00 select * from configs
13:56:17 use a0122145834;
13:56:17 set names utf8;
13:56:17 select * from configs
13:58:40 use a0122145834;
13:58:40 set names utf8;
13:58:40 select * from configs
13:59:03 use a0122145834;
13:59:03 set names utf8;
13:59:03 select * from configs
13:59:04 use a0122145834;
13:59:04 set names utf8;
13:59:04 select * from configs
13:59:08 use a0122145834;
13:59:08 set names utf8;
13:59:08 select * from configs
13:59:08 select * from users where user_name='2049917091' and user_word='e99a18c428cb38d5f260853678922e03'
13:59:08 use a0122145834;
13:59:08 set names utf8;
13:59:08 select * from configs
13:59:08 select * from users where id=51
13:59:08 select count(id) from users where spreader_id='51'
13:59:08 select * from images
13:59:08 select * from goods where need_top=1 and need_hidden=0 order by id desc limit 0,5
13:59:08 select count(id) from goods where need_top=0 and need_hidden=0 order by id desc
13:59:08 select * from goods where need_top=0 and need_hidden=0 order by id desc limit 0,5
13:59:31 use a0122145834;
13:59:31 set names utf8;
13:59:31 select * from configs
13:59:31 select * from users where id=51
13:59:31 select count(id) from users where spreader_id='51'
13:59:31 select * from images
13:59:47 use a0122145834;
13:59:47 set names utf8;
13:59:47 select * from configs
13:59:47 select * from users where id=51
13:59:47 use a0122145834;
13:59:47 set names utf8;
13:59:47 select * from configs
13:59:47 select * from users where id=51
13:59:47 select count(id) from users where spreader_id='51'
13:59:47 select * from images
13:59:47 select * from goods where need_top=1 and need_hidden=0 order by id desc limit 0,5
13:59:47 select count(id) from goods where need_top=0 and need_hidden=0 order by id desc
13:59:47 select * from goods where need_top=0 and need_hidden=0 order by id desc limit 0,5
13:59:50 use a0122145834;
13:59:50 set names utf8;
13:59:50 select * from configs
13:59:50 select * from users where id=51
13:59:50 select count(id) from users where spreader_id='51'
13:59:50 select * from images
13:59:51 select type_id from articles where id='8'
13:59:51 select * from articles where id='8'
13:59:54 use a0122145834;
13:59:54 set names utf8;
13:59:54 select * from configs
13:59:54 select * from users where id=51
13:59:54 select count(id) from users where spreader_id='51'
13:59:54 select * from images
13:59:54 select * from article_type
13:59:54 select * from article_type where id='0'
13:59:54 select count(id) from articles where type_id='0' order by add_time desc
13:59:54 select * from articles where type_id='0' order by add_time desc limit 0,5
13:59:59 use a0122145834;
13:59:59 set names utf8;
13:59:59 select * from configs
13:59:59 use a0122145834;
13:59:59 set names utf8;
13:59:59 select * from configs
14:00:05 use a0122145834;
14:00:05 set names utf8;
14:00:05 select * from configs
14:00:05 select * from users where user_name='2049917091' and user_word='e99a18c428cb38d5f260853678922e03'
14:00:05 use a0122145834;
14:00:05 set names utf8;
14:00:05 select * from configs
14:00:05 select * from users where id=51
14:00:05 select count(id) from users where spreader_id='51'
14:00:05 select * from images
14:00:05 select * from goods where need_top=1 and need_hidden=0 order by id desc limit 0,5
14:00:05 select count(id) from goods where need_top=0 and need_hidden=0 order by id desc
14:00:05 select * from goods where need_top=0 and need_hidden=0 order by id desc limit 0,5
14:00:11 use a0122145834;
14:00:11 set names utf8;
14:00:11 select * from configs
14:00:11 select * from users where id=51
14:00:11 select count(id) from users where spreader_id='51'
14:00:11 select * from images
14:00:11 select type_id from articles where id='8'
14:00:11 select * from articles where id='8'
14:00:50 use a0122145834;
14:00:50 set names utf8;
14:00:50 select * from configs
14:00:50 select * from users where id=51
14:00:50 select count(id) from users where spreader_id='51'
14:00:50 select * from images
14:00:50 select * from goods where need_top=1 and need_hidden=0 order by id desc limit 0,5
14:00:50 select count(id) from goods where need_top=0 and need_hidden=0 order by id desc
14:00:50 select * from goods where need_top=0 and need_hidden=0 order by id desc limit 0,5
14:00:57 use a0122145834;
14:00:57 set names utf8;
14:00:57 select * from configs
14:00:57 select * from users where id=51
14:00:57 select count(id) from users where spreader_id='51'
14:00:57 select * from images
14:00:57 select type_id from articles where id='9'
14:00:57 select * from articles where id='9'
14:01:03 use a0122145834;
14:01:03 set names utf8;
14:01:03 select * from configs
14:01:03 select * from users where id=51
14:01:03 select count(id) from users where spreader_id='51'
14:01:03 select * from images
14:01:03 select count(id) from income where user_id=51
14:01:03 select * from income where user_id=51 limit 0,5
14:03:16 use a0122145834;
14:03:16 set names utf8;
14:03:16 select * from configs
14:03:17 use a0122145834;
14:03:17 set names utf8;
14:03:17 select * from configs
14:03:21 use a0122145834;
14:03:21 set names utf8;
14:03:21 select * from configs
14:03:21 use a0122145834;
14:03:21 set names utf8;
14:03:21 select * from configs
14:04:01 use a0122145834;
14:04:01 set names utf8;
14:04:01 select * from configs
14:04:01 use a0122145834;
14:04:01 set names utf8;
14:04:01 select * from configs
14:04:04 use a0122145834;
14:04:04 set names utf8;
14:04:04 select * from configs
14:04:04 use a0122145834;
14:04:04 set names utf8;
14:04:04 select * from configs
14:04:12 use a0122145834;
14:04:12 set names utf8;
14:04:12 select * from configs
14:04:12 use a0122145834;
14:04:12 set names utf8;
14:04:12 select * from configs
14:04:15 use a0122145834;
14:04:15 set names utf8;
14:04:15 select * from configs
14:04:16 use a0122145834;
14:04:16 set names utf8;
14:04:16 select * from configs
14:05:11 use a0122145834;
14:05:11 set names utf8;
14:05:11 select * from configs
14:05:13 use a0122145834;
14:05:13 set names utf8;
14:05:13 select * from configs
14:05:13 use a0122145834;
14:05:13 set names utf8;
14:05:13 select * from configs
14:05:17 use a0122145834;
14:05:17 set names utf8;
14:05:17 select * from configs
14:05:17 select * from users where user_name='2049917091' and user_word='e99a18c428cb38d5f260853678922e03'
14:05:18 use a0122145834;
14:05:18 set names utf8;
14:05:18 select * from configs
14:05:18 select * from users where id=51
14:05:18 select count(id) from users where spreader_id='51'
14:05:18 select * from images
14:05:18 select * from goods where need_top=1 and need_hidden=0 order by id desc limit 0,5
14:05:18 select count(id) from goods where need_top=0 and need_hidden=0 order by id desc
14:05:18 select * from goods where need_top=0 and need_hidden=0 order by id desc limit 0,5
14:06:03 use a0122145834;
14:06:03 set names utf8;
14:06:03 select * from configs
14:06:03 select * from users where id=51
14:06:03 select count(id) from users where spreader_id='51'
14:06:03 select * from images
14:06:03 select * from article_type
14:06:03 select * from article_type where id='0'
14:06:03 select count(id) from articles where type_id='0' order by add_time desc
14:06:03 select * from articles where type_id='0' order by add_time desc limit 0,5
14:06:05 use a0122145834;
14:06:05 set names utf8;
14:06:05 select * from configs
14:06:05 select * from users where id=51
14:06:05 select count(id) from users where spreader_id='51'
14:06:05 select * from images
14:06:05 select type_id from articles where id='18'
14:06:05 select * from articles where id='18'
14:07:42 use a0122145834;
14:07:42 set names utf8;
14:07:42 select * from configs
14:07:42 select * from users where id=51
14:07:42 use a0122145834;
14:07:42 set names utf8;
14:07:42 select * from configs
14:07:42 select * from users where id=51
14:07:42 select count(id) from users where spreader_id='51'
14:07:42 select * from images
14:07:42 select * from goods where need_top=1 and need_hidden=0 order by id desc limit 0,5
14:07:42 select count(id) from goods where need_top=0 and need_hidden=0 order by id desc
14:07:42 select * from goods where need_top=0 and need_hidden=0 order by id desc limit 0,5
14:07:45 use a0122145834;
14:07:45 set names utf8;
14:07:45 select * from configs
14:07:45 select * from users where id=51
14:07:45 select count(id) from users where spreader_id='51'
14:07:45 select * from images
14:07:48 use a0122145834;
14:07:48 set names utf8;
14:07:48 select * from configs
14:07:48 select * from users where id=51
14:07:48 select count(id) from users where spreader_id='51'
14:07:48 select * from images
14:07:50 use a0122145834;
14:07:50 set names utf8;
14:07:50 select * from configs
14:07:50 select * from users where id=51
14:07:50 select count(id) from users where spreader_id='51'
14:07:50 select * from images
14:07:50 select count(id) from income where user_id=51
14:07:50 select * from income where user_id=51 limit 0,5
14:07:53 use a0122145834;
14:07:53 set names utf8;
14:07:53 select * from configs
14:07:53 select * from users where id=51
14:07:53 select count(id) from users where spreader_id='51'
14:07:53 select * from images
14:07:53 select count(id) from expense where user_id=51
14:07:53 select * from expense where user_id=51 limit 0,5
14:07:56 use a0122145834;
14:07:56 set names utf8;
14:07:56 select * from configs
14:07:56 select * from users where id=51
14:07:56 select count(id) from users where spreader_id='51'
14:07:56 select * from images
14:07:56 select count(v.id) from vipmsg as v left join users as u on v.user_id=u.id where v.can_see=1 order by v.id desc
14:07:56 select v.id,u.nick_name,v.user_id,v.user_msg,v.recove,v.add_time from vipmsg as v left join users as u on v.user_id=u.id where v.can_see=1 order by v.id desc limit 0,5
14:08:01 use a0122145834;
14:08:01 set names utf8;
14:08:01 select * from configs
14:08:01 select * from users where id=51
14:08:02 use a0122145834;
14:08:02 set names utf8;
14:08:02 select * from configs
14:08:02 select * from users where id=51
14:08:02 select count(id) from users where spreader_id='51'
14:08:02 select * from images
14:08:02 select count(id) from income where user_id=51
14:08:02 select * from income where user_id=51 limit 0,5
14:08:24 use a0122145834;
14:08:24 set names utf8;
14:08:24 select * from configs
14:08:24 select * from users where id=51
14:08:24 select count(id) from users where spreader_id='51'
14:08:24 select * from images
14:08:34 use a0122145834;
14:08:34 set names utf8;
14:08:35 select * from configs
14:08:35 select * from users where id=51
14:08:35 select count(id) from users where spreader_id='51'
14:08:35 select * from images
14:08:37 use a0122145834;
14:08:37 set names utf8;
14:08:38 select * from configs
14:08:38 select * from users where id=51
14:08:38 select count(id) from users where spreader_id='51'
14:08:38 select * from images
14:08:38 select count(id) from income where user_id=51
14:08:38 select * from income where user_id=51 limit 0,5
14:08:39 use a0122145834;
14:08:39 set names utf8;
14:08:39 select * from configs
14:08:39 select * from users where id=51
14:08:39 select count(id) from users where spreader_id='51'
14:08:39 select * from images
14:08:39 select count(id) from expense where user_id=51
14:08:39 select * from expense where user_id=51 limit 0,5
14:08:42 use a0122145834;
14:08:42 set names utf8;
14:08:42 select * from configs
14:08:42 select * from users where id=51
14:08:42 select count(id) from users where spreader_id='51'
14:08:42 select * from images
14:08:42 select count(v.id) from vipmsg as v left join users as u on v.user_id=u.id where v.can_see=1 order by v.id desc
14:08:42 select v.id,u.nick_name,v.user_id,v.user_msg,v.recove,v.add_time from vipmsg as v left join users as u on v.user_id=u.id where v.can_see=1 order by v.id desc limit 0,5
14:08:45 use a0122145834;
14:08:45 set names utf8;
14:08:45 select * from configs
14:08:45 select * from users where id=51
14:08:45 select count(id) from users where spreader_id='51'
14:08:45 select * from images
14:08:45 select count(id) from expense where user_id=51
14:08:45 select * from expense where user_id=51 limit 0,5
14:08:46 use a0122145834;
14:08:46 set names utf8;
14:08:46 select * from configs
14:08:46 select * from users where id=51
14:08:46 select count(id) from users where spreader_id='51'
14:08:46 select * from images
14:08:46 select count(id) from income where user_id=51
14:08:46 select * from income where user_id=51 limit 0,5
14:08:48 use a0122145834;
14:08:48 set names utf8;
14:08:48 select * from configs
14:08:48 select * from users where id=51
14:08:48 insert into income (user_id,income_money,order_sn,add_time,pay_status) values ('51','10','139253092861859','1392530928','0') ;
14:09:15 use a0122145834;
14:09:15 set names utf8;
14:09:15 select * from configs
14:09:15 select * from users where id=51
14:09:15 insert into income (user_id,income_money,order_sn,add_time,pay_status) values ('51','10','139253095593737','1392530955','0') ;
14:11:23 use a0122145834;
14:11:23 set names utf8;
14:11:23 select * from configs
14:12:25 use a0122145834;
14:12:25 set names utf8;
14:12:25 select * from configs
14:16:30 use a0122145834;
14:16:30 set names utf8;
14:16:30 select * from configs
14:16:58 use a0122145834;
14:16:58 set names utf8;
14:16:58 select * from configs
14:16:59 use a0122145834;
14:16:59 set names utf8;
14:16:59 select * from configs
14:29:28 use a0122145834;
14:29:28 set names utf8;
14:29:28 select * from configs
14:40:51 use a0122145834;
14:40:51 set names utf8;
14:40:51 select * from configs
14:44:22 use a0122145834;
14:44:22 set names utf8;
14:44:22 select * from configs
14:46:59 use a0122145834;
14:46:59 set names utf8;
14:46:59 select * from configs
14:47:33 use a0122145834;
14:47:33 set names utf8;
14:47:33 select * from configs
14:56:35 use a0122145834;
14:56:35 set names utf8;
14:56:35 select * from configs
14:56:41 use a0122145834;
14:56:41 set names utf8;
14:56:41 select * from configs
15:06:08 use a0122145834;
15:06:08 set names utf8;
15:06:08 select * from configs
15:09:26 use a0122145834;
15:09:26 set names utf8;
15:09:26 select * from configs
15:09:26 select * from users where id=38
15:09:26 select count(id) from users where spreader_id='38'
15:09:26 select * from images
15:09:26 select type_id from articles where id='9'
15:09:26 select * from articles where id='9'
15:14:13 use a0122145834;
15:14:13 set names utf8;
15:14:13 select * from configs
15:15:03 use a0122145834;
15:15:03 set names utf8;
15:15:03 select * from configs
15:15:03 select * from users where id=38
15:15:03 select count(id) from users where spreader_id='38'
15:15:03 select * from images
15:15:03 use a0122145834;
15:15:03 set names utf8;
15:15:03 select * from configs
15:23:47 use a0122145834;
15:23:47 set names utf8;
15:23:47 select * from configs
15:41:17 use a0122145834;
15:41:17 set names utf8;
15:41:17 select * from configs
15:41:25 use a0122145834;
15:41:25 set names utf8;
15:41:25 select * from configs
15:42:05 use a0122145834;
15:42:05 set names utf8;
15:42:05 select * from configs
15:42:33 use a0122145834;
15:42:33 set names utf8;
15:42:33 select * from configs
15:49:59 use a0122145834;
15:49:59 set names utf8;
15:49:59 select * from configs
15:52:58 use a0122145834;
15:52:58 set names utf8;
15:52:58 select * from configs
15:59:40 use a0122145834;
15:59:40 set names utf8;
15:59:40 select * from configs
16:03:41 use a0122145834;
16:03:41 set names utf8;
16:03:41 select * from configs
16:04:03 use a0122145834;
16:04:03 set names utf8;
16:04:03 select * from configs
16:04:03 select * from admins where id=1
16:05:59 use a0122145834;
16:05:59 set names utf8;
16:05:59 select * from configs
16:20:05 use a0122145834;
16:20:05 set names utf8;
16:20:05 select * from configs
16:21:24 use a0122145834;
16:21:24 set names utf8;
16:21:24 select * from configs
16:22:06 use a0122145834;
16:22:06 set names utf8;
16:22:06 select * from configs
16:25:38 use a0122145834;
16:25:38 set names utf8;
16:25:38 select * from configs
16:26:33 use a0122145834;
16:26:33 set names utf8;
16:26:33 select * from configs
16:26:49 use a0122145834;
16:26:49 set names utf8;
16:26:49 select * from configs
16:28:14 use a0122145834;
16:28:14 set names utf8;
16:28:14 select * from configs
16:28:23 use a0122145834;
16:28:23 set names utf8;
16:28:23 select * from configs
16:28:23 use a0122145834;
16:28:23 set names utf8;
16:28:23 select * from configs
16:28:48 use a0122145834;
16:28:48 set names utf8;
16:28:48 select * from configs
16:28:55 use a0122145834;
16:28:55 set names utf8;
16:28:55 select * from configs
16:28:59 use a0122145834;
16:28:59 set names utf8;
16:28:59 select * from configs
16:29:02 use a0122145834;
16:29:02 set names utf8;
16:29:02 select * from configs
16:29:19 use a0122145834;
16:29:19 set names utf8;
16:29:19 select * from configs
16:29:25 use a0122145834;
16:29:25 set names utf8;
16:29:25 select * from configs
16:29:33 use a0122145834;
16:29:33 set names utf8;
16:29:33 select * from configs
16:29:48 use a0122145834;
16:29:48 set names utf8;
16:29:48 select * from configs
16:29:50 use a0122145834;
16:29:50 set names utf8;
16:29:50 select * from configs
16:29:56 use a0122145834;
16:29:56 set names utf8;
16:29:56 select * from configs
16:29:59 use a0122145834;
16:29:59 set names utf8;
16:29:59 select * from configs
16:30:17 use a0122145834;
16:30:17 set names utf8;
16:30:17 select * from configs
16:30:32 use a0122145834;
16:30:32 set names utf8;
16:30:32 select * from configs
16:30:39 use a0122145834;
16:30:39 set names utf8;
16:30:39 select * from configs
16:30:50 use a0122145834;
16:30:50 set names utf8;
16:30:50 select * from configs
16:31:03 use a0122145834;
16:31:03 set names utf8;
16:31:03 select * from configs
16:31:10 use a0122145834;
16:31:10 set names utf8;
16:31:10 select * from configs
16:31:24 use a0122145834;
16:31:24 set names utf8;
16:31:24 select * from configs
16:31:34 use a0122145834;
16:31:34 set names utf8;
16:31:34 select * from configs
16:31:44 use a0122145834;
16:31:44 set names utf8;
16:31:44 select * from configs
16:31:57 use a0122145834;
16:31:57 set names utf8;
16:31:57 select * from configs
16:32:13 use a0122145834;
16:32:13 set names utf8;
16:32:13 select * from configs
16:32:25 use a0122145834;
16:32:25 set names utf8;
16:32:25 select * from configs
16:32:32 use a0122145834;
16:32:32 set names utf8;
16:32:32 select * from configs
16:32:41 use a0122145834;
16:32:41 set names utf8;
16:32:41 select * from configs
16:32:55 use a0122145834;
16:32:55 set names utf8;
16:32:55 select * from configs
16:33:13 use a0122145834;
16:33:13 set names utf8;
16:33:13 select * from configs
16:33:13 use a0122145834;
16:33:13 set names utf8;
16:33:13 select * from configs
16:33:15 use a0122145834;
16:33:15 set names utf8;
16:33:15 select * from configs
16:33:33 use a0122145834;
16:33:33 set names utf8;
16:33:33 select * from configs
16:33:41 use a0122145834;
16:33:41 set names utf8;
16:33:41 select * from configs
16:33:43 use a0122145834;
16:33:43 set names utf8;
16:33:43 select * from configs
16:34:14 use a0122145834;
16:34:14 set names utf8;
16:34:14 select * from configs
16:34:41 use a0122145834;
16:34:41 set names utf8;
16:34:41 select * from configs
16:34:57 use a0122145834;
16:34:57 set names utf8;
16:34:57 select * from configs
16:34:57 use a0122145834;
16:34:57 set names utf8;
16:34:57 select * from configs
16:35:08 use a0122145834;
16:35:08 set names utf8;
16:35:08 select * from configs
16:35:17 use a0122145834;
16:35:17 set names utf8;
16:35:17 select * from configs
16:35:32 use a0122145834;
16:35:32 set names utf8;
16:35:32 select * from configs
16:35:36 use a0122145834;
16:35:36 set names utf8;
16:35:36 select * from configs
16:35:48 use a0122145834;
16:35:48 set names utf8;
16:35:48 select * from configs
16:35:59 use a0122145834;
16:35:59 set names utf8;
16:35:59 select * from configs
16:36:10 use a0122145834;
16:36:10 set names utf8;
16:36:10 select * from configs
16:36:14 use a0122145834;
16:36:14 set names utf8;
16:36:14 select * from configs
16:36:16 use a0122145834;
16:36:16 set names utf8;
16:36:16 select * from configs
16:36:21 use a0122145834;
16:36:21 set names utf8;
16:36:21 select * from configs
16:36:21 use a0122145834;
16:36:21 set names utf8;
16:36:21 select * from configs
16:36:38 use a0122145834;
16:36:38 set names utf8;
16:36:38 select * from configs
16:36:54 use a0122145834;
16:36:54 set names utf8;
16:36:54 select * from configs
16:36:57 use a0122145834;
16:36:57 set names utf8;
16:36:57 select * from configs
16:36:58 use a0122145834;
16:36:58 set names utf8;
16:36:58 select * from configs
16:37:05 use a0122145834;
16:37:05 set names utf8;
16:37:05 select * from configs
16:37:18 use a0122145834;
16:37:18 set names utf8;
16:37:18 select * from configs
16:37:23 use a0122145834;
16:37:23 set names utf8;
16:37:23 select * from configs
16:37:39 use a0122145834;
16:37:39 set names utf8;
16:37:39 select * from configs
16:37:55 use a0122145834;
16:37:55 set names utf8;
16:37:55 select * from configs
16:37:59 use a0122145834;
16:37:59 set names utf8;
16:37:59 select * from configs
16:38:07 use a0122145834;
16:38:07 set names utf8;
16:38:07 select * from configs
16:38:12 use a0122145834;
16:38:12 set names utf8;
16:38:12 select * from configs
16:38:31 use a0122145834;
16:38:31 set names utf8;
16:38:31 select * from configs
16:39:19 use a0122145834;
16:39:19 set names utf8;
16:39:19 select * from configs
16:39:37 use a0122145834;
16:39:37 set names utf8;
16:39:37 select * from configs
16:39:42 use a0122145834;
16:39:42 set names utf8;
16:39:42 select * from configs
16:40:16 use a0122145834;
16:40:16 set names utf8;
16:40:16 select * from configs
16:40:29 use a0122145834;
16:40:29 set names utf8;
16:40:29 select * from configs
16:40:48 use a0122145834;
16:40:48 set names utf8;
16:40:48 select * from configs
16:41:03 use a0122145834;
16:41:03 set names utf8;
16:41:03 select * from configs
16:41:04 use a0122145834;
16:41:04 set names utf8;
16:41:04 select * from configs
16:42:57 use a0122145834;
16:42:57 set names utf8;
16:42:57 select * from configs
16:51:27 use a0122145834;
16:51:27 set names utf8;
16:51:27 select * from configs
16:51:32 use a0122145834;
16:51:32 set names utf8;
16:51:32 select * from configs
16:51:33 use a0122145834;
16:51:33 set names utf8;
16:51:33 select * from configs
16:51:38 use a0122145834;
16:51:38 set names utf8;
16:51:38 select * from configs
16:51:38 select * from users where user_name='2049917091' and user_word='e99a18c428cb38d5f260853678922e03'
16:51:38 use a0122145834;
16:51:38 set names utf8;
16:51:38 select * from configs
16:51:38 select * from users where id=51
16:51:38 select count(id) from users where spreader_id='51'
16:51:38 select * from images
16:51:38 select * from goods where need_top=1 and need_hidden=0 order by id desc limit 0,5
16:51:38 select count(id) from goods where need_top=0 and need_hidden=0 order by id desc
16:51:38 select * from goods where need_top=0 and need_hidden=0 order by id desc limit 0,5
16:59:16 use a0122145834;
16:59:16 set names utf8;
16:59:16 select * from configs
16:59:16 select * from admins where id=1
16:59:16 use a0122145834;
16:59:16 set names utf8;
16:59:16 select * from configs
16:59:16 select * from admins where id=1
16:59:16 select count(id) from users
16:59:16 select * from users limit 0,20
17:04:49 use a0122145834;
17:04:49 set names utf8;
17:04:49 select * from configs
17:04:49 select * from users where id=1
17:04:49 use a0122145834;
17:04:49 set names utf8;
17:04:49 select * from configs
17:06:19 use a0122145834;
17:06:19 set names utf8;
17:06:19 select * from configs
17:08:32 use a0122145834;
17:08:32 set names utf8;
17:08:32 select * from configs
17:15:11 use a0122145834;
17:15:11 set names utf8;
17:15:11 select * from configs
17:16:56 use a0122145834;
17:16:56 set names utf8;
17:16:56 select * from configs
17:18:49 use a0122145834;
17:18:49 set names utf8;
17:18:49 select * from configs
17:18:49 use a0122145834;
17:18:49 set names utf8;
17:18:49 select * from configs
17:18:58 use a0122145834;
17:18:58 set names utf8;
17:18:58 select * from configs
17:18:58 select * from admins where user_name='admin' and user_word='21232f297a57a5a743894a0e4a801fc3'
17:18:58 use a0122145834;
17:18:58 set names utf8;
17:18:58 select * from configs
17:18:58 select * from admins where id=1
17:19:02 use a0122145834;
17:19:02 set names utf8;
17:19:02 select * from configs
17:19:02 select * from admins where id=1
17:19:04 use a0122145834;
17:19:04 set names utf8;
17:19:04 select * from configs
17:19:04 select * from admins where id=1
17:19:05 use a0122145834;
17:19:05 set names utf8;
17:19:05 select * from configs
17:19:05 select * from admins where id=1
17:19:05 select count(id) from users
17:19:05 select * from users limit 0,20
17:19:08 use a0122145834;
17:19:08 set names utf8;
17:19:08 select * from configs
17:19:08 select * from admins where id=1
17:19:08 use a0122145834;
17:19:08 set names utf8;
17:19:08 select * from configs
17:19:08 select * from admins where id=1
17:19:08 select count(id) from goods
17:19:08 select * from goods limit 0,20
17:19:13 use a0122145834;
17:19:13 set names utf8;
17:19:13 select * from configs
17:19:13 select * from admins where id=1
17:24:10 use a0122145834;
17:24:10 set names utf8;
17:24:10 select * from configs
17:24:10 select * from admins where id=1
17:24:11 use a0122145834;
17:24:11 set names utf8;
17:24:11 select * from configs
17:24:11 select * from admins where id=1
17:24:11 select count(id) from users
17:24:11 select * from users limit 0,20
18:01:12 use a0122145834;
18:01:12 set names utf8;
18:01:12 select * from configs
18:01:21 use a0122145834;
18:01:21 set names utf8;
18:01:21 select * from configs
18:01:24 use a0122145834;
18:01:24 set names utf8;
18:01:24 select * from configs
18:01:38 use a0122145834;
18:01:38 set names utf8;
18:01:38 select * from configs
18:01:39 use a0122145834;
18:01:39 set names utf8;
18:01:39 select * from configs
18:01:49 use a0122145834;
18:01:49 set names utf8;
18:01:49 select * from configs
18:02:08 use a0122145834;
18:02:08 set names utf8;
18:02:08 select * from configs
18:07:27 use a0122145834;
18:07:27 set names utf8;
18:07:27 select * from configs
18:08:43 use a0122145834;
18:08:43 set names utf8;
18:08:43 select * from configs
18:35:35 use a0122145834;
18:35:35 set names utf8;
18:35:35 select * from configs
18:43:21 use a0122145834;
18:43:21 set names utf8;
18:43:21 select * from configs
18:49:17 use a0122145834;
18:49:17 set names utf8;
18:49:17 select * from configs
19:00:45 use a0122145834;
19:00:45 set names utf8;
19:00:45 select * from configs
19:08:57 use a0122145834;
19:08:57 set names utf8;
19:08:57 select * from configs
19:12:06 use a0122145834;
19:12:06 set names utf8;
19:12:06 select * from configs
19:13:28 use a0122145834;
19:13:28 set names utf8;
19:13:28 select * from configs
19:21:01 use a0122145834;
19:21:01 set names utf8;
19:21:01 select * from configs
19:21:52 use a0122145834;
19:21:52 set names utf8;
19:21:52 select * from configs
19:21:53 use a0122145834;
19:21:53 set names utf8;
19:21:53 select * from configs
19:24:55 use a0122145834;
19:24:55 set names utf8;
19:24:55 select * from configs
19:25:58 use a0122145834;
19:25:58 set names utf8;
19:25:58 select * from configs
19:35:37 use a0122145834;
19:35:37 set names utf8;
19:35:37 select * from configs
19:35:52 use a0122145834;
19:35:52 set names utf8;
19:35:52 select * from configs
19:36:16 use a0122145834;
19:36:16 set names utf8;
19:36:16 select * from configs
19:36:16 select count(id) from users where register_ip='112.36.32.136' or last_ip='112.36.32.136' and add_time>1389958576
19:36:16 select * from users where user_name='302792231'
19:36:16 insert into users (user_name,nick_name,user_word,email,spreader_id,add_time,register_ip) values ('302792231','求昵称','a14b7361a0a96802ce4fc542033cd543','302792231@qq.com',0,'1392550576','112.36.32.136') ;
19:36:17 use a0122145834;
19:36:17 set names utf8;
19:36:17 select * from configs
19:36:17 select * from users where id=57
19:36:17 select count(id) from users where spreader_id='57'
19:36:17 select * from images
19:37:26 use a0122145834;
19:37:26 set names utf8;
19:37:26 select * from configs
19:42:16 use a0122145834;
19:42:16 set names utf8;
19:42:16 select * from configs
19:42:17 use a0122145834;
19:42:17 set names utf8;
19:42:17 select * from configs
19:47:47 use a0122145834;
19:47:47 set names utf8;
19:47:47 select * from configs
19:50:47 use a0122145834;
19:50:47 set names utf8;
19:50:47 select * from configs
19:51:48 use a0122145834;
19:51:48 set names utf8;
19:51:48 select * from configs
20:05:09 use a0122145834;
20:05:10 set names utf8;
20:05:10 select * from configs
20:05:36 use a0122145834;
20:05:36 set names utf8;
20:05:36 select * from configs
20:11:31 use a0122145834;
20:11:31 set names utf8;
20:11:31 select * from configs
20:21:32 use a0122145834;
20:21:32 set names utf8;
20:21:32 select * from configs
20:30:25 use a0122145834;
20:30:25 set names utf8;
20:30:25 select * from configs
20:42:30 use a0122145834;
20:42:30 set names utf8;
20:42:30 select * from configs
20:42:35 use a0122145834;
20:42:35 set names utf8;
20:42:35 select * from configs
20:42:35 use a0122145834;
20:42:35 set names utf8;
20:42:35 select * from configs
20:42:46 use a0122145834;
20:42:46 set names utf8;
20:42:46 select * from configs
20:42:46 select * from users where user_name='2049917091' and user_word='e99a18c428cb38d5f260853678922e03'
20:42:46 use a0122145834;
20:42:46 set names utf8;
20:42:46 select * from configs
20:42:46 select * from users where id=51
20:42:46 select count(id) from users where spreader_id='51'
20:42:46 select * from images
20:42:46 select * from goods where need_top=1 and need_hidden=0 order by id desc limit 0,5
20:42:46 select count(id) from goods where need_top=0 and need_hidden=0 order by id desc
20:42:46 select * from goods where need_top=0 and need_hidden=0 order by id desc limit 0,5
20:43:01 use a0122145834;
20:43:01 set names utf8;
20:43:01 select * from configs
20:43:01 select * from users where id=51
20:43:01 select count(id) from users where spreader_id='51'
20:43:01 select * from images
20:43:01 select type_id from articles where id='9'
20:43:01 select * from articles where id='9'
20:44:41 use a0122145834;
20:44:41 set names utf8;
20:44:41 select * from configs
20:46:08 use a0122145834;
20:46:08 set names utf8;
20:46:08 select * from configs
21:27:09 use a0122145834;
21:27:09 set names utf8;
21:27:09 select * from configs
21:28:00 use a0122145834;
21:28:00 set names utf8;
21:28:00 select * from configs
21:28:00 use a0122145834;
21:28:00 set names utf8;
21:28:00 select * from configs
21:29:58 use a0122145834;
21:29:58 set names utf8;
21:29:58 select * from configs
21:32:42 use a0122145834;
21:32:42 set names utf8;
21:32:42 select * from configs
21:36:01 use a0122145834;
21:36:01 set names utf8;
21:36:01 select * from configs
21:39:11 use a0122145834;
21:39:11 set names utf8;
21:39:11 select * from configs
21:44:24 use a0122145834;
21:44:24 set names utf8;
21:44:24 select * from configs
21:52:51 use a0122145834;
21:52:51 set names utf8;
21:52:51 select * from configs
21:56:52 use a0122145834;
21:56:52 set names utf8;
21:56:52 select * from configs
22:03:42 use a0122145834;
22:03:42 set names utf8;
22:03:42 select * from configs
22:18:10 use a0122145834;
22:18:10 set names utf8;
22:18:10 select * from configs
22:20:08 use a0122145834;
22:20:08 set names utf8;
22:20:08 select * from configs
22:20:35 use a0122145834;
22:20:35 set names utf8;
22:20:35 select * from configs
22:27:18 use a0122145834;
22:27:18 set names utf8;
22:27:18 select * from configs
22:28:53 use a0122145834;
22:28:53 set names utf8;
22:28:53 select * from configs
22:33:56 use a0122145834;
22:33:56 set names utf8;
22:33:56 select * from configs
22:46:17 use a0122145834;
22:46:17 set names utf8;
22:46:17 select * from configs
22:47:23 use a0122145834;
22:47:23 set names utf8;
22:47:23 select * from configs
22:47:24 use a0122145834;
22:47:24 set names utf8;
22:47:24 select * from configs
22:47:38 use a0122145834;
22:47:38 set names utf8;
22:47:38 select * from configs
22:47:40 use a0122145834;
22:47:40 set names utf8;
22:47:40 select * from configs
22:47:40 select * from users where user_name='870431059' and user_word='ea78babd8a40c8f8b07264fb4a6552a1'
22:47:40 update users set first_login='1',last_ip='171.107.199.191' where id='54'
22:47:41 use a0122145834;
22:47:41 set names utf8;
22:47:41 select * from configs
22:47:41 select * from users where id=54
22:47:41 select count(id) from users where spreader_id='54'
22:47:41 select * from images
22:47:41 select * from goods where need_top=1 and need_hidden=0 order by id desc limit 0,5
22:47:41 select count(id) from goods where need_top=0 and need_hidden=0 order by id desc
22:47:42 select * from goods where need_top=0 and need_hidden=0 order by id desc limit 0,5
22:47:56 use a0122145834;
22:47:56 set names utf8;
22:47:56 select * from configs
22:47:56 select * from users where id=54
22:47:56 select count(id) from users where spreader_id='54'
22:47:56 select * from images
22:47:56 select * from users where spreader_id='54'
22:55:02 use a0122145834;
22:55:02 set names utf8;
22:55:02 select * from configs
23:01:54 use a0122145834;
23:01:54 set names utf8;
23:01:54 select * from configs
23:03:16 use a0122145834;
23:03:16 set names utf8;
23:03:16 select * from configs
23:03:16 select count(id) from users where register_ip='112.112.147.248' or last_ip='112.112.147.248' and add_time>1389970996
23:03:16 select * from users where user_name='627947187'
23:03:16 insert into users (user_name,nick_name,user_word,email,spreader_id,add_time,register_ip) values ('627947187','求昵称','dd5114f482e7462918c2d7399e8248fe','627947187@qq.com',0,'1392562996','112.112.147.248') ;
23:03:17 use a0122145834;
23:03:17 set names utf8;
23:03:17 select * from configs
23:03:17 select * from users where id=58
23:03:17 select count(id) from users where spreader_id='58'
23:03:17 select * from images
23:03:47 use a0122145834;
23:03:47 set names utf8;
23:03:47 select * from configs
23:04:45 use a0122145834;
23:04:45 set names utf8;
23:04:45 select * from configs
23:25:34 use a0122145834;
23:25:34 set names utf8;
23:25:34 select * from configs
23:29:39 use a0122145834;
23:29:39 set names utf8;
23:29:39 select * from configs
23:57:31 use a0122145834;
23:57:31 set names utf8;
23:57:31 select * from configs
