18:45:56 use a0122145834;
18:45:56 set names utf8;
18:45:56 select * from configs
18:45:56 select * from users where id=35
18:45:56 select count(id) from users where spreader_id='35'
18:45:56 select * from images
18:45:56 select * from article_type
18:45:56 select count(id) from articles order by add_time desc
18:45:56 select * from articles order by add_time desc limit 0,5
18:45:59 use a0122145834;
18:45:59 set names utf8;
18:45:59 select * from configs
18:45:59 select * from users where id=35
18:45:59 select count(id) from users where spreader_id='35'
18:45:59 select * from images
18:45:59 select * from article_type
18:45:59 select * from article_type where id='7'
18:45:59 select count(id) from articles where type_id='7' order by add_time desc
18:45:59 select * from articles where type_id='7' order by add_time desc limit 0,5
18:46:02 use a0122145834;
18:46:02 set names utf8;
18:46:02 select * from configs
18:46:02 select * from users where id=35
18:46:02 select count(id) from users where spreader_id='35'
18:46:02 select * from images
18:46:02 select type_id from articles where id='10'
18:46:02 select * from articles where id='10'
18:46:24 use a0122145834;
18:46:24 set names utf8;
18:46:24 select * from configs
18:46:24 select * from users where id=35
18:46:24 select count(id) from users where spreader_id='35'
18:46:24 select * from images
18:46:24 select * from article_type
18:46:24 select count(id) from articles order by add_time desc
18:46:24 select * from articles order by add_time desc limit 0,5
18:46:28 use a0122145834;
18:46:28 set names utf8;
18:46:28 select * from configs
18:46:28 select * from users where id=35
18:46:28 select count(id) from users where spreader_id='35'
18:46:28 select * from images
18:46:28 select * from article_type
18:46:28 select * from article_type where id='10'
18:46:28 select count(id) from articles where type_id='10' order by add_time desc
18:46:28 select * from articles where type_id='10' order by add_time desc limit 0,5
18:46:31 use a0122145834;
18:46:31 set names utf8;
18:46:31 select * from configs
18:46:31 select * from users where id=35
18:46:31 select count(id) from users where spreader_id='35'
18:46:31 select * from images
18:46:31 select type_id from articles where id='26'
18:46:31 select * from articles where id='26'
18:46:33 use a0122145834;
18:46:33 set names utf8;
18:46:33 select * from configs
18:46:33 select * from users where id=35
18:46:33 select count(id) from users where spreader_id='35'
18:46:33 select * from images
18:46:33 select type_id from articles where id='20'
18:46:33 select * from articles where id='20'
18:46:46 use a0122145834;
18:46:46 set names utf8;
18:46:46 select * from configs
18:46:46 select * from users where id=35
18:46:46 select count(id) from users where spreader_id='35'
18:46:46 select * from images
18:46:46 select * from article_type
18:46:46 select count(id) from articles order by add_time desc
18:46:46 select * from articles order by add_time desc limit 0,5
18:47:01 use a0122145834;
18:47:01 set names utf8;
18:47:01 select * from configs
18:47:01 select * from users where id=35
18:47:01 select count(id) from users where spreader_id='35'
18:47:01 select * from images
18:47:01 select * from article_type
18:47:02 select count(id) from articles order by add_time desc
18:47:02 select * from articles order by add_time desc limit 0,5
18:47:06 use a0122145834;
18:47:06 set names utf8;
18:47:06 select * from configs
18:47:06 select * from users where id=35
18:47:06 use a0122145834;
18:47:06 set names utf8;
18:47:06 select * from configs
18:47:06 select * from users where id=35
18:47:06 select count(id) from users where spreader_id='35'
18:47:06 select * from images
18:47:06 select * from goods where need_top=1 and need_hidden=0 order by id desc limit 0,5
18:47:06 select count(id) from goods where need_top=0 and need_hidden=0 order by id desc
18:47:06 select * from goods where need_top=0 and need_hidden=0 order by id desc limit 0,5
18:47:13 use a0122145834;
18:47:13 set names utf8;
18:47:13 select * from configs
18:47:13 select * from admins where id=1
18:47:13 use a0122145834;
18:47:13 set names utf8;
18:47:13 select * from configs
18:47:13 select * from admins where id=1
18:47:13 select count(id) from users
18:47:13 select * from users limit 0,20
18:47:32 use a0122145834;
18:47:32 set names utf8;
18:47:32 select * from configs
18:47:32 select * from users where id=35
18:47:32 select count(id) from users where spreader_id='35'
18:47:32 select * from images
18:48:15 use a0122145834;
18:48:15 set names utf8;
18:48:15 select * from configs
18:48:15 select * from users where id=35
18:48:15 select count(id) from users where spreader_id='35'
18:48:15 select * from images
18:48:15 select * from goods where need_top=1 and need_hidden=0 order by id desc limit 0,5
18:48:15 select count(id) from goods where need_top=0 and need_hidden=0 order by id desc
18:48:15 select * from goods where need_top=0 and need_hidden=0 order by id desc limit 0,5
18:48:26 use a0122145834;
18:48:26 set names utf8;
18:48:26 select * from configs
18:48:26 select * from users where id=35
18:48:26 select * from goods where need_hidden=0 and id=12
18:48:26 select * from orders where user_id=35 and goods_id=12 
18:48:30 use a0122145834;
18:48:30 set names utf8;
18:48:30 select * from configs
18:48:30 select * from users where id=35
18:48:30 select count(id) from users where spreader_id='35'
18:48:30 select * from images
18:48:30 select * from goods where need_top=1 and need_hidden=0 order by id desc limit 0,5
18:48:30 select count(id) from goods where need_top=0 and need_hidden=0 order by id desc
18:48:30 select * from goods where need_top=0 and need_hidden=0 order by id desc limit 0,5
18:48:32 use a0122145834;
18:48:32 set names utf8;
18:48:32 select * from configs
18:48:32 select * from users where id=35
18:48:32 select * from goods where need_hidden=0 and id=12
18:48:32 select * from orders where user_id=35 and goods_id=12 
18:48:37 use a0122145834;
18:48:37 set names utf8;
18:48:37 select * from configs
18:48:37 select * from users where id=35
18:48:37 select count(id) from users where spreader_id='35'
18:48:37 select * from images
18:48:37 select * from goods where need_top=1 and need_hidden=0 order by id desc limit 0,5
18:48:37 select count(id) from goods where need_top=0 and need_hidden=0 order by id desc
18:48:37 select * from goods where need_top=0 and need_hidden=0 order by id desc limit 0,5
18:48:39 use a0122145834;
18:48:39 set names utf8;
18:48:39 select * from configs
18:48:39 select * from users where id=35
18:48:39 select * from goods where need_hidden=0 and id=13
18:48:39 select * from orders where user_id=35 and goods_id=13 
18:48:45 use a0122145834;
18:48:45 set names utf8;
18:48:45 select * from configs
18:48:45 select * from users where id=35
18:48:45 select count(id) from users where spreader_id='35'
18:48:45 select * from images
18:48:45 select * from goods where need_top=1 and need_hidden=0 order by id desc limit 0,5
18:48:45 select count(id) from goods where need_top=0 and need_hidden=0 order by id desc
18:48:45 select * from goods where need_top=0 and need_hidden=0 order by id desc limit 0,5
18:49:07 use a0122145834;
18:49:07 set names utf8;
18:49:07 select * from configs
18:49:07 select * from users where id=35
18:49:07 select count(id) from users where spreader_id='35'
18:49:07 select * from images
18:49:07 use a0122145834;
18:49:07 set names utf8;
18:49:07 select * from configs
18:50:35 use a0122145834;
18:50:35 set names utf8;
18:50:35 select * from configs
18:50:35 use a0122145834;
18:50:35 set names utf8;
18:50:35 select * from configs
18:50:40 use a0122145834;
18:50:40 set names utf8;
18:50:40 select * from configs
18:50:41 use a0122145834;
18:50:41 set names utf8;
18:50:41 select * from configs
18:50:53 use a0122145834;
18:50:53 set names utf8;
18:50:53 select * from configs
18:50:53 select * from users where id=1
18:50:54 use a0122145834;
18:50:54 set names utf8;
18:50:54 select * from configs
20:33:13 use a0122145834;
20:33:13 set names utf8;
20:33:13 select * from configs
20:33:20 use a0122145834;
20:33:20 set names utf8;
20:33:20 select * from configs
20:35:37 use a0122145834;
20:35:37 set names utf8;
20:35:37 select * from configs
20:54:43 use a0122145834;
20:54:43 set names utf8;
20:54:43 select * from configs
21:05:34 use a0122145834;
21:05:34 set names utf8;
21:05:34 select * from configs
22:33:18 use a0122145834;
22:33:18 set names utf8;
22:33:18 select * from configs
22:34:41 use a0122145834;
22:34:41 set names utf8;
22:34:41 select * from configs
22:39:43 use a0122145834;
22:39:43 set names utf8;
22:39:43 select * from configs
22:39:50 use a0122145834;
22:39:50 set names utf8;
22:39:50 select * from configs
22:39:51 use a0122145834;
22:39:51 set names utf8;
22:39:51 select * from configs
22:40:10 use a0122145834;
22:40:10 set names utf8;
22:40:10 select * from configs
22:40:13 use a0122145834;
22:40:13 set names utf8;
22:40:13 select * from configs
22:40:13 use a0122145834;
22:40:13 set names utf8;
22:40:13 select * from configs
22:40:17 use a0122145834;
22:40:17 set names utf8;
22:40:17 select * from configs
22:40:18 use a0122145834;
22:40:18 set names utf8;
22:40:18 select * from configs
22:40:22 use a0122145834;
22:40:22 set names utf8;
22:40:22 select * from configs
22:42:25 use a0122145834;
22:42:26 set names utf8;
22:42:26 select * from configs
22:43:02 use a0122145834;
22:43:02 set names utf8;
22:43:02 select * from configs
22:43:08 use a0122145834;
22:43:08 set names utf8;
22:43:08 select * from configs
22:43:11 use a0122145834;
22:43:11 set names utf8;
22:43:11 select * from configs
22:43:34 use a0122145834;
22:43:34 set names utf8;
22:43:34 select * from configs
22:43:35 use a0122145834;
22:43:35 set names utf8;
22:43:35 select * from configs
22:43:40 use a0122145834;
22:43:40 set names utf8;
22:43:40 select * from configs
22:44:19 use a0122145834;
22:44:19 set names utf8;
22:44:19 select * from configs
22:46:22 use a0122145834;
22:46:22 set names utf8;
22:46:22 select * from configs
22:46:24 use a0122145834;
22:46:24 set names utf8;
22:46:24 select * from configs
22:46:30 use a0122145834;
22:46:30 set names utf8;
22:46:30 select * from configs
22:46:30 select * from users where user_name='555555' and user_word='5b1b68a9abf4d2cd155c81a9225fd158'
22:46:30 use a0122145834;
22:46:30 set names utf8;
22:46:30 select * from configs
22:46:30 select * from users where id=38
22:46:30 select count(id) from users where spreader_id='38'
22:46:30 select * from images
22:46:30 select * from goods where need_top=1 and need_hidden=0 order by id desc limit 0,5
22:46:30 select count(id) from goods where need_top=0 and need_hidden=0 order by id desc
22:46:30 select * from goods where need_top=0 and need_hidden=0 order by id desc limit 0,5
23:19:03 use a0122145834;
23:19:03 set names utf8;
23:19:03 select * from configs
23:20:14 use a0122145834;
23:20:14 set names utf8;
23:20:14 select * from configs
23:26:53 use a0122145834;
23:26:53 set names utf8;
23:26:53 select * from configs
23:26:55 use a0122145834;
23:26:55 set names utf8;
23:26:55 select * from configs
23:26:55 use a0122145834;
23:26:55 set names utf8;
23:26:55 select * from configs
23:26:57 use a0122145834;
23:26:57 set names utf8;
23:26:57 select * from configs
23:28:20 use a0122145834;
23:28:20 set names utf8;
23:28:20 select * from configs
23:28:20 select * from users where id=38
23:28:20 select count(id) from users where spreader_id='38'
23:28:20 select * from images
23:28:20 select count(v.id) from vipmsg as v left join users as u on v.user_id=u.id where v.can_see=1 order by v.id desc
23:28:20 select v.id,u.nick_name,v.user_id,v.user_msg,v.recove,v.add_time from vipmsg as v left join users as u on v.user_id=u.id where v.can_see=1 order by v.id desc limit 0,5
23:28:24 use a0122145834;
23:28:24 set names utf8;
23:28:24 select * from configs
23:28:24 select * from users where id=38
23:28:24 select count(id) from users where spreader_id='38'
23:28:24 select * from images
23:28:24 select * from goods where need_top=1 and need_hidden=0 order by id desc limit 0,5
23:28:24 select count(id) from goods where need_top=0 and need_hidden=0 order by id desc
23:28:24 select * from goods where need_top=0 and need_hidden=0 order by id desc limit 0,5
23:28:34 use a0122145834;
23:28:34 set names utf8;
23:28:34 select * from configs
23:28:34 select * from users where id=38
23:28:34 select count(id) from users where spreader_id='38'
23:28:34 select * from images
23:28:34 select type_id from articles where id='8'
23:28:34 select * from articles where id='8'
23:28:49 use a0122145834;
23:28:49 set names utf8;
23:28:49 select * from configs
23:28:49 select * from users where id=38
23:28:49 select count(id) from users where spreader_id='38'
23:28:49 select * from images
23:28:49 select * from article_type
23:28:49 select * from article_type where id='0'
23:28:49 select count(id) from articles where type_id='0' order by add_time desc
23:28:49 select * from articles where type_id='0' order by add_time desc limit 0,5
23:28:56 use a0122145834;
23:28:56 set names utf8;
23:28:56 select * from configs
23:28:56 select * from users where id=38
23:28:56 select count(id) from users where spreader_id='38'
23:28:56 select * from images
23:28:56 select type_id from articles where id='18'
23:28:56 select * from articles where id='18'
23:29:13 use a0122145834;
23:29:13 set names utf8;
23:29:13 select * from configs
23:29:13 select * from users where id=38
23:29:13 select count(id) from users where spreader_id='38'
23:29:13 select * from images
23:29:13 select * from article_type
23:29:13 select * from article_type where id='0'
23:29:13 select count(id) from articles where type_id='0' order by add_time desc
23:29:13 select * from articles where type_id='0' order by add_time desc limit 0,5
23:29:17 use a0122145834;
23:29:17 set names utf8;
23:29:17 select * from configs
23:29:17 select * from users where id=38
23:29:17 use a0122145834;
23:29:17 set names utf8;
23:29:18 select * from configs
23:29:18 select * from users where id=38
23:29:18 select count(id) from users where spreader_id='38'
23:29:18 select * from images
23:29:18 select * from goods where need_top=1 and need_hidden=0 order by id desc limit 0,5
23:29:18 select count(id) from goods where need_top=0 and need_hidden=0 order by id desc
23:29:18 select * from goods where need_top=0 and need_hidden=0 order by id desc limit 0,5
23:29:22 use a0122145834;
23:29:22 set names utf8;
23:29:22 select * from configs
23:29:24 use a0122145834;
23:29:24 set names utf8;
23:29:24 select * from configs
23:29:24 select * from users where id=38
23:29:26 use a0122145834;
23:29:26 set names utf8;
23:29:26 select * from configs
23:29:26 select * from users where id=38
23:29:26 select count(id) from users where spreader_id='38'
23:29:26 select * from images
23:29:26 select count(id) from income where user_id=38
23:29:26 select * from income where user_id=38 limit 0,5
23:31:35 use a0122145834;
23:31:35 set names utf8;
23:31:35 select * from configs
23:31:36 use a0122145834;
23:31:36 set names utf8;
23:31:36 select * from configs
23:31:37 use a0122145834;
23:31:37 set names utf8;
23:31:37 select * from configs
23:31:37 select * from users where id=38
23:31:37 select count(id) from users where spreader_id='38'
23:31:37 select * from images
23:31:37 select count(id) from income where user_id=38
23:31:37 select * from income where user_id=38 limit 0,5
23:31:37 use a0122145834;
23:31:37 set names utf8;
23:31:37 select * from configs
23:31:38 use a0122145834;
23:31:38 set names utf8;
23:31:38 select * from configs
