22:45:53 use a0122145834;
22:45:53 set names utf8;
22:45:53 select * from configs
22:45:55 use a0122145834;
22:45:55 set names utf8;
22:45:55 select * from configs
22:45:55 select * from users where id=50
22:45:55 select count(id) from users where spreader_id='50'
22:45:55 select * from images
22:45:55 select * from article_type
22:45:55 select * from article_type where id='0'
22:45:55 select count(id) from articles where type_id='0' order by add_time desc
22:45:55 select * from articles where type_id='0' order by add_time desc limit 0,5
22:45:58 use a0122145834;
22:45:58 set names utf8;
22:45:58 select * from configs
22:45:58 use a0122145834;
22:45:58 set names utf8;
22:45:58 select * from configs
22:46:12 use a0122145834;
22:46:12 set names utf8;
22:46:12 select * from configs
22:46:12 select * from users where id=50
22:46:12 select count(id) from users where spreader_id='50'
22:46:12 select * from images
22:46:12 select * from article_type
22:46:12 select * from article_type where id='0'
22:46:12 select count(id) from articles where type_id='0' order by add_time desc
22:46:12 select * from articles where type_id='0' order by add_time desc limit 0,5
22:47:30 use a0122145834;
22:47:30 set names utf8;
22:47:30 select * from configs
22:48:08 use a0122145834;
22:48:08 set names utf8;
22:48:08 select * from configs
22:49:00 use a0122145834;
22:49:00 set names utf8;
22:49:00 select * from configs
22:49:17 use a0122145834;
22:49:17 set names utf8;
22:49:17 select * from configs
22:49:38 use a0122145834;
22:49:38 set names utf8;
22:49:38 select * from configs
22:49:38 select * from users where id=50
22:49:38 select count(id) from users where spreader_id='50'
22:49:38 select * from images
22:49:38 use a0122145834;
22:49:38 set names utf8;
22:49:38 select * from configs
22:50:46 use a0122145834;
22:50:46 set names utf8;
22:50:46 select * from configs
22:51:00 use a0122145834;
22:51:00 set names utf8;
22:51:00 select * from configs
22:51:01 use a0122145834;
22:51:01 set names utf8;
22:51:01 select * from configs
22:51:07 use a0122145834;
22:51:07 set names utf8;
22:51:07 select * from configs
22:51:07 select * from admins where user_name='admin' and user_word='bccf0d96673408a7a0ce5f007328ec42'
22:51:07 use a0122145834;
22:51:07 set names utf8;
22:51:07 select * from configs
22:51:07 select * from admins where id=1
22:51:12 use a0122145834;
22:51:12 set names utf8;
22:51:12 select * from configs
22:51:12 select * from admins where id=1
22:51:12 use a0122145834;
22:51:12 set names utf8;
22:51:12 select * from configs
22:51:12 select * from admins where id=1
22:51:12 select count(id) from users
22:51:12 select * from users limit 0,20
22:51:16 use a0122145834;
22:51:16 set names utf8;
22:51:16 select * from configs
22:51:16 select * from admins where id=1
22:51:16 select count(id) from users
22:51:16 select * from users limit 140,20
22:51:41 use a0122145834;
22:51:41 set names utf8;
22:51:41 select * from configs
22:51:41 select count(id) from users where register_ip='183.39.65.55' or last_ip='183.39.65.55' and add_time>1390315901
22:51:41 select * from users where user_name='825722004'
22:51:41 insert into users (user_name,nick_name,user_word,email,spreader_id,add_time,register_ip) values ('825722004','求昵称','2016c52418d436fa7089fd154affc463','825722004@qq.com',105,'1392907901','183.39.65.55') ;
22:51:44 use a0122145834;
22:51:44 set names utf8;
22:51:44 select * from configs
22:51:44 select * from users where id=198
22:51:44 select count(id) from users where spreader_id='198'
22:51:44 select * from images
22:51:44 use a0122145834;
22:51:44 set names utf8;
22:51:44 select * from configs
22:51:44 select * from admins where id=1
22:51:44 select count(v.id) from vipmsg as v left join users as u on u.id=v.user_id 
22:51:44 select u.id as username,v.id,v.user_msg,v.recove,v.add_time,v.can_see,u.nick_name,u.vip_level from vipmsg as v left join users as u on u.id=v.user_id  limit 0,20
22:52:34 use a0122145834;
22:52:34 set names utf8;
22:52:34 select * from configs
22:54:02 use a0122145834;
22:54:02 set names utf8;
22:54:02 select * from configs
22:54:08 use a0122145834;
22:54:08 set names utf8;
22:54:08 select * from configs
22:54:13 use a0122145834;
22:54:13 set names utf8;
22:54:13 select * from configs
22:54:15 use a0122145834;
22:54:15 set names utf8;
22:54:15 select * from configs
22:54:25 use a0122145834;
22:54:25 set names utf8;
22:54:25 select * from configs
22:54:48 use a0122145834;
22:54:48 set names utf8;
22:54:48 select * from configs
22:54:48 select * from users where id=195
22:54:48 select count(id) from users where spreader_id='195'
22:54:48 select * from images
22:54:48 select * from goods where need_top=1 and need_hidden=0 order by id desc limit 0,5
22:54:48 select count(id) from goods where need_top=0 and need_hidden=0 order by id desc
22:54:48 select * from goods where need_top=0 and need_hidden=0 order by id desc limit 0,5
22:55:01 use a0122145834;
22:55:01 set names utf8;
22:55:01 select * from configs
22:55:12 use a0122145834;
22:55:12 set names utf8;
22:55:12 select * from configs
22:55:13 select * from users where id=195
22:55:13 select count(id) from users where spreader_id='195'
22:55:13 select * from images
22:55:13 select type_id from articles where id='9'
22:55:13 select * from articles where id='9'
22:55:15 use a0122145834;
22:55:15 set names utf8;
22:55:15 select * from configs
22:55:16 use a0122145834;
22:55:16 set names utf8;
22:55:16 select * from configs
22:55:23 use a0122145834;
22:55:23 set names utf8;
22:55:23 select * from configs
22:55:23 select * from users where id=195
22:55:23 select count(id) from users where spreader_id='195'
22:55:23 select * from images
22:55:23 select type_id from articles where id='9'
22:55:23 select * from articles where id='9'
22:56:07 use a0122145834;
22:56:07 set names utf8;
22:56:07 select * from configs
22:56:07 select * from users where id=195
22:56:07 select count(id) from users where spreader_id='195'
22:56:07 select * from images
22:56:07 select count(id) from income where user_id=195
22:56:07 select * from income where user_id=195 limit 0,5
22:56:34 use a0122145834;
22:56:34 set names utf8;
22:56:34 select * from configs
22:56:34 select * from users where id=195
22:56:34 select count(id) from users where spreader_id='195'
22:56:34 select * from images
22:58:28 use a0122145834;
22:58:28 set names utf8;
22:58:28 select * from configs
22:58:28 select * from users where id=195
22:58:28 select count(id) from users where spreader_id='195'
22:58:28 select * from images
22:58:28 update users set nick_name='空降兵',pay_name='胡春训',pay_email='hcx-hlj@126.com',address='',user_word='f35b1e6b4b6a9e3950c7665ca0d279c3' where id=195
22:58:31 use a0122145834;
22:58:31 set names utf8;
22:58:31 select * from configs
22:58:31 select * from users where id=195
22:58:31 select count(id) from users where spreader_id='195'
22:58:31 select * from images
23:00:14 use a0122145834;
23:00:14 set names utf8;
23:00:14 select * from configs
23:05:22 use a0122145834;
23:05:22 set names utf8;
23:05:22 select * from configs
23:06:39 use a0122145834;
23:06:39 set names utf8;
23:06:39 select * from configs
23:06:40 use a0122145834;
23:06:40 set names utf8;
23:06:40 select * from configs
23:08:14 use a0122145834;
23:08:14 set names utf8;
23:08:14 select * from configs
23:08:30 use a0122145834;
23:08:30 set names utf8;
23:08:30 select * from configs
23:08:52 use a0122145834;
23:08:52 set names utf8;
23:08:52 select * from configs
23:08:59 use a0122145834;
23:08:59 set names utf8;
23:08:59 select * from configs
23:08:59 select * from admins where id=1
23:09:00 use a0122145834;
23:09:00 set names utf8;
23:09:00 select * from configs
23:09:00 select * from admins where id=1
23:09:00 select count(id) from users
23:09:00 select * from users limit 0,20
23:09:02 use a0122145834;
23:09:02 set names utf8;
23:09:02 select * from configs
23:09:02 select * from admins where id=1
23:09:02 select count(id) from users
23:09:02 select * from users limit 140,20
23:09:05 use a0122145834;
23:09:05 set names utf8;
23:09:05 select * from configs
23:09:38 use a0122145834;
23:09:38 set names utf8;
23:09:38 select * from configs
23:10:00 use a0122145834;
23:10:00 set names utf8;
23:10:00 select * from configs
23:10:00 select * from users where user_name='522011767' and user_word='3b02d5be84903bd3bab9c19de3418fb7'
23:10:00 update users set first_login='1',last_ip='61.188.45.124' where id='196'
23:10:00 update users set credits=credits+1 where id='105'
23:10:00 use a0122145834;
23:10:00 set names utf8;
23:10:00 select * from configs
23:10:00 select * from users where id=196
23:10:00 select count(id) from users where spreader_id='196'
23:10:00 select * from images
23:10:00 select * from goods where need_top=1 and need_hidden=0 order by id desc limit 0,5
23:10:00 select count(id) from goods where need_top=0 and need_hidden=0 order by id desc
23:10:00 select * from goods where need_top=0 and need_hidden=0 order by id desc limit 0,5
23:10:31 use a0122145834;
23:10:31 set names utf8;
23:10:31 select * from configs
23:10:31 select * from users where id=196
23:10:31 select count(id) from users where spreader_id='196'
23:10:31 select * from images
23:10:33 use a0122145834;
23:10:33 set names utf8;
23:10:33 select * from configs
23:10:33 select * from users where id=196
23:10:33 select count(id) from users where spreader_id='196'
23:10:33 select * from images
23:10:44 use a0122145834;
23:10:44 set names utf8;
23:10:44 select * from configs
23:11:05 use a0122145834;
23:11:05 set names utf8;
23:11:05 select * from configs
23:11:05 select * from users where id=196
23:11:05 select count(id) from users where spreader_id='196'
23:11:05 select * from images
23:11:05 update users set nick_name='才女7',pay_name='',pay_email='',address='',user_word='3b02d5be84903bd3bab9c19de3418fb7' where id=196
23:11:07 use a0122145834;
23:11:07 set names utf8;
23:11:07 select * from configs
23:11:07 select * from users where id=196
23:11:07 select count(id) from users where spreader_id='196'
23:11:07 select * from images
23:11:20 use a0122145834;
23:11:20 set names utf8;
23:11:20 select * from configs
23:11:20 select * from users where id=196
23:11:23 use a0122145834;
23:11:23 set names utf8;
23:11:23 select * from configs
23:11:23 select * from users where id=196
23:11:23 select count(id) from users where spreader_id='196'
23:11:23 select * from images
23:11:23 select count(id) from income where user_id=196
23:11:23 select * from income where user_id=196 limit 0,5
23:11:32 use a0122145834;
23:11:32 set names utf8;
23:11:32 select * from configs
23:11:32 select * from users where id=196
23:11:32 insert into income (user_id,income_money,order_sn,add_time,pay_status) values ('196','10','139290909271740','1392909092','0') ;
23:13:24 use a0122145834;
23:13:24 set names utf8;
23:13:24 select * from configs
23:13:24 select * from users where id=196
23:13:24 select count(id) from users where spreader_id='196'
23:13:24 select * from images
23:13:24 use a0122145834;
23:13:24 set names utf8;
23:13:24 select * from configs
23:13:24 select * from users where id=196
23:13:24 select count(id) from users where spreader_id='196'
23:13:24 select * from images
23:13:24 select * from goods where need_top=1 and need_hidden=0 order by id desc limit 0,5
23:13:24 select count(id) from goods where need_top=0 and need_hidden=0 order by id desc
23:13:24 select * from goods where need_top=0 and need_hidden=0 order by id desc limit 0,5
23:14:37 use a0122145834;
23:14:37 set names utf8;
23:14:37 select * from configs
23:14:39 use a0122145834;
23:14:39 set names utf8;
23:14:39 select * from configs
23:15:02 use a0122145834;
23:15:02 set names utf8;
23:15:02 select * from configs
23:15:41 use a0122145834;
23:15:41 set names utf8;
23:15:41 select * from configs
23:15:41 select * from users where user_name='790665310' and user_word='9c8150f484b60b6eeb558cb96596368a'
23:15:43 use a0122145834;
23:15:43 set names utf8;
23:15:43 select * from configs
23:15:43 select * from users where id=131
23:15:43 select count(id) from users where spreader_id='131'
23:15:43 select * from images
23:15:43 select * from goods where need_top=1 and need_hidden=0 order by id desc limit 0,5
23:15:43 select count(id) from goods where need_top=0 and need_hidden=0 order by id desc
23:15:43 select * from goods where need_top=0 and need_hidden=0 order by id desc limit 0,5
23:16:24 use a0122145834;
23:16:24 set names utf8;
23:16:24 select * from configs
23:16:24 select * from users where id=131
23:16:24 select * from goods where need_hidden=0 and id=8
23:16:24 select * from orders where user_id=131 and goods_id=8 
23:16:27 use a0122145834;
23:16:27 set names utf8;
23:16:27 select * from configs
23:16:27 select * from admins where id=1
23:16:27 select count(id) from users
23:16:27 select * from users limit 140,20
23:17:31 use a0122145834;
23:17:31 set names utf8;
23:17:31 select * from configs
23:17:31 select count(id) from users where register_ip='125.113.44.133' or last_ip='125.113.44.133' and add_time>1390317451
23:17:31 select * from users where user_name='2273229689'
23:17:31 insert into users (user_name,nick_name,user_word,email,spreader_id,add_time,register_ip) values ('2273229689','求昵称','4ff028778fd5e8c3045df2a1d78256dc','2273229689@qq.com',105,'1392909451','125.113.44.133') ;
23:17:32 use a0122145834;
23:17:32 set names utf8;
23:17:32 select * from configs
23:17:32 select * from users where id=199
23:17:32 select count(id) from users where spreader_id='199'
23:17:32 select * from images
23:18:04 use a0122145834;
23:18:04 set names utf8;
23:18:04 select * from configs
23:18:05 use a0122145834;
23:18:05 set names utf8;
23:18:05 select * from configs
23:18:05 use a0122145834;
23:18:05 set names utf8;
23:18:05 select * from configs
23:18:51 use a0122145834;
23:18:51 set names utf8;
23:18:51 select * from configs
23:18:51 select * from users where id=131
23:18:51 select * from goods where need_hidden=0 and id=8
23:18:51 select * from orders where user_id=131 and goods_id=8 
23:19:31 use a0122145834;
23:19:31 set names utf8;
23:19:31 select * from configs
23:19:39 use a0122145834;
23:19:39 set names utf8;
23:19:39 select * from configs
23:20:28 use a0122145834;
23:20:28 set names utf8;
23:20:28 select * from configs
23:21:17 use a0122145834;
23:21:17 set names utf8;
23:21:17 select * from configs
23:21:25 use a0122145834;
23:21:25 set names utf8;
23:21:25 select * from configs
23:21:56 use a0122145834;
23:21:56 set names utf8;
23:21:56 select * from configs
23:21:56 select count(id) from users where register_ip='125.80.117.68' or last_ip='125.80.117.68' and add_time>1390317716
23:21:56 select * from users where user_name='354382589'
23:21:56 insert into users (user_name,nick_name,user_word,email,spreader_id,add_time,register_ip) values ('354382589','求昵称','ac8e012eaa8adc9aa4df5e7903ffe79c','354382589@qq.com',0,'1392909716','125.80.117.68') ;
23:21:56 use a0122145834;
23:21:56 set names utf8;
23:21:56 select * from configs
23:21:56 select * from users where id=200
23:21:56 select count(id) from users where spreader_id='200'
23:21:56 select * from images
23:22:49 use a0122145834;
23:22:49 set names utf8;
23:22:49 select * from configs
23:22:49 select * from users where id=200
23:22:49 select count(id) from users where spreader_id='200'
23:22:49 select * from images
23:22:49 select * from goods where need_top=1 and need_hidden=0 order by id desc limit 0,5
23:22:49 select count(id) from goods where need_top=0 and need_hidden=0 order by id desc
23:22:50 select * from goods where need_top=0 and need_hidden=0 order by id desc limit 0,5
23:24:06 use a0122145834;
23:24:06 set names utf8;
23:24:06 select * from configs
23:24:06 select * from users where id=200
23:24:06 select * from goods where need_hidden=0 and id=12
23:24:06 select * from orders where user_id=200 and goods_id=12 
23:24:46 use a0122145834;
23:24:46 set names utf8;
23:24:46 select * from configs
23:24:46 select * from admins where id=1
23:24:46 select count(id) from users
23:24:46 select * from users limit 140,20
23:24:51 use a0122145834;
23:24:51 set names utf8;
23:24:51 select * from configs
23:24:51 select * from admins where id=1
23:24:51 select * from users where id=200
23:25:04 use a0122145834;
23:25:04 set names utf8;
23:25:04 select * from configs
23:25:04 select * from admins where id=1
23:25:04 update users set user_name='354382589',nick_name='求昵称',credits='0',money='0',pay_email='',pay_name='',address='',vip_level='1',spreader_rate='0.6' where id=200 
23:25:05 use a0122145834;
23:25:05 set names utf8;
23:25:05 select * from configs
23:25:05 select * from admins where id=1
23:25:05 select * from users where id=200
23:25:34 use a0122145834;
23:25:34 set names utf8;
23:25:34 select * from configs
23:25:34 select * from users where id=200
23:25:34 select * from goods where need_hidden=0 and id=12
23:25:34 select * from orders where user_id=200 and goods_id=12 
23:25:41 use a0122145834;
23:25:41 set names utf8;
23:25:41 select * from configs
23:26:06 use a0122145834;
23:26:06 set names utf8;
23:26:06 select * from configs
23:26:43 use a0122145834;
23:26:43 set names utf8;
23:26:43 select * from configs
23:27:46 use a0122145834;
23:27:46 set names utf8;
23:27:46 select * from configs
23:28:02 use a0122145834;
23:28:02 set names utf8;
23:28:02 select * from configs
23:28:04 use a0122145834;
23:28:04 set names utf8;
23:28:04 select * from configs
23:28:04 select * from users where user_name='99209470' and user_word='e99a18c428cb38d5f260853678922e03'
23:28:04 update users set first_login='1',last_ip='222.77.218.98' where id='197'
23:28:04 update users set credits=credits+1 where id='54'
23:28:04 use a0122145834;
23:28:04 set names utf8;
23:28:04 select * from configs
23:28:04 select * from users where id=197
23:28:04 select count(id) from users where spreader_id='197'
23:28:04 select * from images
23:28:04 select * from goods where need_top=1 and need_hidden=0 order by id desc limit 0,5
23:28:04 select count(id) from goods where need_top=0 and need_hidden=0 order by id desc
23:28:04 select * from goods where need_top=0 and need_hidden=0 order by id desc limit 0,5
23:28:11 use a0122145834;
23:28:11 set names utf8;
23:28:11 select * from configs
23:28:12 use a0122145834;
23:28:12 set names utf8;
23:28:12 select * from configs
23:28:12 select * from admins where id=1
23:28:15 use a0122145834;
23:28:15 set names utf8;
23:28:15 select * from configs
23:28:15 select * from admins where id=1
23:28:15 select count(id) from users
23:28:15 select * from users limit 0,20
23:28:19 use a0122145834;
23:28:19 set names utf8;
23:28:19 select * from configs
23:28:19 use a0122145834;
23:28:19 set names utf8;
23:28:19 select * from configs
23:28:26 use a0122145834;
23:28:26 set names utf8;
23:28:26 select * from configs
23:28:26 select * from users where id=197
23:28:26 select count(id) from users where spreader_id='197'
23:28:26 select * from images
23:28:31 use a0122145834;
23:28:31 set names utf8;
23:28:31 select * from configs
23:28:31 select * from admins where id=1
23:28:31 select count(id) from users
23:28:31 select * from users limit 40,20
23:28:33 use a0122145834;
23:28:33 set names utf8;
23:28:33 select * from configs
23:28:36 use a0122145834;
23:28:36 set names utf8;
23:28:36 select * from configs
23:28:36 select * from users where user_name='354382589' and user_word='ac8e012eaa8adc9aa4df5e7903ffe79c'
23:28:36 update users set first_login='1',last_ip='125.80.117.68' where id='200'
23:28:36 use a0122145834;
23:28:36 set names utf8;
23:28:36 select * from configs
23:28:36 select * from users where id=200
23:28:36 select count(id) from users where spreader_id='200'
23:28:36 select * from images
23:28:36 select * from goods where need_top=1 and need_hidden=0 order by id desc limit 0,5
23:28:36 select count(id) from goods where need_top=0 and need_hidden=0 order by id desc
23:28:36 select * from goods where need_top=0 and need_hidden=0 order by id desc limit 0,5
23:28:40 use a0122145834;
23:28:40 set names utf8;
23:28:40 select * from configs
23:28:40 select * from admins where id=1
23:28:40 select count(id) from users
23:28:40 select * from users limit 140,20
23:28:58 use a0122145834;
23:28:58 set names utf8;
23:28:58 select * from configs
23:28:58 select * from users where id=200
23:28:58 select count(id) from users where spreader_id='200'
23:28:58 select * from images
23:29:04 use a0122145834;
23:29:04 set names utf8;
23:29:04 select * from configs
23:29:29 use a0122145834;
23:29:29 set names utf8;
23:29:29 select * from configs
23:29:29 select * from users where id=200
23:29:29 select count(id) from users where spreader_id='200'
23:29:29 select * from images
23:29:29 update users set nick_name='波波',pay_name='',pay_email='',address='' where id=200
23:29:31 use a0122145834;
23:29:31 set names utf8;
23:29:31 select * from configs
23:29:31 select * from users where id=200
23:29:31 select count(id) from users where spreader_id='200'
23:29:31 select * from images
23:29:43 use a0122145834;
23:29:43 set names utf8;
23:29:43 select * from configs
23:29:43 select * from users where id=197
23:29:43 select count(id) from users where spreader_id='197'
23:29:43 select * from images
23:29:44 use a0122145834;
23:29:44 set names utf8;
23:29:44 select * from configs
23:29:44 select * from users where id=197
23:29:44 select count(id) from users where spreader_id='197'
23:29:44 select * from images
23:29:54 use a0122145834;
23:29:54 set names utf8;
23:29:54 select * from configs
23:29:55 use a0122145834;
23:29:55 set names utf8;
23:29:55 select * from configs
23:30:00 use a0122145834;
23:30:00 set names utf8;
23:30:00 select * from configs
23:30:00 select * from users where id=197
23:30:00 select count(id) from users where spreader_id='197'
23:30:00 select * from images
23:30:05 use a0122145834;
23:30:05 set names utf8;
23:30:05 select * from configs
23:30:05 select * from users where id=197
23:30:05 select count(id) from users where spreader_id='197'
23:30:05 select * from images
23:30:05 select count(v.id) from vipmsg as v left join users as u on v.user_id=u.id where v.can_see=1 order by v.id desc
23:30:05 select v.id,u.nick_name,v.user_id,v.user_msg,v.recove,v.add_time from vipmsg as v left join users as u on v.user_id=u.id where v.can_see=1 order by v.id desc limit 0,5
23:30:08 use a0122145834;
23:30:08 set names utf8;
23:30:08 select * from configs
23:30:19 use a0122145834;
23:30:19 set names utf8;
23:30:19 select * from configs
23:30:20 use a0122145834;
23:30:20 set names utf8;
23:30:20 select * from configs
23:30:28 use a0122145834;
23:30:28 set names utf8;
23:30:28 select * from configs
23:30:28 select * from users where user_name='2049917091' and user_word='e99a18c428cb38d5f260853678922e03'
23:30:29 use a0122145834;
23:30:29 set names utf8;
23:30:29 select * from configs
23:30:29 select * from users where id=51
23:30:29 select count(id) from users where spreader_id='51'
23:30:29 select * from images
23:30:29 select * from goods where need_top=1 and need_hidden=0 order by id desc limit 0,5
23:30:29 select count(id) from goods where need_top=0 and need_hidden=0 order by id desc
23:30:29 select * from goods where need_top=0 and need_hidden=0 order by id desc limit 0,5
23:30:36 use a0122145834;
23:30:36 set names utf8;
23:30:36 select * from configs
23:31:35 use a0122145834;
23:31:35 set names utf8;
23:31:35 select * from configs
23:31:40 use a0122145834;
23:31:40 set names utf8;
23:31:40 select * from configs
23:31:40 select * from users where id=197
23:31:43 use a0122145834;
23:31:43 set names utf8;
23:31:43 select * from configs
23:31:43 select * from users where id=197
23:31:43 select count(id) from users where spreader_id='197'
23:31:43 select * from images
23:31:43 select count(id) from income where user_id=197
23:31:43 select * from income where user_id=197 limit 0,5
23:31:56 use a0122145834;
23:31:56 set names utf8;
23:31:56 select * from configs
23:33:11 use a0122145834;
23:33:11 set names utf8;
23:33:11 select * from configs
23:33:11 select * from admins where id=1
23:33:11 select count(id) from users
23:33:11 select * from users limit 140,20
23:33:12 use a0122145834;
23:33:12 set names utf8;
23:33:12 select * from configs
23:33:12 select * from users where id=197
23:33:13 use a0122145834;
23:33:13 set names utf8;
23:33:13 select * from configs
23:33:13 select * from users where id=197
23:33:13 select count(id) from users where spreader_id='197'
23:33:13 select * from images
23:33:13 select * from goods where need_top=1 and need_hidden=0 order by id desc limit 0,5
23:33:13 select count(id) from goods where need_top=0 and need_hidden=0 order by id desc
23:33:13 select * from goods where need_top=0 and need_hidden=0 order by id desc limit 0,5
23:33:14 use a0122145834;
23:33:14 set names utf8;
23:33:14 select * from configs
23:33:14 select * from admins where id=1
23:33:14 select count(id) from users
23:33:14 select * from users limit 120,20
23:33:16 use a0122145834;
23:33:16 set names utf8;
23:33:16 select * from configs
23:33:16 select * from admins where id=1
23:33:16 select count(id) from users
23:33:16 select * from users limit 140,20
23:33:19 use a0122145834;
23:33:19 set names utf8;
23:33:19 select * from configs
23:33:19 select * from admins where id=1
23:33:19 select count(id) from users
23:33:19 select * from users limit 60,20
23:33:22 use a0122145834;
23:33:22 set names utf8;
23:33:22 select * from configs
23:33:22 select * from admins where id=1
23:33:22 select count(id) from users
23:33:22 select * from users limit 100,20
23:33:24 use a0122145834;
23:33:24 set names utf8;
23:33:24 select * from configs
23:33:24 select * from admins where id=1
23:33:24 select count(id) from users
23:33:24 select * from users limit 140,20
23:33:36 use a0122145834;
23:33:36 set names utf8;
23:33:36 select * from configs
23:33:36 select * from users where id=197
23:33:36 select * from goods where need_hidden=0 and id=8
23:33:36 select * from orders where user_id=197 and goods_id=8 
23:33:36 use a0122145834;
23:33:36 set names utf8;
23:33:36 select * from configs
23:33:36 select * from admins where id=1
23:33:36 use a0122145834;
23:33:36 set names utf8;
23:33:36 select * from configs
23:33:36 select * from admins where id=1
23:33:36 select count(id) from users
23:33:36 select * from users limit 0,20
23:33:39 use a0122145834;
23:33:39 set names utf8;
23:33:39 select * from configs
23:33:39 select * from admins where id=1
23:33:39 select count(id) from users
23:33:39 select * from users limit 140,20
23:33:43 use a0122145834;
23:33:43 set names utf8;
23:33:43 select * from configs
23:33:43 select * from admins where id=1
23:33:43 select count(id) from users
23:33:43 select * from users limit 120,20
23:35:41 use a0122145834;
23:35:41 set names utf8;
23:35:41 select * from configs
23:37:58 use a0122145834;
23:37:58 set names utf8;
23:37:58 select * from configs
23:38:35 use a0122145834;
23:38:35 use a0122145834;
23:38:35 set names utf8;
23:38:35 set names utf8;
23:38:35 select * from configs
23:38:35 select * from configs
23:38:35 use a0122145834;
23:38:35 set names utf8;
23:38:35 select * from configs
23:39:22 use a0122145834;
23:39:22 set names utf8;
23:39:22 select * from configs
23:39:29 use a0122145834;
23:39:29 set names utf8;
23:39:29 select * from configs
23:39:29 select * from users where user_name='790665310' and user_word='9c8150f484b60b6eeb558cb96596368a'
23:39:29 use a0122145834;
23:39:29 set names utf8;
23:39:29 select * from configs
23:39:29 select * from users where id=131
23:39:29 select count(id) from users where spreader_id='131'
23:39:29 select * from images
23:39:29 select * from goods where need_top=1 and need_hidden=0 order by id desc limit 0,5
23:39:29 select count(id) from goods where need_top=0 and need_hidden=0 order by id desc
23:39:29 select * from goods where need_top=0 and need_hidden=0 order by id desc limit 0,5
23:39:38 use a0122145834;
23:39:38 set names utf8;
23:39:38 select * from configs
23:39:38 select * from users where id=131
23:39:38 select * from goods where need_hidden=0 and id=8
23:39:38 select * from orders where user_id=131 and goods_id=8 
23:39:39 use a0122145834;
23:39:39 set names utf8;
23:39:39 select * from configs
23:39:39 select * from users where id=197
23:39:39 use a0122145834;
23:39:39 set names utf8;
23:39:39 use a0122145834;
23:39:39 select * from configs
23:39:39 set names utf8;
23:39:39 select * from configs
23:39:39 use a0122145834;
23:39:39 set names utf8;
23:39:39 select * from configs
23:39:40 use a0122145834;
23:39:40 set names utf8;
23:39:40 select * from configs
23:39:40 select * from users where id=197
23:39:40 select count(id) from users where spreader_id='197'
23:39:40 select * from images
23:39:40 select * from goods where need_top=1 and need_hidden=0 order by id desc limit 0,5
23:39:40 select count(id) from goods where need_top=0 and need_hidden=0 order by id desc
23:39:40 select * from goods where need_top=0 and need_hidden=0 order by id desc limit 0,5
23:39:40 use a0122145834;
23:39:40 set names utf8;
23:39:40 select * from configs
23:39:42 use a0122145834;
23:39:42 set names utf8;
23:39:42 select * from configs
23:40:41 use a0122145834;
23:40:41 set names utf8;
23:40:41 select * from configs
23:41:01 use a0122145834;
23:41:01 set names utf8;
23:41:01 select * from configs
23:43:03 use a0122145834;
23:43:03 set names utf8;
23:43:03 select * from configs
23:43:03 select count(id) from users where register_ip='27.129.133.182' or last_ip='27.129.133.182' and add_time>1390318983
23:43:03 select * from users where user_name='1912924331'
23:43:03 insert into users (user_name,nick_name,user_word,email,spreader_id,add_time,register_ip) values ('1912924331','求昵称','9b2a3db7d82b1d6b0e7a2047c75c92c8','1912924331@qq.com',50,'1392910983','27.129.133.182') ;
23:43:03 use a0122145834;
23:43:03 set names utf8;
23:43:03 select * from configs
23:43:03 select * from users where id=201
23:43:03 select count(id) from users where spreader_id='201'
23:43:03 select * from images
23:44:40 use a0122145834;
23:44:40 set names utf8;
23:44:40 select * from configs
23:45:02 use a0122145834;
23:45:02 set names utf8;
23:45:02 select * from configs
23:45:08 use a0122145834;
23:45:08 set names utf8;
23:45:08 select * from configs
23:45:08 select * from admins where id=1
23:45:08 select count(id) from users
23:45:08 select * from users limit 140,20
23:45:09 use a0122145834;
23:45:09 set names utf8;
23:45:09 select * from configs
23:45:14 use a0122145834;
23:45:14 set names utf8;
23:45:14 select * from configs
23:45:59 use a0122145834;
23:45:59 set names utf8;
23:45:59 select * from configs
23:45:59 select * from users where user_name='825722004' and user_word='bc648d272864b2db9ea4eeaf1266b395'
23:46:08 use a0122145834;
23:46:08 set names utf8;
23:46:08 select * from configs
23:46:08 select * from users where user_name='825722004' and user_word='2016c52418d436fa7089fd154affc463'
23:46:08 update users set first_login='1',last_ip='183.39.65.55' where id='198'
23:46:08 update users set credits=credits+1 where id='105'
23:46:08 use a0122145834;
23:46:08 set names utf8;
23:46:08 select * from configs
23:46:08 select * from users where id=198
23:46:08 select count(id) from users where spreader_id='198'
23:46:08 select * from images
23:46:08 select * from goods where need_top=1 and need_hidden=0 order by id desc limit 0,5
23:46:08 select count(id) from goods where need_top=0 and need_hidden=0 order by id desc
23:46:08 select * from goods where need_top=0 and need_hidden=0 order by id desc limit 0,5
23:47:00 use a0122145834;
23:47:00 set names utf8;
23:47:00 select * from configs
23:47:00 select * from users where id=198
23:47:05 use a0122145834;
23:47:05 set names utf8;
23:47:05 select * from configs
23:47:05 select * from users where id=198
23:47:05 select count(id) from users where spreader_id='198'
23:47:05 select * from images
23:47:05 select count(id) from income where user_id=198
23:47:05 select * from income where user_id=198 limit 0,5
23:47:07 use a0122145834;
23:47:07 set names utf8;
23:47:07 select * from configs
23:47:07 select * from users where id=198
23:47:07 select count(id) from users where spreader_id='198'
23:47:07 select * from images
23:47:07 select count(id) from income where user_id=198
23:47:07 select * from income where user_id=198 limit 0,5
23:47:11 use a0122145834;
23:47:11 set names utf8;
23:47:11 select * from configs
23:47:11 select * from users where id=198
23:47:11 select count(id) from users where spreader_id='198'
23:47:11 select * from images
23:47:11 select count(id) from income where user_id=198
23:47:11 select * from income where user_id=198 limit 0,5
23:47:15 use a0122145834;
23:47:15 set names utf8;
23:47:15 select * from configs
23:47:15 select * from users where id=198
23:47:15 insert into income (user_id,income_money,order_sn,add_time,pay_status) values ('198','10','139291123590686','1392911235','0') ;
23:48:24 use a0122145834;
23:48:24 set names utf8;
23:48:24 select * from configs
23:49:56 use a0122145834;
23:49:56 set names utf8;
23:49:56 select * from configs
23:49:56 select * from admins where id=1
23:49:56 select count(id) from users
23:49:56 select * from users limit 140,20
23:50:01 use a0122145834;
23:50:01 set names utf8;
23:50:01 select * from configs
23:50:01 select * from admins where id=1
23:50:01 select count(id) from users
23:50:01 select * from users limit 0,20
23:50:08 use a0122145834;
23:50:08 set names utf8;
23:50:08 select * from configs
23:50:08 select * from admins where id=1
23:50:08 select count(id) from users
23:50:08 select * from users limit 20,20
23:50:11 use a0122145834;
23:50:11 set names utf8;
23:50:11 select * from configs
23:50:11 select * from admins where id=1
23:50:11 select count(id) from users
23:50:11 select * from users limit 40,20
23:50:19 use a0122145834;
23:50:19 set names utf8;
23:50:19 select * from configs
23:50:19 select * from admins where id=1
23:50:19 select count(id) from users
23:50:19 select * from users limit 20,20
23:50:25 use a0122145834;
23:50:25 set names utf8;
23:50:25 select * from configs
23:50:25 select * from admins where id=1
23:50:25 select count(id) from users
23:50:25 select * from users limit 0,20
23:50:44 use a0122145834;
23:50:44 set names utf8;
23:50:44 select * from configs
23:50:44 select * from admins where id=1
23:50:44 select count(id) from users
23:50:44 select * from users limit 20,20
23:51:03 use a0122145834;
23:51:03 set names utf8;
23:51:03 select * from configs
23:51:03 select * from admins where id=1
23:51:03 select count(id) from users
23:51:03 select * from users limit 40,20
23:51:11 use a0122145834;
23:51:11 set names utf8;
23:51:11 select * from configs
23:51:11 select * from admins where id=1
23:51:11 select count(id) from users
23:51:11 select * from users limit 60,20
23:51:20 use a0122145834;
23:51:20 set names utf8;
23:51:20 select * from configs
23:51:20 select * from admins where id=1
23:51:20 select count(id) from users
23:51:20 select * from users limit 0,20
23:51:46 use a0122145834;
23:51:46 set names utf8;
23:51:46 select * from configs
23:51:46 select * from admins where id=1
23:51:46 select * from users where id=52
23:51:51 use a0122145834;
23:51:51 set names utf8;
23:51:51 select * from configs
23:51:51 select * from admins where id=1
23:51:51 select count(id) from users
23:51:51 select * from users limit 0,20
23:51:56 use a0122145834;
23:51:56 set names utf8;
23:51:56 select * from configs
23:53:43 use a0122145834;
23:53:43 set names utf8;
23:53:43 select * from configs
23:53:43 select * from admins where id=1
23:53:44 select count(v.id) from vipmsg as v left join users as u on u.id=v.user_id 
23:53:44 select u.id as username,v.id,v.user_msg,v.recove,v.add_time,v.can_see,u.nick_name,u.vip_level from vipmsg as v left join users as u on u.id=v.user_id  limit 0,20
23:53:51 use a0122145834;
23:53:51 set names utf8;
23:53:51 select * from configs
23:53:51 select * from admins where id=1
23:53:51 use a0122145834;
23:53:51 set names utf8;
23:53:51 select * from configs
23:53:51 select * from admins where id=1
23:53:51 select count(id) from users
23:53:51 select * from users limit 0,20
23:53:55 use a0122145834;
23:53:55 set names utf8;
23:53:55 select * from configs
23:53:55 select * from admins where id=1
23:53:55 select count(id) from users
23:53:55 select * from users limit 140,20
23:53:59 use a0122145834;
23:53:59 set names utf8;
23:53:59 select * from configs
23:53:59 select * from admins where id=1
23:53:59 select count(id) from users
23:53:59 select * from users limit 100,20
23:54:07 use a0122145834;
23:54:07 set names utf8;
23:54:07 select * from configs
23:55:06 use a0122145834;
23:55:06 set names utf8;
23:55:06 select * from configs
23:55:06 select * from admins where id=1
23:55:06 select count(id) from users
23:55:06 select * from users limit 140,20
23:55:09 use a0122145834;
23:55:09 set names utf8;
23:55:09 select * from configs
23:55:09 select * from admins where id=1
23:55:09 select count(id) from users
23:55:09 select * from users limit 120,20
23:55:12 use a0122145834;
23:55:12 set names utf8;
23:55:12 select * from configs
23:55:12 select * from admins where id=1
23:55:12 select count(id) from users
23:55:12 select * from users limit 100,20
23:55:15 use a0122145834;
23:55:15 set names utf8;
23:55:15 select * from configs
23:55:15 select * from admins where id=1
23:55:15 select count(id) from users
23:55:15 select * from users limit 140,20
23:57:52 use a0122145834;
23:57:52 set names utf8;
23:57:52 select * from configs
23:58:53 use a0122145834;
23:58:53 set names utf8;
23:58:53 select * from configs
23:58:53 use a0122145834;
23:58:53 set names utf8;
23:58:53 select * from configs
23:59:31 use a0122145834;
23:59:31 set names utf8;
23:59:31 select * from configs
23:59:38 use a0122145834;
23:59:38 set names utf8;
23:59:38 select * from configs
