22:31:23 use a0122145834;
22:31:23 set names utf8;
22:31:23 select * from configs
22:31:23 select * from users where id=38
22:31:23 select count(id) from users where spreader_id='38'
22:31:23 select * from images
22:31:23 select * from goods where need_top=1 and need_hidden=0 order by id desc limit 0,5
22:31:23 select count(id) from goods where need_top=0 and need_hidden=0 order by id desc
22:31:23 select * from goods where need_top=0 and need_hidden=0 order by id desc limit 0,5
22:31:27 use a0122145834;
22:31:27 set names utf8;
22:31:27 select * from configs
22:31:27 select * from users where id=38
22:31:27 select count(id) from users where spreader_id='38'
22:31:27 select * from images
22:31:27 select type_id from articles where id='8'
22:31:27 select * from articles where id='8'
22:31:29 use a0122145834;
22:31:29 set names utf8;
22:31:29 select * from configs
22:31:29 select * from users where id=38
22:31:29 select count(id) from users where spreader_id='38'
22:31:29 select * from images
22:31:29 select count(v.id) from vipmsg as v left join users as u on v.user_id=u.id where v.can_see=1 order by v.id desc
22:31:29 select v.id,u.nick_name,v.user_id,v.user_msg,v.recove,v.add_time from vipmsg as v left join users as u on v.user_id=u.id where v.can_see=1 order by v.id desc limit 0,5
22:31:34 use a0122145834;
22:31:34 set names utf8;
22:31:34 select * from configs
22:31:34 select * from users where id=38
22:31:34 select count(id) from users where spreader_id='38'
22:31:34 select * from images
22:31:34 select count(v.id) from vipmsg as v left join users as u on v.user_id=u.id where v.can_see=1 order by v.id desc
22:31:34 select v.id,u.nick_name,v.user_id,v.user_msg,v.recove,v.add_time from vipmsg as v left join users as u on v.user_id=u.id where v.can_see=1 order by v.id desc limit 5,5
22:31:39 use a0122145834;
22:31:39 set names utf8;
22:31:39 select * from configs
22:31:39 select * from users where id=38
22:31:39 select count(id) from users where spreader_id='38'
22:31:39 select * from images
22:31:39 select * from goods where need_top=1 and need_hidden=0 order by id desc limit 0,5
22:31:39 select count(id) from goods where need_top=0 and need_hidden=0 order by id desc
22:31:39 select * from goods where need_top=0 and need_hidden=0 order by id desc limit 0,5
22:32:56 use a0122145834;
22:32:56 set names utf8;
22:32:56 select * from configs
22:32:56 select * from users where id=38
22:32:56 select * from goods where need_hidden=0 and id=8
22:32:56 select * from orders where user_id=38 and goods_id=8 
22:32:59 use a0122145834;
22:32:59 set names utf8;
22:32:59 select * from configs
22:32:59 select * from users where id=38
22:32:59 select count(id) from users where spreader_id='38'
22:32:59 select * from images
22:32:59 select * from goods where need_top=1 and need_hidden=0 order by id desc limit 0,5
22:32:59 select count(id) from goods where need_top=0 and need_hidden=0 order by id desc
22:32:59 select * from goods where need_top=0 and need_hidden=0 order by id desc limit 0,5
22:33:00 use a0122145834;
22:33:00 set names utf8;
22:33:00 select * from configs
22:33:00 select * from users where id=38
22:33:00 select count(id) from users where spreader_id='38'
22:33:00 select * from images
22:33:00 select count(v.id) from vipmsg as v left join users as u on v.user_id=u.id where v.can_see=1 order by v.id desc
22:33:00 select v.id,u.nick_name,v.user_id,v.user_msg,v.recove,v.add_time from vipmsg as v left join users as u on v.user_id=u.id where v.can_see=1 order by v.id desc limit 0,5
22:33:38 use a0122145834;
22:33:38 set names utf8;
22:33:38 select * from configs
22:33:38 select * from users where id=38
22:33:38 select count(id) from users where spreader_id='38'
22:33:38 select * from images
22:33:38 select * from goods where need_top=1 and need_hidden=0 order by id desc limit 0,5
22:33:38 select count(id) from goods where need_top=0 and need_hidden=0 order by id desc
22:33:38 select * from goods where need_top=0 and need_hidden=0 order by id desc limit 0,5
22:33:52 use a0122145834;
22:33:52 set names utf8;
22:33:52 select * from configs
22:33:52 select * from users where id=38
22:33:52 select count(id) from users where spreader_id='38'
22:33:52 select * from images
22:33:52 select count(id) from income where user_id=38
22:33:52 select * from income where user_id=38 limit 0,5
22:34:26 use a0122145834;
22:34:26 set names utf8;
22:34:26 select * from configs
22:35:07 use a0122145834;
22:35:07 set names utf8;
22:35:07 select * from configs
22:42:50 use a0122145834;
22:42:50 set names utf8;
22:42:50 select * from configs
22:42:50 select * from users where id=38
22:42:50 select count(id) from users where spreader_id='38'
22:42:50 select * from images
22:42:50 select * from goods where need_top=1 and need_hidden=0 order by id desc limit 0,5
22:42:50 select count(id) from goods where need_top=0 and need_hidden=0 order by id desc
22:42:50 select * from goods where need_top=0 and need_hidden=0 order by id desc limit 0,5
22:47:26 use a0122145834;
22:47:26 set names utf8;
22:47:26 select * from configs
22:47:26 select * from users where id=38
22:47:28 use a0122145834;
22:47:28 set names utf8;
22:47:28 select * from configs
22:47:28 select * from users where id=38
22:47:28 select count(id) from users where spreader_id='38'
22:47:28 select * from images
22:47:28 select * from goods where need_top=1 and need_hidden=0 order by id desc limit 0,5
22:47:28 select count(id) from goods where need_top=0 and need_hidden=0 order by id desc
22:47:28 select * from goods where need_top=0 and need_hidden=0 order by id desc limit 0,5
22:47:40 use a0122145834;
22:47:40 set names utf8;
22:47:40 select * from configs
22:47:40 select * from admins where id=1
22:47:40 use a0122145834;
22:47:40 set names utf8;
22:47:40 select * from configs
22:47:40 select * from admins where id=1
22:47:40 select count(id) from users
22:47:40 select * from users limit 0,20
22:49:26 use a0122145834;
22:49:26 set names utf8;
22:49:26 select * from configs
22:49:26 select * from users where id=38
22:49:26 select count(id) from users where spreader_id='38'
22:49:26 select * from images
22:49:26 select count(v.id) from vipmsg as v left join users as u on v.user_id=u.id where v.can_see=1 order by v.id desc
22:49:26 select v.id,u.nick_name,v.user_id,v.user_msg,v.recove,v.add_time from vipmsg as v left join users as u on v.user_id=u.id where v.can_see=1 order by v.id desc limit 0,5
22:58:51 use a0122145834;
22:58:51 set names utf8;
22:58:51 select * from configs
22:58:51 select * from users where id=38
22:58:51 select count(id) from users where spreader_id='38'
22:58:51 select * from images
22:58:51 select count(v.id) from vipmsg as v left join users as u on v.user_id=u.id where v.can_see=1 order by v.id desc
22:58:51 select v.id,u.nick_name,v.user_id,v.user_msg,v.recove,v.add_time from vipmsg as v left join users as u on v.user_id=u.id where v.can_see=1 order by v.id desc limit 5,5
22:59:11 use a0122145834;
22:59:11 set names utf8;
22:59:11 select * from configs
22:59:11 select * from users where id=38
22:59:11 select count(id) from users where spreader_id='38'
22:59:11 select * from images
22:59:11 select count(v.id) from vipmsg as v left join users as u on v.user_id=u.id where v.can_see=1 order by v.id desc
22:59:11 select v.id,u.nick_name,v.user_id,v.user_msg,v.recove,v.add_time from vipmsg as v left join users as u on v.user_id=u.id where v.can_see=1 order by v.id desc limit 0,5
22:59:37 use a0122145834;
22:59:37 set names utf8;
22:59:37 select * from configs
22:59:37 select * from users where id=38
22:59:37 select count(id) from users where spreader_id='38'
22:59:37 select * from images
22:59:37 select type_id from articles where id='9'
22:59:37 select * from articles where id='9'
23:03:51 use a0122145834;
23:03:51 set names utf8;
23:03:51 select * from configs
23:03:51 select * from users where id=38
23:03:51 select count(id) from users where spreader_id='38'
23:03:51 select * from images
23:03:51 select count(id) from income where user_id=38
23:03:51 select * from income where user_id=38 limit 0,5
23:08:23 use a0122145834;
23:08:23 set names utf8;
23:08:23 select * from configs
23:08:23 select * from users where id=38
23:08:24 select count(id) from users where spreader_id='38'
23:08:24 select * from images
23:08:24 select count(id) from income where user_id=38
23:08:24 select * from income where user_id=38 limit 0,5
23:10:46 use a0122145834;
23:10:46 set names utf8;
23:10:46 select * from configs
23:10:46 select * from users where id=38
23:10:46 select count(id) from users where spreader_id='38'
23:10:46 select * from images
23:10:46 select count(id) from income where user_id=38
23:10:46 select * from income where user_id=38 limit 0,5
23:11:33 use a0122145834;
23:11:33 set names utf8;
23:11:33 select * from configs
23:11:33 select * from users where id=38
23:11:33 use a0122145834;
23:11:33 set names utf8;
23:11:33 select * from configs
23:11:33 select * from users where id=38
23:11:33 select count(id) from users where spreader_id='38'
23:11:33 select * from images
23:11:33 select * from goods where need_top=1 and need_hidden=0 order by id desc limit 0,5
23:11:33 select count(id) from goods where need_top=0 and need_hidden=0 order by id desc
23:11:33 select * from goods where need_top=0 and need_hidden=0 order by id desc limit 0,5
23:12:11 use a0122145834;
23:12:11 set names utf8;
23:12:11 select * from configs
23:13:33 use a0122145834;
23:13:33 set names utf8;
23:13:33 select * from configs
23:13:33 select * from users where id=38
23:13:33 select count(id) from users where spreader_id='38'
23:13:33 select * from images
23:13:33 select count(id) from income where user_id=38
23:13:33 select * from income where user_id=38 limit 0,5
23:16:18 use a0122145834;
23:16:18 set names utf8;
23:16:18 select * from configs
23:16:18 select * from users where id=38
23:16:18 select count(id) from users where spreader_id='38'
23:16:18 select * from images
23:16:18 select count(id) from income where user_id=38
23:16:18 select * from income where user_id=38 limit 0,5
23:17:04 use a0122145834;
23:17:04 set names utf8;
23:17:04 select * from configs
23:18:14 use a0122145834;
23:18:14 set names utf8;
23:18:14 select * from configs
23:18:14 select * from users where id=38
23:18:14 select count(id) from users where spreader_id='38'
23:18:14 select * from images
23:18:14 select count(id) from income where user_id=38
23:18:14 select * from income where user_id=38 limit 0,5
23:31:33 use a0122145834;
23:31:33 set names utf8;
23:31:33 select * from configs
23:31:33 select * from users where id=38
23:31:33 select count(id) from users where spreader_id='38'
23:31:33 select * from images
23:31:33 select count(id) from income where user_id=38
23:31:33 select * from income where user_id=38 limit 0,5
23:36:55 use a0122145834;
23:36:55 set names utf8;
23:36:55 select * from configs
23:36:55 select * from admins where id=1
23:36:55 use a0122145834;
23:36:55 set names utf8;
23:36:55 select * from configs
23:36:55 select * from admins where id=1
23:36:55 select count(id) from goods
23:36:55 select * from goods limit 0,20
23:37:35 use a0122145834;
23:37:35 set names utf8;
23:37:35 select * from configs
23:37:35 select * from admins where id=1
23:37:37 use a0122145834;
23:37:37 set names utf8;
23:37:37 select * from configs
23:37:37 select * from admins where id=1
23:37:38 use a0122145834;
23:37:38 set names utf8;
23:37:38 select * from configs
23:37:38 select * from admins where id=1
23:37:38 select count(id) from users
23:37:38 select * from users limit 0,20
23:37:39 use a0122145834;
23:37:39 set names utf8;
23:37:39 select * from configs
23:37:39 select * from admins where id=1
23:37:39 use a0122145834;
23:37:39 set names utf8;
23:37:39 select * from configs
23:37:39 select * from admins where id=1
23:37:39 select count(id) from goods
23:37:39 select * from goods limit 0,20
23:37:41 use a0122145834;
23:37:41 set names utf8;
23:37:41 select * from configs
23:37:41 select * from admins where id=1
23:37:41 select count(o.id) from articles as o left join article_type as u on u.id=o.type_id 
23:37:41 select o.id,o.title,o.add_time,u.type_name from articles as o left join article_type as u on u.id=o.type_id  limit 0,20
23:37:48 use a0122145834;
23:37:48 set names utf8;
23:37:48 select * from configs
23:37:48 select * from admins where id=1
23:37:48 select * from articles where id=9
23:40:43 use a0122145834;
23:40:43 set names utf8;
23:40:43 select * from configs
23:40:43 select * from admins where id=1
23:40:43 update articles set type_id=0, content='<p><span style="color:#ffffff"><span style="font-size:22px"><strong><span style="background-color:#0033ff">下面是广告语、广告词</span></strong></span></span></p>

<p><span style="font-size:16px">#、如果你愿意花一点点宝贵的时间去看完久恒营销完整版创富梦想视频，也许您就此改变，马上点击注册，领取月入十万绝密课程 www.xxx.com</span></p>

<p><br />
<span style="font-size:16px">#、全球第一套《久恒自动化营销系统》震撼首发 www.xxx.com</span></p>

<p><br />
<span style="font-size:16px">#、90%打工仔一生都不可能知道的秘密！ www.xxx.com</span></p>

<p><br />
<span style="font-size:16px">#、你穷，因为你没有野心！赚到钱才是硬道理！www.xxx.com</span></p>

<p><br />
<span style="font-size:16px">#、一步一步来真正教你做网赚！日赚500真不难！www.xxx.com</span></p>

<p><br />
<span style="font-size:16px">#、不敢说你不做，只能说你不懂&mdash;&mdash;整合营销你懂多少 www.xxx.com</span></p>

<p><br />
<span style="font-size:16px">#、任何赚钱的项目，你不懂的技巧和方法，我在3天内却轻松掌握，并赚了800元！www.xxx.com</span></p>

<p><br />
<span style="font-size:16px">#、不是我不给你赚钱的机会，现在只限前10名获取：抓住就抓住了。抓不住就跑掉了。www.xxx.com</span></p>

<p><br />
<span style="font-size:16px">#、做网赚，不赚钱就是不道德！你懂得！日赚多少你说了算：www.xxx.com<br />
#、2014年【先机】互联网整合自动化赚钱。www.xxx.com 不是所有自动化都教自动化。<br />
#、不做这个你就输了。我做了 就赚到了。www.xxx.com 非常时期，非常赚钱。<br />
#、没有压力，没有苦逼！在这里赚钱非常轻松：www.xxx.com 本人亲测试！！<br />
#、数据库赚钱算啥？做不好也垃圾。看看这位牛人：www.xxx.com<br />
#、力所能及赚点钱，比啥都好，今日干包收入800元。不来你就错过了，www.xxx.com<br />
#、把数据库营销，做成垃圾库。效果达到10倍以上。赚钱只是一个数字。什么概念？www.xxx.com</span></p>

<p><span style="font-size:16px">注意 ：<br />
1、 www.xxx.com 替换成你的分销商链接。<br />
2、广告创意你可以自由发挥。有吸引力，标题不要太长。简短一点。突出特点。<br />
3、你可以按照上面的广告词进行一个 &ldquo;搭配&rdquo;</span></p>
', title='如何推广，学习精品课程' where id=9
23:40:44 use a0122145834;
23:40:44 set names utf8;
23:40:44 select * from configs
23:40:44 select * from admins where id=1
23:40:44 select * from articles where id=9
23:40:46 use a0122145834;
23:40:46 set names utf8;
23:40:46 select * from configs
23:40:46 select * from users where id=38
23:40:46 select count(id) from users where spreader_id='38'
23:40:46 select * from images
23:40:46 select type_id from articles where id='9'
23:40:46 select * from articles where id='9'
23:57:30 use a0122145834;
23:57:30 set names utf8;
23:57:30 select * from configs
23:57:30 select * from admins where id=1
23:57:30 update articles set type_id=0, content='<p><span style="color:#ffffff"><span style="font-size:22px"><strong><span style="background-color:#0033ff">下面是广告语、广告词</span></strong></span></span></p>

<p>&nbsp;</p>

<p><span style="font-size:16px">#、2014年推出月入十万系列课程，马上领取 www.xxx.com</span></p>

<p><br />
<span style="font-size:16px">#、全球首发《久恒自动化营销系统》 www.xxx.com</span></p>

<p><br />
<span style="font-size:16px">#、90%打工小伙伴们一生都不可能知道的秘密 www.xxx.com</span></p>

<p><br />
<span style="font-size:16px">#、今天发现一个不错的项目，分享给大家www.xxx.com</span></p>

<p><br />
<span style="font-size:16px">#、小马哥教你做网商！日赚500真不难www.xxx.com</span></p>

<p><br />
<span style="font-size:16px">#、财富自由、无人值守、现在我已经实现了；你呢？ www.xxx.com</span></p>

<p><br />
<span style="font-size:16px">#、你做任何项目，不赚钱因为不会方法，一天全自动收入1000分享给你www.xxx.com</span></p>

<p><br />
<span style="font-size:16px">#、不是你没有赚钱的机会，而是你不会把握；现在机会轮到你了，抓不住就跑掉了。www.xxx.com</span></p>

<p><br />
<span style="font-size:16px">#、2014年，你再不赚钱就是不道德！你懂得，日赚多少你说了算：www.xxx.com</span></p>

<p><br />
<span style="font-size:16px">#、2014年【先机】互联网整合自动化赚钱。www.xxx.com 不是所有方法都叫自动化。</span></p>

<p><br />
<span style="font-size:16px">#、不做这个你就输了。我做了 就赚到了。www.xxx.com 非常时期，非常赚钱。</span></p>

<p><br />
<span style="font-size:16px">#、没有压力，没有苦逼！在这里赚钱非常轻松：www.xxx.com 本人亲测试；</span></p>

<p><br />
<span style="font-size:16px">#、数据库赚钱算啥？做不好也垃圾。看看这位牛人：www.xxx.com</span></p>

<p><br />
<span style="font-size:16px">#、力所能及赚点钱，比啥都好，今日干包收入800元。不来你就错过了，www.xxx.com</span></p>

<p><br />
<span style="font-size:16px">#、把数据库营销，做成垃圾库。效果达到10倍以上。赚钱只是一个数字。什么概念？www.xxx.com</span></p>

<p>&nbsp;</p>

<p><span style="font-size:22px"><span style="color:#ffffff"><strong><span style="background-color:#ff0000">注意 ：</span></strong></span></span></p>

<p><br />
<span style="font-size:16px">1、 www.xxx.com 替换成你的分销商链接。<br />
2、广告创意你可以自由发挥。有吸引力，标题不要太长。简短一点。突出特点。(内容最好不要带上&ldquo;网赚&rdquo;两词，这样效果不好，也容易屏蔽）<br />
3、你可以按照上面的广告词进行一个 &ldquo;搭配&rdquo;</span></p>
', title='如何推广，学习精品课程' where id=9
23:57:31 use a0122145834;
23:57:31 set names utf8;
23:57:31 select * from configs
23:57:31 select * from admins where id=1
23:57:31 select * from articles where id=9
23:57:36 use a0122145834;
23:57:36 set names utf8;
23:57:36 select * from configs
23:57:36 select * from users where id=38
23:57:36 select count(id) from users where spreader_id='38'
23:57:36 select * from images
23:57:36 select type_id from articles where id='9'
23:57:36 select * from articles where id='9'
23:58:18 use a0122145834;
23:58:18 set names utf8;
23:58:18 select * from configs
23:58:18 select * from admins where id=1
23:58:18 update articles set type_id=0, content='<p><span style="color:#ffffff"><span style="font-size:22px"><strong><span style="background-color:#0033ff">下面是广告语、广告词</span></strong></span></span></p>

<p>&nbsp;</p>

<p><span style="font-size:16px">#、2014年推出月入十万系列课程，马上领取 www.xxx.com</span></p>

<p><br />
<span style="font-size:16px">#、全球首发《久恒自动化营销系统》 www.xxx.com</span></p>

<p><br />
<span style="font-size:16px">#、90%打工小伙伴们一生都不可能知道的秘密 www.xxx.com</span></p>

<p><br />
<span style="font-size:16px">#、今天发现一个不错的项目，分享给大家www.xxx.com</span></p>

<p><br />
<span style="font-size:16px">#、小马哥教你做网商！日赚500真不难www.xxx.com</span></p>

<p><br />
<span style="font-size:16px">#、财富自由、无人值守、现在我已经实现了；你呢？ www.xxx.com</span></p>

<p><br />
<span style="font-size:16px">#、你做任何项目，不赚钱因为不会方法，一天全自动收入1000分享给你www.xxx.com</span></p>

<p><br />
<span style="font-size:16px">#、不是你没有赚钱的机会，而是你不会把握；现在机会轮到你了，抓不住就跑掉了。www.xxx.com</span></p>

<p><br />
<span style="font-size:16px">#、2014年，你再不赚钱就是不道德！你懂得，日赚多少你说了算：www.xxx.com</span></p>

<p><br />
<span style="font-size:16px">#、2014年【先机】互联网整合自动化赚钱。www.xxx.com 不是所有方法都叫自动化。</span></p>

<p><br />
<span style="font-size:16px">#、不做这个你就输了。我做了 就赚到了。www.xxx.com 非常时期，非常赚钱。</span></p>

<p><br />
<span style="font-size:16px">#、没有压力，没有苦逼！在这里赚钱非常轻松：www.xxx.com 本人亲测试；</span></p>

<p><br />
<span style="font-size:16px">#、数据库赚钱算啥？做不好也垃圾。看看这位牛人：www.xxx.com</span></p>

<p><br />
<span style="font-size:16px">#、力所能及赚点钱，比啥都好，今日干包收入800元。不来你就错过了，www.xxx.com</span></p>

<p><br />
<span style="font-size:16px">#、把数据库营销，做成垃圾库。效果达到10倍以上。赚钱只是一个数字。什么概念？www.xxx.com</span></p>

<p>&nbsp;</p>

<p><span style="font-size:22px"><span style="color:#ffffff"><strong><span style="background-color:#ff0000">注意 ：</span></strong></span></span></p>

<p><br />
<span style="font-size:16px">1、 www.xxx.com 替换成你的分销商链接。<br />
2、广告创意你可以自由发挥。有吸引力，标题不要太长。简短一点。突出特点。</span></p>

<p><span style="font-size:16px">(<span style="color:#ff0000">内容最好不要带上&ldquo;网赚&rdquo;两词，这样效果不好，也容易屏蔽</span>）<br />
3、你可以按照上面的广告词进行一个 &ldquo;搭配&rdquo;</span></p>
', title='如何推广，学习精品课程' where id=9
23:58:22 use a0122145834;
23:58:22 set names utf8;
23:58:22 select * from configs
23:58:22 select * from admins where id=1
23:58:22 select * from articles where id=9
23:58:22 use a0122145834;
23:58:22 set names utf8;
23:58:22 select * from configs
23:58:22 select * from users where id=38
23:58:22 select count(id) from users where spreader_id='38'
23:58:22 select * from images
23:58:22 select type_id from articles where id='9'
23:58:22 select * from articles where id='9'
23:58:54 use a0122145834;
23:58:54 set names utf8;
23:58:54 select * from configs
23:58:54 select * from admins where id=1
23:58:54 select count(o.id) from articles as o left join article_type as u on u.id=o.type_id 
23:58:54 select o.id,o.title,o.add_time,u.type_name from articles as o left join article_type as u on u.id=o.type_id  limit 0,20
23:59:16 use a0122145834;
23:59:16 set names utf8;
23:59:16 select * from configs
23:59:16 select * from admins where id=1
23:59:16 select * from articles where id=9
