00:13:08 use a0122145834;
00:13:08 set names utf8;
00:13:08 select * from configs
00:24:46 use a0122145834;
00:24:46 set names utf8;
00:24:46 select * from configs
01:18:54 use a0122145834;
01:18:54 set names utf8;
01:18:54 select * from configs
01:25:22 use a0122145834;
01:25:22 set names utf8;
01:25:22 select * from configs
01:25:25 use a0122145834;
01:25:25 set names utf8;
01:25:25 select * from configs
01:25:29 use a0122145834;
01:25:29 set names utf8;
01:25:29 select * from configs
01:29:31 use a0122145834;
01:29:31 set names utf8;
01:29:31 select * from configs
01:32:48 use a0122145834;
01:32:48 set names utf8;
01:32:48 select * from configs
01:44:21 use a0122145834;
01:44:21 set names utf8;
01:44:21 select * from configs
01:49:37 use a0122145834;
01:49:37 set names utf8;
01:49:37 select * from configs
01:54:18 use a0122145834;
01:54:18 set names utf8;
01:54:18 select * from configs
01:54:18 use a0122145834;
01:54:18 set names utf8;
01:54:18 select * from configs
01:55:35 use a0122145834;
01:55:35 set names utf8;
01:55:35 select * from configs
03:00:58 use a0122145834;
03:00:58 set names utf8;
03:00:58 select * from configs
03:18:44 use a0122145834;
03:18:44 set names utf8;
03:18:44 select * from configs
03:18:46 use a0122145834;
03:18:46 set names utf8;
03:18:46 select * from configs
03:58:55 use a0122145834;
03:58:56 set names utf8;
03:58:56 select * from configs
05:12:51 use a0122145834;
05:12:51 set names utf8;
05:12:51 select * from configs
06:07:52 use a0122145834;
06:07:52 set names utf8;
06:07:52 select * from configs
06:07:52 use a0122145834;
06:07:52 set names utf8;
06:07:52 select * from configs
06:07:52 use a0122145834;
06:07:52 set names utf8;
06:07:52 select * from configs
06:07:52 use a0122145834;
06:07:52 set names utf8;
06:07:52 select * from configs
06:18:30 use a0122145834;
06:18:30 set names utf8;
06:18:30 select * from configs
06:18:30 use a0122145834;
06:18:30 set names utf8;
06:18:30 select * from configs
06:18:32 use a0122145834;
06:18:32 set names utf8;
06:18:32 select * from configs
06:18:35 use a0122145834;
06:18:35 set names utf8;
06:18:35 select * from configs
08:13:41 use a0122145834;
08:13:41 set names utf8;
08:13:41 select * from configs
08:15:06 use a0122145834;
08:15:06 set names utf8;
08:15:06 select * from configs
09:16:28 use a0122145834;
09:16:28 set names utf8;
09:16:28 select * from configs
09:22:04 use a0122145834;
09:22:04 set names utf8;
09:22:04 select * from configs
09:28:00 use a0122145834;
09:28:00 set names utf8;
09:28:00 select * from configs
09:30:04 use a0122145834;
09:30:04 set names utf8;
09:30:04 select * from configs
09:45:43 use a0122145834;
09:45:43 set names utf8;
09:45:43 select * from configs
09:58:25 use a0122145834;
09:58:25 set names utf8;
09:58:25 select * from configs
10:34:02 use a0122145834;
10:34:02 set names utf8;
10:34:02 select * from configs
10:40:19 use a0122145834;
10:40:19 set names utf8;
10:40:19 select * from configs
11:15:40 use a0122145834;
11:15:40 set names utf8;
11:15:40 select * from configs
11:16:39 use a0122145834;
11:16:39 set names utf8;
11:16:39 select * from configs
11:54:32 use a0122145834;
11:54:32 set names utf8;
11:54:32 select * from configs
11:54:40 use a0122145834;
11:54:40 set names utf8;
11:54:40 select * from configs
11:54:46 use a0122145834;
11:54:46 set names utf8;
11:54:46 select * from configs
11:54:48 use a0122145834;
11:54:48 set names utf8;
11:54:48 select * from configs
11:54:49 use a0122145834;
11:54:49 set names utf8;
11:54:49 select * from configs
11:54:51 use a0122145834;
11:54:51 set names utf8;
11:54:51 select * from configs
11:54:54 use a0122145834;
11:54:54 set names utf8;
11:54:54 select * from configs
11:55:00 use a0122145834;
11:55:00 set names utf8;
11:55:00 select * from configs
11:55:01 use a0122145834;
11:55:01 set names utf8;
11:55:01 select * from configs
12:34:55 use a0122145834;
12:34:55 set names utf8;
12:34:55 select * from configs
12:34:55 use a0122145834;
12:34:55 set names utf8;
12:34:55 select * from configs
13:24:32 use a0122145834;
13:24:32 set names utf8;
13:24:32 select * from configs
13:24:52 use a0122145834;
13:24:52 set names utf8;
13:24:52 select * from configs
16:31:59 use a0122145834;
16:31:59 set names utf8;
16:31:59 select * from configs
17:16:53 use a0122145834;
17:16:53 set names utf8;
17:16:53 select * from configs
17:17:11 use a0122145834;
17:17:11 set names utf8;
17:17:11 select * from configs
17:45:52 use a0122145834;
17:45:52 set names utf8;
17:45:52 select * from configs
17:46:15 use a0122145834;
17:46:15 set names utf8;
17:46:15 select * from configs
17:46:46 use a0122145834;
17:46:46 set names utf8;
17:46:46 select * from configs
17:47:16 use a0122145834;
17:47:16 set names utf8;
17:47:16 select * from configs
17:47:56 use a0122145834;
17:47:56 set names utf8;
17:47:56 select * from configs
17:48:25 use a0122145834;
17:48:25 set names utf8;
17:48:25 select * from configs
17:49:06 use a0122145834;
17:49:06 set names utf8;
17:49:06 select * from configs
17:49:49 use a0122145834;
17:49:49 set names utf8;
17:49:49 select * from configs
17:50:26 use a0122145834;
17:50:26 set names utf8;
17:50:26 select * from configs
17:50:46 use a0122145834;
17:50:46 set names utf8;
17:50:46 select * from configs
17:51:18 use a0122145834;
17:51:18 set names utf8;
17:51:18 select * from configs
17:52:26 use a0122145834;
17:52:26 set names utf8;
17:52:26 select * from configs
17:52:57 use a0122145834;
17:52:57 set names utf8;
17:52:57 select * from configs
17:53:36 use a0122145834;
17:53:36 set names utf8;
17:53:36 select * from configs
17:54:10 use a0122145834;
17:54:10 set names utf8;
17:54:10 select * from configs
17:54:51 use a0122145834;
17:54:51 set names utf8;
17:54:51 select * from configs
17:55:32 use a0122145834;
17:55:32 set names utf8;
17:55:32 select * from configs
17:57:10 use a0122145834;
17:57:10 set names utf8;
17:57:10 select * from configs
17:57:44 use a0122145834;
17:57:44 set names utf8;
17:57:44 select * from configs
17:58:23 use a0122145834;
17:58:23 set names utf8;
17:58:23 select * from configs
17:59:03 use a0122145834;
17:59:03 set names utf8;
17:59:03 select * from configs
17:59:49 use a0122145834;
17:59:49 set names utf8;
17:59:49 select * from configs
18:01:48 use a0122145834;
18:01:48 set names utf8;
18:01:48 select * from configs
18:02:52 use a0122145834;
18:02:52 set names utf8;
18:02:52 select * from configs
18:03:32 use a0122145834;
18:03:32 set names utf8;
18:03:32 select * from configs
18:04:52 use a0122145834;
18:04:52 set names utf8;
18:04:52 select * from configs
18:06:28 use a0122145834;
18:06:28 set names utf8;
18:06:28 select * from configs
18:07:51 use a0122145834;
18:07:51 set names utf8;
18:07:51 select * from configs
18:08:53 use a0122145834;
18:08:53 set names utf8;
18:08:53 select * from configs
18:09:24 use a0122145834;
18:09:24 set names utf8;
18:09:24 select * from configs
18:10:04 use a0122145834;
18:10:04 set names utf8;
18:10:04 select * from configs
18:10:39 use a0122145834;
18:10:39 set names utf8;
18:10:39 select * from configs
18:11:17 use a0122145834;
18:11:17 set names utf8;
18:11:17 select * from configs
18:11:59 use a0122145834;
18:11:59 set names utf8;
18:11:59 select * from configs
18:12:45 use a0122145834;
18:12:45 set names utf8;
18:12:45 select * from configs
18:13:09 use a0122145834;
18:13:09 set names utf8;
18:13:09 select * from configs
18:13:46 use a0122145834;
18:13:46 set names utf8;
18:13:46 select * from configs
18:14:27 use a0122145834;
18:14:27 set names utf8;
18:14:27 select * from configs
18:15:05 use a0122145834;
18:15:05 set names utf8;
18:15:05 select * from configs
18:15:43 use a0122145834;
18:15:43 set names utf8;
18:15:43 select * from configs
18:34:16 use a0122145834;
18:34:16 set names utf8;
18:34:16 select * from configs
18:40:38 use a0122145834;
18:40:38 set names utf8;
18:40:38 select * from configs
18:42:41 use a0122145834;
18:42:41 set names utf8;
18:42:41 select * from configs
19:22:23 use a0122145834;
19:22:23 set names utf8;
19:22:23 select * from configs
20:09:33 use a0122145834;
20:10:06 use a0122145834;
20:11:11 use a0122145834;
20:11:41 use a0122145834;
20:11:56 use a0122145834;
20:12:12 use a0122145834;
20:12:28 use a0122145834;
20:12:30 use a0122145834;
20:12:39 use a0122145834;
20:12:40 use a0122145834;
20:12:49 use a0122145834;
20:14:48 use a0122145834;
20:14:59 use a0122145834;
20:15:24 use a0122145834;
20:16:37 use a0122145834;
20:16:47 use a0122145834;
20:17:13 use a0122145834;
20:18:07 use a0122145834;
20:25:22 use a0122145834;
20:25:43 use a0122145834;
20:26:36 use a0122145834;
20:26:50 use a0122145834;
20:26:50 use a0122145834;
20:27:08 use a0122145834;
20:27:51 use a0122145834;
20:29:53 use a0122145834;
20:32:45 use a0122145834;
20:33:05 use a0122145834;
20:33:27 use a0122145834;
20:34:46 use a0122145834;
20:34:51 use a0122145834;
20:40:42 use a0122145834;
20:44:01 use a0122145834;
20:44:01 set names utf8;
20:44:10 use a0122145834;
20:44:10 set names utf8;
20:46:31 use a0122145834;
20:46:31 set names utf8;
20:46:35 select * from configs
20:54:21 use a0122145834;
20:54:21 set names utf8;
20:54:21 select * from configs
20:54:28 use a0122145834;
20:54:28 set names utf8;
20:54:28 select * from configs
20:54:31 use a0122145834;
20:54:31 set names utf8;
20:54:31 select * from configs
20:54:32 use a0122145834;
20:54:32 set names utf8;
20:54:32 select * from configs
20:54:42 use a0122145834;
20:54:42 set names utf8;
20:54:42 select * from configs
20:54:43 use a0122145834;
20:54:43 set names utf8;
20:54:43 select * from configs
20:54:56 use a0122145834;
20:54:56 set names utf8;
20:54:56 select * from configs
20:54:56 select * from admins where user_name='admin' and user_word='21232f297a57a5a743894a0e4a801fc3'
20:54:56 use a0122145834;
20:54:56 set names utf8;
20:54:56 select * from configs
20:54:56 select * from admins where id=1
20:55:16 use a0122145834;
20:55:16 set names utf8;
20:55:16 select * from configs
20:55:16 select * from admins where id=1
20:55:16 use a0122145834;
20:55:16 set names utf8;
20:55:16 select * from configs
20:55:16 select * from admins where id=1
20:55:16 select count(id) from users
20:55:16 select * from users limit 0,20
20:55:21 use a0122145834;
20:55:21 set names utf8;
20:55:21 select * from configs
20:55:21 select * from admins where id=1
20:55:21 use a0122145834;
20:55:21 set names utf8;
20:55:21 select * from configs
20:55:21 select * from admins where id=1
20:55:21 select count(id) from goods
20:55:21 select * from goods limit 0,20
20:55:27 use a0122145834;
20:55:27 set names utf8;
20:55:27 select * from configs
20:55:27 select * from admins where id=1
20:55:27 use a0122145834;
20:55:27 set names utf8;
20:55:27 select * from configs
20:55:27 select * from admins where id=1
20:55:27 select count(id) from users
20:55:27 select * from users limit 0,20
20:55:32 use a0122145834;
20:55:32 set names utf8;
20:55:32 select * from configs
20:55:32 select * from admins where id=1
20:55:32 select count(v.id) from vipmsg as v left join users as u on u.id=v.user_id 
20:55:32 select u.id as username,v.id,v.user_msg,v.recove,v.add_time,v.can_see,u.nick_name,u.vip_level from vipmsg as v left join users as u on u.id=v.user_id  limit 0,20
20:55:34 use a0122145834;
20:55:34 set names utf8;
20:55:34 select * from configs
20:55:34 select * from admins where id=1
20:55:34 select * from images
20:55:36 use a0122145834;
20:55:36 set names utf8;
20:55:36 select * from configs
20:55:36 select * from admins where id=1
20:55:36 select count(i.id) from expense as i left join users as u on i.user_id=u.id
20:55:36 select i.id,i.expense_money,i.order_sn,i.add_time,i.expense_status,u.user_name,u.nick_name,u.spreader_id,u.vip_level,u.pay_name,u.pay_email from expense as i left join users as u on i.user_id=u.id limit 0,20
20:55:40 use a0122145834;
20:55:40 set names utf8;
20:55:40 select * from configs
20:55:40 select * from admins where id=1
20:55:40 select * from images
20:56:42 use a0122145834;
20:56:42 set names utf8;
20:56:42 select * from configs
21:00:37 use a0122145834;
21:00:37 set names utf8;
21:00:37 select * from configs
21:07:44 use a0122145834;
21:07:44 set names utf8;
21:07:44 select * from configs
21:45:26 use a0122145834;
21:45:26 set names utf8;
21:45:26 select * from configs
21:46:21 use a0122145834;
21:46:21 set names utf8;
21:46:21 select * from configs
21:46:24 use a0122145834;
21:46:24 set names utf8;
21:46:24 select * from configs
21:46:25 use a0122145834;
21:46:25 set names utf8;
21:46:25 select * from configs
21:46:28 use a0122145834;
21:46:28 set names utf8;
21:46:28 select * from configs
21:46:30 use a0122145834;
21:46:30 set names utf8;
21:46:30 select * from configs
21:46:32 use a0122145834;
21:46:32 set names utf8;
21:46:32 select * from configs
21:46:32 use a0122145834;
21:46:32 set names utf8;
21:46:32 select * from configs
21:46:35 use a0122145834;
21:46:35 set names utf8;
21:46:35 select * from configs
21:46:49 use a0122145834;
21:46:49 set names utf8;
21:46:49 select * from configs
21:46:51 use a0122145834;
21:46:51 set names utf8;
21:46:51 select * from configs
21:47:21 use a0122145834;
21:47:21 set names utf8;
21:47:21 select * from configs
21:58:00 use a0122145834;
21:58:00 set names utf8;
21:58:00 select * from configs
22:04:26 use a0122145834;
22:04:26 set names utf8;
22:04:26 select * from configs
22:07:29 use a0122145834;
22:07:29 set names utf8;
22:07:29 select * from configs
22:45:21 use a0122145834;
22:45:21 set names utf8;
22:45:21 select * from configs
22:45:21 use a0122145834;
22:45:21 set names utf8;
22:45:21 select * from configs
22:54:37 use a0122145834;
22:54:37 set names utf8;
22:54:37 select * from configs
22:55:17 use a0122145834;
22:55:17 set names utf8;
22:55:17 select * from configs
23:35:55 use a0122145834;
23:35:55 set names utf8;
23:35:55 select * from configs
