14:12:12 use a0122145834;
14:12:12 set names utf8;
14:12:12 select * from configs
14:12:12 select * from admins where id=1
14:12:12 select * from users where id=28
14:12:37 use a0122145834;
14:12:37 set names utf8;
14:12:37 select * from configs
14:12:37 select * from admins where id=1
14:12:37 use a0122145834;
14:12:37 set names utf8;
14:12:37 select * from configs
14:12:37 select * from admins where id=1
14:12:37 select count(id) from users
14:12:37 select * from users limit 0,20
14:12:45 use a0122145834;
14:12:45 set names utf8;
14:12:45 select * from configs
14:12:45 select * from users where id=28
14:12:45 select count(id) from users where spreader_id='28'
14:12:45 select * from images
14:12:45 select * from goods where need_top=1 and need_hidden=0 order by id desc limit 0,5
14:12:45 select count(id) from goods where need_top=0 and need_hidden=0 order by id desc
14:12:45 select * from goods where need_top=0 and need_hidden=0 order by id desc limit 0,5
14:12:46 use a0122145834;
14:12:46 set names utf8;
14:12:46 select * from configs
14:12:46 select * from users where id=28
14:12:46 select * from goods where need_hidden=0 and id=8
14:12:46 select * from orders where user_id=28 and goods_id=8 
14:12:49 use a0122145834;
14:12:49 set names utf8;
14:12:49 select * from configs
14:12:49 select * from users where id=28
14:12:49 select * from goods where id=8
14:12:49 update users set money=money-100 where id=28
14:12:49 insert into orders (goods_id,user_id,pay_type,order_sn,order_type,add_time) values ('8','28','1','139054396956356','1','1390543969') ;
14:12:49 select * from users where id=15
14:12:49 update users set credits=credits+5 where id=15
14:12:50 use a0122145834;
14:12:50 set names utf8;
14:12:50 select * from configs
14:12:50 select * from users where id=28
14:12:50 select * from goods where need_hidden=0 and id=8
14:12:50 select * from orders where user_id=28 and goods_id=8 
14:12:53 use a0122145834;
14:12:53 set names utf8;
14:12:53 select * from configs
14:12:53 select * from admins where id=1
14:12:53 select count(id) from users
14:12:53 select * from users limit 0,20
14:13:01 use a0122145834;
14:13:01 set names utf8;
14:13:01 select * from configs
14:13:01 select * from users where id=28
14:13:01 select * from goods where id=8
14:13:01 update users set credits=credits-100 where id=28
14:13:01 insert into orders (goods_id,user_id,pay_type,order_sn,order_type,add_time) values ('8','28','1','139054398113378','0','1390543981') ;
14:13:03 use a0122145834;
14:13:03 set names utf8;
14:13:03 select * from configs
14:13:03 select * from users where id=28
14:13:03 select * from goods where need_hidden=0 and id=8
14:13:03 select * from orders where user_id=28 and goods_id=8 
14:13:04 use a0122145834;
14:13:04 set names utf8;
14:13:04 select * from configs
14:13:04 select * from admins where id=1
14:13:04 select count(id) from users
14:13:04 select * from users limit 0,20
14:13:08 use a0122145834;
14:13:08 set names utf8;
14:13:08 select * from configs
14:13:08 select * from users where id=28
14:13:08 select * from goods where id=8
14:13:08 update users set money=money-100 where id=28
14:13:08 insert into orders (goods_id,user_id,pay_type,order_sn,order_type,add_time) values ('8','28','1','139054398884674','1','1390543988') ;
14:13:08 select * from users where id=15
14:13:08 update users set credits=credits+5 where id=15
14:13:09 use a0122145834;
14:13:09 set names utf8;
14:13:09 select * from configs
14:13:09 select * from users where id=28
14:13:09 select * from goods where need_hidden=0 and id=8
14:13:09 select * from orders where user_id=28 and goods_id=8 
14:13:11 use a0122145834;
14:13:11 set names utf8;
14:13:11 select * from configs
14:13:11 select * from admins where id=1
14:13:11 select count(id) from users
14:13:11 select * from users limit 0,20
14:13:23 use a0122145834;
14:13:23 set names utf8;
14:13:23 select * from configs
14:13:23 select * from admins where id=1
14:13:23 select * from users where id=28
14:13:28 use a0122145834;
14:13:28 set names utf8;
14:13:28 select * from configs
14:13:28 select * from admins where id=1
14:13:28 update users set user_name='333333',nick_name='求昵称',credits='1011',money='10911',pay_email='',pay_name='',address='',vip_level='2' where id=28 
14:13:29 use a0122145834;
14:13:29 set names utf8;
14:13:29 select * from configs
14:13:29 select * from admins where id=1
14:13:29 select * from users where id=28
14:13:31 use a0122145834;
14:13:31 set names utf8;
14:13:31 select * from configs
14:13:31 select * from admins where id=1
14:13:31 use a0122145834;
14:13:31 set names utf8;
14:13:31 select * from configs
14:13:31 select * from admins where id=1
14:13:31 select count(id) from users
14:13:31 select * from users limit 0,20
14:13:36 use a0122145834;
14:13:36 set names utf8;
14:13:36 select * from configs
14:13:36 select * from admins where id=1
14:13:36 select count(id) from users
14:13:36 select * from users limit 0,20
14:13:36 use a0122145834;
14:13:36 set names utf8;
14:13:36 select * from configs
14:13:36 select * from admins where id=1
14:13:36 select count(id) from users
14:13:36 select * from users limit 0,20
14:13:39 use a0122145834;
14:13:39 set names utf8;
14:13:39 select * from configs
14:13:39 select * from admins where id=1
14:13:39 select count(id) from users
14:13:39 select * from users limit 0,20
14:13:41 use a0122145834;
14:13:41 set names utf8;
14:13:41 select * from configs
14:13:41 select * from admins where id=1
14:13:41 select * from users where id=28
14:13:46 use a0122145834;
14:13:46 set names utf8;
14:13:46 select * from configs
14:13:46 select * from admins where id=1
14:13:46 update users set user_name='333333',nick_name='求昵称',credits='1011',money='10911',pay_email='',pay_name='',address='',vip_level='1' where id=28 
14:13:47 use a0122145834;
14:13:47 set names utf8;
14:13:47 select * from configs
14:13:47 select * from admins where id=1
14:13:47 select * from users where id=28
14:13:50 use a0122145834;
14:13:50 set names utf8;
14:13:50 select * from configs
14:13:50 select * from admins where id=1
14:13:50 use a0122145834;
14:13:50 set names utf8;
14:13:50 select * from configs
14:13:50 select * from admins where id=1
14:13:50 select count(id) from users
14:13:50 select * from users limit 0,20
14:13:53 use a0122145834;
14:13:53 set names utf8;
14:13:53 select * from configs
14:13:53 select * from users where id=28
14:13:53 select * from goods where id=8
14:13:53 update users set money=money-100 where id=28
14:13:53 insert into orders (goods_id,user_id,pay_type,order_sn,order_type,add_time) values ('8','28','1','139054403345974','1','1390544033') ;
14:13:53 select * from users where id=15
14:13:53 update users set credits=credits+5 where id=15
14:13:54 use a0122145834;
14:13:54 set names utf8;
14:13:54 select * from configs
14:13:54 select * from users where id=28
14:13:54 select * from goods where need_hidden=0 and id=8
14:13:54 select * from orders where user_id=28 and goods_id=8 
14:13:55 use a0122145834;
14:13:55 set names utf8;
14:13:55 select * from configs
14:13:55 select * from admins where id=1
14:13:55 select count(id) from users
14:13:55 select * from users limit 0,20
14:14:01 use a0122145834;
14:14:01 set names utf8;
14:14:01 select * from configs
14:14:01 select * from users where id=28
14:14:01 update users set money=money-1000,credits=credits+10,spreader_rate=0.5,vip_level=2 where id=28
14:14:01 select * from users where id='15'
14:14:01 
14:14:07 use a0122145834;
14:14:07 set names utf8;
14:14:07 select * from configs
14:14:07 select * from users where id=28
14:14:08 use a0122145834;
14:14:09 set names utf8;
14:14:09 select * from configs
14:14:09 select * from users where id=28
14:14:09 select count(id) from users where spreader_id='28'
14:14:09 select * from images
14:14:09 select * from goods where need_top=1 and need_hidden=0 order by id desc limit 0,5
14:14:09 select count(id) from goods where need_top=0 and need_hidden=0 order by id desc
14:14:09 select * from goods where need_top=0 and need_hidden=0 order by id desc limit 0,5
14:14:12 use a0122145834;
14:14:12 set names utf8;
14:14:12 select * from configs
14:14:12 select * from admins where id=1
14:14:12 select count(id) from users
14:14:12 select * from users limit 0,20
14:14:34 use a0122145834;
14:14:34 set names utf8;
14:14:34 select * from configs
14:14:34 select * from users where id=28
14:14:34 select * from goods where need_hidden=0 and id=8
14:14:34 select * from orders where user_id=28 and goods_id=8 
14:14:37 use a0122145834;
14:14:37 set names utf8;
14:14:37 select * from configs
14:14:37 select * from users where id=28
14:14:37 select * from goods where id=8
14:14:37 update users set money=money-100 where id=28
14:14:37 insert into orders (goods_id,user_id,pay_type,order_sn,order_type,add_time) values ('8','28','1','139054407772357','1','1390544077') ;
14:14:37 select * from users where id=15
14:14:37 update users set credits=credits+5 where id=15
14:14:39 use a0122145834;
14:14:39 set names utf8;
14:14:39 select * from configs
14:14:39 select * from users where id=28
14:14:39 select * from goods where need_hidden=0 and id=8
14:14:39 select * from orders where user_id=28 and goods_id=8 
14:14:46 use a0122145834;
14:14:46 set names utf8;
14:14:46 select * from configs
14:14:46 select * from users where id=28
14:14:46 select * from goods where need_hidden=0 and id=8
14:14:46 select * from orders where user_id=28 and goods_id=8 
14:14:50 use a0122145834;
14:14:50 set names utf8;
14:14:50 select * from configs
14:14:50 select * from admins where id=1
14:14:50 select count(id) from users
14:14:50 select * from users limit 0,20
14:15:04 use a0122145834;
14:15:04 set names utf8;
14:15:04 select * from configs
14:15:04 select * from admins where id=1
14:15:05 select * from users where id=28
14:15:10 use a0122145834;
14:15:10 set names utf8;
14:15:10 select * from configs
14:15:10 select * from admins where id=1
14:15:10 update users set user_name='333333',nick_name='求昵称',credits='1021',money='9711',pay_email='',pay_name='',address='',vip_level='0',spreader_rate='0.5' where id=28 
14:15:11 use a0122145834;
14:15:11 set names utf8;
14:15:11 select * from configs
14:15:11 select * from admins where id=1
14:15:11 select * from users where id=28
14:15:13 use a0122145834;
14:15:13 set names utf8;
14:15:13 select * from configs
14:15:13 select * from admins where id=1
14:15:14 use a0122145834;
14:15:14 set names utf8;
14:15:14 select * from configs
14:15:14 select * from admins where id=1
14:15:14 select count(id) from users
14:15:14 select * from users limit 0,20
14:15:17 use a0122145834;
14:15:17 set names utf8;
14:15:17 select * from configs
14:15:17 select * from admins where id=1
14:15:17 select * from users where id=15
14:15:20 use a0122145834;
14:15:20 set names utf8;
14:15:20 select * from configs
14:15:20 select * from admins where id=1
14:15:20 update users set user_name='77812886',nick_name='求昵称',credits='20',money='0',pay_email='',pay_name='',address='',vip_level='1',spreader_rate='0.4' where id=15 
14:15:22 use a0122145834;
14:15:22 set names utf8;
14:15:22 select * from configs
14:15:22 select * from admins where id=1
14:15:22 select * from users where id=15
14:15:33 use a0122145834;
14:15:33 set names utf8;
14:15:33 select * from configs
14:15:33 select * from users where id=28
14:15:33 select * from goods where need_hidden=0 and id=8
14:15:33 select * from orders where user_id=28 and goods_id=8 
14:15:35 use a0122145834;
14:15:35 set names utf8;
14:15:35 select * from configs
14:15:35 select * from users where id=28
14:15:35 select * from goods where id=8
14:15:35 update users set money=money-100 where id=28
14:15:35 insert into orders (goods_id,user_id,pay_type,order_sn,order_type,add_time) values ('8','28','1','139054413552731','1','1390544135') ;
14:15:35 select * from users where id=15
14:15:35 update users set money=money+40 where id=15
14:15:37 use a0122145834;
14:15:37 set names utf8;
14:15:37 select * from configs
14:15:37 select * from users where id=28
14:15:37 select * from goods where need_hidden=0 and id=8
14:15:37 select * from orders where user_id=28 and goods_id=8 
14:15:40 use a0122145834;
14:15:40 set names utf8;
14:15:40 select * from configs
14:15:40 select * from admins where id=1
14:15:40 use a0122145834;
14:15:40 set names utf8;
14:15:40 select * from configs
14:15:40 select * from admins where id=1
14:15:40 select count(id) from users
14:15:40 select * from users limit 0,20
14:15:44 use a0122145834;
14:15:44 set names utf8;
14:15:44 select * from configs
14:15:44 select * from users where id=28
14:15:44 update users set money=money-1000,credits=credits+10,spreader_rate=0.5,vip_level=2 where id=28
14:15:44 select * from users where id='15'
14:15:44 update users set money=money+400 where id='15'
14:15:45 use a0122145834;
14:15:45 set names utf8;
14:15:45 select * from configs
14:15:45 select * from users where id=28
14:15:45 select count(id) from users where spreader_id='28'
14:15:45 select * from images
14:15:45 select * from goods where need_top=1 and need_hidden=0 order by id desc limit 0,5
14:15:45 select count(id) from goods where need_top=0 and need_hidden=0 order by id desc
14:15:45 select * from goods where need_top=0 and need_hidden=0 order by id desc limit 0,5
14:15:48 use a0122145834;
14:15:48 set names utf8;
14:15:48 select * from configs
14:15:48 select * from admins where id=1
14:15:48 select count(id) from users
14:15:48 select * from users limit 0,20
14:15:56 use a0122145834;
14:15:56 set names utf8;
14:15:56 select * from configs
14:15:56 select * from admins where id=1
14:15:57 select * from users where id=15
14:15:57 use a0122145834;
14:15:57 set names utf8;
14:15:57 select * from configs
14:15:57 select * from admins where id=1
14:15:57 select * from users where id=15
14:16:01 use a0122145834;
14:16:01 set names utf8;
14:16:01 select * from configs
14:16:01 select * from admins where id=1
14:16:01 update users set user_name='77812886',nick_name='求昵称',credits='20',money='440',pay_email='',pay_name='',address='',vip_level='0',spreader_rate='0.4' where id=15 
14:16:03 use a0122145834;
14:16:03 set names utf8;
14:16:03 select * from configs
14:16:03 select * from admins where id=1
14:16:03 select * from users where id=15
14:16:06 use a0122145834;
14:16:06 set names utf8;
14:16:06 select * from configs
14:16:06 select * from users where id=28
14:16:06 select * from goods where need_hidden=0 and id=8
14:16:07 select * from orders where user_id=28 and goods_id=8 
14:16:08 use a0122145834;
14:16:08 set names utf8;
14:16:08 select * from configs
14:16:08 select * from users where id=28
14:16:08 select * from goods where id=8
14:16:08 update users set money=money-100 where id=28
14:16:08 insert into orders (goods_id,user_id,pay_type,order_sn,order_type,add_time) values ('8','28','1','139054416865580','1','1390544168') ;
14:16:08 select * from users where id=15
14:16:08 update users set credits=credits+5 where id=15
14:16:09 use a0122145834;
14:16:09 set names utf8;
14:16:09 select * from configs
14:16:09 select * from users where id=28
14:16:09 select * from goods where need_hidden=0 and id=8
14:16:09 select * from orders where user_id=28 and goods_id=8 
14:16:12 use a0122145834;
14:16:12 set names utf8;
14:16:12 select * from configs
14:16:12 select * from admins where id=1
14:16:15 use a0122145834;
14:16:15 set names utf8;
14:16:15 select * from configs
14:16:25 select * from admins where id=1
14:16:25 select count(id) from users
14:16:25 select * from users limit 0,20
14:16:25 use a0122145834;
14:16:25 set names utf8;
14:16:25 select * from configs
14:16:25 select * from admins where id=1
14:16:25 use a0122145834;
14:16:25 set names utf8;
14:16:25 select * from configs
14:16:25 select * from admins where id=1
14:16:25 select count(id) from users
14:16:25 select * from users limit 0,20
14:16:29 use a0122145834;
14:16:29 set names utf8;
14:16:29 select * from configs
14:16:29 select * from admins where id=1
14:16:29 select * from users where id=15
14:16:33 use a0122145834;
14:16:33 set names utf8;
14:16:33 select * from configs
14:16:33 select * from admins where id=1
14:16:33 update users set user_name='77812886',nick_name='求昵称',credits='25',money='440',pay_email='',pay_name='',address='',vip_level='2',spreader_rate='0.4' where id=15 
14:16:34 use a0122145834;
14:16:34 set names utf8;
14:16:34 select * from configs
14:16:34 select * from admins where id=1
14:16:34 select * from users where id=15
14:16:37 use a0122145834;
14:16:37 set names utf8;
14:16:37 select * from configs
14:16:37 select * from admins where id=1
14:16:37 use a0122145834;
14:16:37 set names utf8;
14:16:37 select * from configs
14:16:37 select * from admins where id=1
14:16:37 select count(id) from users
14:16:37 select * from users limit 0,20
14:16:40 use a0122145834;
14:16:40 set names utf8;
14:16:40 select * from configs
14:16:40 select * from admins where id=1
14:16:40 select * from users where id=28
14:16:44 use a0122145834;
14:16:44 set names utf8;
14:16:44 select * from configs
14:16:44 select * from admins where id=1
14:16:44 update users set user_name='333333',nick_name='求昵称',credits='1031',money='8511',pay_email='',pay_name='',address='',vip_level='1',spreader_rate='0.5' where id=28 
14:16:46 use a0122145834;
14:16:46 set names utf8;
14:16:46 select * from configs
14:16:46 select * from admins where id=1
14:16:46 select * from users where id=28
14:16:56 use a0122145834;
14:16:56 set names utf8;
14:16:56 select * from configs
14:16:56 select * from users where id=28
14:16:56 select * from goods where need_hidden=0 and id=8
14:16:56 select * from orders where user_id=28 and goods_id=8 
14:16:58 use a0122145834;
14:16:58 set names utf8;
14:16:58 select * from configs
14:16:58 select * from users where id=28
14:16:58 update users set money=money-1000,credits=credits+10,spreader_rate=0.5,vip_level=2 where id=28
14:16:58 select * from users where id='15'
14:16:58 update users set money=money+400 where id='15'
14:16:59 use a0122145834;
14:16:59 set names utf8;
14:16:59 select * from configs
14:16:59 select * from users where id=28
14:16:59 select count(id) from users where spreader_id='28'
14:16:59 select * from images
14:16:59 select * from goods where need_top=1 and need_hidden=0 order by id desc limit 0,5
14:16:59 select count(id) from goods where need_top=0 and need_hidden=0 order by id desc
14:16:59 select * from goods where need_top=0 and need_hidden=0 order by id desc limit 0,5
14:17:03 use a0122145834;
14:17:03 set names utf8;
14:17:03 select * from configs
14:17:03 select * from admins where id=1
14:17:03 use a0122145834;
14:17:03 set names utf8;
14:17:03 select * from configs
14:17:03 select * from admins where id=1
14:17:03 select count(id) from users
14:17:03 select * from users limit 0,20
14:17:11 use a0122145834;
14:17:11 set names utf8;
14:17:11 select * from configs
14:17:11 select * from admins where id=1
14:17:11 select * from users where id=28
14:17:16 use a0122145834;
14:17:16 set names utf8;
14:17:16 select * from configs
14:17:16 select * from admins where id=1
14:17:16 update users set user_name='333333',nick_name='求昵称',credits='1041',money='7511',pay_email='',pay_name='',address='',vip_level='0',spreader_rate='0.5' where id=28 
14:17:17 use a0122145834;
14:17:17 set names utf8;
14:17:17 select * from configs
14:17:17 select * from admins where id=1
14:17:17 select * from users where id=28
14:17:24 use a0122145834;
14:17:24 set names utf8;
14:17:24 select * from configs
14:17:24 select * from users where id=28
14:17:24 select count(id) from users where spreader_id='28'
14:17:24 select * from images
14:17:24 select * from article_type
14:17:24 select count(id) from articles order by add_time desc
14:17:24 select * from articles order by add_time desc limit 0,5
14:17:31 use a0122145834;
14:17:31 set names utf8;
14:17:31 select * from configs
14:17:31 select * from admins where id=1
14:17:31 select * from users where id=28
14:17:34 use a0122145834;
14:17:34 set names utf8;
14:17:34 select * from configs
14:17:34 select * from admins where id=1
14:17:35 select * from users where id=28
14:17:37 use a0122145834;
14:17:37 set names utf8;
14:17:37 select * from configs
14:17:37 select * from admins where id=1
14:17:37 update users set user_name='333333',nick_name='求昵称',credits='1041',money='7511',pay_email='',pay_name='',address='',vip_level='0',spreader_rate='0.5' where id=28 
14:17:41 use a0122145834;
14:17:41 set names utf8;
14:17:41 select * from configs
14:17:41 select * from admins where id=1
14:17:41 use a0122145834;
14:17:41 set names utf8;
14:17:41 select * from configs
14:17:41 select * from admins where id=1
14:17:41 select count(id) from users
14:17:41 select * from users limit 0,20
14:17:43 use a0122145834;
14:17:43 set names utf8;
14:17:43 select * from configs
14:17:43 select * from users where id=28
14:17:43 select count(id) from users where spreader_id='28'
14:17:43 select * from images
14:17:43 select * from article_type
14:17:43 select count(id) from articles order by add_time desc
14:17:43 select * from articles order by add_time desc limit 0,5
14:17:44 use a0122145834;
14:17:44 set names utf8;
14:17:44 select * from configs
14:17:45 select * from users where id=28
14:17:45 update users set money=money-1000,credits=credits+10,spreader_rate=0.5,vip_level=2 where id=28
14:17:45 select * from users where id='15'
14:17:45 update users set money=money+400 where id='15'
14:17:47 use a0122145834;
14:17:47 set names utf8;
14:17:47 select * from configs
14:17:47 select * from users where id=28
14:17:47 select count(id) from users where spreader_id='28'
14:17:47 select * from images
14:17:47 select * from goods where need_top=1 and need_hidden=0 order by id desc limit 0,5
14:17:47 select count(id) from goods where need_top=0 and need_hidden=0 order by id desc
14:17:47 select * from goods where need_top=0 and need_hidden=0 order by id desc limit 0,5
14:17:53 use a0122145834;
14:17:53 set names utf8;
14:17:53 select * from configs
14:17:53 select * from admins where id=1
14:17:53 select count(id) from users
14:17:53 select * from users limit 0,20
14:18:03 use a0122145834;
14:18:03 set names utf8;
14:18:03 select * from configs
14:18:03 select * from admins where id=1
14:18:03 use a0122145834;
14:18:03 set names utf8;
14:18:03 select * from configs
14:18:03 select * from admins where id=1
14:18:03 select count(id) from goods
14:18:03 select * from goods limit 0,20
14:18:06 use a0122145834;
14:18:06 set names utf8;
14:18:06 select * from configs
14:18:06 select * from admins where id=1
14:18:25 use a0122145834;
14:18:25 set names utf8;
14:18:25 select * from configs
14:18:25 select * from admins where id=1
14:18:25 truncate configs
14:18:25 Insert into configs (cf_name,cf_value) values ('keywords','久恒欢迎您'),('description','qqq'),('default_template','default'),('domain','http://10nai.com'),('title','会员您好!'),('copyright','欢迎您'),('spreader_string','qqqq'),('pay_type','1'),('is_sales','1'),('pay_name','a支付宝(账号)'),('pay_key','支付宝(key)	'),('pay_id','支付宝(pid)	'),('services_qq','998877'),('services_tel','111111111111'),('spreader_cridits','10'),('spreader_rate','0.3'),('goods_view_num','5'),('page_view_num','20'),('vip_money','1000'),('vip_credits','10'),('vip_spreader','0.5'),('vip_is_open','1'),('spreader_mode','1'),('spreader_add','5'),('vip_msg','7d12d38cb34b51d560e3a9b31a680b07cba4ddc3444b1e41'),('email_code','7d12d38cb34b51d560e3a9b31a680b07cba4ddc3444b1e41'),('services_qq_array','Array'),('login_credits','1')
14:18:27 use a0122145834;
14:18:27 set names utf8;
14:18:27 select * from configs
14:18:27 select * from admins where id=1
14:18:34 use a0122145834;
14:18:34 set names utf8;
14:18:34 select * from configs
14:18:34 select * from admins where id=1
14:18:43 use a0122145834;
14:18:43 set names utf8;
14:18:43 select * from configs
14:18:43 select * from admins where id=1
14:18:43 select count(id) from users
14:18:43 select * from users limit 0,20
14:19:23 use a0122145834;
14:19:23 set names utf8;
14:19:23 select * from configs
14:19:23 select * from admins where id=1
14:19:23 select count(i.id) from income as i left join users as u on i.user_id=u.id
14:19:23 select i.id,i.income_money,i.order_sn,i.add_time,i.pay_status,u.user_name,u.nick_name,u.spreader_id,u.vip_level from income as i left join users as u on i.user_id=u.id limit 0,20
14:19:27 use a0122145834;
14:19:27 set names utf8;
14:19:27 select * from configs
14:19:27 select * from admins where id=1
14:19:27 select count(i.id) from expense as i left join users as u on i.user_id=u.id
14:19:27 select i.id,i.expense_money,i.order_sn,i.add_time,i.expense_status,u.user_name,u.nick_name,u.spreader_id,u.vip_level,u.pay_name,u.pay_email from expense as i left join users as u on i.user_id=u.id limit 0,20
14:19:58 use a0122145834;
14:19:58 set names utf8;
14:19:58 select * from configs
14:19:58 select * from admins where id=1
14:19:58 use a0122145834;
14:19:58 set names utf8;
14:19:58 select * from configs
14:19:58 select * from admins where id=1
14:19:58 select count(id) from users
14:19:58 select * from users limit 0,20
14:20:17 use a0122145834;
14:20:17 set names utf8;
14:20:17 select * from configs
14:20:17 select * from users where id=28
14:20:17 select count(id) from users where spreader_id='28'
14:20:17 select * from images
14:20:17 use a0122145834;
14:20:17 set names utf8;
14:20:17 select * from configs
14:20:19 use a0122145834;
14:20:19 set names utf8;
14:20:19 select * from configs
14:20:19 use a0122145834;
14:20:19 set names utf8;
14:20:19 select * from configs
14:20:24 use a0122145834;
14:20:24 set names utf8;
14:20:24 select * from configs
14:20:24 select * from users where user_name='333333' and user_word='e3ceb5881a0a1fdaad01296d7554868d'
14:20:24 update users set first_login='1',last_ip='222.59.186.1' where id='28'
14:20:24 update users set credits=credits+1 where id='15'
14:20:24 use a0122145834;
14:20:24 set names utf8;
14:20:24 select * from configs
14:20:24 select * from users where id=28
14:20:24 select count(id) from users where spreader_id='28'
14:20:24 select * from images
14:20:24 select * from goods where need_top=1 and need_hidden=0 order by id desc limit 0,5
14:20:24 select count(id) from goods where need_top=0 and need_hidden=0 order by id desc
14:20:24 select * from goods where need_top=0 and need_hidden=0 order by id desc limit 0,5
14:20:36 use a0122145834;
14:20:36 set names utf8;
14:20:36 select * from configs
14:20:36 select * from users where id=28
14:20:36 select count(id) from users where spreader_id='28'
14:20:36 select * from images
14:20:36 select * from article_type
14:20:36 select count(id) from articles order by add_time desc
14:20:36 select * from articles order by add_time desc limit 0,5
14:22:49 use a0122145834;
14:22:49 set names utf8;
14:22:49 select * from configs
14:22:49 select * from users where id=28
14:22:49 select count(id) from users where spreader_id='28'
14:22:49 select * from images
14:22:50 use a0122145834;
14:22:50 set names utf8;
14:22:50 select * from configs
14:24:17 use a0122145834;
14:24:17 set names utf8;
14:24:17 select * from configs
14:24:18 use a0122145834;
14:24:18 set names utf8;
14:24:18 select * from configs
14:25:33 use a0122145834;
14:25:33 set names utf8;
14:25:33 select * from configs
14:27:41 use a0122145834;
14:27:41 set names utf8;
14:27:41 select * from configs
14:27:44 use a0122145834;
14:27:44 set names utf8;
14:27:44 select * from configs
14:28:39 use a0122145834;
14:28:39 set names utf8;
14:28:39 select * from configs
14:28:49 use a0122145834;
14:28:49 set names utf8;
14:28:49 select * from configs
14:28:52 use a0122145834;
14:28:52 set names utf8;
14:28:52 select * from configs
14:28:52 use a0122145834;
14:28:52 set names utf8;
14:28:52 select * from configs
14:30:03 use a0122145834;
14:30:03 set names utf8;
14:30:03 select * from configs
14:30:13 use a0122145834;
14:30:13 set names utf8;
14:30:13 select * from configs
14:30:13 select count(id) from users where register_ip='222.59.186.1' or last_ip='222.59.186.1' and add_time>1387953013
14:30:16 use a0122145834;
14:30:16 set names utf8;
14:30:16 select * from configs
14:30:46 use a0122145834;
14:30:46 set names utf8;
14:30:46 select * from configs
14:30:46 use a0122145834;
14:30:46 set names utf8;
14:30:46 select * from configs
14:31:37 use a0122145834;
14:31:37 set names utf8;
14:31:37 select * from configs
14:33:06 use a0122145834;
14:33:06 set names utf8;
14:33:06 select * from configs
14:34:05 use a0122145834;
14:34:05 set names utf8;
14:34:05 select * from configs
14:34:18 use a0122145834;
14:34:18 set names utf8;
14:34:18 select * from configs
14:34:18 use a0122145834;
14:34:18 set names utf8;
14:34:18 select * from configs
14:35:32 use a0122145834;
14:35:32 set names utf8;
14:35:32 select * from configs
14:35:38 use a0122145834;
14:35:38 set names utf8;
14:35:38 select * from configs
14:36:30 use a0122145834;
14:36:30 set names utf8;
14:36:30 select * from configs
14:36:31 use a0122145834;
14:36:31 set names utf8;
14:36:31 select * from configs
14:36:51 use a0122145834;
14:36:51 set names utf8;
14:36:51 select * from configs
14:36:51 select * from admins where id=1
14:36:51 use a0122145834;
14:36:51 set names utf8;
14:36:51 select * from configs
14:36:51 select * from admins where id=1
14:36:51 select count(id) from users
14:36:51 select * from users limit 0,20
14:37:01 use a0122145834;
14:37:01 set names utf8;
14:37:01 select * from configs
14:37:01 select * from admins where id=1
14:37:01 select count(i.id) from expense as i left join users as u on i.user_id=u.id
14:37:01 select i.id,i.expense_money,i.order_sn,i.add_time,i.expense_status,u.user_name,u.nick_name,u.spreader_id,u.vip_level,u.pay_name,u.pay_email from expense as i left join users as u on i.user_id=u.id limit 0,20
14:37:22 use a0122145834;
14:37:22 set names utf8;
14:37:22 select * from configs
14:37:22 select * from admins where id=1
14:37:22 Delete from expense where id in (9)
14:37:37 use a0122145834;
14:37:37 set names utf8;
14:37:37 select * from configs
14:43:22 use a0122145834;
14:43:22 set names utf8;
14:43:22 select * from configs
14:43:23 use a0122145834;
14:43:23 set names utf8;
14:43:23 select * from configs
14:46:04 use a0122145834;
14:46:04 set names utf8;
14:46:04 select * from configs
14:46:41 use a0122145834;
14:46:41 set names utf8;
14:46:41 select * from configs
14:47:32 use a0122145834;
14:47:32 set names utf8;
14:47:32 select * from configs
14:47:43 use a0122145834;
14:47:43 set names utf8;
14:47:43 select * from configs
14:47:44 use a0122145834;
14:47:44 set names utf8;
14:47:44 select * from configs
15:07:29 use a0122145834;
15:07:29 set names utf8;
15:07:29 select * from configs
15:07:41 use a0122145834;
15:07:41 set names utf8;
15:07:41 select * from configs
15:07:41 use a0122145834;
15:07:41 set names utf8;
15:07:41 select * from configs
15:07:46 use a0122145834;
15:07:46 set names utf8;
15:07:46 select * from configs
15:07:56 use a0122145834;
15:07:56 set names utf8;
15:07:56 select * from configs
15:07:56 use a0122145834;
15:07:56 set names utf8;
15:07:56 select * from configs
15:08:43 use a0122145834;
15:08:43 set names utf8;
15:08:43 select * from configs
15:08:43 select * from admins where id=1
15:08:43 select count(v.id) from vipmsg as v left join users as u on u.id=v.user_id 
15:08:43 select u.id as username,v.id,v.user_msg,v.recove,v.add_time,v.can_see,u.nick_name,u.vip_level from vipmsg as v left join users as u on u.id=v.user_id  limit 0,20
15:08:46 use a0122145834;
15:08:46 set names utf8;
15:08:46 select * from configs
15:08:46 select * from admins where id=1
15:08:46 use a0122145834;
15:08:46 set names utf8;
15:08:46 select * from configs
15:08:46 select * from admins where id=1
15:08:46 select count(id) from goods
15:08:46 select * from goods limit 0,20
15:08:48 use a0122145834;
15:08:48 set names utf8;
15:08:48 select * from configs
15:08:48 select * from admins where id=1
15:08:48 select count(o.id) from articles as o left join article_type as u on u.id=o.type_id 
15:08:48 select o.id,o.title,o.add_time,u.type_name from articles as o left join article_type as u on u.id=o.type_id  limit 0,20
15:08:53 use a0122145834;
15:08:53 set names utf8;
15:08:53 select * from configs
15:08:53 select * from admins where id=1
15:08:53 select * from articles where id=8
15:09:04 use a0122145834;
15:09:04 set names utf8;
15:09:04 select * from configs
15:09:04 select * from admins where id=1
15:09:04 select count(o.id) from articles as o left join article_type as u on u.id=o.type_id 
15:09:04 select o.id,o.title,o.add_time,u.type_name from articles as o left join article_type as u on u.id=o.type_id  limit 0,20
15:09:13 use a0122145834;
15:09:13 set names utf8;
15:09:13 select * from configs
15:09:13 select * from admins where id=1
15:09:13 select * from articles where id=7
15:09:16 use a0122145834;
15:09:16 set names utf8;
15:09:16 select * from configs
15:09:16 select * from admins where id=1
15:09:16 select count(id) from article_type 
15:09:16 select * from article_type  limit 0,20
15:09:19 use a0122145834;
15:09:19 set names utf8;
15:09:19 select * from configs
15:09:19 select * from admins where id=1
15:09:19 select count(o.id) from articles as o left join article_type as u on u.id=o.type_id 
15:09:19 select o.id,o.title,o.add_time,u.type_name from articles as o left join article_type as u on u.id=o.type_id  limit 0,20
15:09:22 use a0122145834;
15:09:22 set names utf8;
15:09:22 select * from configs
15:09:22 select * from admins where id=1
15:09:22 select * from articles where id=8
15:09:26 use a0122145834;
15:09:26 set names utf8;
15:09:26 select * from configs
15:09:26 select * from admins where id=1
15:09:26 update articles set type_id=4, content='<p>sasadasdsasadsd</p>
', title='assadadssad' where id=8
15:09:27 use a0122145834;
15:09:27 set names utf8;
15:09:27 select * from configs
15:09:27 select * from admins where id=1
15:09:27 select * from articles where id=8
15:09:29 use a0122145834;
15:09:29 set names utf8;
15:09:29 select * from configs
15:09:29 use a0122145834;
15:09:29 set names utf8;
15:09:29 select * from configs
15:09:34 use a0122145834;
15:09:34 set names utf8;
15:09:34 select * from configs
15:09:34 select * from users where user_name='222222' and user_word='e3ceb5881a0a1fdaad01296d7554868d'
15:09:44 use a0122145834;
15:09:44 set names utf8;
15:09:44 select * from configs
15:09:44 select * from users where user_name='77812886' and user_word='e10adc3949ba59abbe56e057f20f883e'
15:09:45 use a0122145834;
15:09:45 set names utf8;
15:09:45 select * from configs
15:09:45 select * from users where id=15
15:09:45 select count(id) from users where spreader_id='15'
15:09:45 select * from images
15:09:45 select * from goods where need_top=1 and need_hidden=0 order by id desc limit 0,5
15:09:45 select count(id) from goods where need_top=0 and need_hidden=0 order by id desc
15:09:45 select * from goods where need_top=0 and need_hidden=0 order by id desc limit 0,5
15:09:51 use a0122145834;
15:09:51 set names utf8;
15:09:51 select * from configs
15:09:51 select * from users where id=15
15:09:51 select count(id) from users where spreader_id='15'
15:09:51 select * from images
15:09:51 select * from goods where need_top=1 and need_hidden=0 order by id desc limit 0,5
15:09:51 select count(id) from goods where need_top=0 and need_hidden=0 order by id desc
15:09:51 select * from goods where need_top=0 and need_hidden=0 order by id desc limit 0,5
15:09:53 use a0122145834;
15:09:53 set names utf8;
15:09:53 select * from configs
15:09:53 select * from users where id=15
15:09:53 select count(id) from users where spreader_id='15'
15:09:53 select * from images
15:09:53 select * from goods where need_top=1 and need_hidden=0 order by id desc limit 0,5
15:09:53 select count(id) from goods where need_top=0 and need_hidden=0 order by id desc
15:09:53 select * from goods where need_top=0 and need_hidden=0 order by id desc limit 0,5
15:09:55 use a0122145834;
15:09:55 set names utf8;
15:09:55 select * from configs
15:09:55 select * from users where id=15
15:09:55 select count(id) from users where spreader_id='15'
15:09:55 select * from images
15:09:55 select * from goods where need_top=1 and need_hidden=0 order by id desc limit 0,5
15:09:55 select count(id) from goods where need_top=0 and need_hidden=0 order by id desc
15:09:55 select * from goods where need_top=0 and need_hidden=0 order by id desc limit 0,5
15:09:59 use a0122145834;
15:09:59 set names utf8;
15:09:59 select * from configs
15:09:59 select * from users where id=15
15:09:59 select count(id) from users where spreader_id='15'
15:09:59 select * from images
15:09:59 select * from article_type
15:09:59 select * from article_type where id='0'
15:09:59 select count(id) from articles where type_id='0' order by add_time desc
15:09:59 select * from articles where type_id='0' order by add_time desc limit 0,5
15:10:25 use a0122145834;
15:10:25 set names utf8;
15:10:25 select * from configs
15:10:25 select * from admins where id=1
15:10:26 update articles set type_id=0, content='<p>sasadasdsasadsd</p>
', title='assadadssad' where id=8
15:10:27 use a0122145834;
15:10:27 set names utf8;
15:10:27 select * from configs
15:10:27 select * from admins where id=1
15:10:27 select * from articles where id=8
15:10:30 use a0122145834;
15:10:30 set names utf8;
15:10:30 select * from configs
15:10:30 select * from users where id=15
15:10:30 select count(id) from users where spreader_id='15'
15:10:30 select * from images
15:10:30 select * from article_type
15:10:30 select * from article_type where id='0'
15:10:30 select count(id) from articles where type_id='0' order by add_time desc
15:10:30 select * from articles where type_id='0' order by add_time desc limit 0,5
15:12:30 use a0122145834;
15:12:30 set names utf8;
15:12:30 select * from configs
15:12:30 select * from users where id=15
15:12:30 select count(id) from users where spreader_id='15'
15:12:30 select * from images
15:12:30 select * from article_type
15:12:30 select * from article_type where id='4'
15:12:30 select count(id) from articles where type_id='4' order by add_time desc
15:12:30 select * from articles where type_id='4' order by add_time desc limit 0,5
15:12:33 use a0122145834;
15:12:33 set names utf8;
15:12:33 select * from configs
15:12:33 select * from users where id=15
15:12:33 select count(id) from users where spreader_id='15'
15:12:33 select * from images
15:12:33 select * from article_type
15:12:33 select * from article_type where id='3'
15:12:33 select count(id) from articles where type_id='3' order by add_time desc
15:12:33 select * from articles where type_id='3' order by add_time desc limit 0,5
15:12:35 use a0122145834;
15:12:35 set names utf8;
15:12:35 select * from configs
15:12:35 select * from users where id=15
15:12:35 select count(id) from users where spreader_id='15'
15:12:35 select * from images
15:12:35 select type_id from articles where id='6'
15:12:35 select * from articles where id='6'
15:12:47 use a0122145834;
15:12:47 set names utf8;
15:12:47 select * from configs
15:12:47 select * from users where id=15
15:12:47 select count(id) from users where spreader_id='15'
15:12:47 select * from images
15:12:47 select * from article_type
15:12:47 select count(id) from articles order by add_time desc
15:12:47 select * from articles order by add_time desc limit 0,5
15:13:34 use a0122145834;
15:13:34 set names utf8;
15:13:34 select * from configs
15:13:34 select * from users where id=15
15:13:34 select count(id) from users where spreader_id='15'
15:13:34 select * from images
15:13:35 select type_id from articles where id='6'
15:13:35 select * from articles where id='6'
15:13:36 use a0122145834;
15:13:36 set names utf8;
15:13:36 select * from configs
15:13:36 select * from users where id=15
15:13:36 select count(id) from users where spreader_id='15'
15:13:36 select * from images
15:13:36 select * from article_type
15:13:36 select * from article_type where id='3'
15:13:36 select count(id) from articles where type_id='3' order by add_time desc
15:13:36 select * from articles where type_id='3' order by add_time desc limit 0,5
15:13:38 use a0122145834;
15:13:38 set names utf8;
15:13:38 select * from configs
15:13:38 select * from users where id=15
15:13:38 select count(id) from users where spreader_id='15'
15:13:38 select * from images
15:13:38 select * from article_type
15:13:38 select * from article_type where id='4'
15:13:38 select count(id) from articles where type_id='4' order by add_time desc
15:13:38 select * from articles where type_id='4' order by add_time desc limit 0,5
15:13:40 use a0122145834;
15:13:40 set names utf8;
15:13:40 select * from configs
15:13:40 select * from users where id=15
15:13:40 select count(id) from users where spreader_id='15'
15:13:40 select * from images
15:13:40 select * from article_type
15:13:40 select * from article_type where id='0'
15:13:40 select count(id) from articles where type_id='0' order by add_time desc
15:13:40 select * from articles where type_id='0' order by add_time desc limit 0,5
15:13:41 use a0122145834;
15:13:41 set names utf8;
15:13:41 select * from configs
15:13:41 select * from users where id=15
15:13:41 select count(id) from users where spreader_id='15'
15:13:41 select * from images
15:13:41 select * from goods where need_top=1 and need_hidden=0 order by id desc limit 0,5
15:13:41 select count(id) from goods where need_top=0 and need_hidden=0 order by id desc
15:13:41 select * from goods where need_top=0 and need_hidden=0 order by id desc limit 0,5
15:13:46 use a0122145834;
15:13:46 set names utf8;
15:13:46 select * from configs
15:13:46 select * from users where id=15
15:13:46 select count(id) from users where spreader_id='15'
15:13:46 select * from images
15:13:46 select * from goods where need_top=1 and need_hidden=0 order by id desc limit 0,5
15:13:46 select count(id) from goods where need_top=0 and need_hidden=0 order by id desc
15:13:46 select * from goods where need_top=0 and need_hidden=0 order by id desc limit 0,5
15:13:48 use a0122145834;
15:13:48 set names utf8;
15:13:48 select * from configs
15:13:48 select * from users where id=15
15:13:48 select count(id) from users where spreader_id='15'
15:13:48 select * from images
15:13:48 use a0122145834;
15:13:49 set names utf8;
15:13:49 select * from configs
15:13:49 select * from users where id=15
15:13:49 select count(id) from users where spreader_id='15'
15:13:49 select * from images
15:13:49 select * from goods where need_top=1 and need_hidden=0 order by id desc limit 0,5
15:13:49 select count(id) from goods where need_top=0 and need_hidden=0 order by id desc
15:13:49 select * from goods where need_top=0 and need_hidden=0 order by id desc limit 0,5
15:15:12 use a0122145834;
15:15:12 set names utf8;
15:15:12 select * from configs
15:15:12 select * from users where id=15
15:15:12 select count(id) from users where spreader_id='15'
15:15:12 select * from images
15:15:12 use a0122145834;
15:15:12 set names utf8;
15:15:12 select * from configs
15:15:13 use a0122145834;
15:15:13 set names utf8;
15:15:13 select * from configs
15:15:39 use a0122145834;
15:15:39 set names utf8;
15:15:39 select * from configs
15:15:39 use a0122145834;
15:15:39 set names utf8;
15:15:39 select * from configs
15:16:25 use a0122145834;
15:16:25 set names utf8;
15:16:25 select * from configs
15:16:34 use a0122145834;
15:16:34 set names utf8;
15:16:34 select * from configs
15:16:35 use a0122145834;
15:16:35 set names utf8;
15:16:35 select * from configs
15:18:26 use a0122145834;
15:18:26 set names utf8;
15:18:26 select * from configs
15:20:35 use a0122145834;
15:20:35 set names utf8;
15:20:35 select * from configs
15:20:47 use a0122145834;
15:20:47 set names utf8;
15:20:47 select * from configs
15:20:48 use a0122145834;
15:20:48 set names utf8;
15:20:48 select * from configs
15:21:18 use a0122145834;
15:21:18 set names utf8;
15:21:18 select * from configs
15:24:12 use a0122145834;
15:24:12 set names utf8;
15:24:12 select * from configs
15:24:44 use a0122145834;
15:24:44 set names utf8;
15:24:44 select * from configs
15:25:31 use a0122145834;
15:25:31 set names utf8;
15:25:31 select * from configs
15:25:31 select * from admins where id=1
15:25:32 use a0122145834;
15:25:32 set names utf8;
15:25:32 select * from configs
15:25:32 select * from admins where id=1
15:25:32 select count(id) from users
15:25:32 select * from users limit 0,20
15:25:44 use a0122145834;
15:25:44 set names utf8;
15:25:44 select * from configs
15:25:44 select * from admins where id=1
15:25:44 use a0122145834;
15:25:44 set names utf8;
15:25:44 select * from configs
15:25:44 select * from admins where id=1
15:25:44 select count(id) from goods
15:25:44 select * from goods limit 0,20
15:25:48 use a0122145834;
15:25:48 set names utf8;
15:25:48 select * from configs
15:25:48 select * from admins where id=1
15:25:48 select count(o.id) from articles as o left join article_type as u on u.id=o.type_id 
15:25:48 select o.id,o.title,o.add_time,u.type_name from articles as o left join article_type as u on u.id=o.type_id  limit 0,20
15:25:51 use a0122145834;
15:25:51 set names utf8;
15:25:51 select * from configs
15:25:51 select * from admins where id=1
15:25:51 select count(o.id) from articles as o left join article_type as u on u.id=o.type_id 
15:25:52 select o.id,o.title,o.add_time,u.type_name from articles as o left join article_type as u on u.id=o.type_id  limit 0,20
15:25:57 use a0122145834;
15:25:57 set names utf8;
15:25:57 select * from configs
15:25:57 select * from admins where id=1
15:25:57 select * from articles where id=8
15:26:26 use a0122145834;
15:26:26 set names utf8;
15:26:26 select * from configs
15:26:26 select * from admins where id=1
15:26:26 update articles set type_id=0, content='<p>sasadasdsasadsd</p>

<p>&nbsp;</p>

<p>&nbsp;</p>

<p>&nbsp;</p>

<p>sasadasdsasadsd</p>

<p>&nbsp;</p>

<p>&nbsp;</p>

<p>&nbsp;</p>

<p>&nbsp;</p>

<p>sasadasdsasadsd</p>
', title='assadadssad' where id=8
15:26:28 use a0122145834;
15:26:28 set names utf8;
15:26:28 select * from configs
15:26:28 select * from admins where id=1
15:26:28 select * from articles where id=8
15:26:32 use a0122145834;
15:26:32 set names utf8;
15:26:32 select * from configs
15:26:32 use a0122145834;
15:26:32 set names utf8;
15:26:32 select * from configs
15:26:38 use a0122145834;
15:26:38 set names utf8;
15:26:38 select * from configs
15:26:38 select * from users where user_name='77812886' and user_word='e10adc3949ba59abbe56e057f20f883e'
15:26:38 use a0122145834;
15:26:38 set names utf8;
15:26:38 select * from configs
15:26:38 select * from users where id=15
15:26:38 select count(id) from users where spreader_id='15'
15:26:38 select * from images
15:26:38 select * from goods where need_top=1 and need_hidden=0 order by id desc limit 0,5
15:26:38 select count(id) from goods where need_top=0 and need_hidden=0 order by id desc
15:26:38 select * from goods where need_top=0 and need_hidden=0 order by id desc limit 0,5
15:26:44 use a0122145834;
15:26:44 set names utf8;
15:26:44 select * from configs
15:26:44 select * from users where id=15
15:26:44 select count(id) from users where spreader_id='15'
15:26:44 select * from images
15:26:44 select * from article_type
15:26:44 select * from article_type where id='0'
15:26:44 select count(id) from articles where type_id='0' order by add_time desc
15:26:45 select * from articles where type_id='0' order by add_time desc limit 0,5
15:26:57 use a0122145834;
15:26:57 set names utf8;
15:26:57 select * from configs
15:26:57 select * from users where id=15
15:26:57 select count(id) from users where spreader_id='15'
15:26:57 select * from images
15:26:57 select type_id from articles where id='8'
15:26:57 select * from articles where id='8'
15:27:50 use a0122145834;
15:27:50 set names utf8;
15:27:50 select * from configs
15:27:50 select * from users where id=15
15:27:50 select count(id) from users where spreader_id='15'
15:27:50 select * from images
15:27:50 select * from article_type
15:27:50 select count(id) from articles order by add_time desc
15:27:50 select * from articles order by add_time desc limit 0,5
15:31:09 use a0122145834;
15:31:09 set names utf8;
15:31:09 select * from configs
15:31:09 select * from users where id=15
15:31:09 select count(id) from users where spreader_id='15'
15:31:09 select * from images
15:31:09 select * from article_type
15:31:09 select count(id) from articles order by add_time desc
15:31:09 select * from articles order by add_time desc limit 0,5
15:31:18 use a0122145834;
15:31:18 set names utf8;
15:31:18 select * from configs
15:31:18 select * from users where id=15
15:31:18 select count(id) from users where spreader_id='15'
15:31:18 select * from images
15:31:18 select * from article_type
15:31:18 select * from article_type where id='3'
15:31:18 select count(id) from articles where type_id='3' order by add_time desc
15:31:18 select * from articles where type_id='3' order by add_time desc limit 0,5
15:31:20 use a0122145834;
15:31:20 set names utf8;
15:31:20 select * from configs
15:31:20 select * from users where id=15
15:31:20 select count(id) from users where spreader_id='15'
15:31:20 select * from images
15:31:20 select * from article_type
15:31:20 select * from article_type where id='4'
15:31:20 select count(id) from articles where type_id='4' order by add_time desc
15:31:20 select * from articles where type_id='4' order by add_time desc limit 0,5
15:31:30 use a0122145834;
15:31:30 set names utf8;
15:31:30 select * from configs
15:31:30 select * from users where id=15
15:31:31 use a0122145834;
15:31:31 set names utf8;
15:31:31 select * from configs
15:31:31 select * from users where id=15
15:31:31 select count(id) from users where spreader_id='15'
15:31:31 select * from images
15:31:31 select * from goods where need_top=1 and need_hidden=0 order by id desc limit 0,5
15:31:31 select count(id) from goods where need_top=0 and need_hidden=0 order by id desc
15:31:31 select * from goods where need_top=0 and need_hidden=0 order by id desc limit 0,5
15:31:34 use a0122145834;
15:31:34 set names utf8;
15:31:34 select * from configs
15:31:34 select * from users where id=15
15:31:34 select count(id) from users where spreader_id='15'
15:31:34 select * from images
15:31:34 select * from article_type
15:31:34 select * from article_type where id='0'
15:31:34 select count(id) from articles where type_id='0' order by add_time desc
15:31:34 select * from articles where type_id='0' order by add_time desc limit 0,5
15:31:37 use a0122145834;
15:31:37 set names utf8;
15:31:37 select * from configs
15:31:37 select * from users where id=15
15:31:37 select count(id) from users where spreader_id='15'
15:31:37 select * from images
15:31:37 select * from article_type
15:31:37 select count(id) from articles order by add_time desc
15:31:37 select * from articles order by add_time desc limit 0,5
15:31:40 use a0122145834;
15:31:40 set names utf8;
15:31:40 select * from configs
15:31:40 select * from users where id=15
15:31:40 select count(id) from users where spreader_id='15'
15:31:40 select * from images
15:31:40 select * from article_type
15:31:40 select count(id) from articles order by add_time desc
15:31:40 select * from articles order by add_time desc limit 0,5
15:31:43 use a0122145834;
15:31:43 set names utf8;
15:31:43 select * from configs
15:31:43 select * from users where id=15
15:31:44 use a0122145834;
15:31:44 set names utf8;
15:31:44 select * from configs
15:31:44 select * from users where id=15
15:31:44 select count(id) from users where spreader_id='15'
15:31:44 select * from images
15:31:44 select * from goods where need_top=1 and need_hidden=0 order by id desc limit 0,5
15:31:44 select count(id) from goods where need_top=0 and need_hidden=0 order by id desc
15:31:44 select * from goods where need_top=0 and need_hidden=0 order by id desc limit 0,5
15:31:46 use a0122145834;
15:31:46 set names utf8;
15:31:46 select * from configs
15:31:46 select * from users where id=15
15:31:46 select count(id) from users where spreader_id='15'
15:31:46 select * from images
15:31:46 select * from article_type
15:31:46 select * from article_type where id='0'
15:31:46 select count(id) from articles where type_id='0' order by add_time desc
15:31:46 select * from articles where type_id='0' order by add_time desc limit 0,5
15:31:53 use a0122145834;
15:31:53 set names utf8;
15:31:53 select * from configs
15:31:53 select * from users where id=15
15:31:53 select count(id) from users where spreader_id='15'
15:31:53 select * from images
15:31:53 select * from article_type
15:31:53 select count(id) from articles order by add_time desc
15:31:53 select * from articles order by add_time desc limit 0,5
15:31:57 use a0122145834;
15:31:57 set names utf8;
15:31:57 select * from configs
15:31:57 select * from users where id=15
15:31:58 use a0122145834;
15:31:58 set names utf8;
15:31:58 select * from configs
15:31:58 select * from users where id=15
15:31:58 select count(id) from users where spreader_id='15'
15:31:58 select * from images
15:31:58 select * from goods where need_top=1 and need_hidden=0 order by id desc limit 0,5
15:31:58 select count(id) from goods where need_top=0 and need_hidden=0 order by id desc
15:31:58 select * from goods where need_top=0 and need_hidden=0 order by id desc limit 0,5
15:32:01 use a0122145834;
15:32:01 set names utf8;
15:32:01 select * from configs
15:32:01 select * from users where id=15
15:32:01 select count(id) from users where spreader_id='15'
15:32:01 select * from images
15:32:01 select * from article_type
15:32:01 select * from article_type where id='0'
15:32:01 select count(id) from articles where type_id='0' order by add_time desc
15:32:01 select * from articles where type_id='0' order by add_time desc limit 0,5
15:32:13 use a0122145834;
15:32:13 set names utf8;
15:32:13 select * from configs
15:32:13 select * from users where id=15
15:32:13 select count(id) from users where spreader_id='15'
15:32:13 select * from images
15:32:13 select * from article_type
15:32:13 select count(id) from articles order by add_time desc
15:32:13 select * from articles order by add_time desc limit 0,5
15:32:24 use a0122145834;
15:32:24 set names utf8;
15:32:24 select * from configs
15:32:24 select * from users where id=15
15:32:24 select count(id) from users where spreader_id='15'
15:32:24 select * from images
15:32:24 select * from article_type
15:32:24 select * from article_type where id='0'
15:32:24 select count(id) from articles where type_id='0' order by add_time desc
15:32:24 select * from articles where type_id='0' order by add_time desc limit 0,5
15:32:27 use a0122145834;
15:32:27 set names utf8;
15:32:27 select * from configs
15:32:27 select * from users where id=15
15:32:27 select count(id) from users where spreader_id='15'
15:32:27 select * from images
15:32:27 select * from article_type
15:32:27 select * from article_type where id='4'
15:32:27 select count(id) from articles where type_id='4' order by add_time desc
15:32:27 select * from articles where type_id='4' order by add_time desc limit 0,5
15:32:28 use a0122145834;
15:32:28 set names utf8;
15:32:28 select * from configs
15:32:28 select * from users where id=15
15:32:28 select count(id) from users where spreader_id='15'
15:32:28 select * from images
15:32:28 select * from article_type
15:32:28 select * from article_type where id='3'
15:32:28 select count(id) from articles where type_id='3' order by add_time desc
15:32:28 select * from articles where type_id='3' order by add_time desc limit 0,5
15:32:35 use a0122145834;
15:32:35 set names utf8;
15:32:35 select * from configs
15:32:35 select * from users where id=15
15:32:35 select count(id) from users where spreader_id='15'
15:32:35 select * from images
15:32:35 select * from article_type
15:32:35 select * from article_type where id='0'
15:32:35 select count(id) from articles where type_id='0' order by add_time desc
15:32:35 select * from articles where type_id='0' order by add_time desc limit 0,5
15:32:41 use a0122145834;
15:32:41 set names utf8;
15:32:41 select * from configs
15:32:41 select * from users where id=15
15:32:41 use a0122145834;
15:32:41 set names utf8;
15:32:41 select * from configs
15:32:41 select * from users where id=15
15:32:41 select count(id) from users where spreader_id='15'
15:32:41 select * from images
15:32:41 select * from article_type
15:32:41 select count(id) from articles order by add_time desc
15:32:41 select * from articles order by add_time desc limit 0,5
15:32:44 use a0122145834;
15:32:44 set names utf8;
15:32:44 select * from configs
15:32:44 select * from users where id=15
15:32:44 use a0122145834;
15:32:44 set names utf8;
15:32:44 select * from configs
15:32:44 select * from users where id=15
15:32:44 select count(id) from users where spreader_id='15'
15:32:44 select * from images
15:32:44 select * from goods where need_top=1 and need_hidden=0 order by id desc limit 0,5
15:32:44 select count(id) from goods where need_top=0 and need_hidden=0 order by id desc
15:32:44 select * from goods where need_top=0 and need_hidden=0 order by id desc limit 0,5
15:32:50 use a0122145834;
15:32:50 set names utf8;
15:32:50 select * from configs
15:32:50 select * from users where id=15
15:32:50 select count(id) from users where spreader_id='15'
15:32:50 select * from images
15:32:50 select * from article_type
15:32:50 select * from article_type where id='0'
15:32:50 select count(id) from articles where type_id='0' order by add_time desc
15:32:50 select * from articles where type_id='0' order by add_time desc limit 0,5
15:33:02 use a0122145834;
15:33:02 set names utf8;
15:33:02 select * from configs
15:33:02 select * from users where id=15
15:33:02 select count(id) from users where spreader_id='15'
15:33:02 select * from images
15:33:02 select * from article_type
15:33:02 select * from article_type where id='0'
15:33:02 select count(id) from articles where type_id='0' order by add_time desc
15:33:02 select * from articles where type_id='0' order by add_time desc limit 0,5
15:34:06 use a0122145834;
15:34:06 set names utf8;
15:34:06 select * from configs
15:34:06 select * from users where id=15
15:34:06 use a0122145834;
15:34:06 set names utf8;
15:34:06 select * from configs
15:34:06 select * from users where id=15
15:34:06 select count(id) from users where spreader_id='15'
15:34:06 select * from images
15:34:06 select * from goods where need_top=1 and need_hidden=0 order by id desc limit 0,5
15:34:06 select count(id) from goods where need_top=0 and need_hidden=0 order by id desc
15:34:06 select * from goods where need_top=0 and need_hidden=0 order by id desc limit 0,5
15:34:09 use a0122145834;
15:34:09 set names utf8;
15:34:09 select * from configs
15:34:09 select * from users where id=15
15:34:09 select count(id) from users where spreader_id='15'
15:34:09 select * from images
15:34:09 select * from article_type
15:34:09 select * from article_type where id='0'
15:34:09 select count(id) from articles where type_id='0' order by add_time desc
15:34:09 select * from articles where type_id='0' order by add_time desc limit 0,5
15:34:12 use a0122145834;
15:34:12 set names utf8;
15:34:12 select * from configs
15:34:12 select * from users where id=15
15:34:13 use a0122145834;
15:34:13 set names utf8;
15:34:13 select * from configs
15:34:13 select * from users where id=15
15:34:13 select count(id) from users where spreader_id='15'
15:34:13 select * from images
15:34:13 select * from goods where need_top=1 and need_hidden=0 order by id desc limit 0,5
15:34:13 select count(id) from goods where need_top=0 and need_hidden=0 order by id desc
15:34:13 select * from goods where need_top=0 and need_hidden=0 order by id desc limit 0,5
15:34:14 use a0122145834;
15:34:14 set names utf8;
15:34:14 select * from configs
15:34:14 select * from users where id=15
15:34:14 select count(id) from users where spreader_id='15'
15:34:14 select * from images
15:34:14 select * from article_type
15:34:14 select * from article_type where id='0'
15:34:14 select count(id) from articles where type_id='0' order by add_time desc
15:34:14 select * from articles where type_id='0' order by add_time desc limit 0,5
15:34:15 use a0122145834;
15:34:15 set names utf8;
15:34:15 select * from configs
15:34:15 select * from users where id=15
15:34:15 select count(id) from users where spreader_id='15'
15:34:15 select * from images
15:34:15 select * from article_type
15:34:15 select * from article_type where id='4'
15:34:15 select count(id) from articles where type_id='4' order by add_time desc
15:34:15 select * from articles where type_id='4' order by add_time desc limit 0,5
15:34:17 use a0122145834;
15:34:17 set names utf8;
15:34:17 select * from configs
15:34:17 select * from users where id=15
15:34:17 use a0122145834;
15:34:17 set names utf8;
15:34:17 select * from configs
15:34:17 select * from users where id=15
15:34:17 select count(id) from users where spreader_id='15'
15:34:17 select * from images
15:34:17 select * from goods where need_top=1 and need_hidden=0 order by id desc limit 0,5
15:34:17 select count(id) from goods where need_top=0 and need_hidden=0 order by id desc
15:34:17 select * from goods where need_top=0 and need_hidden=0 order by id desc limit 0,5
15:34:19 use a0122145834;
15:34:19 set names utf8;
15:34:20 select * from configs
15:34:20 select * from users where id=15
15:34:20 select count(id) from users where spreader_id='15'
15:34:20 select * from images
15:34:20 select * from article_type
15:34:20 select * from article_type where id='0'
15:34:20 select count(id) from articles where type_id='0' order by add_time desc
15:34:20 select * from articles where type_id='0' order by add_time desc limit 0,5
15:34:33 use a0122145834;
15:34:33 set names utf8;
15:34:33 select * from configs
15:34:33 select * from users where id=15
15:34:33 select count(id) from users where spreader_id='15'
15:34:33 select * from images
15:34:33 select * from article_type
15:34:33 select count(id) from articles order by add_time desc
15:34:33 select * from articles order by add_time desc limit 0,5
15:34:36 use a0122145834;
15:34:36 set names utf8;
15:34:36 select * from configs
15:34:36 select * from users where id=15
15:34:36 select count(id) from users where spreader_id='15'
15:34:36 select * from images
15:34:36 select * from article_type
15:34:36 select count(id) from articles order by add_time desc
15:34:36 select * from articles order by add_time desc limit 0,5
15:34:50 use a0122145834;
15:34:50 set names utf8;
15:34:50 select * from configs
15:34:50 select * from users where id=15
15:34:50 select count(id) from users where spreader_id='15'
15:34:50 select * from images
15:34:50 select * from article_type
15:34:50 select * from article_type where id='0'
15:34:50 select count(id) from articles where type_id='0' order by add_time desc
15:34:50 select * from articles where type_id='0' order by add_time desc limit 0,5
15:34:52 use a0122145834;
15:34:52 set names utf8;
15:34:52 select * from configs
15:34:52 select * from users where id=15
15:34:52 select count(id) from users where spreader_id='15'
15:34:52 select * from images
15:34:52 select * from article_type
15:34:52 select * from article_type where id='4'
15:34:52 select count(id) from articles where type_id='4' order by add_time desc
15:34:52 select * from articles where type_id='4' order by add_time desc limit 0,5
15:34:53 use a0122145834;
15:34:53 set names utf8;
15:34:53 select * from configs
15:34:53 select * from users where id=15
15:34:53 select count(id) from users where spreader_id='15'
15:34:53 select * from images
15:34:54 select * from article_type
15:34:54 select * from article_type where id='3'
15:34:54 select count(id) from articles where type_id='3' order by add_time desc
15:34:54 select * from articles where type_id='3' order by add_time desc limit 0,5
15:35:37 use a0122145834;
15:35:37 set names utf8;
15:35:37 select * from configs
15:35:37 select * from users where id=15
15:35:37 select count(id) from users where spreader_id='15'
15:35:37 select * from images
15:35:37 select * from article_type
15:35:37 select count(id) from articles order by add_time desc
15:35:37 select * from articles order by add_time desc limit 0,5
15:35:40 use a0122145834;
15:35:40 set names utf8;
15:35:40 select * from configs
15:35:40 select * from users where id=15
15:35:41 use a0122145834;
15:35:41 set names utf8;
15:35:41 select * from configs
15:35:41 select * from users where id=15
15:35:41 select count(id) from users where spreader_id='15'
15:35:41 select * from images
15:35:41 select * from goods where need_top=1 and need_hidden=0 order by id desc limit 0,5
15:35:41 select count(id) from goods where need_top=0 and need_hidden=0 order by id desc
15:35:41 select * from goods where need_top=0 and need_hidden=0 order by id desc limit 0,5
15:35:45 use a0122145834;
15:35:45 set names utf8;
15:35:45 select * from configs
15:35:45 select * from users where id=15
15:35:45 select count(id) from users where spreader_id='15'
15:35:45 select * from images
15:35:45 select count(v.id) from vipmsg as v left join users as u on v.user_id=u.id where v.can_see=1 order by v.id desc
15:35:45 select v.id,u.nick_name,v.user_id,v.user_msg,v.recove,v.add_time from vipmsg as v left join users as u on v.user_id=u.id where v.can_see=1 order by v.id desc limit 0,5
15:35:51 use a0122145834;
15:35:51 set names utf8;
15:35:51 select * from configs
15:35:51 select * from users where id=15
15:35:51 select count(id) from users where spreader_id='15'
15:35:51 select * from images
15:35:51 select * from goods where need_top=1 and need_hidden=0 order by id desc limit 0,5
15:35:51 select count(id) from goods where need_top=0 and need_hidden=0 order by id desc
15:35:51 select * from goods where need_top=0 and need_hidden=0 order by id desc limit 0,5
15:35:56 use a0122145834;
15:35:56 set names utf8;
15:35:56 select * from configs
15:35:56 select * from users where id=15
15:35:56 select count(id) from users where spreader_id='15'
15:35:56 select * from images
15:35:56 select * from article_type
15:35:56 select * from article_type where id='0'
15:35:56 select count(id) from articles where type_id='0' order by add_time desc
15:35:56 select * from articles where type_id='0' order by add_time desc limit 0,5
15:36:13 use a0122145834;
15:36:13 set names utf8;
15:36:13 select * from configs
15:36:13 select * from users where id=15
15:36:13 use a0122145834;
15:36:13 set names utf8;
15:36:13 select * from configs
15:36:13 select * from users where id=15
15:36:13 select count(id) from users where spreader_id='15'
15:36:13 select * from images
15:36:13 select * from goods where need_top=1 and need_hidden=0 order by id desc limit 0,5
15:36:13 select count(id) from goods where need_top=0 and need_hidden=0 order by id desc
15:36:13 select * from goods where need_top=0 and need_hidden=0 order by id desc limit 0,5
15:36:15 use a0122145834;
15:36:15 set names utf8;
15:36:15 select * from configs
15:36:15 select * from users where id=15
15:36:15 select count(id) from users where spreader_id='15'
15:36:15 select * from images
15:36:15 select * from article_type
15:36:15 select * from article_type where id='0'
15:36:15 select count(id) from articles where type_id='0' order by add_time desc
15:36:15 select * from articles where type_id='0' order by add_time desc limit 0,5
15:36:58 use a0122145834;
15:36:58 set names utf8;
15:36:59 select * from configs
15:36:59 select * from users where id=15
15:36:59 select count(id) from users where spreader_id='15'
15:36:59 select * from images
15:36:59 select * from article_type
15:36:59 select * from article_type where id='4'
15:36:59 select count(id) from articles where type_id='4' order by add_time desc
15:36:59 select * from articles where type_id='4' order by add_time desc limit 0,5
15:37:04 use a0122145834;
15:37:04 set names utf8;
15:37:04 select * from configs
15:37:04 select * from users where id=15
15:37:04 select count(id) from users where spreader_id='15'
15:37:04 select * from images
15:37:04 select * from article_type
15:37:04 select * from article_type where id='3'
15:37:04 select count(id) from articles where type_id='3' order by add_time desc
15:37:04 select * from articles where type_id='3' order by add_time desc limit 0,5
15:37:07 use a0122145834;
15:37:07 set names utf8;
15:37:07 select * from configs
15:37:07 select * from users where id=15
15:37:07 select count(id) from users where spreader_id='15'
15:37:07 select * from images
15:37:07 select * from article_type
15:37:07 select * from article_type where id='4'
15:37:07 select count(id) from articles where type_id='4' order by add_time desc
15:37:07 select * from articles where type_id='4' order by add_time desc limit 0,5
15:37:09 use a0122145834;
15:37:09 set names utf8;
15:37:09 select * from configs
15:37:09 select * from users where id=15
15:37:09 select count(id) from users where spreader_id='15'
15:37:09 select * from images
15:37:09 select * from article_type
15:37:09 select * from article_type where id='3'
15:37:09 select count(id) from articles where type_id='3' order by add_time desc
15:37:09 select * from articles where type_id='3' order by add_time desc limit 0,5
15:37:11 use a0122145834;
15:37:11 set names utf8;
15:37:11 select * from configs
15:37:11 select * from users where id=15
15:37:11 select count(id) from users where spreader_id='15'
15:37:11 select * from images
15:37:11 select * from article_type
15:37:11 select * from article_type where id='4'
15:37:11 select count(id) from articles where type_id='4' order by add_time desc
15:37:11 select * from articles where type_id='4' order by add_time desc limit 0,5
15:37:12 use a0122145834;
15:37:12 set names utf8;
15:37:12 select * from configs
15:37:12 select * from users where id=15
15:37:12 select count(id) from users where spreader_id='15'
15:37:12 select * from images
15:37:12 select * from article_type
15:37:12 select * from article_type where id='3'
15:37:12 select count(id) from articles where type_id='3' order by add_time desc
15:37:12 select * from articles where type_id='3' order by add_time desc limit 0,5
15:37:16 use a0122145834;
15:37:16 set names utf8;
15:37:16 select * from configs
15:37:16 select * from users where id=15
15:37:16 select count(id) from users where spreader_id='15'
15:37:16 select * from images
15:37:16 select * from article_type
15:37:16 select * from article_type where id='3'
15:37:16 select count(id) from articles where type_id='3' order by add_time desc
15:37:16 select * from articles where type_id='3' order by add_time desc limit 0,5
15:37:18 use a0122145834;
15:37:18 set names utf8;
15:37:18 select * from configs
15:37:18 select * from users where id=15
15:37:18 select count(id) from users where spreader_id='15'
15:37:18 select * from images
15:37:18 select type_id from articles where id='6'
15:37:18 select * from articles where id='6'
15:37:29 use a0122145834;
15:37:29 set names utf8;
15:37:29 select * from configs
15:37:29 select * from users where id=15
15:37:29 select count(id) from users where spreader_id='15'
15:37:29 select * from images
15:37:29 select * from article_type
15:37:29 select count(id) from articles order by add_time desc
15:37:29 select * from articles order by add_time desc limit 0,5
15:37:29 use a0122145834;
15:37:29 set names utf8;
15:37:29 select * from configs
15:37:29 select * from users where id=15
15:37:29 select count(id) from users where spreader_id='15'
15:37:29 select * from images
15:37:29 select * from article_type
15:37:29 select count(id) from articles order by add_time desc
15:37:29 select * from articles order by add_time desc limit 0,5
15:37:31 use a0122145834;
15:37:31 set names utf8;
15:37:31 select * from configs
15:37:31 select * from users where id=15
15:37:31 select count(id) from users where spreader_id='15'
15:37:31 select * from images
15:37:31 select * from article_type
15:37:31 select * from article_type where id='0'
15:37:31 select count(id) from articles where type_id='0' order by add_time desc
15:37:31 select * from articles where type_id='0' order by add_time desc limit 0,5
15:37:33 use a0122145834;
15:37:33 set names utf8;
15:37:33 select * from configs
15:37:33 select * from users where id=15
15:37:33 select count(id) from users where spreader_id='15'
15:37:33 select * from images
15:37:33 select type_id from articles where id='8'
15:37:33 select * from articles where id='8'
15:37:47 use a0122145834;
15:37:47 set names utf8;
15:37:47 select * from configs
15:37:47 select * from admins where id=1
15:37:47 use a0122145834;
15:37:47 set names utf8;
15:37:47 select * from configs
15:37:47 select * from admins where id=1
15:37:47 select count(id) from users
15:37:47 select * from users limit 0,20
15:37:50 use a0122145834;
15:37:50 set names utf8;
15:37:50 select * from configs
15:37:50 select * from admins where id=1
15:37:50 select * from users where id=15
15:37:54 use a0122145834;
15:37:54 set names utf8;
15:37:54 select * from configs
15:37:54 select * from admins where id=1
15:37:54 update users set user_name='77812886',nick_name='求昵称',credits='26',money='1240',pay_email='',pay_name='',address='',vip_level='1',spreader_rate='0.4' where id=15 
15:37:57 use a0122145834;
15:37:57 set names utf8;
15:37:57 select * from configs
15:37:57 select * from admins where id=1
15:37:57 select * from users where id=15
15:37:59 use a0122145834;
15:37:59 set names utf8;
15:37:59 select * from configs
15:37:59 select * from users where id=15
15:37:59 select count(id) from users where spreader_id='15'
15:37:59 select * from images
15:37:59 select type_id from articles where id='8'
15:37:59 select * from articles where id='8'
15:38:05 use a0122145834;
15:38:05 set names utf8;
15:38:05 select * from configs
15:38:05 select * from users where id=15
15:38:05 select count(id) from users where spreader_id='15'
15:38:05 select * from images
15:38:05 select * from article_type
15:38:05 select count(id) from articles order by add_time desc
15:38:05 select * from articles order by add_time desc limit 0,5
15:38:19 use a0122145834;
15:38:19 set names utf8;
15:38:19 select * from configs
15:38:19 select * from users where id=15
15:38:19 select count(id) from users where spreader_id='15'
15:38:19 select * from images
15:38:19 select type_id from articles where id='6'
15:38:22 use a0122145834;
15:38:22 set names utf8;
15:38:22 select * from configs
15:38:22 select * from users where id=15
15:38:22 select count(id) from users where spreader_id='15'
15:38:22 select * from images
15:38:22 select * from goods where need_top=1 and need_hidden=0 order by id desc limit 0,5
15:38:22 select count(id) from goods where need_top=0 and need_hidden=0 order by id desc
15:38:22 select * from goods where need_top=0 and need_hidden=0 order by id desc limit 0,5
15:38:25 use a0122145834;
15:38:25 set names utf8;
15:38:25 select * from configs
15:38:25 select * from users where id=15
15:38:25 select count(id) from users where spreader_id='15'
15:38:25 select * from images
15:38:25 select * from article_type
15:38:25 select * from article_type where id='0'
15:38:25 select count(id) from articles where type_id='0' order by add_time desc
15:38:25 select * from articles where type_id='0' order by add_time desc limit 0,5
15:38:39 use a0122145834;
15:38:39 set names utf8;
15:38:39 select * from configs
15:38:39 select * from users where id=15
15:38:39 select count(id) from users where spreader_id='15'
15:38:39 select * from images
15:38:41 use a0122145834;
15:38:41 set names utf8;
15:38:41 select * from configs
15:38:41 select * from users where id=15
15:38:41 select count(id) from users where spreader_id='15'
15:38:41 select * from images
15:38:41 select * from goods where need_top=1 and need_hidden=0 order by id desc limit 0,5
15:38:41 select count(id) from goods where need_top=0 and need_hidden=0 order by id desc
15:38:41 select * from goods where need_top=0 and need_hidden=0 order by id desc limit 0,5
15:38:44 use a0122145834;
15:38:44 set names utf8;
15:38:44 select * from configs
15:38:44 select * from users where id=15
15:38:44 select count(id) from users where spreader_id='15'
15:38:44 select * from images
15:38:44 select * from article_type
15:38:44 select * from article_type where id='0'
15:38:44 select count(id) from articles where type_id='0' order by add_time desc
15:38:44 select * from articles where type_id='0' order by add_time desc limit 0,5
15:40:50 use a0122145834;
15:40:50 set names utf8;
15:40:50 select * from configs
15:40:50 select * from users where id=15
15:40:50 select count(id) from users where spreader_id='15'
15:40:50 select * from images
15:40:53 use a0122145834;
15:40:53 set names utf8;
15:40:53 select * from configs
15:40:53 select * from users where id=15
15:40:53 select count(id) from users where spreader_id='15'
15:40:53 select * from images
15:40:53 select * from goods where need_top=1 and need_hidden=0 order by id desc limit 0,5
15:40:53 select count(id) from goods where need_top=0 and need_hidden=0 order by id desc
15:40:53 select * from goods where need_top=0 and need_hidden=0 order by id desc limit 0,5
15:40:55 use a0122145834;
15:40:55 set names utf8;
15:40:55 select * from configs
15:40:55 select * from users where id=15
15:40:55 select count(id) from users where spreader_id='15'
15:40:55 select * from images
15:40:55 select * from article_type
15:40:55 select * from article_type where id='0'
15:40:55 select count(id) from articles where type_id='0' order by add_time desc
15:40:55 select * from articles where type_id='0' order by add_time desc limit 0,5
15:40:56 use a0122145834;
15:40:56 set names utf8;
15:40:56 select * from configs
15:40:56 select * from users where id=15
15:40:56 select count(id) from users where spreader_id='15'
15:40:56 select * from images
15:40:58 use a0122145834;
15:40:58 set names utf8;
15:40:58 select * from configs
15:40:58 select * from users where id=15
15:40:58 select count(id) from users where spreader_id='15'
15:40:58 select * from images
15:40:58 select * from goods where need_top=1 and need_hidden=0 order by id desc limit 0,5
15:40:58 select count(id) from goods where need_top=0 and need_hidden=0 order by id desc
15:40:58 select * from goods where need_top=0 and need_hidden=0 order by id desc limit 0,5
15:41:16 use a0122145834;
15:41:16 set names utf8;
15:41:16 select * from configs
15:41:16 select * from users where id=15
15:41:16 select count(id) from users where spreader_id='15'
15:41:16 select * from images
15:41:16 select * from article_type
15:41:16 select * from article_type where id='0'
15:41:16 select count(id) from articles where type_id='0' order by add_time desc
15:41:16 select * from articles where type_id='0' order by add_time desc limit 0,5
15:41:21 use a0122145834;
15:41:21 set names utf8;
15:41:21 select * from configs
15:41:21 select * from users where id=15
15:41:21 select count(id) from users where spreader_id='15'
15:41:21 select * from images
15:41:23 use a0122145834;
15:41:23 set names utf8;
15:41:23 select * from configs
15:41:23 select * from users where id=15
15:41:23 select count(id) from users where spreader_id='15'
15:41:23 select * from images
15:41:23 select * from goods where need_top=1 and need_hidden=0 order by id desc limit 0,5
15:41:23 select count(id) from goods where need_top=0 and need_hidden=0 order by id desc
15:41:23 select * from goods where need_top=0 and need_hidden=0 order by id desc limit 0,5
15:43:56 use a0122145834;
15:43:56 set names utf8;
15:43:56 select * from configs
15:43:56 select * from users where id=15
15:43:56 select count(id) from users where spreader_id='15'
15:43:56 select * from images
15:43:56 select * from article_type
15:43:56 select * from article_type where id='0'
15:43:56 select count(id) from articles where type_id='0' order by add_time desc
15:43:56 select * from articles where type_id='0' order by add_time desc limit 0,5
15:44:03 use a0122145834;
15:44:03 set names utf8;
15:44:03 select * from configs
15:44:03 select * from users where id=15
15:44:03 use a0122145834;
15:44:03 set names utf8;
15:44:03 select * from configs
15:44:03 select * from users where id=15
15:44:03 select count(id) from users where spreader_id='15'
15:44:03 select * from images
15:44:03 select * from goods where need_top=1 and need_hidden=0 order by id desc limit 0,5
15:44:03 select count(id) from goods where need_top=0 and need_hidden=0 order by id desc
15:44:03 select * from goods where need_top=0 and need_hidden=0 order by id desc limit 0,5
15:44:42 use a0122145834;
15:44:42 set names utf8;
15:44:42 select * from configs
15:44:42 select * from users where id=15
15:44:42 select count(id) from users where spreader_id='15'
15:44:42 select * from images
15:44:42 select * from article_type
15:44:42 select * from article_type where id='0'
15:44:42 select count(id) from articles where type_id='0' order by add_time desc
15:44:42 select * from articles where type_id='0' order by add_time desc limit 0,5
15:45:00 use a0122145834;
15:45:00 set names utf8;
15:45:00 select * from configs
15:45:00 select * from users where id=15
15:45:00 select count(id) from users where spreader_id='15'
15:45:00 select * from images
15:45:02 use a0122145834;
15:45:02 set names utf8;
15:45:02 select * from configs
15:45:02 select * from users where id=15
15:45:02 select count(id) from users where spreader_id='15'
15:45:02 select * from images
15:45:02 select * from goods where need_top=1 and need_hidden=0 order by id desc limit 0,5
15:45:02 select count(id) from goods where need_top=0 and need_hidden=0 order by id desc
15:45:02 select * from goods where need_top=0 and need_hidden=0 order by id desc limit 0,5
15:45:04 use a0122145834;
15:45:04 set names utf8;
15:45:04 select * from configs
15:45:04 select * from users where id=15
15:45:04 select count(id) from users where spreader_id='15'
15:45:04 select * from images
15:45:04 select * from article_type
15:45:04 select * from article_type where id='0'
15:45:04 select count(id) from articles where type_id='0' order by add_time desc
15:45:04 select * from articles where type_id='0' order by add_time desc limit 0,5
15:45:29 use a0122145834;
15:45:29 set names utf8;
15:45:29 select * from configs
15:45:29 select * from users where id=15
15:45:29 select count(id) from users where spreader_id='15'
15:45:29 select * from images
15:45:31 use a0122145834;
15:45:31 set names utf8;
15:45:31 select * from configs
15:45:31 select * from users where id=15
15:45:31 select count(id) from users where spreader_id='15'
15:45:31 select * from images
15:45:31 select * from goods where need_top=1 and need_hidden=0 order by id desc limit 0,5
15:45:31 select count(id) from goods where need_top=0 and need_hidden=0 order by id desc
15:45:31 select * from goods where need_top=0 and need_hidden=0 order by id desc limit 0,5
15:45:35 use a0122145834;
15:45:35 set names utf8;
15:45:35 select * from configs
15:45:35 select * from users where id=15
15:45:35 select count(id) from users where spreader_id='15'
15:45:35 select * from images
15:45:35 select * from article_type
15:45:35 select * from article_type where id='0'
15:45:35 select count(id) from articles where type_id='0' order by add_time desc
15:45:35 select * from articles where type_id='0' order by add_time desc limit 0,5
15:55:48 use a0122145834;
15:55:48 set names utf8;
15:55:48 select * from configs
15:55:48 select * from users where id=15
15:55:49 use a0122145834;
15:55:49 set names utf8;
15:55:49 select * from configs
15:55:49 select * from users where id=15
15:55:49 select count(id) from users where spreader_id='15'
15:55:49 select * from images
15:55:49 select * from goods where need_top=1 and need_hidden=0 order by id desc limit 0,5
15:55:49 select count(id) from goods where need_top=0 and need_hidden=0 order by id desc
15:55:49 select * from goods where need_top=0 and need_hidden=0 order by id desc limit 0,5
15:56:33 use a0122145834;
15:56:33 set names utf8;
15:56:33 select * from configs
15:56:33 select * from users where id=15
15:56:33 select count(id) from users where spreader_id='15'
15:56:33 select * from images
15:56:33 select * from users where spreader_id='15'
15:57:55 use a0122145834;
15:57:55 set names utf8;
15:57:56 select * from configs
15:57:56 select * from users where id=15
15:57:56 select count(id) from users where spreader_id='15'
15:57:56 select * from images
15:57:56 select * from users where spreader_id='15'
16:00:38 use a0122145834;
16:00:38 set names utf8;
16:00:38 select * from configs
16:00:38 select * from users where id=15
16:00:38 select count(id) from users where spreader_id='15'
16:00:38 select * from images
16:00:38 select * from goods where need_top=1 and need_hidden=0 order by id desc limit 0,5
16:00:38 select count(id) from goods where need_top=0 and need_hidden=0 order by id desc
16:00:38 select * from goods where need_top=0 and need_hidden=0 order by id desc limit 0,5
16:01:42 use a0122145834;
16:01:43 set names utf8;
16:01:43 select * from configs
16:01:43 select * from users where id=15
16:01:43 select count(id) from users where spreader_id='15'
16:01:43 select * from images
16:01:43 select * from users where spreader_id='15'
16:01:59 use a0122145834;
16:01:59 set names utf8;
16:01:59 select * from configs
16:01:59 select * from users where id=15
16:01:59 select count(id) from users where spreader_id='15'
16:01:59 select * from images
16:20:32 use a0122145834;
16:20:32 set names utf8;
16:20:32 select * from configs
16:22:20 use a0122145834;
16:22:20 set names utf8;
16:22:20 select * from configs
16:22:20 select * from users where id=15
16:22:20 select count(id) from users where spreader_id='15'
16:22:20 select * from images
16:22:20 select * from goods where need_top=1 and need_hidden=0 order by id desc limit 0,5
16:22:20 select count(id) from goods where need_top=0 and need_hidden=0 order by id desc
16:22:20 select * from goods where need_top=0 and need_hidden=0 order by id desc limit 0,5
16:27:37 use a0122145834;
16:27:37 set names utf8;
16:27:37 select * from configs
16:27:37 select * from users where id=15
16:27:37 select count(id) from users where spreader_id='15'
16:27:37 select * from images
16:27:37 use a0122145834;
16:27:37 set names utf8;
16:27:37 select * from configs
16:33:40 use a0122145834;
16:33:40 set names utf8;
16:33:40 select * from configs
16:34:19 use a0122145834;
16:34:19 set names utf8;
16:34:19 select * from configs
16:34:47 use a0122145834;
16:34:47 set names utf8;
16:34:47 select * from configs
16:36:03 use a0122145834;
16:36:03 set names utf8;
16:36:03 select * from configs
16:37:45 use a0122145834;
16:37:45 set names utf8;
16:37:45 select * from configs
16:51:25 use a0122145834;
16:51:25 set names utf8;
16:51:25 select * from configs
17:00:33 use a0122145834;
17:00:33 set names utf8;
17:00:33 select * from configs
17:19:47 use a0122145834;
17:19:47 set names utf8;
17:19:47 select * from configs
18:17:46 use a0122145834;
18:17:46 set names utf8;
18:17:46 select * from configs
18:17:46 select * from admins where id=1
18:17:46 select * from users where id=15
18:18:36 use a0122145834;
18:18:36 set names utf8;
18:18:36 select * from configs
18:18:40 use a0122145834;
18:18:40 set names utf8;
18:18:40 select * from configs
18:18:45 use a0122145834;
18:18:45 set names utf8;
18:18:45 select * from configs
19:26:07 use a0122145834;
19:26:07 set names utf8;
19:26:07 select * from configs
19:26:07 select * from admins where id=1
19:26:07 use a0122145834;
19:26:07 set names utf8;
19:26:07 select * from configs
19:26:07 select * from admins where id=1
19:26:07 select count(id) from users
19:26:07 select * from users limit 0,20
19:26:15 use a0122145834;
19:26:15 set names utf8;
19:26:15 select * from configs
19:26:15 select * from admins where id=1
19:26:15 select count(i.id) from expense as i left join users as u on i.user_id=u.id
19:26:15 select i.id,i.expense_money,i.order_sn,i.add_time,i.expense_status,u.user_name,u.nick_name,u.spreader_id,u.vip_level,u.pay_name,u.pay_email from expense as i left join users as u on i.user_id=u.id limit 0,20
19:26:57 use a0122145834;
19:26:57 set names utf8;
19:26:57 select * from configs
19:26:57 select * from admins where id=1
19:26:57 select count(i.id) from expense as i left join users as u on i.user_id=u.id
19:26:57 select i.id,i.expense_money,i.order_sn,i.add_time,i.expense_status,u.user_name,u.nick_name,u.spreader_id,u.vip_level,u.pay_name,u.pay_email from expense as i left join users as u on i.user_id=u.id limit 0,20
19:27:05 use a0122145834;
19:27:05 set names utf8;
19:27:05 select * from configs
19:27:05 select * from admins where id=1
19:27:05 select count(i.id) from income as i left join users as u on i.user_id=u.id
19:27:05 select i.id,i.income_money,i.order_sn,i.add_time,i.pay_status,u.user_name,u.nick_name,u.spreader_id,u.vip_level from income as i left join users as u on i.user_id=u.id limit 0,20
19:27:08 use a0122145834;
19:27:08 set names utf8;
19:27:08 select * from configs
19:27:08 select * from admins where id=1
19:27:09 use a0122145834;
19:27:09 set names utf8;
19:27:09 select * from configs
19:27:09 select * from admins where id=1
19:27:09 select count(id) from users
19:27:09 select * from users limit 0,20
19:27:55 use a0122145834;
19:27:55 set names utf8;
19:27:55 select * from configs
19:34:51 use a0122145834;
19:34:51 set names utf8;
19:34:51 select * from configs
19:55:53 use a0122145834;
19:55:53 set names utf8;
19:55:53 select * from configs
20:18:37 use a0122145834;
20:18:37 set names utf8;
20:18:37 select * from configs
20:29:47 use a0122145834;
20:29:47 set names utf8;
20:29:47 select * from configs
20:55:48 use a0122145834;
20:55:48 set names utf8;
20:55:48 select * from configs
20:55:49 use a0122145834;
20:55:49 set names utf8;
20:55:49 select * from configs
20:55:53 use a0122145834;
20:55:53 set names utf8;
20:55:53 select * from configs
20:55:53 use a0122145834;
20:55:53 set names utf8;
20:55:53 select * from configs
20:58:51 use a0122145834;
20:58:51 set names utf8;
20:58:51 select * from configs
21:37:19 use a0122145834;
21:37:19 set names utf8;
21:37:19 select * from configs
21:38:16 use a0122145834;
21:38:16 set names utf8;
21:38:16 select * from configs
22:35:00 use a0122145834;
22:35:00 set names utf8;
22:35:00 select * from configs
22:40:04 use a0122145834;
22:40:04 set names utf8;
22:40:04 select * from configs
23:06:37 use a0122145834;
23:06:37 set names utf8;
23:06:37 select * from configs
23:06:39 use a0122145834;
23:06:39 set names utf8;
23:06:39 select * from configs
23:06:44 use a0122145834;
23:06:44 set names utf8;
23:06:44 select * from configs
23:06:44 select * from admins where id=1
23:06:44 select count(id) from users
23:06:44 select * from users limit 0,20
23:06:55 use a0122145834;
23:06:55 set names utf8;
23:06:55 select * from configs
23:06:55 select * from admins where id=1
23:06:55 select count(i.id) from expense as i left join users as u on i.user_id=u.id
23:06:55 select i.id,i.expense_money,i.order_sn,i.add_time,i.expense_status,u.user_name,u.nick_name,u.spreader_id,u.vip_level,u.pay_name,u.pay_email from expense as i left join users as u on i.user_id=u.id limit 0,20
23:17:46 use a0122145834;
23:17:46 set names utf8;
23:17:46 select * from configs
23:20:19 use a0122145834;
23:20:19 set names utf8;
23:20:19 select * from configs
23:25:32 use a0122145834;
23:25:32 set names utf8;
23:25:32 select * from configs
