23:20:57 use a0122145834;
23:20:57 set names utf8;
23:20:57 select * from configs
23:20:57 select * from users where id=667
23:20:57 select count(id) from users where spreader_id='667'
23:20:57 select * from images
23:20:57 select count(v.id) from vipmsg as v left join users as u on v.user_id=u.id where v.can_see=1 order by v.id desc
23:20:57 select v.id,u.nick_name,v.user_id,v.user_msg,v.recove,v.add_time from vipmsg as v left join users as u on v.user_id=u.id where v.can_see=1 order by v.id desc limit 0,5
23:21:37 use a0122145834;
23:21:37 set names utf8;
23:21:37 select * from configs
23:21:37 use a0122145834;
23:21:37 set names utf8;
23:21:37 select * from configs
23:21:53 use a0122145834;
23:21:53 set names utf8;
23:21:53 select * from configs
23:21:59 use a0122145834;
23:21:59 set names utf8;
23:21:59 select * from configs
23:21:59 select * from users where id=667
23:21:59 select count(id) from users where spreader_id='667'
23:21:59 select * from images
23:21:59 select count(v.id) from vipmsg as v left join users as u on v.user_id=u.id where v.can_see=1 order by v.id desc
23:21:59 select v.id,u.nick_name,v.user_id,v.user_msg,v.recove,v.add_time from vipmsg as v left join users as u on v.user_id=u.id where v.can_see=1 order by v.id desc limit 5,5
23:22:18 use a0122145834;
23:22:18 set names utf8;
23:22:18 select * from configs
23:22:18 select * from users where id=667
23:22:18 select count(id) from users where spreader_id='667'
23:22:18 select * from images
23:22:18 select count(v.id) from vipmsg as v left join users as u on v.user_id=u.id where v.can_see=1 order by v.id desc
23:22:18 select v.id,u.nick_name,v.user_id,v.user_msg,v.recove,v.add_time from vipmsg as v left join users as u on v.user_id=u.id where v.can_see=1 order by v.id desc limit 10,5
23:22:34 use a0122145834;
23:22:34 set names utf8;
23:22:34 select * from configs
23:22:34 select * from users where id=667
23:22:39 use a0122145834;
23:22:39 set names utf8;
23:22:39 select * from configs
23:22:39 select * from users where id=667
23:22:39 select count(id) from users where spreader_id='667'
23:22:39 select * from images
23:22:40 select count(id) from income where user_id=667
23:22:40 select * from income where user_id=667 limit 0,5
23:23:30 use a0122145834;
23:23:30 set names utf8;
23:23:30 select * from configs
23:27:20 use a0122145834;
23:27:20 set names utf8;
23:27:20 select * from configs
23:27:20 use a0122145834;
23:27:20 set names utf8;
23:27:20 select * from configs
23:27:20 use a0122145834;
23:27:20 set names utf8;
23:27:20 select * from configs
23:27:34 use a0122145834;
23:27:34 set names utf8;
23:27:34 select * from configs
23:27:34 select * from users where user_name='315251617' and user_word='cc287ff3fc1382d2f8c5483e7b9f58ee'
23:27:34 use a0122145834;
23:27:34 set names utf8;
23:27:34 select * from configs
23:27:34 select * from users where id=268
23:27:34 select count(id) from users where spreader_id='268'
23:27:34 select * from images
23:27:34 select * from goods where need_top=1 and need_hidden=0 order by id desc limit 0,5
23:27:34 select count(id) from goods where need_top=0 and need_hidden=0 order by id desc
23:27:34 select * from goods where need_top=0 and need_hidden=0 order by id desc limit 0,5
23:27:44 use a0122145834;
23:27:44 set names utf8;
23:27:44 select * from configs
23:27:44 select * from users where id=268
23:27:44 select count(id) from users where spreader_id='268'
23:27:44 select * from images
23:27:44 select * from users where spreader_id='268'
23:27:57 use a0122145834;
23:27:57 set names utf8;
23:27:57 select * from configs
23:27:57 select * from users where id=268
23:27:57 select count(id) from users where spreader_id='268'
23:27:57 select * from images
23:27:57 select * from users where spreader_id='268'
23:28:06 use a0122145834;
23:28:06 set names utf8;
23:28:06 select * from configs
23:28:06 select * from users where id=268
23:28:06 select * from goods where need_hidden=0 and id=8
23:28:06 select * from orders where user_id=268 and goods_id=8 
23:30:16 use a0122145834;
23:30:16 set names utf8;
23:30:16 select * from configs
23:36:09 use a0122145834;
23:36:09 set names utf8;
23:36:09 select * from configs
23:39:06 use a0122145834;
23:39:06 set names utf8;
23:39:06 select * from configs
23:39:06 select count(id) from users where register_ip='123.13.47.165' or last_ip='123.13.47.165' and add_time>1391009946
23:39:06 select * from users where user_name='1024993384'
23:39:06 insert into users (user_name,nick_name,user_word,email,spreader_id,add_time,register_ip) values ('1024993384','求昵称','2734e1765917b9c2274cc67d8d177bc6','1024993384@qq.com',50,'1393601946','123.13.47.165') ;
23:39:23 use a0122145834;
23:39:23 set names utf8;
23:39:23 select * from configs
23:39:23 select * from users where id=670
23:39:23 select count(id) from users where spreader_id='670'
23:39:23 select * from images
23:41:45 use a0122145834;
23:41:45 set names utf8;
23:41:45 select * from configs
23:41:45 select * from users where id=667
23:41:45 select count(id) from users where spreader_id='667'
23:41:45 select * from images
23:41:45 select count(id) from income where user_id=667
23:41:45 select * from income where user_id=667 limit 0,5
23:42:09 use a0122145834;
23:42:09 set names utf8;
23:42:09 select * from configs
23:42:09 select * from users where id=667
23:42:09 select count(id) from users where spreader_id='667'
23:42:09 select * from images
23:42:09 select count(id) from expense where user_id=667
23:42:09 select * from expense where user_id=667 limit 0,5
23:42:41 use a0122145834;
23:42:41 set names utf8;
23:42:41 select * from configs
23:42:41 select count(id) from users where register_ip='222.88.75.165' or last_ip='222.88.75.165' and add_time>1391010161
23:42:41 select * from users where user_name='1677872301'
23:42:41 insert into users (user_name,nick_name,user_word,email,spreader_id,add_time,register_ip) values ('1677872301','求昵称','77fab95de2c362ba0ad0b1b27a9f058a','1677872301@qq.com',50,'1393602161','222.88.75.165') ;
23:42:41 use a0122145834;
23:42:41 set names utf8;
23:42:41 select * from configs
23:42:41 select * from users where id=671
23:42:41 select count(id) from users where spreader_id='671'
23:42:41 select * from images
23:42:53 use a0122145834;
23:42:53 set names utf8;
23:42:53 select * from configs
23:45:55 use a0122145834;
23:45:55 set names utf8;
23:45:55 select * from configs
23:45:57 use a0122145834;
23:45:57 set names utf8;
23:45:57 select * from configs
23:52:32 use a0122145834;
23:52:32 set names utf8;
23:52:32 select * from configs
23:54:07 use a0122145834;
23:54:07 set names utf8;
23:54:07 select * from configs
23:55:37 use a0122145834;
23:55:37 set names utf8;
23:55:37 select * from configs
23:55:37 select * from users where id=667
23:55:37 use a0122145834;
23:55:37 set names utf8;
23:55:37 select * from configs
23:55:37 select * from users where id=667
23:55:37 select count(id) from users where spreader_id='667'
23:55:37 select * from images
23:55:37 select * from goods where need_top=1 and need_hidden=0 order by id desc limit 0,5
23:55:37 select count(id) from goods where need_top=0 and need_hidden=0 order by id desc
23:55:37 select * from goods where need_top=0 and need_hidden=0 order by id desc limit 0,5
23:56:02 use a0122145834;
23:56:02 set names utf8;
23:56:02 select * from configs
23:56:02 select * from users where id=667
23:56:02 select count(id) from users where spreader_id='667'
23:56:02 select * from images
23:56:02 select * from goods where need_top=1 and need_hidden=0 order by id desc limit 0,5
23:56:02 select count(id) from goods where need_top=0 and need_hidden=0 order by id desc
23:56:02 select * from goods where need_top=0 and need_hidden=0 order by id desc limit 0,5
23:58:27 use a0122145834;
23:58:27 set names utf8;
23:58:27 select * from configs
23:59:51 use a0122145834;
23:59:51 set names utf8;
23:59:51 select * from configs
23:59:51 use a0122145834;
23:59:51 set names utf8;
23:59:51 select * from configs
