00:00:55 use a0122145834;
00:00:55 set names utf8;
00:00:55 select * from configs
00:00:55 select * from users where id=35
00:00:55 select count(id) from users where spreader_id='35'
00:00:55 select * from images
00:00:55 select * from goods where need_top=1 and need_hidden=0 order by id desc limit 0,5
00:00:55 select count(id) from goods where need_top=0 and need_hidden=0 order by id desc
00:00:55 select * from goods where need_top=0 and need_hidden=0 order by id desc limit 0,5
00:07:52 use a0122145834;
00:07:52 set names utf8;
00:07:52 select * from configs
00:07:52 select * from users where id=35
00:07:52 select count(id) from users where spreader_id='35'
00:07:52 select * from images
00:07:52 select count(id) from income where user_id=35
00:07:52 select * from income where user_id=35 limit 0,5
00:07:58 use a0122145834;
00:07:58 set names utf8;
00:07:58 select * from configs
00:07:58 select * from users where id=35
00:07:58 select count(id) from users where spreader_id='35'
00:07:58 select * from images
00:07:58 select count(id) from income where user_id=35
00:07:58 select * from income where user_id=35 limit 0,5
00:08:07 use a0122145834;
00:08:07 set names utf8;
00:08:07 select * from configs
00:08:07 select * from users where id=35
00:08:07 select count(id) from users where spreader_id='35'
00:08:07 select * from images
00:08:07 select count(id) from income where user_id=35
00:08:07 select * from income where user_id=35 limit 0,5
00:09:00 use a0122145834;
00:09:00 set names utf8;
00:09:00 select * from configs
00:09:00 select * from users where id=35
00:09:00 select count(id) from users where spreader_id='35'
00:09:00 select * from images
00:09:00 select count(id) from income where user_id=35
00:09:00 select * from income where user_id=35 limit 0,5
00:09:05 use a0122145834;
00:09:05 set names utf8;
00:09:05 select * from configs
00:09:05 select * from users where id=35
00:09:05 insert into income (user_id,income_money,order_sn,add_time,pay_status) values ('35','1','139083894513168','1390838945','0') ;
00:09:22 use a0122145834;
00:09:22 set names utf8;
00:09:22 select * from configs
00:09:22 select * from users where id=35
00:09:22 insert into income (user_id,income_money,order_sn,add_time,pay_status) values ('35','1','139083896248684','1390838962','0') ;
00:09:30 use a0122145834;
00:09:30 set names utf8;
00:09:30 select * from configs
00:09:30 select * from users where id=35
00:09:30 select count(id) from users where spreader_id='35'
00:09:30 select * from images
00:09:30 select count(id) from income where user_id=35
00:09:30 select * from income where user_id=35 limit 0,5
00:10:39 use a0122145834;
00:10:39 set names utf8;
00:10:39 select * from configs
00:10:39 select * from users where id=35
00:10:39 select count(id) from users where spreader_id='35'
00:10:39 select * from images
00:10:39 select count(id) from income where user_id=35
00:10:39 select * from income where user_id=35 limit 0,5
00:10:46 use a0122145834;
00:10:46 set names utf8;
00:10:46 select * from configs
00:10:46 select * from users where id=35
00:10:46 select count(id) from users where spreader_id='35'
00:10:46 select * from images
00:10:46 select count(id) from income where user_id=35
00:10:46 select * from income where user_id=35 limit 0,5
00:10:47 use a0122145834;
00:10:47 set names utf8;
00:10:47 select * from configs
00:10:47 select * from users where id=35
00:10:47 select count(id) from users where spreader_id='35'
00:10:47 select * from images
00:10:47 select count(id) from income where user_id=35
00:10:47 select * from income where user_id=35 limit 0,5
00:11:13 use a0122145834;
00:11:13 set names utf8;
00:11:13 select * from configs
00:11:13 select * from users where id=35
00:11:13 select count(id) from users where spreader_id='35'
00:11:13 select * from images
00:11:13 select count(id) from income where user_id=35
00:11:13 select * from income where user_id=35 limit 0,5
00:11:47 use a0122145834;
00:11:47 set names utf8;
00:11:47 select * from configs
00:11:47 select * from users where id=35
00:11:47 insert into income (user_id,income_money,order_sn,add_time,pay_status) values ('35','10','139083910724649','1390839107','0') ;
00:12:29 use a0122145834;
00:12:29 set names utf8;
00:12:29 select * from configs
00:12:29 select * from users where id=35
00:12:29 select count(id) from users where spreader_id='35'
00:12:30 select * from images
00:12:30 select count(id) from income where user_id=35
00:12:30 select * from income where user_id=35 limit 0,5
00:12:54 use a0122145834;
00:12:54 set names utf8;
00:12:54 select * from configs
00:12:54 select * from users where id=35
00:12:54 select count(id) from users where spreader_id='35'
00:12:54 select * from images
00:12:54 select count(id) from income where user_id=35
00:12:54 select * from income where user_id=35 limit 0,5
00:13:44 use a0122145834;
00:13:44 set names utf8;
00:13:44 select * from configs
00:13:44 select * from users where id=35
00:13:44 select count(id) from users where spreader_id='35'
00:13:44 select * from images
00:13:44 select count(id) from income where user_id=35
00:13:44 select * from income where user_id=35 limit 0,5
00:14:01 use a0122145834;
00:14:01 set names utf8;
00:14:01 select * from configs
00:14:01 select * from users where id=35
00:14:01 select count(id) from users where spreader_id='35'
00:14:01 select * from images
00:14:01 select count(id) from income where user_id=35
00:14:01 select * from income where user_id=35 limit 0,5
00:14:07 use a0122145834;
00:14:07 set names utf8;
00:14:07 select * from configs
00:14:07 select * from users where id=35
00:14:07 insert into income (user_id,income_money,order_sn,add_time,pay_status) values ('35','1','139083924798687','1390839247','0') ;
00:14:28 use a0122145834;
00:14:28 set names utf8;
00:14:28 select * from configs
00:15:11 use a0122145834;
00:15:11 set names utf8;
00:15:11 select * from configs
00:15:11 select * from users where id=35
00:15:11 insert into income (user_id,income_money,order_sn,add_time,pay_status) values ('35','1','139083931145410','1390839311','0') ;
00:16:06 use a0122145834;
00:16:06 set names utf8;
00:16:06 select * from configs
00:16:58 use a0122145834;
00:16:58 set names utf8;
00:16:58 select * from configs
00:16:58 select * from users where id=35
00:16:58 select count(id) from users where spreader_id='35'
00:16:58 select * from images
00:16:58 select count(id) from income where user_id=35
00:16:58 select * from income where user_id=35 limit 0,5
00:17:08 use a0122145834;
00:17:08 set names utf8;
00:17:08 select * from configs
00:17:08 select * from users where id=35
00:17:08 use a0122145834;
00:17:08 set names utf8;
00:17:08 select * from configs
00:17:08 select * from users where id=35
00:17:08 select count(id) from users where spreader_id='35'
00:17:08 select * from images
00:17:08 select * from goods where need_top=1 and need_hidden=0 order by id desc limit 0,5
00:17:08 select count(id) from goods where need_top=0 and need_hidden=0 order by id desc
00:17:08 select * from goods where need_top=0 and need_hidden=0 order by id desc limit 0,5
00:17:35 use a0122145834;
00:17:35 set names utf8;
00:17:35 select * from configs
00:17:35 select * from users where id=35
00:17:35 select count(id) from users where spreader_id='35'
00:17:35 select * from images
00:17:35 select * from goods where need_top=1 and need_hidden=0 order by id desc limit 0,5
00:17:35 select count(id) from goods where need_top=0 and need_hidden=0 order by id desc
00:17:35 select * from goods where need_top=0 and need_hidden=0 order by id desc limit 0,5
00:17:38 use a0122145834;
00:17:38 set names utf8;
00:17:38 select * from configs
00:17:38 select * from users where id=35
00:17:38 select count(id) from users where spreader_id='35'
00:17:38 select * from images
00:17:38 select * from goods where need_top=1 and need_hidden=0 order by id desc limit 0,5
00:17:38 select count(id) from goods where need_top=0 and need_hidden=0 order by id desc
00:17:38 select * from goods where need_top=0 and need_hidden=0 order by id desc limit 0,5
00:17:41 use a0122145834;
00:17:41 set names utf8;
00:17:41 select * from configs
00:17:41 select * from users where id=35
00:17:41 select count(id) from users where spreader_id='35'
00:17:41 select * from images
00:17:41 select * from goods where need_top=1 and need_hidden=0 order by id desc limit 0,5
00:17:41 select count(id) from goods where need_top=0 and need_hidden=0 order by id desc
00:17:41 select * from goods where need_top=0 and need_hidden=0 order by id desc limit 0,5
00:18:11 use a0122145834;
00:18:11 set names utf8;
00:18:11 select * from configs
00:18:11 select * from users where id=35
00:18:11 select count(id) from users where spreader_id='35'
00:18:11 select * from images
00:18:11 select * from goods where need_top=1 and need_hidden=0 order by id desc limit 0,5
00:18:11 select count(id) from goods where need_top=0 and need_hidden=0 order by id desc
00:18:11 select * from goods where need_top=0 and need_hidden=0 order by id desc limit 0,5
00:18:27 use a0122145834;
00:18:27 set names utf8;
00:18:27 select * from configs
00:18:27 select * from users where id=35
00:18:27 select count(id) from users where spreader_id='35'
00:18:27 select * from images
00:18:27 select count(id) from income where user_id=35
00:18:27 select * from income where user_id=35 limit 0,5
00:18:28 use a0122145834;
00:18:28 set names utf8;
00:18:28 select * from configs
00:18:28 select * from users where id=35
00:18:28 select count(id) from users where spreader_id='35'
00:18:28 select * from images
00:18:28 select count(id) from income where user_id=35
00:18:28 select * from income where user_id=35 limit 0,5
00:22:18 use a0122145834;
00:22:18 set names utf8;
00:22:18 select * from configs
00:22:18 select * from users where id=35
00:22:18 select count(id) from users where spreader_id='35'
00:22:18 select * from images
00:22:18 select count(id) from income where user_id=35
00:22:18 select * from income where user_id=35 limit 0,5
00:23:13 use a0122145834;
00:23:13 set names utf8;
00:23:13 select * from configs
00:23:13 select * from users where id=35
00:23:13 select count(id) from users where spreader_id='35'
00:23:13 select * from images
00:23:13 select count(id) from income where user_id=35
00:23:13 select * from income where user_id=35 limit 0,5
00:23:24 use a0122145834;
00:23:24 set names utf8;
00:23:24 select * from configs
00:23:24 select * from users where id=35
00:23:24 use a0122145834;
00:23:24 set names utf8;
00:23:24 select * from configs
00:23:24 select * from users where id=35
00:23:25 select count(id) from users where spreader_id='35'
00:23:25 select * from images
00:23:25 select * from goods where need_top=1 and need_hidden=0 order by id desc limit 0,5
00:23:25 select count(id) from goods where need_top=0 and need_hidden=0 order by id desc
00:23:25 select * from goods where need_top=0 and need_hidden=0 order by id desc limit 0,5
00:35:20 use a0122145834;
00:35:20 set names utf8;
00:35:20 select * from configs
00:35:20 use a0122145834;
00:35:20 set names utf8;
00:35:20 select * from configs
00:35:20 use a0122145834;
00:35:20 set names utf8;
00:35:20 select * from configs
01:31:10 use a0122145834;
01:31:10 set names utf8;
01:31:10 select * from configs
01:33:10 use a0122145834;
01:33:10 set names utf8;
01:33:10 select * from configs
02:19:03 use a0122145834;
02:19:03 set names utf8;
02:19:03 select * from configs
02:30:56 use a0122145834;
02:30:56 set names utf8;
02:30:56 select * from configs
02:37:50 use a0122145834;
02:37:50 set names utf8;
02:37:50 select * from configs
02:40:25 use a0122145834;
02:40:25 set names utf8;
02:40:25 select * from configs
02:41:59 use a0122145834;
02:41:59 set names utf8;
02:41:59 select * from configs
02:49:26 use a0122145834;
02:49:26 set names utf8;
02:49:26 select * from configs
05:38:30 use a0122145834;
05:38:30 set names utf8;
05:38:30 select * from configs
05:38:30 use a0122145834;
05:38:30 set names utf8;
05:38:30 select * from configs
05:38:30 use a0122145834;
05:38:30 set names utf8;
05:38:30 select * from configs
05:38:34 use a0122145834;
05:38:34 set names utf8;
05:38:34 select * from configs
05:38:35 use a0122145834;
05:38:35 set names utf8;
05:38:35 select * from configs
06:49:10 use a0122145834;
06:49:10 set names utf8;
06:49:10 select * from configs
07:12:35 use a0122145834;
07:12:35 set names utf8;
07:12:35 select * from configs
07:12:35 use a0122145834;
07:12:35 set names utf8;
07:12:35 select * from configs
07:12:35 use a0122145834;
07:12:35 set names utf8;
07:12:35 select * from configs
07:25:49 use a0122145834;
07:25:49 set names utf8;
07:25:49 select * from configs
07:27:09 use a0122145834;
07:27:09 set names utf8;
07:27:09 select * from configs
07:30:46 use a0122145834;
07:30:46 set names utf8;
07:30:46 select * from configs
08:15:06 use a0122145834;
08:15:06 set names utf8;
08:15:06 select * from configs
08:16:34 use a0122145834;
08:16:34 set names utf8;
08:16:34 select * from configs
09:17:58 use a0122145834;
09:17:58 set names utf8;
09:17:58 select * from configs
09:19:28 use a0122145834;
09:19:28 set names utf8;
09:19:28 select * from configs
09:42:26 use a0122145834;
09:42:26 set names utf8;
09:42:26 select * from configs
10:27:15 use a0122145834;
10:27:15 set names utf8;
10:27:15 select * from configs
10:30:21 use a0122145834;
10:30:21 set names utf8;
10:30:21 select * from configs
10:33:48 use a0122145834;
10:33:48 set names utf8;
10:33:48 select * from configs
10:33:51 use a0122145834;
10:33:51 set names utf8;
10:33:52 select * from configs
10:33:52 use a0122145834;
10:33:52 set names utf8;
10:33:52 select * from configs
10:58:04 use a0122145834;
10:58:04 set names utf8;
10:58:04 select * from configs
11:01:30 use a0122145834;
11:01:30 set names utf8;
11:01:30 select * from configs
11:01:30 use a0122145834;
11:01:30 set names utf8;
11:01:30 select * from configs
11:01:37 use a0122145834;
11:01:37 set names utf8;
11:01:37 select * from configs
11:01:37 select * from users where user_name='444444' and user_word='73882ab1fa529d7273da0db6b49cc4f3'
11:01:37 use a0122145834;
11:01:37 set names utf8;
11:01:37 select * from configs
11:01:37 select * from users where id=35
11:01:37 select count(id) from users where spreader_id='35'
11:01:38 select * from images
11:01:38 select * from goods where need_top=1 and need_hidden=0 order by id desc limit 0,5
11:01:38 select count(id) from goods where need_top=0 and need_hidden=0 order by id desc
11:01:38 select * from goods where need_top=0 and need_hidden=0 order by id desc limit 0,5
11:01:50 use a0122145834;
11:01:50 set names utf8;
11:01:50 select * from configs
11:01:50 select * from users where id=35
11:01:50 select count(id) from users where spreader_id='35'
11:01:50 select * from images
11:01:50 select * from article_type
11:01:51 select count(id) from articles order by add_time desc
11:01:51 select * from articles order by add_time desc limit 0,5
11:02:09 use a0122145834;
11:02:09 set names utf8;
11:02:09 select * from configs
11:02:09 select * from users where id=35
11:02:09 use a0122145834;
11:02:09 set names utf8;
11:02:09 select * from configs
11:02:09 select * from users where id=35
11:02:09 select count(id) from users where spreader_id='35'
11:02:09 select * from images
11:02:09 select * from goods where need_top=1 and need_hidden=0 order by id desc limit 0,5
11:02:09 select count(id) from goods where need_top=0 and need_hidden=0 order by id desc
11:02:09 select * from goods where need_top=0 and need_hidden=0 order by id desc limit 0,5
11:02:20 use a0122145834;
11:02:20 set names utf8;
11:02:20 select * from configs
11:02:20 select * from users where id=35
11:02:20 select count(id) from users where spreader_id='35'
11:02:20 select * from images
11:02:20 select * from goods where need_top=1 and need_hidden=0 order by id desc limit 0,5
11:02:20 select count(id) from goods where need_top=0 and need_hidden=0 order by id desc
11:02:20 select * from goods where need_top=0 and need_hidden=0 order by id desc limit 5,5
11:02:25 use a0122145834;
11:02:25 set names utf8;
11:02:25 select * from configs
11:02:25 select * from users where id=35
11:02:25 select count(id) from users where spreader_id='35'
11:02:25 select * from images
11:02:25 select * from goods where need_top=1 and need_hidden=0 order by id desc limit 0,5
11:02:25 select count(id) from goods where need_top=0 and need_hidden=0 order by id desc
11:02:25 select * from goods where need_top=0 and need_hidden=0 order by id desc limit 0,5
11:02:46 use a0122145834;
11:02:46 set names utf8;
11:02:46 select * from configs
11:02:46 select * from users where id=35
11:02:46 select count(id) from users where spreader_id='35'
11:02:46 select * from images
11:02:46 select count(id) from income where user_id=35
11:02:46 select * from income where user_id=35 limit 0,5
11:02:49 use a0122145834;
11:02:49 set names utf8;
11:02:49 select * from configs
11:02:49 select * from users where id=35
11:02:49 insert into income (user_id,income_money,order_sn,add_time,pay_status) values ('35','10','139087816916979','1390878169','0') ;
11:07:52 use a0122145834;
11:07:52 set names utf8;
11:07:52 select * from configs
11:07:52 select * from users where id=35
11:07:52 select count(id) from users where spreader_id='35'
11:07:52 select * from images
11:07:52 select count(id) from income where user_id=35
11:07:52 select * from income where user_id=35 limit 0,5
11:07:55 use a0122145834;
11:07:55 set names utf8;
11:07:55 select * from configs
11:07:55 select * from users where id=35
11:07:55 select count(id) from users where spreader_id='35'
11:07:55 select * from images
11:07:55 select count(id) from income where user_id=35
11:07:55 select * from income where user_id=35 limit 25,5
11:07:58 use a0122145834;
11:07:58 set names utf8;
11:07:58 select * from configs
11:07:58 select * from users where id=35
11:07:58 select count(id) from users where spreader_id='35'
11:07:58 select * from images
11:07:58 select count(id) from income where user_id=35
11:07:58 select * from income where user_id=35 limit 20,5
11:08:05 use a0122145834;
11:08:05 set names utf8;
11:08:05 select * from configs
11:08:05 select * from users where id=35
11:08:05 select count(id) from users where spreader_id='35'
11:08:05 select * from images
11:08:05 select count(id) from income where user_id=35
11:08:05 select * from income where user_id=35 limit 25,5
11:08:08 use a0122145834;
11:08:08 set names utf8;
11:08:08 select * from configs
11:08:08 select * from users where id=35
11:08:08 select count(id) from users where spreader_id='35'
11:08:08 select * from images
11:08:08 select count(id) from income where user_id=35
11:08:08 select * from income where user_id=35 limit 20,5
11:08:12 use a0122145834;
11:08:12 set names utf8;
11:08:12 select * from configs
11:08:12 select * from users where id=35
11:08:12 select count(id) from users where spreader_id='35'
11:08:12 select * from images
11:08:12 select count(id) from income where user_id=35
11:08:12 select * from income where user_id=35 limit 15,5
11:08:15 use a0122145834;
11:08:15 set names utf8;
11:08:15 select * from configs
11:08:15 select * from users where id=35
11:08:15 select count(id) from users where spreader_id='35'
11:08:15 select * from images
11:08:15 select count(id) from income where user_id=35
11:08:15 select * from income where user_id=35 limit 5,5
11:08:18 use a0122145834;
11:08:18 set names utf8;
11:08:18 select * from configs
11:08:18 select * from users where id=35
11:08:18 select count(id) from users where spreader_id='35'
11:08:18 select * from images
11:08:18 select count(id) from income where user_id=35
11:08:18 select * from income where user_id=35 limit 0,5
11:08:45 use a0122145834;
11:08:45 set names utf8;
11:08:45 select * from configs
11:08:45 select * from users where id=35
11:08:45 insert into income (user_id,income_money,order_sn,add_time,pay_status) values ('35','10','139087852578378','1390878525','0') ;
11:11:03 use a0122145834;
11:11:03 set names utf8;
11:11:03 select * from configs
11:11:03 select * from users where id=35
11:11:04 use a0122145834;
11:11:04 set names utf8;
11:11:04 select * from configs
11:11:04 select * from users where id=35
11:11:04 select count(id) from users where spreader_id='35'
11:11:04 select * from images
11:11:04 select * from goods where need_top=1 and need_hidden=0 order by id desc limit 0,5
11:11:04 select count(id) from goods where need_top=0 and need_hidden=0 order by id desc
11:11:04 select * from goods where need_top=0 and need_hidden=0 order by id desc limit 0,5
11:11:14 use a0122145834;
11:11:14 set names utf8;
11:11:14 select * from configs
11:11:14 select * from users where id=35
11:11:14 select count(id) from users where spreader_id='35'
11:11:14 select * from images
11:11:14 select * from goods where need_top=1 and need_hidden=0 order by id desc limit 0,5
11:11:14 select count(id) from goods where need_top=0 and need_hidden=0 order by id desc
11:11:14 select * from goods where need_top=0 and need_hidden=0 order by id desc limit 0,5
11:11:21 use a0122145834;
11:11:21 set names utf8;
11:11:21 select * from configs
11:11:21 select * from users where id=35
11:11:21 select count(id) from users where spreader_id='35'
11:11:21 select * from images
11:11:21 select * from goods where need_top=1 and need_hidden=0 order by id desc limit 0,5
11:11:21 select count(id) from goods where need_top=0 and need_hidden=0 order by id desc
11:11:21 select * from goods where need_top=0 and need_hidden=0 order by id desc limit 0,5
11:11:25 use a0122145834;
11:11:25 set names utf8;
11:11:25 select * from configs
11:11:25 select * from users where id=35
11:11:25 select count(id) from users where spreader_id='35'
11:11:25 select * from images
11:11:25 select * from goods where need_top=1 and need_hidden=0 order by id desc limit 0,5
11:11:25 select count(id) from goods where need_top=0 and need_hidden=0 order by id desc
11:11:25 select * from goods where need_top=0 and need_hidden=0 order by id desc limit 0,5
11:11:29 use a0122145834;
11:11:29 set names utf8;
11:11:29 select * from configs
11:11:29 select * from users where id=35
11:11:29 select count(id) from users where spreader_id='35'
11:11:29 select * from images
11:11:29 select * from goods where need_top=1 and need_hidden=0 order by id desc limit 0,5
11:11:29 select count(id) from goods where need_top=0 and need_hidden=0 order by id desc
11:11:29 select * from goods where need_top=0 and need_hidden=0 order by id desc limit 0,5
11:11:33 use a0122145834;
11:11:33 set names utf8;
11:11:33 select * from configs
11:11:33 select * from users where id=35
11:11:33 select count(id) from users where spreader_id='35'
11:11:33 select * from images
11:11:33 select * from article_type
11:11:33 select count(id) from articles order by add_time desc
11:11:33 select * from articles order by add_time desc limit 0,5
11:38:39 use a0122145834;
11:38:39 set names utf8;
11:38:39 select * from configs
11:39:35 use a0122145834;
11:39:35 set names utf8;
11:39:35 select * from configs
11:58:14 use a0122145834;
11:58:14 set names utf8;
11:58:14 select * from configs
12:05:02 use a0122145834;
12:05:02 set names utf8;
12:05:02 select * from configs
12:14:28 use a0122145834;
12:14:28 set names utf8;
12:14:28 select * from configs
13:31:52 use a0122145834;
13:31:52 set names utf8;
13:31:52 select * from configs
13:37:38 use a0122145834;
13:37:38 set names utf8;
13:37:38 select * from configs
14:36:28 use a0122145834;
14:36:28 set names utf8;
14:36:28 select * from configs
15:47:37 use a0122145834;
15:47:37 set names utf8;
15:47:37 select * from configs
15:47:38 use a0122145834;
15:47:38 set names utf8;
15:47:38 select * from configs
16:46:21 use a0122145834;
16:46:21 set names utf8;
16:46:21 select * from configs
16:46:22 use a0122145834;
16:46:22 set names utf8;
16:46:22 select * from configs
16:49:51 use a0122145834;
16:49:51 set names utf8;
16:49:51 select * from configs
16:58:50 use a0122145834;
16:58:50 set names utf8;
16:58:50 select * from configs
17:38:55 use a0122145834;
17:38:55 set names utf8;
17:38:55 select * from configs
17:39:55 use a0122145834;
17:39:55 set names utf8;
17:39:55 select * from configs
17:45:04 use a0122145834;
17:45:04 set names utf8;
17:45:04 select * from configs
18:16:54 use a0122145834;
18:16:54 set names utf8;
18:16:54 select * from configs
18:17:05 use a0122145834;
18:17:05 set names utf8;
18:17:05 select * from configs
18:17:05 use a0122145834;
18:17:05 set names utf8;
18:17:05 select * from configs
18:17:11 use a0122145834;
18:17:11 set names utf8;
18:17:11 select * from configs
18:17:12 select * from users where user_name='444444' and user_word='73882ab1fa529d7273da0db6b49cc4f3'
18:17:12 use a0122145834;
18:17:12 set names utf8;
18:17:12 select * from configs
18:17:12 select * from users where id=35
18:17:12 select count(id) from users where spreader_id='35'
18:17:12 select * from images
18:17:13 select * from goods where need_top=1 and need_hidden=0 order by id desc limit 0,5
18:17:13 select count(id) from goods where need_top=0 and need_hidden=0 order by id desc
18:17:13 select * from goods where need_top=0 and need_hidden=0 order by id desc limit 0,5
18:17:29 use a0122145834;
18:17:29 set names utf8;
18:17:29 select * from configs
18:17:29 select * from users where id=35
18:17:29 select count(id) from users where spreader_id='35'
18:17:29 select * from images
18:17:30 select * from article_type
18:17:31 select count(id) from articles order by add_time desc
18:17:31 select * from articles order by add_time desc limit 0,5
18:19:31 use a0122145834;
18:19:31 set names utf8;
18:19:31 select * from configs
18:19:39 use a0122145834;
18:19:39 set names utf8;
18:19:39 select * from configs
18:19:39 select * from users where id=35
18:19:39 use a0122145834;
18:19:39 set names utf8;
18:19:39 select * from configs
18:19:39 select * from users where id=35
18:19:39 select count(id) from users where spreader_id='35'
18:19:39 select * from images
18:19:39 select * from goods where need_top=1 and need_hidden=0 order by id desc limit 0,5
18:19:39 select count(id) from goods where need_top=0 and need_hidden=0 order by id desc
18:19:39 select * from goods where need_top=0 and need_hidden=0 order by id desc limit 0,5
18:19:41 use a0122145834;
18:19:41 set names utf8;
18:19:41 select * from configs
18:19:41 select * from users where id=35
18:19:41 select count(id) from users where spreader_id='35'
18:19:41 select * from images
18:19:41 select count(v.id) from vipmsg as v left join users as u on v.user_id=u.id where v.can_see=1 order by v.id desc
18:19:41 select v.id,u.nick_name,v.user_id,v.user_msg,v.recove,v.add_time from vipmsg as v left join users as u on v.user_id=u.id where v.can_see=1 order by v.id desc limit 0,5
18:19:48 use a0122145834;
18:19:48 set names utf8;
18:19:48 select * from configs
18:19:48 select * from users where id=35
18:19:48 select count(id) from users where spreader_id='35'
18:19:48 select * from images
18:19:48 select * from vipmsg where user_id='35' order by add_time desc
18:19:48 insert into vipmsg (user_id,user_msg,add_time,can_see) values ('35','111','1390904388','0') ;
18:19:49 use a0122145834;
18:19:49 set names utf8;
18:19:50 select * from configs
18:19:50 select * from users where id=35
18:19:50 select count(id) from users where spreader_id='35'
18:19:50 select * from images
18:19:50 select count(v.id) from vipmsg as v left join users as u on v.user_id=u.id where v.can_see=1 order by v.id desc
18:19:50 select v.id,u.nick_name,v.user_id,v.user_msg,v.recove,v.add_time from vipmsg as v left join users as u on v.user_id=u.id where v.can_see=1 order by v.id desc limit 0,5
18:20:02 use a0122145834;
18:20:02 set names utf8;
18:20:02 select * from configs
18:20:02 select * from users where id=35
18:20:02 select count(id) from users where spreader_id='35'
18:20:02 select * from images
18:20:02 select * from vipmsg where user_id='35' order by add_time desc
18:20:23 use a0122145834;
18:20:23 set names utf8;
18:20:24 select * from configs
18:20:24 select * from users where id=35
18:20:24 select count(id) from users where spreader_id='35'
18:20:24 select * from images
18:20:24 select count(v.id) from vipmsg as v left join users as u on v.user_id=u.id where v.can_see=1 order by v.id desc
18:20:24 select v.id,u.nick_name,v.user_id,v.user_msg,v.recove,v.add_time from vipmsg as v left join users as u on v.user_id=u.id where v.can_see=1 order by v.id desc limit 0,5
18:20:34 use a0122145834;
18:20:34 set names utf8;
18:20:34 select * from configs
18:23:19 use a0122145834;
18:23:19 set names utf8;
18:23:19 select * from configs
18:23:20 use a0122145834;
18:23:20 set names utf8;
18:23:20 select * from configs
18:26:10 use a0122145834;
18:26:10 set names utf8;
18:26:10 select * from configs
18:26:10 select * from users where id=35
18:26:10 select count(id) from users where spreader_id='35'
18:26:10 select * from images
18:26:10 select * from users where spreader_id='35'
18:26:47 use a0122145834;
18:26:47 set names utf8;
18:26:47 select * from configs
18:26:47 select * from users where id=35
18:26:47 select count(id) from users where spreader_id='35'
18:26:47 select * from images
18:27:03 use a0122145834;
18:27:03 set names utf8;
18:27:03 select * from configs
18:27:03 select * from users where id=35
18:27:03 select count(id) from users where spreader_id='35'
18:27:03 select * from images
18:40:18 use a0122145834;
18:40:18 set names utf8;
18:40:18 select * from configs
18:44:25 use a0122145834;
18:44:25 set names utf8;
18:44:25 select * from configs
19:28:11 use a0122145834;
19:28:11 set names utf8;
19:28:11 select * from configs
19:30:15 use a0122145834;
19:30:15 set names utf8;
19:30:15 select * from configs
20:20:09 use a0122145834;
20:20:09 set names utf8;
20:20:09 select * from configs
20:20:23 use a0122145834;
20:20:23 set names utf8;
20:20:23 select * from configs
20:21:30 use a0122145834;
20:21:30 set names utf8;
20:21:30 select * from configs
20:21:50 use a0122145834;
20:21:50 set names utf8;
20:21:50 select * from configs
20:21:50 use a0122145834;
20:21:50 set names utf8;
20:21:50 select * from configs
20:24:24 use a0122145834;
20:24:24 set names utf8;
20:24:24 select * from configs
20:24:24 use a0122145834;
20:24:24 set names utf8;
20:24:24 select * from configs
20:24:27 use a0122145834;
20:24:27 set names utf8;
20:24:27 select * from configs
20:25:28 use a0122145834;
20:25:28 set names utf8;
20:25:28 select * from configs
20:25:42 use a0122145834;
20:25:42 set names utf8;
20:25:42 select * from configs
20:26:31 use a0122145834;
20:26:31 set names utf8;
20:26:31 select * from configs
20:49:34 use a0122145834;
20:49:34 set names utf8;
20:49:34 select * from configs
20:56:26 use a0122145834;
20:56:26 set names utf8;
20:56:26 select * from configs
21:12:57 use a0122145834;
21:12:57 set names utf8;
21:12:57 select * from configs
21:16:07 use a0122145834;
21:16:07 set names utf8;
21:16:07 select * from configs
21:18:37 use a0122145834;
21:18:37 set names utf8;
21:18:37 select * from configs
21:23:27 use a0122145834;
21:23:27 set names utf8;
21:23:28 select * from configs
21:23:28 use a0122145834;
21:23:28 set names utf8;
21:23:28 select * from configs
21:23:34 use a0122145834;
21:23:34 set names utf8;
21:23:34 select * from configs
21:26:22 use a0122145834;
21:26:22 set names utf8;
21:26:22 select * from configs
21:26:22 select * from users where user_name='444444' and user_word='73882ab1fa529d7273da0db6b49cc4f3'
21:26:22 use a0122145834;
21:26:22 set names utf8;
21:26:22 select * from configs
21:26:22 select * from users where id=35
21:26:22 select count(id) from users where spreader_id='35'
21:26:22 select * from images
21:26:22 select * from goods where need_top=1 and need_hidden=0 order by id desc limit 0,5
21:26:22 select count(id) from goods where need_top=0 and need_hidden=0 order by id desc
21:26:22 select * from goods where need_top=0 and need_hidden=0 order by id desc limit 0,5
21:28:58 use a0122145834;
21:28:58 set names utf8;
21:28:58 select * from configs
21:30:48 use a0122145834;
21:30:48 set names utf8;
21:30:48 select * from configs
22:18:11 use a0122145834;
22:18:11 set names utf8;
22:18:11 select * from configs
22:22:49 use a0122145834;
22:22:49 set names utf8;
22:22:49 select * from configs
22:48:49 use a0122145834;
22:48:49 set names utf8;
22:48:49 select * from configs
23:12:16 use a0122145834;
23:12:16 set names utf8;
23:12:16 select * from configs
23:20:17 use a0122145834;
23:20:17 set names utf8;
23:20:17 select * from configs
23:50:36 use a0122145834;
23:50:36 set names utf8;
23:50:36 select * from configs
