20:20:18 use a0122145834;
20:20:18 set names utf8;
20:20:18 select * from configs
20:20:28 use a0122145834;
20:20:28 set names utf8;
20:20:28 select * from configs
20:20:28 select * from users where id=105
20:20:28 select count(id) from users where spreader_id='105'
20:20:28 select * from images
20:20:28 select * from users where spreader_id='105'
20:20:40 use a0122145834;
20:20:40 set names utf8;
20:20:40 select * from configs
20:20:46 use a0122145834;
20:20:46 set names utf8;
20:20:46 select * from configs
20:20:46 select * from users where id=105
20:20:46 select count(id) from users where spreader_id='105'
20:20:46 select * from images
20:20:46 select type_id from articles where id='8'
20:20:46 select * from articles where id='8'
20:20:52 use a0122145834;
20:20:52 set names utf8;
20:20:52 select * from configs
20:20:52 select * from admins where id=1
20:20:52 select count(id) from users
20:20:52 select * from users limit 40,20
20:20:58 use a0122145834;
20:20:58 set names utf8;
20:20:58 select * from configs
20:20:58 select * from admins where id=1
20:20:58 select * from users where id=105
20:21:07 use a0122145834;
20:21:07 set names utf8;
20:21:07 select * from configs
20:21:07 select * from admins where id=1
20:21:07 update users set user_name='860400228',nick_name='求昵称',credits='0',money='0',pay_email='',pay_name='',address='',vip_level='1',spreader_rate='0.7' where id=105 
20:21:08 use a0122145834;
20:21:08 set names utf8;
20:21:08 select * from configs
20:21:08 select * from admins where id=1
20:21:08 select * from users where id=105
20:21:17 use a0122145834;
20:21:17 set names utf8;
20:21:17 select * from configs
20:21:17 select * from admins where id=1
20:21:17 update users set user_name='860400228',nick_name='70%',credits='0',money='0',pay_email='',pay_name='',address='',vip_level='1',spreader_rate='0.7' where id=105 
20:21:19 use a0122145834;
20:21:19 set names utf8;
20:21:19 select * from configs
20:21:19 select * from admins where id=1
20:21:19 select * from users where id=105
20:21:37 use a0122145834;
20:21:37 set names utf8;
20:21:37 select * from configs
20:21:37 select * from users where id=105
20:21:37 select count(id) from users where spreader_id='105'
20:21:37 select * from images
20:21:37 select * from goods where need_top=1 and need_hidden=0 order by id desc limit 0,5
20:21:37 select count(id) from goods where need_top=0 and need_hidden=0 order by id desc
20:21:37 select * from goods where need_top=0 and need_hidden=0 order by id desc limit 0,5
20:21:38 use a0122145834;
20:21:38 set names utf8;
20:21:38 select * from configs
20:21:53 use a0122145834;
20:21:53 set names utf8;
20:21:53 select * from configs
20:21:53 select * from users where id=105
20:21:53 select count(id) from users where spreader_id='105'
20:21:53 select * from images
20:21:53 select * from goods where need_top=1 and need_hidden=0 order by id desc limit 0,5
20:21:53 select count(id) from goods where need_top=0 and need_hidden=0 order by id desc
20:21:53 select * from goods where need_top=0 and need_hidden=0 order by id desc limit 0,5
20:22:14 use a0122145834;
20:22:14 set names utf8;
20:22:14 select * from configs
20:22:14 select * from admins where id=1
20:22:14 update users set user_name='860400228',nick_name='70%',credits='0',money='0',pay_email='',pay_name='',address='',vip_level='1',spreader_rate='0.6' where id=105 
20:22:16 use a0122145834;
20:22:16 set names utf8;
20:22:16 select * from configs
20:22:16 select * from admins where id=1
20:22:16 select * from users where id=105
20:22:26 use a0122145834;
20:22:26 set names utf8;
20:22:26 select * from configs
20:22:26 select * from admins where id=1
20:22:26 update users set user_name='860400228',nick_name='60%',credits='0',money='0',pay_email='',pay_name='',address='',vip_level='1',spreader_rate='0.6' where id=105 
20:22:27 use a0122145834;
20:22:27 set names utf8;
20:22:27 select * from configs
20:22:27 select * from admins where id=1
20:22:27 select * from users where id=105
20:23:27 use a0122145834;
20:23:27 set names utf8;
20:23:27 select * from configs
20:23:27 select * from users where id=105
20:23:27 select count(id) from users where spreader_id='105'
20:23:27 select * from images
20:23:27 select * from users where spreader_id='105'
20:23:32 use a0122145834;
20:23:32 set names utf8;
20:23:32 select * from configs
20:23:48 use a0122145834;
20:23:48 set names utf8;
20:23:48 select * from configs
20:23:48 select * from admins where id=1
20:23:48 update users set user_name='860400228',nick_name='60%',credits='0',money='0',pay_email='',pay_name='',address='',vip_level='1',spreader_rate='0.6' where id=105 
20:23:49 use a0122145834;
20:23:49 set names utf8;
20:23:49 select * from configs
20:23:49 select * from admins where id=1
20:23:50 use a0122145834;
20:23:50 set names utf8;
20:23:50 select * from configs
20:23:50 select * from admins where id=1
20:23:50 select count(id) from users
20:23:50 select * from users limit 0,20
20:28:29 use a0122145834;
20:28:29 set names utf8;
20:28:29 select * from configs
20:30:37 use a0122145834;
20:30:37 set names utf8;
20:30:37 select * from configs
20:36:34 use a0122145834;
20:36:34 set names utf8;
20:36:34 select * from configs
20:36:47 use a0122145834;
20:36:47 set names utf8;
20:36:47 select * from configs
20:36:47 select * from users where id=55
20:36:47 select count(id) from users where spreader_id='55'
20:36:47 select * from images
20:36:47 select * from goods where need_top=1 and need_hidden=0 order by id desc limit 0,5
20:36:47 select count(id) from goods where need_top=0 and need_hidden=0 order by id desc
20:36:47 select * from goods where need_top=0 and need_hidden=0 order by id desc limit 0,5
20:37:15 use a0122145834;
20:37:15 set names utf8;
20:37:15 select * from configs
20:37:15 select * from users where id=55
20:37:15 select count(id) from users where spreader_id='55'
20:37:15 select * from images
20:37:15 select * from goods where need_top=1 and need_hidden=0 order by id desc limit 0,5
20:37:15 select count(id) from goods where need_top=0 and need_hidden=0 order by id desc
20:37:15 select * from goods where need_top=0 and need_hidden=0 order by id desc limit 0,5
20:37:25 use a0122145834;
20:37:25 set names utf8;
20:37:25 select * from configs
20:37:25 select * from users where id=55
20:37:25 select count(id) from users where spreader_id='55'
20:37:25 select * from images
20:37:25 select * from goods where need_top=1 and need_hidden=0 order by id desc limit 0,5
20:37:25 select count(id) from goods where need_top=0 and need_hidden=0 order by id desc
20:37:25 select * from goods where need_top=0 and need_hidden=0 order by id desc limit 0,5
20:37:47 use a0122145834;
20:37:47 set names utf8;
20:37:47 select * from configs
20:37:47 select * from users where id=55
20:37:47 select count(id) from users where spreader_id='55'
20:37:47 select * from images
20:37:48 use a0122145834;
20:37:48 set names utf8;
20:37:48 select * from configs
20:37:48 select * from users where id=55
20:37:48 select count(id) from users where spreader_id='55'
20:37:48 select * from images
20:37:48 use a0122145834;
20:37:48 set names utf8;
20:37:48 select * from configs
20:37:48 select * from users where id=55
20:37:48 select count(id) from users where spreader_id='55'
20:37:48 select * from images
20:42:54 use a0122145834;
20:42:54 set names utf8;
20:42:54 select * from configs
20:42:54 use a0122145834;
20:42:54 set names utf8;
20:42:54 select * from configs
20:46:17 use a0122145834;
20:46:17 set names utf8;
20:46:17 select * from configs
20:46:18 use a0122145834;
20:46:18 set names utf8;
20:46:18 select * from configs
20:46:23 use a0122145834;
20:46:23 set names utf8;
20:46:23 select * from configs
20:46:30 use a0122145834;
20:46:30 set names utf8;
20:46:30 select * from configs
20:46:31 use a0122145834;
20:46:31 set names utf8;
20:46:31 select * from configs
20:46:34 use a0122145834;
20:46:34 set names utf8;
20:46:34 select * from configs
20:46:39 use a0122145834;
20:46:39 set names utf8;
20:46:39 select * from configs
20:46:40 use a0122145834;
20:46:40 set names utf8;
20:46:40 select * from configs
20:46:52 use a0122145834;
20:46:52 set names utf8;
20:46:52 select * from configs
20:46:52 select * from users where user_name='306992262' and user_word='fa28521b2371e2478ea48a60e2ec4331'
20:46:55 use a0122145834;
20:46:55 set names utf8;
20:46:55 select * from configs
20:47:08 use a0122145834;
20:47:08 set names utf8;
20:47:08 select * from configs
20:47:11 use a0122145834;
20:47:11 set names utf8;
20:47:11 select * from configs
20:47:11 select count(id) from users where register_ip='110.244.132.112' or last_ip='110.244.132.112' and add_time>1390222031
20:47:11 select * from users where user_name='306992262'
20:47:11 insert into users (user_name,nick_name,user_word,email,spreader_id,add_time,register_ip) values ('306992262','求昵称','fa28521b2371e2478ea48a60e2ec4331','306992262@qq.com',903,'1392814031','110.244.132.112') ;
20:47:12 use a0122145834;
20:47:12 set names utf8;
20:47:12 select * from configs
20:47:12 select * from users where id=110
20:47:12 select count(id) from users where spreader_id='110'
20:47:12 select * from images
20:47:23 use a0122145834;
20:47:23 set names utf8;
20:47:23 select * from configs
20:47:23 select * from users where id=110
20:47:23 select count(id) from users where spreader_id='110'
20:47:23 select * from images
20:47:23 select * from goods where need_top=1 and need_hidden=0 order by id desc limit 0,5
20:47:23 select count(id) from goods where need_top=0 and need_hidden=0 order by id desc
20:47:23 select * from goods where need_top=0 and need_hidden=0 order by id desc limit 0,5
20:48:52 use a0122145834;
20:48:52 set names utf8;
20:48:52 select * from configs
20:49:30 use a0122145834;
20:49:30 set names utf8;
20:49:30 select * from configs
20:50:44 use a0122145834;
20:50:44 set names utf8;
20:50:44 select * from configs
20:50:47 use a0122145834;
20:50:47 set names utf8;
20:50:47 select * from configs
20:50:48 use a0122145834;
20:50:48 set names utf8;
20:50:48 select * from configs
20:51:06 use a0122145834;
20:51:06 set names utf8;
20:51:06 select * from configs
20:51:06 select * from users where user_name='644649746' and user_word='fe008700f25cb28940ca8ed91b23b354'
20:51:07 use a0122145834;
20:51:07 set names utf8;
20:51:07 select * from configs
20:51:07 select * from users where id=50
20:51:07 select count(id) from users where spreader_id='50'
20:51:07 select * from images
20:51:07 select * from goods where need_top=1 and need_hidden=0 order by id desc limit 0,5
20:51:07 select count(id) from goods where need_top=0 and need_hidden=0 order by id desc
20:51:07 select * from goods where need_top=0 and need_hidden=0 order by id desc limit 0,5
20:51:11 use a0122145834;
20:51:11 set names utf8;
20:51:11 select * from configs
20:51:11 select * from users where id=50
20:51:11 select count(id) from users where spreader_id='50'
20:51:11 select * from images
20:51:11 select * from users where spreader_id='50'
20:52:06 use a0122145834;
20:52:06 set names utf8;
20:52:06 select * from configs
20:52:06 select * from users where id=50
20:52:06 select count(id) from users where spreader_id='50'
20:52:06 select * from images
20:52:06 select * from users where spreader_id='50'
20:53:04 use a0122145834;
20:53:04 set names utf8;
20:53:04 select * from configs
20:53:04 select * from admins where id=1
20:53:04 use a0122145834;
20:53:04 set names utf8;
20:53:04 select * from configs
20:53:04 select * from admins where id=1
20:53:04 select count(id) from users
20:53:04 select * from users limit 0,20
20:53:09 use a0122145834;
20:53:09 set names utf8;
20:53:09 select * from configs
20:53:09 select * from admins where id=1
20:53:09 select count(id) from users
20:53:09 select * from users limit 60,20
20:53:16 use a0122145834;
20:53:16 set names utf8;
20:53:16 select * from configs
20:53:16 select * from admins where id=1
20:53:16 select count(id) from users
20:53:16 select * from users limit 40,20
20:54:32 use a0122145834;
20:54:32 set names utf8;
20:54:32 select * from configs
20:54:32 select * from users where id=110
20:54:32 use a0122145834;
20:54:32 set names utf8;
20:54:32 select * from configs
20:54:32 select * from users where id=110
20:54:32 select count(id) from users where spreader_id='110'
20:54:32 select * from images
20:54:32 select * from goods where need_top=1 and need_hidden=0 order by id desc limit 0,5
20:54:32 select count(id) from goods where need_top=0 and need_hidden=0 order by id desc
20:54:32 select * from goods where need_top=0 and need_hidden=0 order by id desc limit 0,5
20:54:41 use a0122145834;
20:54:41 set names utf8;
20:54:41 select * from configs
20:54:41 select * from users where id=110
20:54:41 select * from goods where need_hidden=0 and id=8
20:54:41 select * from orders where user_id=110 and goods_id=8 
20:54:48 use a0122145834;
20:54:48 set names utf8;
20:54:48 select * from configs
20:55:35 use a0122145834;
20:55:35 set names utf8;
20:55:35 select * from configs
20:58:04 use a0122145834;
20:58:04 set names utf8;
20:58:04 select * from configs
20:58:04 select * from users where id=110
20:58:04 select * from goods where id=8
20:58:04 update users set money=money-0 where id=110
20:58:04 insert into orders (goods_id,user_id,pay_type,order_sn,order_type,add_time) values ('8','110','1','139281468484527','1','1392814684') ;
20:58:07 use a0122145834;
20:58:07 set names utf8;
20:58:07 select * from configs
20:58:07 select * from users where id=110
20:58:07 select * from goods where need_hidden=0 and id=8
20:58:07 select * from orders where user_id=110 and goods_id=8 
20:59:56 use a0122145834;
20:59:56 set names utf8;
20:59:56 select * from configs
20:59:56 select * from admins where id=1
20:59:56 select count(id) from users
20:59:56 select * from users limit 60,20
21:02:41 use a0122145834;
21:02:41 set names utf8;
21:02:41 select * from configs
21:03:07 use a0122145834;
21:03:07 set names utf8;
21:03:07 select * from configs
21:03:07 select * from admins where id=1
21:03:07 select count(id) from users
21:03:07 select * from users limit 60,20
21:03:13 use a0122145834;
21:03:13 set names utf8;
21:03:13 select * from configs
21:03:13 select * from admins where id=1
21:03:13 select count(id) from users
21:03:13 select * from users limit 40,20
21:03:16 use a0122145834;
21:03:16 set names utf8;
21:03:16 select * from configs
21:03:16 select * from admins where id=1
21:03:16 select count(id) from users
21:03:16 select * from users limit 60,20
21:03:19 use a0122145834;
21:03:19 set names utf8;
21:03:19 select * from configs
21:03:19 select * from admins where id=1
21:03:19 select count(id) from users
21:03:19 select * from users limit 40,20
21:03:29 use a0122145834;
21:03:29 set names utf8;
21:03:29 select * from configs
21:03:29 select * from admins where id=1
21:03:29 select count(id) from users
21:03:29 select * from users limit 0,20
21:03:39 use a0122145834;
21:03:39 set names utf8;
21:03:39 select * from configs
21:03:39 select * from admins where id=1
21:03:39 select count(id) from users
21:03:39 select * from users limit 60,20
21:04:06 use a0122145834;
21:04:06 set names utf8;
21:04:06 select * from configs
21:04:06 select * from admins where id=1
21:04:06 select count(v.id) from vipmsg as v left join users as u on u.id=v.user_id 
21:04:06 select u.id as username,v.id,v.user_msg,v.recove,v.add_time,v.can_see,u.nick_name,u.vip_level from vipmsg as v left join users as u on u.id=v.user_id  limit 0,20
21:04:39 use a0122145834;
21:04:39 set names utf8;
21:04:39 select * from configs
21:04:39 select * from users where id=55
21:04:39 select count(id) from users where spreader_id='55'
21:04:39 select * from images
21:05:16 use a0122145834;
21:05:16 set names utf8;
21:05:16 select * from configs
21:06:27 use a0122145834;
21:06:27 set names utf8;
21:06:27 select * from configs
21:06:57 use a0122145834;
21:06:57 set names utf8;
21:06:57 select * from configs
21:06:57 select count(id) from users where register_ip='180.166.234.138' or last_ip='180.166.234.138' and add_time>1390223217
21:06:57 select * from users where user_name='18636633'
21:06:57 insert into users (user_name,nick_name,user_word,email,spreader_id,add_time,register_ip) values ('18636633','求昵称','96e79218965eb72c92a549dd5a330112','18636633@qq.com',105,'1392815217','180.166.234.138') ;
21:06:57 use a0122145834;
21:06:57 set names utf8;
21:06:57 select * from configs
21:06:57 select * from users where id=111
21:06:57 select count(id) from users where spreader_id='111'
21:06:57 select * from images
21:07:13 use a0122145834;
21:07:13 set names utf8;
21:07:13 select * from configs
21:07:13 select * from users where id=111
21:07:13 select count(id) from users where spreader_id='111'
21:07:13 select * from images
21:07:13 select * from goods where need_top=1 and need_hidden=0 order by id desc limit 0,5
21:07:13 select count(id) from goods where need_top=0 and need_hidden=0 order by id desc
21:07:13 select * from goods where need_top=0 and need_hidden=0 order by id desc limit 0,5
21:08:43 use a0122145834;
21:08:43 set names utf8;
21:08:43 select * from configs
21:08:43 select * from users where id=105
21:08:43 select count(id) from users where spreader_id='105'
21:08:43 select * from images
21:08:43 select * from goods where need_top=1 and need_hidden=0 order by id desc limit 0,5
21:08:43 select count(id) from goods where need_top=0 and need_hidden=0 order by id desc
21:08:43 select * from goods where need_top=0 and need_hidden=0 order by id desc limit 0,5
21:08:55 use a0122145834;
21:08:55 set names utf8;
21:08:55 select * from configs
21:08:55 select * from users where id=105
21:08:55 select count(id) from users where spreader_id='105'
21:08:55 select * from images
21:08:55 select * from users where spreader_id='105'
21:11:39 use a0122145834;
21:11:39 set names utf8;
21:11:39 select * from configs
21:11:39 select * from users where id=111
21:11:39 select count(id) from users where spreader_id='111'
21:11:39 select * from images
21:11:47 use a0122145834;
21:11:47 set names utf8;
21:11:47 select * from configs
21:11:47 select * from users where id=111
21:11:47 select count(id) from users where spreader_id='111'
21:11:47 select * from images
21:11:47 update users set nick_name='东方剑',pay_name='',pay_email='',address='',user_word='96e79218965eb72c92a549dd5a330112' where id=111
21:11:49 use a0122145834;
21:11:49 set names utf8;
21:11:49 select * from configs
21:11:49 select * from users where id=111
21:11:49 select count(id) from users where spreader_id='111'
21:11:49 select * from images
21:11:59 use a0122145834;
21:11:59 set names utf8;
21:11:59 select * from configs
21:11:59 select * from users where id=105
21:11:59 select count(id) from users where spreader_id='105'
21:11:59 select * from images
21:13:27 use a0122145834;
21:13:27 set names utf8;
21:13:27 select * from configs
21:13:27 select * from users where id=105
21:13:29 use a0122145834;
21:13:29 set names utf8;
21:13:29 select * from configs
21:13:29 select * from users where id=105
21:13:29 select count(id) from users where spreader_id='105'
21:13:29 select * from images
21:13:29 select count(id) from income where user_id=105
21:13:29 select * from income where user_id=105 limit 0,5
21:13:53 use a0122145834;
21:13:53 set names utf8;
21:13:53 select * from configs
21:15:26 use a0122145834;
21:15:26 set names utf8;
21:15:26 select * from configs
21:20:12 use a0122145834;
21:20:12 set names utf8;
21:20:12 select * from configs
21:20:15 use a0122145834;
21:20:15 set names utf8;
21:20:15 select * from configs
21:20:16 use a0122145834;
21:20:16 set names utf8;
21:20:16 select * from configs
21:20:16 use a0122145834;
21:20:16 set names utf8;
21:20:16 select * from configs
21:21:42 use a0122145834;
21:21:42 set names utf8;
21:21:42 select * from configs
21:21:42 select * from users where id=105
21:21:42 select count(id) from users where spreader_id='105'
21:21:42 select * from images
21:21:47 use a0122145834;
21:21:47 set names utf8;
21:21:47 select * from configs
21:21:58 use a0122145834;
21:21:58 set names utf8;
21:21:58 select * from configs
21:21:58 select * from users where id=105
21:21:58 select count(id) from users where spreader_id='105'
21:21:58 select * from images
21:21:58 select * from users where spreader_id='105'
21:22:10 use a0122145834;
21:22:10 set names utf8;
21:22:10 select * from configs
21:22:10 select * from users where id=105
21:22:10 select count(id) from users where spreader_id='105'
21:22:10 select * from images
21:22:10 select count(id) from expense where user_id=105
21:22:10 select * from expense where user_id=105 limit 0,5
21:22:20 use a0122145834;
21:22:20 set names utf8;
21:22:20 select * from configs
21:22:20 select * from users where id=105
21:22:20 select count(id) from users where spreader_id='105'
21:22:20 select * from images
21:22:35 use a0122145834;
21:22:35 set names utf8;
21:22:35 select * from configs
21:22:35 select * from users where id=105
21:22:35 select count(id) from users where spreader_id='105'
21:22:35 select * from images
21:22:35 update users set nick_name='60%',pay_name='石保贵',pay_email='ycmnls@hotmail.com',address='',user_word='96e79218965eb72c92a549dd5a330112' where id=105
21:22:36 use a0122145834;
21:22:36 set names utf8;
21:22:36 select * from configs
21:22:36 select * from users where id=105
21:22:36 select count(id) from users where spreader_id='105'
21:22:36 select * from images
21:22:42 use a0122145834;
21:22:42 set names utf8;
21:22:42 select * from configs
21:22:42 select * from users where id=105
21:22:42 select count(id) from users where spreader_id='105'
21:22:42 select * from images
21:22:42 update users set nick_name='60%',pay_name='石保贵',pay_email='ycmnls@hotmail.com',address='',user_word='29bbfc77a1df018fa545079369ece6cd' where id=105
21:22:44 use a0122145834;
21:22:44 set names utf8;
21:22:44 select * from configs
21:22:44 select * from users where id=105
21:22:44 select count(id) from users where spreader_id='105'
21:22:44 select * from images
21:24:33 use a0122145834;
21:24:33 set names utf8;
21:24:33 select * from configs
21:28:39 use a0122145834;
21:28:39 set names utf8;
21:28:39 select * from configs
21:28:39 select * from users where id=55
21:28:39 select count(id) from users where spreader_id='55'
21:28:39 select * from images
21:28:44 use a0122145834;
21:28:44 set names utf8;
21:28:44 select * from configs
21:28:44 select * from users where id=55
21:28:44 select count(id) from users where spreader_id='55'
21:28:44 select * from images
21:29:24 use a0122145834;
21:29:24 set names utf8;
21:29:24 select * from configs
21:29:47 use a0122145834;
21:29:47 set names utf8;
21:29:47 select * from configs
21:29:47 select * from users where id=111
21:29:48 use a0122145834;
21:29:48 set names utf8;
21:29:48 select * from configs
21:29:48 select * from users where id=111
21:29:48 select count(id) from users where spreader_id='111'
21:29:48 select * from images
21:29:48 select * from goods where need_top=1 and need_hidden=0 order by id desc limit 0,5
21:29:48 select count(id) from goods where need_top=0 and need_hidden=0 order by id desc
21:29:48 select * from goods where need_top=0 and need_hidden=0 order by id desc limit 0,5
21:30:08 use a0122145834;
21:30:08 set names utf8;
21:30:08 select * from configs
21:30:08 select * from users where id=111
21:30:09 use a0122145834;
21:30:09 set names utf8;
21:30:09 select * from configs
21:30:09 select * from users where id=111
21:30:09 select count(id) from users where spreader_id='111'
21:30:09 select * from images
21:30:09 select * from goods where need_top=1 and need_hidden=0 order by id desc limit 0,5
21:30:09 select count(id) from goods where need_top=0 and need_hidden=0 order by id desc
21:30:09 select * from goods where need_top=0 and need_hidden=0 order by id desc limit 0,5
21:30:13 use a0122145834;
21:30:13 set names utf8;
21:30:13 select * from configs
21:30:13 select * from users where id=111
21:30:13 select count(id) from users where spreader_id='111'
21:30:13 select * from images
21:30:15 use a0122145834;
21:30:15 set names utf8;
21:30:15 select * from configs
21:30:15 select * from users where id=111
21:30:15 select count(id) from users where spreader_id='111'
21:30:15 select * from images
21:30:15 use a0122145834;
21:30:15 set names utf8;
21:30:15 select * from configs
21:30:15 select * from users where id=105
21:30:17 use a0122145834;
21:30:17 set names utf8;
21:30:17 select * from configs
21:30:17 select * from users where id=105
21:30:17 select count(id) from users where spreader_id='105'
21:30:17 select * from images
21:30:17 select * from goods where need_top=1 and need_hidden=0 order by id desc limit 0,5
21:30:17 select count(id) from goods where need_top=0 and need_hidden=0 order by id desc
21:30:17 select * from goods where need_top=0 and need_hidden=0 order by id desc limit 0,5
21:30:22 use a0122145834;
21:30:22 set names utf8;
21:30:22 select * from configs
21:30:24 use a0122145834;
21:30:24 set names utf8;
21:30:24 select * from configs
21:31:05 use a0122145834;
21:31:05 set names utf8;
21:31:05 select * from configs
21:33:43 use a0122145834;
21:33:43 set names utf8;
21:33:43 select * from configs
21:33:43 use a0122145834;
21:33:43 set names utf8;
21:33:43 select * from configs
21:33:46 use a0122145834;
21:33:46 set names utf8;
21:33:46 select * from configs
21:33:47 use a0122145834;
21:33:47 set names utf8;
21:33:47 select * from configs
21:33:51 use a0122145834;
21:33:51 set names utf8;
21:33:51 select * from configs
21:33:51 use a0122145834;
21:33:51 set names utf8;
21:33:51 select * from configs
21:33:51 use a0122145834;
21:33:51 set names utf8;
21:33:51 select * from configs
21:33:58 use a0122145834;
21:33:58 set names utf8;
21:33:58 select * from configs
21:33:58 select * from users where user_name='2049917091' and user_word='e99a18c428cb38d5f260853678922e03'
21:33:58 use a0122145834;
21:33:58 set names utf8;
21:33:58 select * from configs
21:33:58 select * from users where id=51
21:33:58 select count(id) from users where spreader_id='51'
21:33:58 select * from images
21:33:58 select * from goods where need_top=1 and need_hidden=0 order by id desc limit 0,5
21:33:58 select count(id) from goods where need_top=0 and need_hidden=0 order by id desc
21:33:58 select * from goods where need_top=0 and need_hidden=0 order by id desc limit 0,5
21:34:00 use a0122145834;
21:34:00 set names utf8;
21:34:00 select * from configs
21:34:00 select * from users where user_name='1710008036' and user_word='e1c5eba7e90682c1b12e6310745f5b44'
21:34:00 update users set first_login='1',last_ip='124.226.159.6' where id='108'
21:34:00 update users set credits=credits+1 where id='50'
21:34:00 use a0122145834;
21:34:00 set names utf8;
21:34:00 select * from configs
21:34:00 select * from users where id=108
21:34:00 select count(id) from users where spreader_id='108'
21:34:00 select * from images
21:34:00 select * from goods where need_top=1 and need_hidden=0 order by id desc limit 0,5
21:34:00 select count(id) from goods where need_top=0 and need_hidden=0 order by id desc
21:34:00 select * from goods where need_top=0 and need_hidden=0 order by id desc limit 0,5
21:34:04 use a0122145834;
21:34:04 set names utf8;
21:34:04 select * from configs
21:34:04 select * from users where id=51
21:34:04 select count(id) from users where spreader_id='51'
21:34:04 select * from images
21:34:04 select * from users where spreader_id='51'
21:34:25 use a0122145834;
21:34:25 set names utf8;
21:34:25 select * from configs
21:34:25 select * from users where id=108
21:34:25 select count(id) from users where spreader_id='108'
21:34:25 select * from images
21:34:27 use a0122145834;
21:34:27 set names utf8;
21:34:27 select * from configs
21:34:27 select * from users where id=108
21:34:27 select count(id) from users where spreader_id='108'
21:34:27 select * from images
21:34:30 use a0122145834;
21:34:30 set names utf8;
21:34:30 select * from configs
21:34:30 select * from users where id=108
21:34:30 select count(id) from users where spreader_id='108'
21:34:30 select * from images
21:34:30 select count(id) from expense where user_id=108
21:34:30 select * from expense where user_id=108 limit 0,5
21:34:48 use a0122145834;
21:34:48 set names utf8;
21:34:48 select * from configs
21:34:48 select * from users where id=108
21:34:48 select count(id) from users where spreader_id='108'
21:34:48 select * from images
21:34:48 select type_id from articles where id='9'
21:34:48 select * from articles where id='9'
21:38:07 use a0122145834;
21:38:07 set names utf8;
21:38:07 select * from configs
21:38:08 use a0122145834;
21:38:08 set names utf8;
21:38:08 select * from configs
21:38:12 use a0122145834;
21:38:12 set names utf8;
21:38:12 select * from configs
21:38:12 select * from users where user_name='860400228' and user_word='29bbfc77a1df018fa545079369ece6cd'
21:38:12 use a0122145834;
21:38:12 set names utf8;
21:38:12 select * from configs
21:38:12 select * from users where id=105
21:38:12 select count(id) from users where spreader_id='105'
21:38:12 select * from images
21:38:12 select * from goods where need_top=1 and need_hidden=0 order by id desc limit 0,5
21:38:13 select count(id) from goods where need_top=0 and need_hidden=0 order by id desc
21:38:13 select * from goods where need_top=0 and need_hidden=0 order by id desc limit 0,5
21:38:44 use a0122145834;
21:38:44 set names utf8;
21:38:44 select * from configs
21:39:11 use a0122145834;
21:39:11 set names utf8;
21:39:11 select * from configs
21:40:12 use a0122145834;
21:40:12 set names utf8;
21:40:12 select * from configs
21:40:30 use a0122145834;
21:40:30 set names utf8;
21:40:30 select * from configs
21:40:30 select * from users where user_name='1298735277' and user_word='7d322754e827bf41899a9423a76fd226'
21:40:30 update users set first_login='1',last_ip='114.89.46.12' where id='107'
21:40:30 update users set credits=credits+1 where id='50'
21:40:30 use a0122145834;
21:40:30 set names utf8;
21:40:30 select * from configs
21:40:30 select * from users where id=107
21:40:30 select count(id) from users where spreader_id='107'
21:40:30 select * from images
21:40:30 select * from goods where need_top=1 and need_hidden=0 order by id desc limit 0,5
21:40:30 select count(id) from goods where need_top=0 and need_hidden=0 order by id desc
21:40:30 select * from goods where need_top=0 and need_hidden=0 order by id desc limit 0,5
21:40:40 use a0122145834;
21:40:40 set names utf8;
21:40:40 select * from configs
21:40:40 select * from users where id=55
21:40:40 select count(id) from users where spreader_id='55'
21:40:40 select * from images
21:41:03 use a0122145834;
21:41:03 set names utf8;
21:41:03 select * from configs
21:41:03 select * from users where id=107
21:41:03 select count(id) from users where spreader_id='107'
21:41:03 select * from images
21:41:03 select type_id from articles where id='9'
21:41:03 select * from articles where id='9'
21:41:30 use a0122145834;
21:41:30 set names utf8;
21:41:30 select * from configs
21:44:08 use a0122145834;
21:44:08 set names utf8;
21:44:08 select * from configs
21:44:08 use a0122145834;
21:44:08 set names utf8;
21:44:08 select * from configs
21:48:47 use a0122145834;
21:48:47 set names utf8;
21:48:47 select * from configs
21:50:11 use a0122145834;
21:50:11 set names utf8;
21:50:11 select * from configs
21:50:12 use a0122145834;
21:50:12 set names utf8;
21:50:12 select * from configs
21:51:34 use a0122145834;
21:51:34 set names utf8;
21:51:34 select * from configs
21:51:40 use a0122145834;
21:51:40 set names utf8;
21:51:40 select * from configs
21:52:05 use a0122145834;
21:52:05 set names utf8;
21:52:05 select * from configs
21:53:01 use a0122145834;
21:53:01 set names utf8;
21:53:01 select * from configs
21:53:27 use a0122145834;
21:53:27 set names utf8;
21:53:27 select * from configs
21:53:34 use a0122145834;
21:53:34 set names utf8;
21:53:34 select * from configs
21:54:47 use a0122145834;
21:54:47 set names utf8;
21:54:47 select * from configs
21:54:48 select * from users where id=105
21:54:48 use a0122145834;
21:54:48 set names utf8;
21:54:48 select * from configs
21:54:48 select * from users where id=105
21:54:48 select count(id) from users where spreader_id='105'
21:54:48 select * from images
21:54:48 select * from goods where need_top=1 and need_hidden=0 order by id desc limit 0,5
21:54:48 select count(id) from goods where need_top=0 and need_hidden=0 order by id desc
21:54:48 select * from goods where need_top=0 and need_hidden=0 order by id desc limit 0,5
21:54:53 use a0122145834;
21:54:53 set names utf8;
21:54:53 select * from configs
21:55:01 use a0122145834;
21:55:01 set names utf8;
21:55:01 select * from configs
21:56:18 use a0122145834;
21:56:18 set names utf8;
21:56:18 select * from configs
21:57:33 use a0122145834;
21:57:33 set names utf8;
21:57:33 select * from configs
21:58:09 use a0122145834;
21:58:09 set names utf8;
21:58:09 select * from configs
21:58:09 use a0122145834;
21:58:09 set names utf8;
21:58:09 select * from configs
21:58:15 use a0122145834;
21:58:15 set names utf8;
21:58:15 select * from configs
21:58:22 use a0122145834;
21:58:22 set names utf8;
21:58:22 select * from configs
21:58:33 use a0122145834;
21:58:33 set names utf8;
21:58:33 select * from configs
21:59:37 use a0122145834;
21:59:37 set names utf8;
21:59:37 select * from configs
21:59:51 use a0122145834;
21:59:51 set names utf8;
21:59:51 select * from configs
21:59:58 use a0122145834;
21:59:58 set names utf8;
21:59:58 select * from configs
22:00:22 use a0122145834;
22:00:22 set names utf8;
22:00:22 select * from configs
22:00:23 use a0122145834;
22:00:23 set names utf8;
22:00:23 select * from configs
22:00:23 select count(id) from users where register_ip='110.248.136.108' or last_ip='110.248.136.108' and add_time>1390226423
22:00:23 select * from users where user_name='316747161'
22:00:23 insert into users (user_name,nick_name,user_word,email,spreader_id,add_time,register_ip) values ('316747161','求昵称','1e1afe1206b198fbc97a7c48f3fc8405','316747161@qq.com',105,'1392818423','110.248.136.108') ;
22:00:23 use a0122145834;
22:00:23 set names utf8;
22:00:23 select * from configs
22:00:23 select * from users where id=112
22:00:23 select count(id) from users where spreader_id='112'
22:00:23 select * from images
22:00:30 use a0122145834;
22:00:30 set names utf8;
22:00:30 select * from configs
22:00:39 use a0122145834;
22:00:39 set names utf8;
22:00:39 select * from configs
22:00:39 select count(id) from users where register_ip='121.235.193.75' or last_ip='121.235.193.75' and add_time>1390226439
22:00:39 select * from users where user_name='1205587907'
22:00:39 insert into users (user_name,nick_name,user_word,email,spreader_id,add_time,register_ip) values ('1205587907','求昵称','25f9e794323b453885f5181f1b624d0b','1205587907@qq.com',105,'1392818439','121.235.193.75') ;
22:00:39 use a0122145834;
22:00:39 set names utf8;
22:00:39 select * from configs
22:00:39 select * from users where id=113
22:00:39 select count(id) from users where spreader_id='113'
22:00:39 select * from images
22:01:14 use a0122145834;
22:01:14 set names utf8;
22:01:14 select * from configs
22:01:14 select * from users where id=113
22:01:14 use a0122145834;
22:01:14 set names utf8;
22:01:14 select * from configs
22:01:14 select * from users where id=113
22:01:14 select count(id) from users where spreader_id='113'
22:01:15 select * from images
22:01:18 select * from goods where need_top=1 and need_hidden=0 order by id desc limit 0,5
22:01:18 select count(id) from goods where need_top=0 and need_hidden=0 order by id desc
22:01:18 select * from goods where need_top=0 and need_hidden=0 order by id desc limit 0,5
22:01:31 use a0122145834;
22:01:31 set names utf8;
22:01:31 select * from configs
22:02:53 use a0122145834;
22:02:53 set names utf8;
22:02:53 select * from configs
22:02:55 use a0122145834;
22:02:55 set names utf8;
22:02:55 select * from configs
22:03:08 use a0122145834;
22:03:08 set names utf8;
22:03:08 select * from configs
22:03:08 use a0122145834;
22:03:08 set names utf8;
22:03:08 select * from configs
22:03:19 use a0122145834;
22:03:19 set names utf8;
22:03:19 select * from configs
22:03:19 select * from users where user_name='1205587907' and user_word='e10adc3949ba59abbe56e057f20f883e'
22:03:27 use a0122145834;
22:03:27 set names utf8;
22:03:27 select * from configs
22:03:31 use a0122145834;
22:03:31 set names utf8;
22:03:31 select * from configs
22:03:32 use a0122145834;
22:03:32 set names utf8;
22:03:32 select * from configs
22:03:35 use a0122145834;
22:03:35 set names utf8;
22:03:35 select * from configs
22:03:37 use a0122145834;
22:03:37 set names utf8;
22:03:37 select * from configs
22:04:33 use a0122145834;
22:04:33 set names utf8;
22:04:33 select * from configs
22:04:52 use a0122145834;
22:04:52 set names utf8;
22:04:52 select * from configs
22:04:52 select count(id) from users where register_ip='180.139.133.4' or last_ip='180.139.133.4' and add_time>1390226692
22:04:52 select * from users where user_name='601616578'
22:04:52 insert into users (user_name,nick_name,user_word,email,spreader_id,add_time,register_ip) values ('601616578','求昵称','38ca692a3523e708bd93890330ff904d','601616578@qq.com',105,'1392818692','180.139.133.4') ;
22:04:52 use a0122145834;
22:04:52 set names utf8;
22:04:52 select * from configs
22:04:52 select * from users where id=114
22:04:52 select count(id) from users where spreader_id='114'
22:04:52 select * from images
22:05:07 use a0122145834;
22:05:07 set names utf8;
22:05:07 select * from configs
22:05:08 use a0122145834;
22:05:08 set names utf8;
22:05:08 select * from configs
22:05:10 use a0122145834;
22:05:10 set names utf8;
22:05:10 select * from configs
22:05:19 use a0122145834;
22:05:19 set names utf8;
22:05:19 select * from configs
22:05:19 select * from users where user_name='1205587907' and user_word='25f9e794323b453885f5181f1b624d0b'
22:05:19 update users set first_login='1',last_ip='121.235.193.75' where id='113'
22:05:19 update users set credits=credits+1 where id='105'
22:05:19 use a0122145834;
22:05:19 set names utf8;
22:05:19 select * from configs
22:05:19 select * from users where id=113
22:05:19 select count(id) from users where spreader_id='113'
22:05:19 select * from images
22:05:19 select * from goods where need_top=1 and need_hidden=0 order by id desc limit 0,5
22:05:19 select count(id) from goods where need_top=0 and need_hidden=0 order by id desc
22:05:19 select * from goods where need_top=0 and need_hidden=0 order by id desc limit 0,5
22:05:36 use a0122145834;
22:05:36 set names utf8;
22:05:36 select * from configs
22:05:44 use a0122145834;
22:05:44 set names utf8;
22:05:44 select * from configs
22:05:44 select * from users where id=113
22:05:44 select * from goods where need_hidden=0 and id=12
22:05:44 select * from orders where user_id=113 and goods_id=12 
22:07:04 use a0122145834;
22:07:04 set names utf8;
22:07:04 select * from configs
22:07:04 select * from users where id=113
22:07:04 select count(id) from users where spreader_id='113'
22:07:04 select * from images
22:07:16 use a0122145834;
22:07:16 set names utf8;
22:07:16 select * from configs
22:07:16 select * from users where id=113
22:07:16 select count(id) from users where spreader_id='113'
22:07:16 select * from images
22:07:16 select count(id) from expense where user_id=113
22:07:16 select * from expense where user_id=113 limit 0,5
22:07:22 use a0122145834;
22:07:22 set names utf8;
22:07:22 select * from configs
22:07:22 use a0122145834;
22:07:22 set names utf8;
22:07:22 select * from configs
22:07:22 use a0122145834;
22:07:22 set names utf8;
22:07:22 select * from configs
22:07:23 use a0122145834;
22:07:23 set names utf8;
22:07:23 select * from configs
22:07:25 use a0122145834;
22:07:25 set names utf8;
22:07:25 select * from configs
22:07:30 use a0122145834;
22:07:30 set names utf8;
22:07:30 select * from configs
22:07:30 select * from users where id=113
22:07:30 select count(id) from users where spreader_id='113'
22:07:30 select * from images
22:07:30 select type_id from articles where id='9'
22:07:30 select * from articles where id='9'
22:07:32 use a0122145834;
22:07:32 set names utf8;
22:07:32 select * from configs
22:07:32 use a0122145834;
22:07:32 set names utf8;
22:07:32 select * from configs
22:07:50 use a0122145834;
22:07:50 set names utf8;
22:07:50 select * from configs
22:07:50 select * from users where user_name='644649746' and user_word='fe008700f25cb28940ca8ed91b23b354'
22:07:51 use a0122145834;
22:07:51 set names utf8;
22:07:51 select * from configs
22:07:51 select * from users where id=50
22:07:51 select count(id) from users where spreader_id='50'
22:07:51 select * from images
22:07:51 select * from goods where need_top=1 and need_hidden=0 order by id desc limit 0,5
22:07:51 select count(id) from goods where need_top=0 and need_hidden=0 order by id desc
22:07:51 select * from goods where need_top=0 and need_hidden=0 order by id desc limit 0,5
22:07:55 use a0122145834;
22:07:55 set names utf8;
22:07:55 select * from configs
22:07:55 select * from users where id=50
22:07:55 select count(id) from users where spreader_id='50'
22:07:55 select * from images
22:07:55 select * from users where spreader_id='50'
22:08:47 use a0122145834;
22:08:47 set names utf8;
22:08:47 select * from configs
22:09:47 use a0122145834;
22:09:47 set names utf8;
22:09:47 select * from configs
22:09:55 use a0122145834;
22:09:55 set names utf8;
22:09:55 select * from configs
22:09:55 select count(id) from users where register_ip='106.80.18.211' or last_ip='106.80.18.211' and add_time>1390226995
22:09:55 select * from users where user_name='2330185556'
22:09:55 insert into users (user_name,nick_name,user_word,email,spreader_id,add_time,register_ip) values ('2330185556','求昵称','f46ef81f2464441ba58aeecbf654ee41','2330185556@qq.com',105,'1392818995','106.80.18.211') ;
22:09:56 use a0122145834;
22:09:56 set names utf8;
22:09:56 select * from configs
22:09:56 select * from users where id=115
22:09:56 select count(id) from users where spreader_id='115'
22:09:56 select * from images
22:10:22 use a0122145834;
22:10:22 set names utf8;
22:10:22 select * from configs
22:10:22 select * from users where id=115
22:10:22 select count(id) from users where spreader_id='115'
22:10:22 select * from images
22:10:22 use a0122145834;
22:10:22 set names utf8;
22:10:22 select * from configs
22:10:22 select * from users where id=115
22:10:22 select count(id) from users where spreader_id='115'
22:10:22 select * from images
22:10:22 select * from goods where need_top=1 and need_hidden=0 order by id desc limit 0,5
22:10:22 select count(id) from goods where need_top=0 and need_hidden=0 order by id desc
22:10:22 select * from goods where need_top=0 and need_hidden=0 order by id desc limit 0,5
22:10:51 use a0122145834;
22:10:51 set names utf8;
22:10:51 select * from configs
22:10:51 select * from users where id=115
22:10:51 select count(id) from users where spreader_id='115'
22:10:51 select * from images
22:10:51 select type_id from articles where id='8'
22:10:51 select * from articles where id='8'
22:11:13 use a0122145834;
22:11:13 set names utf8;
22:11:13 select * from configs
22:11:14 use a0122145834;
22:11:14 set names utf8;
22:11:14 select * from configs
22:11:14 use a0122145834;
22:11:14 set names utf8;
22:11:14 select * from configs
22:11:14 use a0122145834;
22:11:14 set names utf8;
22:11:14 select * from configs
22:11:14 use a0122145834;
22:11:14 set names utf8;
22:11:14 select * from configs
22:11:14 use a0122145834;
22:11:14 use a0122145834;
22:11:14 set names utf8;
22:11:14 set names utf8;
22:11:14 select * from configs
22:11:14 select * from configs
22:11:15 use a0122145834;
22:11:15 set names utf8;
22:11:15 select * from configs
22:11:15 use a0122145834;
22:11:15 set names utf8;
22:11:15 select * from configs
22:11:15 use a0122145834;
22:11:15 set names utf8;
22:11:15 select * from configs
22:11:15 use a0122145834;
22:11:15 use a0122145834;
22:11:15 set names utf8;
22:11:15 set names utf8;
22:11:15 use a0122145834;
22:11:15 select * from configs
22:11:15 use a0122145834;
22:11:15 select * from configs
22:11:15 set names utf8;
22:11:15 set names utf8;
22:11:15 select * from configs
22:11:15 use a0122145834;
22:11:15 select * from configs
22:11:15 set names utf8;
22:11:15 select * from configs
22:11:21 use a0122145834;
22:11:21 set names utf8;
22:11:21 select * from configs
22:11:22 use a0122145834;
22:11:22 set names utf8;
22:11:22 use a0122145834;
22:11:22 select * from configs
22:11:22 set names utf8;
22:11:22 select * from configs
22:11:22 use a0122145834;
22:11:22 use a0122145834;
22:11:22 set names utf8;
22:11:22 set names utf8;
22:11:22 select * from configs
22:11:22 select * from configs
22:11:22 use a0122145834;
22:11:22 set names utf8;
22:11:22 select * from configs
22:11:22 use a0122145834;
22:11:22 set names utf8;
22:11:22 use a0122145834;
22:11:22 select * from configs
22:11:22 set names utf8;
22:11:22 select * from configs
22:11:43 use a0122145834;
22:11:43 set names utf8;
22:11:43 select * from configs
22:11:43 select * from users where id=115
22:11:43 select * from goods where need_hidden=0 and id=8
22:11:43 select * from orders where user_id=115 and goods_id=8 
22:11:46 use a0122145834;
22:11:46 set names utf8;
22:11:46 select * from configs
22:12:17 use a0122145834;
22:12:17 set names utf8;
22:12:17 select * from configs
22:12:45 use a0122145834;
22:12:45 set names utf8;
22:12:45 select * from configs
22:12:46 use a0122145834;
22:12:46 set names utf8;
22:12:46 select * from configs
22:13:02 use a0122145834;
22:13:02 set names utf8;
22:13:02 select * from configs
22:13:02 use a0122145834;
22:13:02 set names utf8;
22:13:02 select * from configs
22:13:11 use a0122145834;
22:13:11 set names utf8;
22:13:11 select * from configs
22:13:12 use a0122145834;
22:13:12 set names utf8;
22:13:12 select * from configs
22:13:12 use a0122145834;
22:13:12 set names utf8;
22:13:12 select * from configs
22:13:13 use a0122145834;
22:13:13 set names utf8;
22:13:13 select * from configs
22:14:09 use a0122145834;
22:14:09 set names utf8;
22:14:09 select * from configs
22:14:10 use a0122145834;
22:14:10 set names utf8;
22:14:10 select * from configs
22:14:12 use a0122145834;
22:14:12 set names utf8;
22:14:12 select * from configs
22:14:13 use a0122145834;
22:14:13 set names utf8;
22:14:13 select * from configs
22:14:13 select count(id) from users where register_ip='112.241.209.125' or last_ip='112.241.209.125' and add_time>1390227253
22:14:13 select * from users where user_name='961912175'
22:14:13 insert into users (user_name,nick_name,user_word,email,spreader_id,add_time,register_ip) values ('961912175','求昵称','824a67f29e97b8798a9df7f00189f3e1','961912175@qq.com',105,'1392819253','112.241.209.125') ;
22:14:13 use a0122145834;
22:14:13 set names utf8;
22:14:13 select * from configs
22:14:13 select * from users where id=116
22:14:13 select count(id) from users where spreader_id='116'
22:14:13 select * from images
22:15:32 use a0122145834;
22:15:32 set names utf8;
22:15:32 select * from configs
22:15:44 use a0122145834;
22:15:44 set names utf8;
22:15:44 select * from configs
22:15:47 use a0122145834;
22:15:47 set names utf8;
22:15:47 select * from configs
22:16:17 use a0122145834;
22:16:17 set names utf8;
22:16:17 select * from configs
22:16:27 use a0122145834;
22:16:27 set names utf8;
22:16:27 select * from configs
22:16:55 use a0122145834;
22:16:55 set names utf8;
22:16:55 select * from configs
22:17:14 use a0122145834;
22:17:14 set names utf8;
22:17:14 select * from configs
22:17:26 use a0122145834;
22:17:26 set names utf8;
22:17:26 select * from configs
22:18:22 use a0122145834;
22:18:22 set names utf8;
22:18:22 select * from configs
22:18:22 use a0122145834;
22:18:22 set names utf8;
22:18:22 select * from configs
22:18:48 use a0122145834;
22:18:48 set names utf8;
22:18:48 select * from configs
22:18:48 select count(id) from users where register_ip='60.23.77.129' or last_ip='60.23.77.129' and add_time>1390227528
22:18:48 select * from users where user_name='646135136'
22:18:48 insert into users (user_name,nick_name,user_word,email,spreader_id,add_time,register_ip) values ('646135136','求昵称','ef5df9c0bbfa381ad91f05dd0ed3e4d6','646135136@qq.com',0,'1392819528','60.23.77.129') ;
22:18:49 use a0122145834;
22:18:49 set names utf8;
22:18:49 select * from configs
22:18:49 select * from users where id=117
22:18:49 select count(id) from users where spreader_id='117'
22:18:49 select * from images
22:19:12 use a0122145834;
22:19:12 set names utf8;
22:19:12 select * from configs
22:19:12 select * from users where id=117
22:19:13 use a0122145834;
22:19:13 set names utf8;
22:19:13 select * from configs
22:19:13 select * from users where id=117
22:19:13 select count(id) from users where spreader_id='117'
22:19:13 select * from images
22:19:13 select * from goods where need_top=1 and need_hidden=0 order by id desc limit 0,5
22:19:13 select count(id) from goods where need_top=0 and need_hidden=0 order by id desc
22:19:13 select * from goods where need_top=0 and need_hidden=0 order by id desc limit 0,5
22:19:15 use a0122145834;
22:19:15 set names utf8;
22:19:15 select * from configs
22:19:15 select * from users where id=105
22:19:15 select count(id) from users where spreader_id='105'
22:19:15 select * from images
22:19:15 select * from goods where need_top=1 and need_hidden=0 order by id desc limit 0,5
22:19:15 select count(id) from goods where need_top=0 and need_hidden=0 order by id desc
22:19:15 select * from goods where need_top=0 and need_hidden=0 order by id desc limit 0,5
22:19:23 use a0122145834;
22:19:23 set names utf8;
22:19:23 select * from configs
22:19:23 select * from users where id=105
22:19:23 select count(id) from users where spreader_id='105'
22:19:23 select * from images
22:19:23 select * from users where spreader_id='105'
22:19:30 use a0122145834;
22:19:30 set names utf8;
22:19:30 select * from configs
22:19:45 use a0122145834;
22:19:45 set names utf8;
22:19:45 select * from configs
22:19:45 select * from users where id=117
22:19:45 select count(id) from users where spreader_id='117'
22:19:45 select * from images
22:19:45 select count(id) from expense where user_id=117
22:19:45 select * from expense where user_id=117 limit 0,5
22:20:10 use a0122145834;
22:20:10 set names utf8;
22:20:10 select * from configs
22:20:10 select count(id) from users where register_ip='125.46.142.6' or last_ip='125.46.142.6' and add_time>1390227610
22:20:10 select * from users where user_name='353885841'
22:20:10 insert into users (user_name,nick_name,user_word,email,spreader_id,add_time,register_ip) values ('353885841','求昵称','cba191666bbe6eda47877bce642c9152','353885841@qq.com',0,'1392819610','125.46.142.6') ;
22:20:11 use a0122145834;
22:20:11 set names utf8;
22:20:11 select * from configs
22:20:11 use a0122145834;
22:20:11 set names utf8;
22:20:11 select * from configs
22:20:11 select * from users where id=118
22:20:11 select count(id) from users where spreader_id='118'
22:20:11 select * from images
22:20:36 use a0122145834;
22:20:36 set names utf8;
22:20:36 select * from configs
22:20:36 select * from users where id=117
22:20:36 select count(id) from users where spreader_id='117'
22:20:36 select * from images
22:20:36 select type_id from articles where id='9'
22:20:36 select * from articles where id='9'
22:20:50 use a0122145834;
22:20:50 set names utf8;
22:20:50 select * from configs
22:20:50 select count(id) from users where register_ip='219.156.133.221' or last_ip='219.156.133.221' and add_time>1390227650
22:20:50 select * from users where user_name='378839443'
22:20:50 insert into users (user_name,nick_name,user_word,email,spreader_id,add_time,register_ip) values ('378839443','求昵称','fcea920f7412b5da7be0cf42b8c93759','378839443@qq.com',105,'1392819650','219.156.133.221') ;
22:20:50 use a0122145834;
22:20:50 set names utf8;
22:20:50 select * from configs
22:20:50 select * from users where id=119
22:20:50 select count(id) from users where spreader_id='119'
22:20:50 select * from images
22:21:21 use a0122145834;
22:21:21 set names utf8;
22:21:21 select * from configs
22:21:23 use a0122145834;
22:21:23 set names utf8;
22:21:23 select * from configs
22:21:25 use a0122145834;
22:21:25 set names utf8;
22:21:25 select * from configs
22:21:28 use a0122145834;
22:21:28 set names utf8;
22:21:28 select * from configs
22:21:30 use a0122145834;
22:21:30 set names utf8;
22:21:30 select * from configs
22:21:30 select * from users where id=117
22:21:30 use a0122145834;
22:21:30 set names utf8;
22:21:30 select * from configs
22:21:30 select * from users where id=117
22:21:30 select count(id) from users where spreader_id='117'
22:21:30 select * from images
22:21:30 select * from goods where need_top=1 and need_hidden=0 order by id desc limit 0,5
22:21:30 select count(id) from goods where need_top=0 and need_hidden=0 order by id desc
22:21:30 select * from goods where need_top=0 and need_hidden=0 order by id desc limit 0,5
22:21:31 use a0122145834;
22:21:31 set names utf8;
22:21:31 select * from configs
22:21:46 use a0122145834;
22:21:46 set names utf8;
22:21:46 select * from configs
22:21:47 use a0122145834;
22:21:47 set names utf8;
22:21:47 select * from configs
22:21:47 select * from users where id=117
22:21:47 select count(id) from users where spreader_id='117'
22:21:47 select * from images
22:21:47 select * from article_type
22:21:47 select * from article_type where id='0'
22:21:47 select count(id) from articles where type_id='0' order by add_time desc
22:21:47 select * from articles where type_id='0' order by add_time desc limit 0,5
22:21:51 use a0122145834;
22:21:51 set names utf8;
22:21:51 select * from configs
22:21:56 use a0122145834;
22:21:56 set names utf8;
22:21:56 select * from configs
22:21:56 select * from users where id=117
22:21:56 select count(id) from users where spreader_id='117'
22:21:56 select * from images
22:21:56 select type_id from articles where id='18'
22:21:56 select * from articles where id='18'
22:21:59 use a0122145834;
22:21:59 set names utf8;
22:21:59 select * from configs
22:21:59 select count(id) from users where register_ip='123.151.42.49' or last_ip='123.151.42.49' and add_time>1390227719
22:21:59 select * from users where user_name='765900219'
22:21:59 insert into users (user_name,nick_name,user_word,email,spreader_id,add_time,register_ip) values ('765900219','求昵称','a59f21346eab83f4584a117e90c18f37','765900219@qq.com',105,'1392819719','123.151.42.49') ;
22:21:59 use a0122145834;
22:21:59 set names utf8;
22:21:59 select * from configs
22:21:59 use a0122145834;
22:21:59 set names utf8;
22:21:59 select * from configs
22:21:59 select * from users where id=120
22:21:59 select count(id) from users where spreader_id='120'
22:21:59 select * from images
22:22:00 use a0122145834;
22:22:00 set names utf8;
22:22:00 select * from configs
22:22:00 use a0122145834;
22:22:00 set names utf8;
22:22:00 select * from configs
22:22:01 use a0122145834;
22:22:01 set names utf8;
22:22:01 select * from configs
22:22:03 use a0122145834;
22:22:03 set names utf8;
22:22:03 select * from configs
22:22:11 use a0122145834;
22:22:11 set names utf8;
22:22:11 select * from configs
22:22:38 use a0122145834;
22:22:38 set names utf8;
22:22:38 select * from configs
22:22:38 select * from users where user_name='353885841' and user_word='cba191666bbe6eda47877bce642c9152'
22:22:38 update users set first_login='1',last_ip='125.46.142.6' where id='118'
22:22:39 use a0122145834;
22:22:39 set names utf8;
22:22:39 select * from configs
22:22:39 select * from users where id=118
22:22:39 select count(id) from users where spreader_id='118'
22:22:39 select * from images
22:22:39 select * from goods where need_top=1 and need_hidden=0 order by id desc limit 0,5
22:22:39 select count(id) from goods where need_top=0 and need_hidden=0 order by id desc
22:22:39 select * from goods where need_top=0 and need_hidden=0 order by id desc limit 0,5
22:22:57 use a0122145834;
22:22:57 set names utf8;
22:22:57 select * from configs
22:23:07 use a0122145834;
22:23:07 set names utf8;
22:23:07 select * from configs
22:23:07 select * from users where id=118
22:23:07 select * from goods where need_hidden=0 and id=8
22:23:07 select * from orders where user_id=118 and goods_id=8 
22:23:12 use a0122145834;
22:23:12 set names utf8;
22:23:12 select * from configs
22:23:12 select * from users where id=118
22:23:12 select * from goods where id=8
22:23:12 update users set money=money-0 where id=118
22:23:12 insert into orders (goods_id,user_id,pay_type,order_sn,order_type,add_time) values ('8','118','1','139281979250329','1','1392819792') ;
22:23:15 use a0122145834;
22:23:15 set names utf8;
22:23:15 select * from configs
22:23:15 select * from users where id=118
22:23:15 select * from goods where need_hidden=0 and id=8
22:23:15 select * from orders where user_id=118 and goods_id=8 
22:23:23 use a0122145834;
22:23:23 set names utf8;
22:23:23 select * from configs
22:23:23 select * from users where id=118
22:23:23 select * from goods where id=8
22:23:23 update users set credits=credits-0 where id=118
22:23:23 insert into orders (goods_id,user_id,pay_type,order_sn,order_type,add_time) values ('8','118','1','139281980348490','0','1392819803') ;
22:23:25 use a0122145834;
22:23:25 set names utf8;
22:23:25 select * from configs
22:23:25 select * from users where id=118
22:23:25 select * from goods where need_hidden=0 and id=8
22:23:25 select * from orders where user_id=118 and goods_id=8 
22:23:38 use a0122145834;
22:23:38 set names utf8;
22:23:38 select * from configs
22:23:38 select count(id) from users where register_ip='118.74.131.240' or last_ip='118.74.131.240' and add_time>1390227818
22:23:38 select * from users where user_name='834726006'
22:23:38 insert into users (user_name,nick_name,user_word,email,spreader_id,add_time,register_ip) values ('834726006','求昵称','23dfdc956f3e9cbf9c1fe32de2473777','834726006@qq.com',105,'1392819818','118.74.131.240') ;
22:23:38 use a0122145834;
22:23:38 set names utf8;
22:23:38 select * from configs
22:23:38 select * from users where id=121
22:23:38 select count(id) from users where spreader_id='121'
22:23:38 select * from images
22:23:54 use a0122145834;
22:23:54 set names utf8;
22:23:54 select * from configs
22:24:41 use a0122145834;
22:24:41 set names utf8;
22:24:41 select * from configs
22:25:18 use a0122145834;
22:25:18 set names utf8;
22:25:18 select * from configs
22:25:18 use a0122145834;
22:25:18 set names utf8;
22:25:18 select * from configs
22:25:29 use a0122145834;
22:25:29 set names utf8;
22:25:29 select * from configs
22:25:52 use a0122145834;
22:25:52 set names utf8;
22:25:52 select * from configs
22:26:00 use a0122145834;
22:26:00 set names utf8;
22:26:00 select * from configs
22:26:48 use a0122145834;
22:26:48 set names utf8;
22:26:48 select * from configs
22:27:36 use a0122145834;
22:27:36 set names utf8;
22:27:36 select * from configs
22:27:36 select count(id) from users where register_ip='123.180.87.242' or last_ip='123.180.87.242' and add_time>1390228056
22:27:36 select * from users where user_name='345235501'
22:27:36 insert into users (user_name,nick_name,user_word,email,spreader_id,add_time,register_ip) values ('345235501','求昵称','5c0a200e91eeeeae07d1055d2673d3e3','345235501@qq.com',51,'1392820056','123.180.87.242') ;
22:27:36 use a0122145834;
22:27:36 set names utf8;
22:27:36 select * from configs
22:27:36 select * from users where id=122
22:27:36 select count(id) from users where spreader_id='122'
22:27:36 select * from images
22:29:26 use a0122145834;
22:29:26 set names utf8;
22:29:26 select * from configs
22:29:26 select count(id) from users where register_ip='123.85.193.10' or last_ip='123.85.193.10' and add_time>1390228166
22:29:26 select * from users where user_name='250029467'
22:29:26 insert into users (user_name,nick_name,user_word,email,spreader_id,add_time,register_ip) values ('250029467','求昵称','98630f2d3d4e116ad539ab3a3f78078e','250029467@qq.com',105,'1392820166','123.85.193.10') ;
22:29:26 use a0122145834;
22:29:26 set names utf8;
22:29:26 select * from configs
22:29:26 select * from users where id=123
22:29:26 select count(id) from users where spreader_id='123'
22:29:26 select * from images
22:31:54 use a0122145834;
22:31:54 set names utf8;
22:31:54 select * from configs
22:32:15 use a0122145834;
22:32:15 set names utf8;
22:32:15 select * from configs
22:33:12 use a0122145834;
22:33:12 set names utf8;
22:33:12 select * from configs
22:33:12 select count(id) from users where register_ip='121.60.107.168' or last_ip='121.60.107.168' and add_time>1390228392
22:33:12 select * from users where user_name='1119696785'
22:33:12 insert into users (user_name,nick_name,user_word,email,spreader_id,add_time,register_ip) values ('1119696785','求昵称','5b66a6ddbac1ce4c5ca0e8b9b21c21ff','1119696785@qq.com',105,'1392820392','121.60.107.168') ;
22:33:12 use a0122145834;
22:33:12 set names utf8;
22:33:12 select * from configs
22:33:12 select * from users where id=124
22:33:12 select count(id) from users where spreader_id='124'
22:33:12 select * from images
22:34:52 use a0122145834;
22:34:52 set names utf8;
22:34:52 select * from configs
22:34:52 use a0122145834;
22:34:52 set names utf8;
22:34:52 select * from configs
22:35:15 use a0122145834;
22:35:15 set names utf8;
22:35:15 select * from configs
22:35:57 use a0122145834;
22:35:57 set names utf8;
22:35:57 select * from configs
22:37:08 use a0122145834;
22:37:08 set names utf8;
22:37:08 select * from configs
22:37:08 select * from users where id=118
22:37:08 select count(id) from users where spreader_id='118'
22:37:08 select * from images
22:37:08 select * from goods where need_top=1 and need_hidden=0 order by id desc limit 0,5
22:37:08 select count(id) from goods where need_top=0 and need_hidden=0 order by id desc
22:37:08 select * from goods where need_top=0 and need_hidden=0 order by id desc limit 0,5
22:37:28 use a0122145834;
22:37:28 set names utf8;
22:37:28 select * from configs
22:41:38 use a0122145834;
22:41:38 set names utf8;
22:41:38 select * from configs
22:41:40 use a0122145834;
22:41:40 set names utf8;
22:41:41 select * from configs
22:41:41 use a0122145834;
22:41:41 set names utf8;
22:41:41 select * from configs
22:41:50 use a0122145834;
22:41:50 set names utf8;
22:41:50 select * from configs
22:41:50 select * from users where user_name='644649746' and user_word='fe008700f25cb28940ca8ed91b23b354'
22:41:50 use a0122145834;
22:41:50 set names utf8;
22:41:50 select * from configs
22:41:50 select * from users where id=50
22:41:50 select count(id) from users where spreader_id='50'
22:41:50 select * from images
22:41:50 select * from goods where need_top=1 and need_hidden=0 order by id desc limit 0,5
22:41:50 select count(id) from goods where need_top=0 and need_hidden=0 order by id desc
22:41:50 select * from goods where need_top=0 and need_hidden=0 order by id desc limit 0,5
22:41:53 use a0122145834;
22:41:53 set names utf8;
22:41:53 select * from configs
22:41:53 select * from users where id=50
22:41:53 select count(id) from users where spreader_id='50'
22:41:53 select * from images
22:41:53 select * from goods where need_top=1 and need_hidden=0 order by id desc limit 0,5
22:41:53 select count(id) from goods where need_top=0 and need_hidden=0 order by id desc
22:41:53 select * from goods where need_top=0 and need_hidden=0 order by id desc limit 0,5
22:42:53 use a0122145834;
22:42:53 set names utf8;
22:42:53 select * from configs
22:43:34 use a0122145834;
22:43:34 set names utf8;
22:43:34 select * from configs
22:44:41 use a0122145834;
22:44:41 set names utf8;
22:44:41 select * from configs
22:44:41 select * from users where id=105
22:44:41 select count(id) from users where spreader_id='105'
22:44:41 select * from images
22:44:41 select * from goods where need_top=1 and need_hidden=0 order by id desc limit 0,5
22:44:41 select count(id) from goods where need_top=0 and need_hidden=0 order by id desc
22:44:41 select * from goods where need_top=0 and need_hidden=0 order by id desc limit 0,5
22:44:52 use a0122145834;
22:44:52 set names utf8;
22:44:52 select * from configs
22:44:53 use a0122145834;
22:44:53 set names utf8;
22:44:53 select * from configs
22:45:30 use a0122145834;
22:45:30 set names utf8;
22:45:30 select * from configs
22:46:41 use a0122145834;
22:46:41 set names utf8;
22:46:41 select * from configs
22:47:52 use a0122145834;
22:47:52 set names utf8;
22:47:52 select * from configs
22:48:51 use a0122145834;
22:48:51 set names utf8;
22:48:51 select * from configs
22:49:12 use a0122145834;
22:49:12 set names utf8;
22:49:12 select * from configs
22:49:15 use a0122145834;
22:49:15 set names utf8;
22:49:15 select * from configs
22:49:44 use a0122145834;
22:49:44 set names utf8;
22:49:44 select * from configs
22:50:35 use a0122145834;
22:50:35 set names utf8;
22:50:35 select * from configs
22:50:54 use a0122145834;
22:50:54 set names utf8;
22:50:54 select * from configs
22:51:13 use a0122145834;
22:51:13 set names utf8;
22:51:13 select * from configs
22:51:34 use a0122145834;
22:51:34 set names utf8;
22:51:34 select * from configs
22:51:47 use a0122145834;
22:51:47 set names utf8;
22:51:47 select * from configs
22:51:56 use a0122145834;
22:51:56 set names utf8;
22:51:56 select * from configs
22:52:05 use a0122145834;
22:52:05 set names utf8;
22:52:05 select * from configs
22:52:12 use a0122145834;
22:52:12 set names utf8;
22:52:12 select * from configs
22:52:12 select * from users where id=118
22:52:12 use a0122145834;
22:52:12 set names utf8;
22:52:12 select * from configs
22:52:16 use a0122145834;
22:52:16 set names utf8;
22:52:16 select * from configs
22:52:16 select * from users where id=118
22:52:16 select count(id) from users where spreader_id='118'
22:52:16 select * from images
22:52:16 select count(id) from income where user_id=118
22:52:16 select * from income where user_id=118 limit 0,5
22:52:33 use a0122145834;
22:52:33 set names utf8;
22:52:33 select * from configs
22:52:33 select * from users where id=118
22:52:33 select count(id) from users where spreader_id='118'
22:52:33 select * from images
22:52:35 use a0122145834;
22:52:35 set names utf8;
22:52:35 select * from configs
22:52:35 select * from users where id=118
22:52:35 select count(id) from users where spreader_id='118'
22:52:35 select * from images
22:52:35 select * from goods where need_top=1 and need_hidden=0 order by id desc limit 0,5
22:52:35 select count(id) from goods where need_top=0 and need_hidden=0 order by id desc
22:52:35 select * from goods where need_top=0 and need_hidden=0 order by id desc limit 0,5
22:52:41 use a0122145834;
22:52:41 set names utf8;
22:52:41 select * from configs
22:52:41 select * from users where id=118
22:52:41 select * from goods where need_hidden=0 and id=12
22:52:41 select * from orders where user_id=118 and goods_id=12 
22:52:43 use a0122145834;
22:52:43 set names utf8;
22:52:43 select * from configs
22:52:43 select * from users where id=50
22:52:43 select count(id) from users where spreader_id='50'
22:52:43 select * from images
22:52:43 select * from goods where need_top=1 and need_hidden=0 order by id desc limit 0,5
22:52:43 select count(id) from goods where need_top=0 and need_hidden=0 order by id desc
22:52:43 select * from goods where need_top=0 and need_hidden=0 order by id desc limit 0,5
22:52:59 use a0122145834;
22:52:59 set names utf8;
22:52:59 select * from configs
22:52:59 select * from users where id=50
22:52:59 select count(id) from users where spreader_id='50'
22:52:59 select * from images
22:52:59 select * from goods where need_top=1 and need_hidden=0 order by id desc limit 0,5
22:52:59 select count(id) from goods where need_top=0 and need_hidden=0 order by id desc
22:52:59 select * from goods where need_top=0 and need_hidden=0 order by id desc limit 0,5
22:53:02 use a0122145834;
22:53:02 set names utf8;
22:53:02 select * from configs
22:53:02 select * from users where id=50
22:53:02 select count(id) from users where spreader_id='50'
22:53:02 select * from images
22:53:02 select * from goods where need_top=1 and need_hidden=0 order by id desc limit 0,5
22:53:02 select count(id) from goods where need_top=0 and need_hidden=0 order by id desc
22:53:02 select * from goods where need_top=0 and need_hidden=0 order by id desc limit 0,5
22:53:06 use a0122145834;
22:53:06 set names utf8;
22:53:06 select * from configs
22:53:06 select * from users where id=50
22:53:06 select count(id) from users where spreader_id='50'
22:53:06 select * from images
22:53:06 select * from users where spreader_id='50'
22:53:43 use a0122145834;
22:53:43 set names utf8;
22:53:43 select * from configs
22:53:50 use a0122145834;
22:53:50 set names utf8;
22:53:50 select * from configs
22:54:21 use a0122145834;
22:54:21 set names utf8;
22:54:21 select * from configs
22:54:21 use a0122145834;
22:54:21 set names utf8;
22:54:21 select * from configs
22:55:01 use a0122145834;
22:55:01 set names utf8;
22:55:01 select * from configs
22:55:01 select * from users where id=50
22:55:02 select count(id) from users where spreader_id='50'
22:55:02 select * from images
22:55:02 select * from goods where need_top=1 and need_hidden=0 order by id desc limit 0,5
22:55:02 select count(id) from goods where need_top=0 and need_hidden=0 order by id desc
22:55:02 select * from goods where need_top=0 and need_hidden=0 order by id desc limit 0,5
22:55:39 use a0122145834;
22:55:39 set names utf8;
22:55:39 select * from configs
22:56:26 use a0122145834;
22:56:26 set names utf8;
22:56:26 select * from configs
22:56:48 use a0122145834;
22:56:48 set names utf8;
22:56:48 select * from configs
22:56:48 select * from users where id=50
22:56:48 select count(id) from users where spreader_id='50'
22:56:48 select * from images
22:56:48 use a0122145834;
22:56:48 set names utf8;
22:56:48 select * from configs
22:56:48 select * from users where id=50
22:56:48 select count(id) from users where spreader_id='50'
22:56:48 select * from images
22:56:49 use a0122145834;
22:56:49 set names utf8;
22:56:49 select * from configs
22:56:49 select * from users where id=50
22:56:49 select count(id) from users where spreader_id='50'
22:56:49 select * from images
22:56:49 select * from goods where need_top=1 and need_hidden=0 order by id desc limit 0,5
22:56:49 select count(id) from goods where need_top=0 and need_hidden=0 order by id desc
22:56:49 select * from goods where need_top=0 and need_hidden=0 order by id desc limit 0,5
22:56:51 use a0122145834;
22:56:51 set names utf8;
22:56:51 select * from configs
22:56:51 select * from users where id=50
22:56:51 select count(id) from users where spreader_id='50'
22:56:51 select * from images
22:56:51 select * from goods where need_top=1 and need_hidden=0 order by id desc limit 0,5
22:56:51 select count(id) from goods where need_top=0 and need_hidden=0 order by id desc
22:56:51 select * from goods where need_top=0 and need_hidden=0 order by id desc limit 0,5
22:59:36 use a0122145834;
22:59:36 set names utf8;
22:59:36 select * from configs
22:59:38 use a0122145834;
22:59:38 set names utf8;
22:59:38 select * from configs
23:00:13 use a0122145834;
23:00:13 set names utf8;
23:00:13 select * from configs
23:00:14 use a0122145834;
23:00:14 set names utf8;
23:00:14 select * from configs
23:00:32 use a0122145834;
23:00:32 set names utf8;
23:00:32 select * from configs
23:00:52 use a0122145834;
23:00:52 set names utf8;
23:00:52 select * from configs
23:00:52 select count(id) from users where register_ip='223.68.189.135' or last_ip='223.68.189.135' and add_time>1390230052
23:00:52 select * from users where user_name='1416510472'
23:00:52 insert into users (user_name,nick_name,user_word,email,spreader_id,add_time,register_ip) values ('1416510472','求昵称','b9fe5db4c806f17523bafc707df1b130','1416510472@qq.com',0,'1392822052','223.68.189.135') ;
23:00:53 use a0122145834;
23:00:53 set names utf8;
23:00:53 select * from configs
23:00:53 select * from users where id=125
23:00:53 select count(id) from users where spreader_id='125'
23:00:53 select * from images
23:00:57 use a0122145834;
23:00:57 set names utf8;
23:00:57 select * from configs
23:00:57 select * from users where id=125
23:00:57 select count(id) from users where spreader_id='125'
23:00:57 select * from images
23:00:57 select * from goods where need_top=1 and need_hidden=0 order by id desc limit 0,5
23:00:57 select count(id) from goods where need_top=0 and need_hidden=0 order by id desc
23:00:57 select * from goods where need_top=0 and need_hidden=0 order by id desc limit 0,5
23:01:16 use a0122145834;
23:01:16 set names utf8;
23:01:16 select * from configs
23:01:16 select * from users where id=125
23:01:19 use a0122145834;
23:01:19 set names utf8;
23:01:19 select * from configs
23:01:19 select * from users where id=125
23:01:19 select count(id) from users where spreader_id='125'
23:01:19 select * from images
23:01:19 select count(id) from income where user_id=125
23:01:19 select * from income where user_id=125 limit 0,5
23:01:27 use a0122145834;
23:01:27 set names utf8;
23:01:27 select * from configs
23:01:27 select * from users where id=125
23:01:27 select count(id) from users where spreader_id='125'
23:01:27 select * from images
23:01:27 select * from goods where need_top=1 and need_hidden=0 order by id desc limit 0,5
23:01:27 select count(id) from goods where need_top=0 and need_hidden=0 order by id desc
23:01:27 select * from goods where need_top=0 and need_hidden=0 order by id desc limit 0,5
23:01:30 use a0122145834;
23:01:30 set names utf8;
23:01:30 select * from configs
23:01:30 select * from users where id=125
23:01:30 select count(id) from users where spreader_id='125'
23:01:30 select * from images
23:01:30 select * from article_type
23:01:30 select * from article_type where id='0'
23:01:30 select count(id) from articles where type_id='0' order by add_time desc
23:01:30 select * from articles where type_id='0' order by add_time desc limit 0,5
23:01:40 use a0122145834;
23:01:40 set names utf8;
23:01:40 select * from configs
23:01:40 select * from users where id=125
23:01:40 select count(id) from users where spreader_id='125'
23:01:40 select * from images
23:01:40 select type_id from articles where id='14'
23:01:40 select * from articles where id='14'
23:01:47 use a0122145834;
23:01:47 set names utf8;
23:01:47 select * from configs
23:01:47 select * from users where id=125
23:01:47 select count(id) from users where spreader_id='125'
23:01:47 select * from images
23:01:47 select count(id) from expense where user_id=125
23:01:47 select * from expense where user_id=125 limit 0,5
23:03:03 use a0122145834;
23:03:03 set names utf8;
23:03:03 select * from configs
23:03:03 select * from users where id=105
23:03:03 select count(id) from users where spreader_id='105'
23:03:03 select * from images
23:03:03 select * from goods where need_top=1 and need_hidden=0 order by id desc limit 0,5
23:03:03 select count(id) from goods where need_top=0 and need_hidden=0 order by id desc
23:03:03 select * from goods where need_top=0 and need_hidden=0 order by id desc limit 0,5
23:04:11 use a0122145834;
23:04:11 set names utf8;
23:04:11 select * from configs
23:04:15 use a0122145834;
23:04:15 set names utf8;
23:04:15 select * from configs
23:04:22 use a0122145834;
23:04:22 set names utf8;
23:04:22 select * from configs
23:05:40 use a0122145834;
23:05:40 set names utf8;
23:05:40 select * from configs
23:06:06 use a0122145834;
23:06:06 set names utf8;
23:06:06 select * from configs
23:06:06 select * from users where id=50
23:06:06 select count(id) from users where spreader_id='50'
23:06:06 select * from images
23:06:06 select * from goods where need_top=1 and need_hidden=0 order by id desc limit 0,5
23:06:06 select count(id) from goods where need_top=0 and need_hidden=0 order by id desc
23:06:06 select * from goods where need_top=0 and need_hidden=0 order by id desc limit 0,5
23:07:25 use a0122145834;
23:07:25 set names utf8;
23:07:25 select * from configs
23:07:25 select * from users where id=50
23:07:25 select count(id) from users where spreader_id='50'
23:07:25 select * from images
23:07:25 select * from goods where need_top=1 and need_hidden=0 order by id desc limit 0,5
23:07:25 select count(id) from goods where need_top=0 and need_hidden=0 order by id desc
23:07:25 select * from goods where need_top=0 and need_hidden=0 order by id desc limit 0,5
23:10:59 use a0122145834;
23:10:59 set names utf8;
23:10:59 select * from configs
23:11:32 use a0122145834;
23:11:32 set names utf8;
23:11:32 select * from configs
23:11:32 select * from users where id=50
23:11:32 select count(id) from users where spreader_id='50'
23:11:32 select * from images
23:11:32 select * from goods where need_top=1 and need_hidden=0 order by id desc limit 0,5
23:11:32 select count(id) from goods where need_top=0 and need_hidden=0 order by id desc
23:11:32 select * from goods where need_top=0 and need_hidden=0 order by id desc limit 0,5
23:13:23 use a0122145834;
23:13:23 set names utf8;
23:13:23 select * from configs
23:14:36 use a0122145834;
23:14:36 set names utf8;
23:14:36 select * from configs
23:14:42 use a0122145834;
23:14:42 set names utf8;
23:14:42 select * from configs
23:14:42 use a0122145834;
23:14:42 set names utf8;
23:14:42 select * from configs
23:14:48 use a0122145834;
23:14:48 set names utf8;
23:14:48 select * from configs
23:14:48 select * from users where id=105
23:14:48 select count(id) from users where spreader_id='105'
23:14:48 select * from images
23:14:48 select * from goods where need_top=1 and need_hidden=0 order by id desc limit 0,5
23:14:48 select count(id) from goods where need_top=0 and need_hidden=0 order by id desc
23:14:48 select * from goods where need_top=0 and need_hidden=0 order by id desc limit 0,5
23:14:53 use a0122145834;
23:14:53 set names utf8;
23:14:53 select * from configs
23:14:53 select * from users where id=105
23:14:53 select count(id) from users where spreader_id='105'
23:14:53 select * from images
23:14:53 select type_id from articles where id='9'
23:14:53 select * from articles where id='9'
23:14:56 use a0122145834;
23:14:56 set names utf8;
23:14:56 select * from configs
23:14:56 select * from users where user_name='378839443' and user_word='fcea920f7412b5da7be0cf42b8c93759'
23:14:56 update users set first_login='1',last_ip='219.156.133.221' where id='119'
23:14:56 update users set credits=credits+1 where id='105'
23:14:56 use a0122145834;
23:14:56 set names utf8;
23:14:56 select * from configs
23:14:56 select * from users where id=119
23:14:56 select count(id) from users where spreader_id='119'
23:14:56 select * from images
23:14:56 select * from goods where need_top=1 and need_hidden=0 order by id desc limit 0,5
23:14:56 select count(id) from goods where need_top=0 and need_hidden=0 order by id desc
23:14:56 select * from goods where need_top=0 and need_hidden=0 order by id desc limit 0,5
23:15:26 use a0122145834;
23:15:26 set names utf8;
23:15:26 select * from configs
23:15:26 select * from users where id=119
23:15:26 select * from goods where need_hidden=0 and id=12
23:15:26 select * from orders where user_id=119 and goods_id=12 
23:15:30 use a0122145834;
23:15:30 set names utf8;
23:15:30 select * from configs
23:21:01 use a0122145834;
23:21:01 set names utf8;
23:21:01 select * from configs
23:22:20 use a0122145834;
23:22:20 set names utf8;
23:22:20 select * from configs
23:22:32 use a0122145834;
23:22:32 set names utf8;
23:22:32 select * from configs
23:23:01 use a0122145834;
23:23:01 set names utf8;
23:23:01 select * from configs
23:23:08 use a0122145834;
23:23:08 set names utf8;
23:23:08 select * from configs
23:24:34 use a0122145834;
23:24:34 set names utf8;
23:24:34 select * from configs
23:24:44 use a0122145834;
23:24:44 set names utf8;
23:24:44 select * from configs
23:27:35 use a0122145834;
23:27:35 set names utf8;
23:27:35 select * from configs
23:32:10 use a0122145834;
23:32:10 set names utf8;
23:32:11 select * from configs
23:32:11 use a0122145834;
23:32:11 set names utf8;
23:32:11 select * from configs
23:36:17 use a0122145834;
23:36:17 set names utf8;
23:36:17 select * from configs
23:40:25 use a0122145834;
23:40:25 set names utf8;
23:40:25 select * from configs
23:40:25 select count(id) from users where register_ip='218.21.89.240' or last_ip='218.21.89.240' and add_time>1390232425
23:40:25 select * from users where user_name='1929867011'
23:40:25 insert into users (user_name,nick_name,user_word,email,spreader_id,add_time,register_ip) values ('1929867011','求昵称','c599677a70ac53d1568ac0accc2019b5','1929867011@qq.com',105,'1392824425','218.21.89.240') ;
23:40:25 use a0122145834;
23:40:25 set names utf8;
23:40:25 select * from configs
23:40:25 select * from users where id=126
23:40:25 select count(id) from users where spreader_id='126'
23:40:25 select * from images
23:41:12 use a0122145834;
23:41:12 set names utf8;
23:41:12 select * from configs
23:42:05 use a0122145834;
23:42:05 set names utf8;
23:42:05 select * from configs
23:42:05 select count(id) from users where register_ip='121.31.246.47' or last_ip='121.31.246.47' and add_time>1390232525
23:42:05 select * from users where user_name='384527581'
23:42:05 insert into users (user_name,nick_name,user_word,email,spreader_id,add_time,register_ip) values ('384527581','求昵称','341914e6c38740314a75cdeaa152c4f9','384527581@qq.com',105,'1392824525','121.31.246.47') ;
23:42:07 use a0122145834;
23:42:07 set names utf8;
23:42:07 select * from configs
23:42:07 select * from users where id=127
23:42:07 select count(id) from users where spreader_id='127'
23:42:07 select * from images
23:42:29 use a0122145834;
23:42:29 set names utf8;
23:42:29 select * from configs
23:42:29 select * from users where id=105
23:42:29 select count(id) from users where spreader_id='105'
23:42:29 select * from images
23:42:29 select type_id from articles where id='9'
23:42:29 select * from articles where id='9'
23:42:53 use a0122145834;
23:42:53 set names utf8;
23:42:53 select * from configs
23:42:53 select * from users where id=127
23:42:54 use a0122145834;
23:42:54 set names utf8;
23:42:54 select * from configs
23:42:54 select * from users where id=127
23:42:54 select count(id) from users where spreader_id='127'
23:42:54 select * from images
23:42:54 select * from goods where need_top=1 and need_hidden=0 order by id desc limit 0,5
23:42:54 select count(id) from goods where need_top=0 and need_hidden=0 order by id desc
23:42:54 select * from goods where need_top=0 and need_hidden=0 order by id desc limit 0,5
23:44:05 use a0122145834;
23:44:05 set names utf8;
23:44:05 select * from configs
23:44:05 select * from users where id=50
23:44:05 select count(id) from users where spreader_id='50'
23:44:05 select * from images
23:44:05 select * from goods where need_top=1 and need_hidden=0 order by id desc limit 0,5
23:44:05 select count(id) from goods where need_top=0 and need_hidden=0 order by id desc
23:44:05 select * from goods where need_top=0 and need_hidden=0 order by id desc limit 0,5
23:44:10 use a0122145834;
23:44:10 set names utf8;
23:44:10 select * from configs
23:44:10 select * from users where id=50
23:44:10 select count(id) from users where spreader_id='50'
23:44:10 select * from images
23:44:10 select * from users where spreader_id='50'
23:44:46 use a0122145834;
23:44:46 set names utf8;
23:44:46 select * from configs
23:44:46 select * from users where id=127
23:44:46 select * from goods where need_hidden=0 and id=8
23:44:46 select * from orders where user_id=127 and goods_id=8 
23:45:04 use a0122145834;
23:45:04 set names utf8;
23:45:04 select * from configs
23:45:13 use a0122145834;
23:45:13 set names utf8;
23:45:13 select * from configs
23:45:13 select * from users where id=50
23:45:13 select count(id) from users where spreader_id='50'
23:45:13 select * from images
23:45:13 select * from goods where need_top=1 and need_hidden=0 order by id desc limit 0,5
23:45:13 select count(id) from goods where need_top=0 and need_hidden=0 order by id desc
23:45:13 select * from goods where need_top=0 and need_hidden=0 order by id desc limit 0,5
23:45:24 use a0122145834;
23:45:24 set names utf8;
23:45:24 select * from configs
23:45:24 select * from users where id=50
23:45:24 select count(id) from users where spreader_id='50'
23:45:24 select * from images
23:45:24 use a0122145834;
23:45:24 set names utf8;
23:45:24 select * from configs
23:46:50 use a0122145834;
23:46:50 set names utf8;
23:46:50 select * from configs
23:47:08 use a0122145834;
23:47:08 set names utf8;
23:47:08 select * from configs
23:47:45 use a0122145834;
23:47:45 set names utf8;
23:47:45 select * from configs
23:47:45 use a0122145834;
23:47:45 set names utf8;
23:47:45 select * from configs
23:47:57 use a0122145834;
23:47:57 set names utf8;
23:47:57 select * from configs
23:47:57 select * from users where id=127
23:47:57 select count(id) from users where spreader_id='127'
23:47:57 select * from images
23:47:59 use a0122145834;
23:47:59 set names utf8;
23:47:59 select * from configs
23:47:59 select * from users where id=127
23:47:59 select count(id) from users where spreader_id='127'
23:47:59 select * from images
23:48:48 use a0122145834;
23:48:48 set names utf8;
23:48:48 select * from configs
23:48:48 select * from users where id=127
23:48:48 select count(id) from users where spreader_id='127'
23:48:48 select * from images
23:48:48 select * from users where spreader_id='127'
23:51:16 use a0122145834;
23:51:16 set names utf8;
23:51:16 select * from configs
23:52:48 use a0122145834;
23:52:48 set names utf8;
23:52:48 select * from configs
23:55:04 use a0122145834;
23:55:04 set names utf8;
23:55:04 select * from configs
23:55:42 use a0122145834;
23:55:42 set names utf8;
23:55:42 select * from configs
23:57:22 use a0122145834;
23:57:22 set names utf8;
23:57:22 select * from configs
23:57:22 use a0122145834;
23:57:22 set names utf8;
23:57:22 select * from configs
23:57:34 use a0122145834;
23:57:34 set names utf8;
23:57:34 select * from configs
23:57:34 select * from admins where user_name='admin' and user_word='bccf0d96673408a7a0ce5f007328ec42'
23:57:36 use a0122145834;
23:57:36 set names utf8;
23:57:36 select * from configs
23:57:36 select * from admins where id=1
23:59:44 use a0122145834;
23:59:44 set names utf8;
23:59:44 select * from configs
23:59:44 select * from admins where id=1
23:59:45 use a0122145834;
23:59:45 set names utf8;
23:59:45 select * from configs
23:59:45 select * from admins where id=1
23:59:45 select count(id) from users
23:59:45 select * from users limit 0,20
23:59:52 use a0122145834;
23:59:52 set names utf8;
23:59:52 select * from configs
23:59:52 select * from admins where id=1
23:59:52 select count(id) from users
23:59:52 select * from users limit 40,20
23:59:56 use a0122145834;
23:59:56 set names utf8;
23:59:56 select * from configs
23:59:56 select * from admins where id=1
23:59:56 select count(id) from users
23:59:56 select * from users limit 20,20
