23:27:42 use a0122145834;
23:27:42 set names utf8;
23:27:42 select * from configs
23:27:42 select * from users where id=35
23:27:44 use a0122145834;
23:27:44 set names utf8;
23:27:44 select * from configs
23:27:44 select * from users where id=35
23:27:44 select count(id) from users where spreader_id='35'
23:27:44 select * from images
23:27:44 select * from goods where need_top=1 and need_hidden=0 order by id desc limit 0,5
23:27:44 select count(id) from goods where need_top=0 and need_hidden=0 order by id desc
23:27:44 select * from goods where need_top=0 and need_hidden=0 order by id desc limit 0,2
23:27:48 use a0122145834;
23:27:48 set names utf8;
23:27:48 select * from configs
23:27:48 select * from users where id=35
23:27:48 select count(id) from users where spreader_id='35'
23:27:48 select * from images
23:27:48 select * from article_type
23:27:48 select count(id) from articles order by add_time desc
23:27:48 select * from articles order by add_time desc limit 0,2
23:27:57 use a0122145834;
23:27:57 set names utf8;
23:27:57 select * from configs
23:27:57 select * from users where id=35
23:27:57 select count(id) from users where spreader_id='35'
23:27:57 select * from images
23:27:59 use a0122145834;
23:27:59 set names utf8;
23:27:59 select * from configs
23:27:59 select * from users where id=35
23:27:59 select count(id) from users where spreader_id='35'
23:27:59 select * from images
23:27:59 select * from goods where need_top=1 and need_hidden=0 order by id desc limit 0,5
23:27:59 select count(id) from goods where need_top=0 and need_hidden=0 order by id desc
23:27:59 select * from goods where need_top=0 and need_hidden=0 order by id desc limit 0,2
23:28:01 use a0122145834;
23:28:01 set names utf8;
23:28:01 select * from configs
23:28:01 select * from users where id=35
23:28:03 use a0122145834;
23:28:03 set names utf8;
23:28:03 select * from configs
23:28:03 select * from users where id=35
23:28:03 select count(id) from users where spreader_id='35'
23:28:03 select * from images
23:28:03 select * from goods where need_top=1 and need_hidden=0 order by id desc limit 0,5
23:28:03 select count(id) from goods where need_top=0 and need_hidden=0 order by id desc
23:28:03 select * from goods where need_top=0 and need_hidden=0 order by id desc limit 0,2
23:28:09 use a0122145834;
23:28:09 set names utf8;
23:28:09 select * from configs
23:28:09 select * from users where id=35
23:28:09 select count(id) from users where spreader_id='35'
23:28:09 select * from images
23:28:09 select * from article_type
23:28:09 select count(id) from articles order by add_time desc
23:28:09 select * from articles order by add_time desc limit 0,2
23:28:15 use a0122145834;
23:28:15 set names utf8;
23:28:15 select * from configs
23:28:15 select * from users where id=35
23:28:15 select count(id) from users where spreader_id='35'
23:28:15 select * from images
23:28:15 select type_id from articles where id='25'
23:28:17 use a0122145834;
23:28:17 set names utf8;
23:28:17 select * from configs
23:28:17 select * from users where id=35
23:28:17 select count(id) from users where spreader_id='35'
23:28:17 select * from images
23:28:17 select * from goods where need_top=1 and need_hidden=0 order by id desc limit 0,5
23:28:17 select count(id) from goods where need_top=0 and need_hidden=0 order by id desc
23:28:17 select * from goods where need_top=0 and need_hidden=0 order by id desc limit 0,2
23:28:20 use a0122145834;
23:28:20 set names utf8;
23:28:20 select * from configs
23:28:20 select * from users where id=35
23:28:20 select count(id) from users where spreader_id='35'
23:28:20 select * from images
23:28:22 use a0122145834;
23:28:22 set names utf8;
23:28:22 select * from configs
23:28:22 select * from users where id=35
23:28:24 use a0122145834;
23:28:24 set names utf8;
23:28:24 select * from configs
23:28:24 select * from users where id=35
23:28:24 select count(id) from users where spreader_id='35'
23:28:24 select * from images
23:28:24 select * from goods where need_top=1 and need_hidden=0 order by id desc limit 0,5
23:28:24 select count(id) from goods where need_top=0 and need_hidden=0 order by id desc
23:28:24 select * from goods where need_top=0 and need_hidden=0 order by id desc limit 0,2
23:28:26 use a0122145834;
23:28:26 set names utf8;
23:28:26 select * from configs
23:28:26 select * from users where id=35
23:28:28 use a0122145834;
23:28:28 set names utf8;
23:28:28 select * from configs
23:28:28 select * from users where id=35
23:28:28 select count(id) from users where spreader_id='35'
23:28:28 select * from images
23:28:28 select * from goods where need_top=1 and need_hidden=0 order by id desc limit 0,5
23:28:28 select count(id) from goods where need_top=0 and need_hidden=0 order by id desc
23:28:28 select * from goods where need_top=0 and need_hidden=0 order by id desc limit 0,2
23:28:36 use a0122145834;
23:28:36 set names utf8;
23:28:36 select * from configs
23:28:36 select * from users where id=35
23:28:36 select * from goods where need_hidden=0 and id=8
23:28:36 select * from orders where user_id=35 and goods_id=8 
23:28:39 use a0122145834;
23:28:39 set names utf8;
23:28:39 select * from configs
23:28:39 select * from users where id=35
23:28:39 select count(id) from users where spreader_id='35'
23:28:39 select * from images
23:28:39 select * from goods where need_top=1 and need_hidden=0 order by id desc limit 0,5
23:28:39 select count(id) from goods where need_top=0 and need_hidden=0 order by id desc
23:28:39 select * from goods where need_top=0 and need_hidden=0 order by id desc limit 0,2
23:28:41 use a0122145834;
23:28:41 set names utf8;
23:28:41 select * from configs
23:28:41 select * from users where id=35
23:28:42 use a0122145834;
23:28:42 set names utf8;
23:28:42 select * from configs
23:28:42 select * from users where id=35
23:28:42 select count(id) from users where spreader_id='35'
23:28:42 select * from images
23:28:42 select * from goods where need_top=1 and need_hidden=0 order by id desc limit 0,5
23:28:42 select count(id) from goods where need_top=0 and need_hidden=0 order by id desc
23:28:42 select * from goods where need_top=0 and need_hidden=0 order by id desc limit 0,2
23:28:47 use a0122145834;
23:28:47 set names utf8;
23:28:47 select * from configs
23:28:47 select * from users where id=35
23:28:47 select count(id) from users where spreader_id='35'
23:28:47 select * from images
23:28:47 select * from article_type
23:28:47 select count(id) from articles order by add_time desc
23:28:47 select * from articles order by add_time desc limit 0,2
23:28:54 use a0122145834;
23:28:54 set names utf8;
23:28:54 select * from configs
23:28:54 select * from users where id=35
23:28:54 select count(id) from users where spreader_id='35'
23:28:54 select * from images
23:28:54 select type_id from articles where id='26'
23:28:56 use a0122145834;
23:28:56 set names utf8;
23:28:56 select * from configs
23:28:56 select * from users where id=35
23:28:56 select count(id) from users where spreader_id='35'
23:28:56 select * from images
23:28:56 select * from goods where need_top=1 and need_hidden=0 order by id desc limit 0,5
23:28:56 select count(id) from goods where need_top=0 and need_hidden=0 order by id desc
23:28:56 select * from goods where need_top=0 and need_hidden=0 order by id desc limit 0,2
23:29:00 use a0122145834;
23:29:00 set names utf8;
23:29:00 select * from configs
23:29:00 select * from users where id=35
23:29:00 select count(id) from users where spreader_id='35'
23:29:00 select * from images
23:29:00 select * from goods where need_top=1 and need_hidden=0 order by id desc limit 0,5
23:29:00 select count(id) from goods where need_top=0 and need_hidden=0 order by id desc
23:29:00 select * from goods where need_top=0 and need_hidden=0 order by id desc limit 0,2
23:29:08 use a0122145834;
23:29:08 set names utf8;
23:29:08 select * from configs
23:29:09 select * from admins where id=1
23:29:09 use a0122145834;
23:29:09 set names utf8;
23:29:09 select * from configs
23:29:09 select * from admins where id=1
23:29:09 select count(id) from users
23:29:09 select * from users limit 0,20
23:29:13 use a0122145834;
23:29:13 set names utf8;
23:29:13 select * from configs
23:29:13 select * from admins where id=1
23:29:13 select * from users where id=35
23:29:18 use a0122145834;
23:29:18 set names utf8;
23:29:18 select * from configs
23:29:18 select * from admins where id=1
23:29:18 update users set user_name='444444',nick_name='求昵称',credits='30',money='1',pay_email='',pay_name='',address='',vip_level='2',spreader_rate='0.5' where id=35 
23:29:19 use a0122145834;
23:29:19 set names utf8;
23:29:19 select * from configs
23:29:19 select * from admins where id=1
23:29:19 select * from users where id=35
23:29:58 use a0122145834;
23:29:58 set names utf8;
23:29:58 select * from configs
23:29:58 select * from admins where id=1
23:29:58 update users set user_name='444444',nick_name='五5',credits='30',money='1',pay_email='',pay_name='',address='',vip_level='2',spreader_rate='0.5' where id=35 
23:30:00 use a0122145834;
23:30:00 set names utf8;
23:30:00 select * from configs
23:30:00 select * from admins where id=1
23:30:00 select * from users where id=35
23:30:04 use a0122145834;
23:30:04 set names utf8;
23:30:04 select * from configs
23:30:04 select * from users where id=35
23:30:04 select count(id) from users where spreader_id='35'
23:30:04 select * from images
23:30:04 select * from goods where need_top=1 and need_hidden=0 order by id desc limit 0,5
23:30:04 select count(id) from goods where need_top=0 and need_hidden=0 order by id desc
23:30:04 select * from goods where need_top=0 and need_hidden=0 order by id desc limit 0,2
23:30:24 use a0122145834;
23:30:24 set names utf8;
23:30:24 select * from configs
23:30:24 select * from users where id=35
23:30:24 select count(id) from users where spreader_id='35'
23:30:24 select * from images
23:30:24 select * from goods where need_top=1 and need_hidden=0 order by id desc limit 0,5
23:30:24 select count(id) from goods where need_top=0 and need_hidden=0 order by id desc
23:30:24 select * from goods where need_top=0 and need_hidden=0 order by id desc limit 0,2
23:30:27 use a0122145834;
23:30:27 set names utf8;
23:30:27 select * from configs
23:30:27 select * from users where id=35
23:30:27 select count(id) from users where spreader_id='35'
23:30:27 select * from images
23:30:27 select * from article_type
23:30:27 select count(id) from articles order by add_time desc
23:30:27 select * from articles order by add_time desc limit 0,2
23:30:33 use a0122145834;
23:30:33 set names utf8;
23:30:33 select * from configs
23:30:33 select * from users where id=35
23:30:34 use a0122145834;
23:30:34 set names utf8;
23:30:34 select * from configs
23:30:34 select * from users where id=35
23:30:34 select count(id) from users where spreader_id='35'
23:30:34 select * from images
23:30:34 select * from goods where need_top=1 and need_hidden=0 order by id desc limit 0,5
23:30:34 select count(id) from goods where need_top=0 and need_hidden=0 order by id desc
23:30:34 select * from goods where need_top=0 and need_hidden=0 order by id desc limit 0,2
23:30:42 use a0122145834;
23:30:42 set names utf8;
23:30:42 select * from configs
23:30:42 select * from admins where id=1
23:30:42 update users set user_name='444444',nick_name='五5',credits='30',money='1',pay_email='',pay_name='',address='',vip_level='0',spreader_rate='0.5' where id=35 
23:30:43 use a0122145834;
23:30:43 set names utf8;
23:30:43 select * from configs
23:30:43 select * from admins where id=1
23:30:43 select * from users where id=35
23:30:45 use a0122145834;
23:30:45 set names utf8;
23:30:45 select * from configs
23:30:45 select * from users where id=35
23:30:45 select count(id) from users where spreader_id='35'
23:30:45 select * from images
23:30:45 select * from goods where need_top=1 and need_hidden=0 order by id desc limit 0,5
23:30:45 select count(id) from goods where need_top=0 and need_hidden=0 order by id desc
23:30:45 select * from goods where need_top=0 and need_hidden=0 order by id desc limit 0,2
23:30:54 use a0122145834;
23:30:54 set names utf8;
23:30:54 select * from configs
23:30:54 select * from admins where id=1
23:30:54 update users set user_name='444444',nick_name='五5',credits='30',money='1',pay_email='',pay_name='',address='',vip_level='2',spreader_rate='0.5' where id=35 
23:30:55 use a0122145834;
23:30:55 set names utf8;
23:30:55 select * from configs
23:30:55 select * from admins where id=1
23:30:55 select * from users where id=35
23:30:58 use a0122145834;
23:30:58 set names utf8;
23:30:58 select * from configs
23:30:58 select * from users where id=35
23:30:58 select count(id) from users where spreader_id='35'
23:30:58 select * from images
23:30:58 select * from goods where need_top=1 and need_hidden=0 order by id desc limit 0,5
23:30:58 select count(id) from goods where need_top=0 and need_hidden=0 order by id desc
23:30:58 select * from goods where need_top=0 and need_hidden=0 order by id desc limit 0,2
23:31:00 use a0122145834;
23:31:00 set names utf8;
23:31:00 select * from configs
23:31:00 select * from users where id=35
23:31:00 select count(id) from users where spreader_id='35'
23:31:00 select * from images
23:31:00 select * from article_type
23:31:00 select count(id) from articles order by add_time desc
23:31:00 select * from articles order by add_time desc limit 0,2
23:32:51 use a0122145834;
23:32:51 set names utf8;
23:32:51 select * from configs
23:32:51 select * from users where id=35
23:32:51 select count(id) from users where spreader_id='35'
23:32:51 select * from images
23:32:51 select * from article_type
23:32:51 select count(id) from articles order by add_time desc
23:32:51 select * from articles order by add_time desc limit 0,2
23:33:42 use a0122145834;
23:33:42 set names utf8;
23:33:42 select * from configs
23:33:42 select * from users where id=35
23:33:42 select count(id) from users where spreader_id='35'
23:33:42 select * from images
23:33:42 select * from article_type
23:33:42 select * from article_type where id='3'
23:33:42 select count(id) from articles where type_id='3' order by add_time desc
23:33:42 select * from articles where type_id='3' order by add_time desc limit 0,2
23:33:51 use a0122145834;
23:33:51 set names utf8;
23:33:51 select * from configs
23:33:51 select * from users where id=35
23:33:51 select count(id) from users where spreader_id='35'
23:33:51 select * from images
23:33:51 select * from article_type
23:33:51 select * from article_type where id='5'
23:33:51 select count(id) from articles where type_id='5' order by add_time desc
23:33:51 select * from articles where type_id='5' order by add_time desc limit 0,2
23:33:54 use a0122145834;
23:33:54 set names utf8;
23:33:54 select * from configs
23:33:54 select * from users where id=35
23:33:54 select count(id) from users where spreader_id='35'
23:33:54 select * from images
23:33:54 select * from article_type
23:33:54 select * from article_type where id='9'
23:33:54 select count(id) from articles where type_id='9' order by add_time desc
23:33:54 select * from articles where type_id='9' order by add_time desc limit 0,2
23:33:56 use a0122145834;
23:33:56 set names utf8;
23:33:56 select * from configs
23:33:56 select * from users where id=35
23:33:56 select count(id) from users where spreader_id='35'
23:33:56 select * from images
23:33:56 select * from article_type
23:33:56 select * from article_type where id='4'
23:33:56 select count(id) from articles where type_id='4' order by add_time desc
23:33:56 select * from articles where type_id='4' order by add_time desc limit 0,2
23:33:59 use a0122145834;
23:33:59 set names utf8;
23:33:59 select * from configs
23:33:59 select * from users where id=35
23:33:59 select count(id) from users where spreader_id='35'
23:33:59 select * from images
23:33:59 select * from article_type
23:33:59 select * from article_type where id='3'
23:33:59 select count(id) from articles where type_id='3' order by add_time desc
23:33:59 select * from articles where type_id='3' order by add_time desc limit 0,2
23:34:03 use a0122145834;
23:34:03 set names utf8;
23:34:03 select * from configs
23:34:03 select * from users where id=35
23:34:03 select count(id) from users where spreader_id='35'
23:34:03 select * from images
23:34:03 select * from article_type
23:34:03 select * from article_type where id='7'
23:34:03 select count(id) from articles where type_id='7' order by add_time desc
23:34:03 select * from articles where type_id='7' order by add_time desc limit 0,2
23:34:06 use a0122145834;
23:34:06 set names utf8;
23:34:06 select * from configs
23:34:06 select * from users where id=35
23:34:06 select count(id) from users where spreader_id='35'
23:34:06 select * from images
23:34:06 select * from article_type
23:34:06 select * from article_type where id='9'
23:34:06 select count(id) from articles where type_id='9' order by add_time desc
23:34:06 select * from articles where type_id='9' order by add_time desc limit 0,2
23:34:08 use a0122145834;
23:34:08 set names utf8;
23:34:08 select * from configs
23:34:08 select * from users where id=35
23:34:08 select count(id) from users where spreader_id='35'
23:34:08 select * from images
23:34:08 select * from article_type
23:34:08 select * from article_type where id='7'
23:34:08 select count(id) from articles where type_id='7' order by add_time desc
23:34:08 select * from articles where type_id='7' order by add_time desc limit 0,2
23:34:12 use a0122145834;
23:34:12 set names utf8;
23:34:12 select * from configs
23:34:12 select * from users where id=35
23:34:12 select count(id) from users where spreader_id='35'
23:34:12 select * from images
23:34:12 select * from article_type
23:34:12 select * from article_type where id='6'
23:34:12 select count(id) from articles where type_id='6' order by add_time desc
23:34:12 select * from articles where type_id='6' order by add_time desc limit 0,2
23:34:29 use a0122145834;
23:34:29 set names utf8;
23:34:29 select * from configs
23:34:29 select * from users where id=35
23:34:29 select count(id) from users where spreader_id='35'
23:34:29 select * from images
23:34:29 select * from article_type
23:34:29 select * from article_type where id='6'
23:34:29 select count(id) from articles where type_id='6' order by add_time desc
23:34:29 select * from articles where type_id='6' order by add_time desc limit 0,2
23:34:46 use a0122145834;
23:34:46 set names utf8;
23:34:46 select * from configs
23:34:46 select * from users where id=35
23:34:47 use a0122145834;
23:34:47 set names utf8;
23:34:47 select * from configs
23:34:47 select * from users where id=35
23:34:47 select count(id) from users where spreader_id='35'
23:34:47 select * from images
23:34:47 select * from goods where need_top=1 and need_hidden=0 order by id desc limit 0,5
23:34:47 select count(id) from goods where need_top=0 and need_hidden=0 order by id desc
23:34:47 select * from goods where need_top=0 and need_hidden=0 order by id desc limit 0,2
23:34:50 use a0122145834;
23:34:50 set names utf8;
23:34:50 select * from configs
23:34:50 select * from users where id=35
23:34:50 select count(id) from users where spreader_id='35'
23:34:50 select * from images
23:34:50 select * from article_type
23:34:50 select count(id) from articles order by add_time desc
23:34:50 select * from articles order by add_time desc limit 0,2
23:34:51 use a0122145834;
23:34:51 set names utf8;
23:34:51 select * from configs
23:34:51 select * from users where id=35
23:34:51 select count(id) from users where spreader_id='35'
23:34:51 select * from images
23:34:51 select * from article_type
23:34:51 select count(id) from articles order by add_time desc
23:34:51 select * from articles order by add_time desc limit 0,2
23:34:53 use a0122145834;
23:34:53 set names utf8;
23:34:53 select * from configs
23:34:53 select * from users where id=35
23:34:53 select count(id) from users where spreader_id='35'
23:34:53 select * from images
23:34:53 select * from article_type
23:34:53 select * from article_type where id='3'
23:34:53 select count(id) from articles where type_id='3' order by add_time desc
23:34:53 select * from articles where type_id='3' order by add_time desc limit 0,2
23:34:56 use a0122145834;
23:34:56 set names utf8;
23:34:56 select * from configs
23:34:56 select * from users where id=35
23:34:56 select count(id) from users where spreader_id='35'
23:34:56 select * from images
23:34:56 select * from article_type
23:34:57 select count(id) from articles order by add_time desc
23:34:57 select * from articles order by add_time desc limit 0,2
23:34:59 use a0122145834;
23:34:59 set names utf8;
23:34:59 select * from configs
23:34:59 select * from users where id=35
23:34:59 select count(id) from users where spreader_id='35'
23:34:59 select * from images
23:34:59 select type_id from articles where id='26'
23:34:59 select * from articles where id='26'
23:38:45 use a0122145834;
23:38:45 set names utf8;
23:38:45 select * from configs
23:38:45 select * from admins where id=1
23:38:45 use a0122145834;
23:38:45 set names utf8;
23:38:45 select * from configs
23:38:45 select * from admins where id=1
23:38:45 select count(id) from goods
23:38:45 select * from goods limit 0,20
23:39:58 use a0122145834;
23:39:58 set names utf8;
23:39:58 select * from configs
23:39:58 select * from users where id=35
23:39:58 select count(id) from users where spreader_id='35'
23:39:58 select * from images
23:39:58 select * from goods where need_top=1 and need_hidden=0 order by id desc limit 0,5
23:39:58 select count(id) from goods where need_top=0 and need_hidden=0 order by id desc
23:39:58 select * from goods where need_top=0 and need_hidden=0 order by id desc limit 0,2
23:40:03 use a0122145834;
23:40:03 set names utf8;
23:40:03 select * from configs
23:40:03 select * from users where id=35
23:40:03 select count(id) from users where spreader_id='35'
23:40:03 select * from images
23:40:03 select * from goods where need_top=1 and need_hidden=0 order by id desc limit 0,5
23:40:03 select count(id) from goods where need_top=0 and need_hidden=0 order by id desc
23:40:03 select * from goods where need_top=0 and need_hidden=0 order by id desc limit 0,2
23:40:06 use a0122145834;
23:40:06 set names utf8;
23:40:06 select * from configs
23:40:06 select * from users where id=35
23:40:06 select count(id) from users where spreader_id='35'
23:40:06 select * from images
23:40:06 select * from article_type
23:40:06 select * from article_type where id='0'
23:40:06 select count(id) from articles where type_id='0' order by add_time desc
23:40:06 select * from articles where type_id='0' order by add_time desc limit 0,2
23:40:46 use a0122145834;
23:40:46 set names utf8;
23:40:46 select * from configs
23:40:46 select * from users where id=35
23:40:46 select count(id) from users where spreader_id='35'
23:40:46 select * from images
23:40:46 select * from article_type
23:40:46 select * from article_type where id='0'
23:40:46 select count(id) from articles where type_id='0' order by add_time desc
23:40:47 select * from articles where type_id='0' order by add_time desc limit 2,2
23:40:51 use a0122145834;
23:40:51 set names utf8;
23:40:51 select * from configs
23:40:51 select * from users where id=35
23:40:51 select count(id) from users where spreader_id='35'
23:40:51 select * from images
23:40:51 select * from article_type
23:40:51 select * from article_type where id='0'
23:40:51 select count(id) from articles where type_id='0' order by add_time desc
23:40:51 select * from articles where type_id='0' order by add_time desc limit 10,2
23:40:55 use a0122145834;
23:40:55 set names utf8;
23:40:55 select * from configs
23:40:55 select * from users where id=35
23:40:55 select count(id) from users where spreader_id='35'
23:40:55 select * from images
23:40:55 select * from article_type
23:40:55 select * from article_type where id='0'
23:40:55 select count(id) from articles where type_id='0' order by add_time desc
23:40:55 select * from articles where type_id='0' order by add_time desc limit 6,2
23:40:58 use a0122145834;
23:40:58 set names utf8;
23:40:58 select * from configs
23:40:58 select * from users where id=35
23:40:58 select count(id) from users where spreader_id='35'
23:40:58 select * from images
23:40:58 select * from article_type
23:40:58 select * from article_type where id='0'
23:40:58 select count(id) from articles where type_id='0' order by add_time desc
23:40:58 select * from articles where type_id='0' order by add_time desc limit 0,2
23:42:19 use a0122145834;
23:42:19 set names utf8;
23:42:19 select * from configs
23:42:19 select * from users where id=35
23:42:19 select count(id) from users where spreader_id='35'
23:42:20 select * from images
23:42:20 select * from article_type
23:42:20 select count(id) from articles order by add_time desc
23:42:20 select * from articles order by add_time desc limit 0,2
23:42:24 use a0122145834;
23:42:24 set names utf8;
23:42:24 select * from configs
23:42:24 select * from users where id=35
23:42:24 select count(id) from users where spreader_id='35'
23:42:24 select * from images
23:42:24 select * from article_type
23:42:24 select count(id) from articles order by add_time desc
23:42:24 select * from articles order by add_time desc limit 6,2
23:42:50 use a0122145834;
23:42:50 set names utf8;
23:42:50 select * from configs
23:42:50 select * from admins where id=1
23:43:01 use a0122145834;
23:43:01 set names utf8;
23:43:01 select * from configs
23:43:01 select * from admins where id=1
23:43:01 truncate configs
23:43:01 Insert into configs (cf_name,cf_value) values ('keywords','久恒欢迎您'),('description','专注互联网一对一辅导 全自动模式实现您的时间自由'),('default_template','default'),('domain','http://10nai.com'),('title','亲爱的会员_您好!'),('copyright','Copyright 2014 10nai.com版权所有 久恒官方网站
联系方式：Email：vip10nai@qq.com  电话:13771552579'),('spreader_string','专注互联网一对一辅导，全自动模式实现您的时间自由'),('pay_type','1'),('is_sales','1'),('pay_name','a支付宝(账号)'),('pay_key','支付宝(key)	'),('pay_id','支付宝(pid)	'),('services_qq','998877'),('services_tel','111111111111'),('spreader_cridits','1'),('spreader_rate','0.3'),('goods_view_num','5'),('page_view_num','20'),('vip_money','1000'),('vip_credits','10'),('vip_spreader','0.5'),('vip_is_open','1'),('spreader_mode','1'),('spreader_add','5'),('vip_msg','7d12d38cb34b51d560e3a9b31a680b07cba4ddc3444b1e41'),('email_code','7d12d38cb34b51d560e3a9b31a680b07cba4ddc3444b1e41'),('services_qq_array','Array'),('login_credits','1')
23:43:03 use a0122145834;
23:43:03 set names utf8;
23:43:03 select * from configs
23:43:03 select * from admins where id=1
23:43:07 use a0122145834;
23:43:07 set names utf8;
23:43:07 select * from configs
23:43:07 select * from users where id=35
23:43:07 select count(id) from users where spreader_id='35'
23:43:07 select * from images
23:43:07 select * from article_type
23:43:07 select * from article_type where id='0'
23:43:07 select count(id) from articles where type_id='0' order by add_time desc
23:43:07 select * from articles where type_id='0' order by add_time desc limit 0,5
23:43:34 use a0122145834;
23:43:34 set names utf8;
23:43:34 select * from configs
23:43:34 select * from users where id=35
23:43:34 select count(id) from users where spreader_id='35'
23:43:34 select * from images
23:43:34 select count(v.id) from vipmsg as v left join users as u on v.user_id=u.id where v.can_see=1 order by v.id desc
23:43:34 select v.id,u.nick_name,v.user_id,v.user_msg,v.recove,v.add_time from vipmsg as v left join users as u on v.user_id=u.id where v.can_see=1 order by v.id desc limit 0,5
23:43:54 use a0122145834;
23:43:54 set names utf8;
23:43:54 select * from configs
23:43:54 select * from users where id=35
23:43:54 select count(id) from users where spreader_id='35'
23:43:54 select * from images
23:43:54 select * from goods where need_top=1 and need_hidden=0 order by id desc limit 0,5
23:43:54 select count(id) from goods where need_top=0 and need_hidden=0 order by id desc
23:43:54 select * from goods where need_top=0 and need_hidden=0 order by id desc limit 0,5
23:44:04 use a0122145834;
23:44:04 set names utf8;
23:44:04 select * from configs
23:44:04 select * from users where id=35
23:44:04 select count(id) from users where spreader_id='35'
23:44:04 select * from images
23:44:04 select * from goods where need_top=1 and need_hidden=0 order by id desc limit 0,5
23:44:04 select count(id) from goods where need_top=0 and need_hidden=0 order by id desc
23:44:04 select * from goods where need_top=0 and need_hidden=0 order by id desc limit 5,5
23:44:11 use a0122145834;
23:44:11 set names utf8;
23:44:11 select * from configs
23:44:11 select * from users where id=35
23:44:11 select count(id) from users where spreader_id='35'
23:44:11 select * from images
23:44:11 select * from article_type
23:44:11 select count(id) from articles order by add_time desc
23:44:11 select * from articles order by add_time desc limit 0,5
23:45:05 use a0122145834;
23:45:05 set names utf8;
23:45:05 select * from configs
23:45:05 select * from users where id=35
23:45:05 select count(id) from users where spreader_id='35'
23:45:05 select * from images
23:45:05 select * from article_type
23:45:05 select * from article_type where id='0'
23:45:05 select count(id) from articles where type_id='0' order by add_time desc
23:45:05 select * from articles where type_id='0' order by add_time desc limit 0,5
23:45:11 use a0122145834;
23:45:11 set names utf8;
23:45:11 select * from configs
23:45:11 select * from users where id=35
23:45:11 select count(id) from users where spreader_id='35'
23:45:11 select * from images
23:45:11 select count(v.id) from vipmsg as v left join users as u on v.user_id=u.id where v.can_see=1 order by v.id desc
23:45:11 select v.id,u.nick_name,v.user_id,v.user_msg,v.recove,v.add_time from vipmsg as v left join users as u on v.user_id=u.id where v.can_see=1 order by v.id desc limit 0,5
23:45:59 use a0122145834;
23:45:59 set names utf8;
23:45:59 select * from configs
23:45:59 select * from users where id=35
23:45:59 select count(id) from users where spreader_id='35'
23:45:59 select * from images
23:45:59 select * from goods where need_top=1 and need_hidden=0 order by id desc limit 0,5
23:45:59 select count(id) from goods where need_top=0 and need_hidden=0 order by id desc
23:45:59 select * from goods where need_top=0 and need_hidden=0 order by id desc limit 0,5
23:46:01 use a0122145834;
23:46:01 set names utf8;
23:46:01 select * from configs
23:46:01 select * from users where id=35
23:46:01 select count(id) from users where spreader_id='35'
23:46:01 select * from images
23:46:01 select * from goods where need_top=1 and need_hidden=0 order by id desc limit 0,5
23:46:01 select count(id) from goods where need_top=0 and need_hidden=0 order by id desc
23:46:01 select * from goods where need_top=0 and need_hidden=0 order by id desc limit 0,5
23:46:03 use a0122145834;
23:46:03 set names utf8;
23:46:04 select * from configs
23:46:04 select * from users where id=35
23:46:04 select count(id) from users where spreader_id='35'
23:46:04 select * from images
23:46:04 select * from article_type
23:46:04 select count(id) from articles order by add_time desc
23:46:04 select * from articles order by add_time desc limit 0,5
23:46:06 use a0122145834;
23:46:06 set names utf8;
23:46:06 select * from configs
23:46:06 select * from users where id=35
23:46:06 use a0122145834;
23:46:06 set names utf8;
23:46:06 select * from configs
23:46:06 select * from users where id=35
23:46:06 select count(id) from users where spreader_id='35'
23:46:06 select * from images
23:46:06 select * from goods where need_top=1 and need_hidden=0 order by id desc limit 0,5
23:46:06 select count(id) from goods where need_top=0 and need_hidden=0 order by id desc
23:46:06 select * from goods where need_top=0 and need_hidden=0 order by id desc limit 0,5
23:46:12 use a0122145834;
23:46:12 set names utf8;
23:46:12 select * from configs
23:46:12 select * from users where id=35
23:46:12 select count(id) from users where spreader_id='35'
23:46:12 select * from images
23:46:12 select * from article_type
23:46:12 select count(id) from articles order by add_time desc
23:46:12 select * from articles order by add_time desc limit 0,5
23:46:18 use a0122145834;
23:46:18 set names utf8;
23:46:18 select * from configs
23:46:18 select * from users where id=35
23:46:18 select count(id) from users where spreader_id='35'
23:46:18 select * from images
23:46:18 select * from article_type
23:46:18 select count(id) from articles order by add_time desc
23:46:18 select * from articles order by add_time desc limit 0,5
23:46:25 use a0122145834;
23:46:25 set names utf8;
23:46:25 select * from configs
23:46:25 select * from users where id=35
23:46:25 use a0122145834;
23:46:25 set names utf8;
23:46:25 select * from configs
23:46:25 select * from users where id=35
23:46:25 select count(id) from users where spreader_id='35'
23:46:25 select * from images
23:46:25 select * from goods where need_top=1 and need_hidden=0 order by id desc limit 0,5
23:46:25 select count(id) from goods where need_top=0 and need_hidden=0 order by id desc
23:46:25 select * from goods where need_top=0 and need_hidden=0 order by id desc limit 0,5
23:46:28 use a0122145834;
23:46:28 set names utf8;
23:46:28 select * from configs
23:46:28 select * from users where id=35
23:46:28 select count(id) from users where spreader_id='35'
23:46:28 select * from images
23:46:28 select * from article_type
23:46:28 select count(id) from articles order by add_time desc
23:46:28 select * from articles order by add_time desc limit 0,5
23:46:30 use a0122145834;
23:46:30 set names utf8;
23:46:30 select * from configs
23:46:30 select * from users where id=35
23:46:30 select count(id) from users where spreader_id='35'
23:46:30 select * from images
23:46:30 select * from article_type
23:46:30 select count(id) from articles order by add_time desc
23:46:30 select * from articles order by add_time desc limit 0,5
23:46:33 use a0122145834;
23:46:33 set names utf8;
23:46:33 select * from configs
23:46:33 select * from users where id=35
23:46:34 use a0122145834;
23:46:34 set names utf8;
23:46:34 select * from configs
23:46:34 select * from users where id=35
23:46:34 select count(id) from users where spreader_id='35'
23:46:34 select * from images
23:46:34 select * from goods where need_top=1 and need_hidden=0 order by id desc limit 0,5
23:46:34 select count(id) from goods where need_top=0 and need_hidden=0 order by id desc
23:46:34 select * from goods where need_top=0 and need_hidden=0 order by id desc limit 0,5
23:46:35 use a0122145834;
23:46:35 set names utf8;
23:46:35 select * from configs
23:46:35 select * from users where id=35
23:46:35 select count(id) from users where spreader_id='35'
23:46:35 select * from images
23:46:35 select * from article_type
23:46:35 select count(id) from articles order by add_time desc
23:46:35 select * from articles order by add_time desc limit 0,5
23:46:37 use a0122145834;
23:46:37 set names utf8;
23:46:37 select * from configs
23:46:37 select * from users where id=35
23:46:38 use a0122145834;
23:46:38 set names utf8;
23:46:38 select * from configs
23:46:38 select * from users where id=35
23:46:38 select count(id) from users where spreader_id='35'
23:46:38 select * from images
23:46:38 select * from goods where need_top=1 and need_hidden=0 order by id desc limit 0,5
23:46:38 select count(id) from goods where need_top=0 and need_hidden=0 order by id desc
23:46:38 select * from goods where need_top=0 and need_hidden=0 order by id desc limit 0,5
23:46:42 use a0122145834;
23:46:42 set names utf8;
23:46:42 select * from configs
23:46:42 select * from users where id=35
23:46:42 select count(id) from users where spreader_id='35'
23:46:42 select * from images
23:46:42 select * from article_type
23:46:42 select count(id) from articles order by add_time desc
23:46:42 select * from articles order by add_time desc limit 0,5
23:46:44 use a0122145834;
23:46:44 set names utf8;
23:46:44 select * from configs
23:46:44 select * from users where id=35
23:46:44 use a0122145834;
23:46:44 set names utf8;
23:46:44 select * from configs
23:46:44 select * from users where id=35
23:46:44 select count(id) from users where spreader_id='35'
23:46:44 select * from images
23:46:44 select * from goods where need_top=1 and need_hidden=0 order by id desc limit 0,5
23:46:44 select count(id) from goods where need_top=0 and need_hidden=0 order by id desc
23:46:44 select * from goods where need_top=0 and need_hidden=0 order by id desc limit 0,5
23:46:46 use a0122145834;
23:46:46 set names utf8;
23:46:46 select * from configs
23:46:46 select * from users where id=35
23:46:46 select count(id) from users where spreader_id='35'
23:46:46 select * from images
23:46:46 select * from article_type
23:46:46 select * from article_type where id='0'
23:46:46 select count(id) from articles where type_id='0' order by add_time desc
23:46:46 select * from articles where type_id='0' order by add_time desc limit 0,5
23:47:59 use a0122145834;
23:47:59 set names utf8;
23:47:59 select * from configs
23:47:59 select * from users where id=35
23:47:59 select count(id) from users where spreader_id='35'
23:47:59 select * from images
23:47:59 select count(v.id) from vipmsg as v left join users as u on v.user_id=u.id where v.can_see=1 order by v.id desc
23:47:59 select v.id,u.nick_name,v.user_id,v.user_msg,v.recove,v.add_time from vipmsg as v left join users as u on v.user_id=u.id where v.can_see=1 order by v.id desc limit 0,5
23:56:59 use a0122145834;
23:56:59 set names utf8;
23:56:59 select * from configs
23:56:59 select * from users where id=35
23:57:01 use a0122145834;
23:57:01 set names utf8;
23:57:01 select * from configs
23:57:01 select * from users where id=35
23:57:01 select count(id) from users where spreader_id='35'
23:57:01 select * from images
23:57:01 select * from goods where need_top=1 and need_hidden=0 order by id desc limit 0,5
23:57:01 select count(id) from goods where need_top=0 and need_hidden=0 order by id desc
23:57:01 select * from goods where need_top=0 and need_hidden=0 order by id desc limit 0,5
23:57:02 use a0122145834;
23:57:02 set names utf8;
23:57:02 select * from configs
23:57:02 select * from users where id=35
23:57:02 select count(id) from users where spreader_id='35'
23:57:02 select * from images
23:57:02 select * from article_type
23:57:02 select count(id) from articles order by add_time desc
23:57:02 select * from articles order by add_time desc limit 0,5
