09:20:26 use a0122145834;
09:21:39 use client;
09:21:39 use client;
09:21:49 use client1;
09:21:49 set names utf8;
09:21:49 select * from configs
09:21:49 select * from agencies where domian='m.my'
09:22:53 use client1;
09:22:53 set names utf8;
09:22:53 select * from configs
09:22:53 select * from agencies where domain='m.my'
09:22:53 use client1;
09:22:53 set names utf8;
09:22:53 select * from configs
09:22:53 select * from agencies where domain='m.my'
09:23:01 use client1;
09:23:01 set names utf8;
09:23:01 select * from configs
09:23:01 select * from agencies where domain='m.my'
09:23:01 select * from admins where user_name='admin' and user_word='21232f297a57a5a743894a0e4a801fc3'
09:23:03 use client1;
09:23:03 set names utf8;
09:23:03 select * from configs
09:23:03 select * from agencies where domain='m.my'
09:24:05 use client1;
09:24:05 set names utf8;
09:24:05 select * from configs
09:24:05 select * from agencies where domain='m.my'
09:24:05 select * from admins where user_name='admin' and user_word='21232f297a57a5a743894a0e4a801fc3'
09:25:17 use client1;
09:25:17 set names utf8;
09:25:17 select * from configs
09:25:17 select * from agencies where domain='m.my'
09:25:17 select * from admins where id=1
09:25:38 use client1;
09:25:38 set names utf8;
09:25:38 select * from configs
09:25:38 select * from agencies where domain='m.my'
09:25:38 select * from admins where id=1
09:45:18 use client1;
09:45:18 set names utf8;
09:45:18 select * from configs
09:45:18 select * from agencies where domain='m.my'
09:45:18 select * from users where id=1
09:45:18 use client1;
09:45:18 set names utf8;
09:45:18 select * from configs
09:45:18 select * from agencies where domain='m.my'
09:45:20 use client1;
09:45:20 set names utf8;
09:45:20 select * from configs
09:45:20 select * from agencies where domain='m.my'
09:45:20 select * from admins where user_name='admin' and user_word='21232f297a57a5a743894a0e4a801fc3'
09:45:21 use client1;
09:45:21 set names utf8;
09:45:21 select * from configs
09:45:21 select * from agencies where domain='m.my'
09:45:21 select * from admins where id=1
09:45:22 use client1;
09:45:22 set names utf8;
09:45:22 select * from configs
09:45:22 select * from agencies where domain='m.my'
09:45:22 select * from admins where id=1
09:45:24 use client1;
09:45:24 set names utf8;
09:45:24 select * from configs
09:45:24 select * from agencies where domain='m.my'
09:45:24 select * from admins where id=1
09:45:28 use client1;
09:45:28 set names utf8;
09:45:28 select * from configs
09:45:28 select * from agencies where domain='m.my'
09:45:28 select * from admins where id=1
09:45:30 use client1;
09:45:30 set names utf8;
09:45:30 select * from configs
09:45:30 select * from agencies where domain='m.my'
09:45:32 use client1;
09:45:32 set names utf8;
09:45:32 select * from configs
09:45:32 select * from agencies where domain='m.my'
09:45:32 select * from admins where id=1
09:45:32 use client1;
09:45:32 set names utf8;
09:45:32 select * from configs
09:45:32 select * from agencies where domain='m.my'
09:45:32 select * from admins where id=1
09:45:33 use client1;
09:45:33 set names utf8;
09:45:33 select * from configs
09:45:33 select * from agencies where domain='m.my'
09:45:33 select * from admins where id=1
09:45:38 use client1;
09:45:38 set names utf8;
09:45:38 select * from configs
09:45:38 select * from agencies where domain='m.my'
09:45:38 select * from admins where id=1
09:45:39 use client1;
09:45:39 set names utf8;
09:45:39 select * from configs
09:45:39 select * from agencies where domain='m.my'
09:45:39 select * from admins where id=1
09:45:40 use client1;
09:45:40 set names utf8;
09:45:40 select * from configs
09:45:40 select * from agencies where domain='m.my'
09:45:40 select * from admins where id=1
09:45:41 use client1;
09:45:41 set names utf8;
09:45:41 select * from configs
09:45:41 select * from agencies where domain='m.my'
09:45:41 select * from admins where id=1
09:45:42 use client1;
09:45:42 set names utf8;
09:45:42 select * from configs
09:45:42 select * from agencies where domain='m.my'
09:45:42 select * from admins where id=1
09:45:43 use client1;
09:45:43 set names utf8;
09:45:43 select * from configs
09:45:43 select * from agencies where domain='m.my'
09:45:43 select * from admins where id=1
09:45:43 use client1;
09:45:43 set names utf8;
09:45:43 select * from configs
09:45:43 select * from agencies where domain='m.my'
09:45:43 select * from admins where id=1
09:45:44 use client1;
09:45:44 set names utf8;
09:45:44 select * from configs
09:45:44 select * from agencies where domain='m.my'
09:45:44 select * from admins where id=1
09:45:45 use client1;
09:45:45 set names utf8;
09:45:45 select * from configs
09:45:45 select * from agencies where domain='m.my'
09:45:45 select * from admins where id=1
09:45:45 use client1;
09:45:45 set names utf8;
09:45:45 select * from configs
09:45:45 select * from agencies where domain='m.my'
09:45:45 select * from admins where id=1
09:45:45 use client1;
09:45:46 set names utf8;
09:45:46 select * from configs
09:45:46 select * from agencies where domain='m.my'
09:45:46 select * from admins where id=1
09:45:46 use client1;
09:45:46 set names utf8;
09:45:46 select * from configs
09:45:46 select * from agencies where domain='m.my'
09:45:46 select * from admins where id=1
09:45:47 use client1;
09:45:47 set names utf8;
09:45:47 select * from configs
09:45:47 select * from agencies where domain='m.my'
09:45:47 select * from admins where id=1
09:45:47 use client1;
09:45:47 set names utf8;
09:45:47 select * from configs
09:45:47 select * from agencies where domain='m.my'
09:45:47 select * from admins where id=1
09:45:48 use client1;
09:45:48 set names utf8;
09:45:48 select * from configs
09:45:48 select * from agencies where domain='m.my'
09:45:50 use client1;
09:45:50 set names utf8;
09:45:50 select * from configs
09:45:50 select * from agencies where domain='m.my'
09:45:50 select * from admins where id=1
09:45:52 use client1;
09:45:52 set names utf8;
09:45:52 select * from configs
09:45:52 select * from agencies where domain='m.my'
09:45:52 select * from admins where id=1
09:45:53 use client1;
09:45:53 set names utf8;
09:45:53 select * from configs
09:45:53 select * from agencies where domain='m.my'
09:45:53 select * from admins where id=1
09:46:46 use client1;
09:46:46 set names utf8;
09:46:46 select * from configs
09:46:46 select * from agencies where domain='m.my'
09:46:46 select * from admins where id=1
09:46:52 use client1;
09:46:52 set names utf8;
09:46:52 select * from configs
09:46:52 select * from agencies where domain='m.my'
09:46:52 select * from admins where id=1
09:46:52 use client1;
09:46:52 set names utf8;
09:46:52 select * from configs
09:46:52 select * from agencies where domain='m.my'
09:46:52 select * from admins where id=1
09:46:52 select count(id) from users
09:46:52 select * from users limit 0,20
09:46:53 use client1;
09:46:53 set names utf8;
09:46:53 select * from configs
09:46:53 select * from agencies where domain='m.my'
09:46:53 select * from admins where id=1
09:46:56 use client1;
09:46:56 set names utf8;
09:46:56 select * from configs
09:46:56 select * from agencies where domain='m.my'
09:46:56 select * from admins where id=1
09:46:56 use client1;
09:46:56 set names utf8;
09:46:56 select * from configs
09:46:56 select * from agencies where domain='m.my'
09:46:56 select * from admins where id=1
09:46:56 select count(id) from users
09:46:56 select * from users limit 0,20
09:46:57 use client1;
09:46:57 set names utf8;
09:46:57 select * from configs
09:46:57 select * from agencies where domain='m.my'
09:46:57 select * from admins where id=1
09:46:57 select count(id) from users
09:46:57 select * from users limit 0,20
09:46:58 use client1;
09:46:58 set names utf8;
09:46:58 select * from configs
09:46:58 select * from agencies where domain='m.my'
09:46:58 select * from admins where id=1
09:46:58 select count(id) from users
09:46:58 select * from users limit 0,20
09:46:59 use client1;
09:46:59 set names utf8;
09:46:59 select * from configs
09:46:59 select * from agencies where domain='m.my'
09:46:59 select * from admins where id=1
09:46:59 select count(i.id) from income as i left join users as u on i.user_id=u.id
09:46:59 select i.id,i.income_money,i.order_sn,i.add_time,i.pay_status,u.user_name,u.nick_name,u.spreader_id,u.vip_level from income as i left join users as u on i.user_id=u.id limit 0,20
09:47:01 use client1;
09:47:01 set names utf8;
09:47:01 select * from configs
09:47:01 select * from agencies where domain='m.my'
09:47:01 select * from admins where id=1
09:47:01 select count(i.id) from expense as i left join users as u on i.user_id=u.id
09:47:01 select i.id,i.expense_money,i.order_sn,i.add_time,i.expense_status,u.user_name,u.nick_name,u.spreader_id,u.vip_level,u.pay_name,u.pay_email from expense as i left join users as u on i.user_id=u.id limit 0,20
09:47:04 use client1;
09:47:04 set names utf8;
09:47:04 select * from configs
09:47:04 select * from agencies where domain='m.my'
09:47:04 select * from admins where id=1
09:47:04 select count(i.id) from income as i left join users as u on i.user_id=u.id
09:47:04 select i.id,i.income_money,i.order_sn,i.add_time,i.pay_status,u.user_name,u.nick_name,u.spreader_id,u.vip_level from income as i left join users as u on i.user_id=u.id limit 0,20
09:47:05 use client1;
09:47:05 set names utf8;
09:47:05 select * from configs
09:47:05 select * from agencies where domain='m.my'
09:47:05 select * from admins where id=1
09:47:05 select count(id) from users
09:47:05 select * from users limit 0,20
09:47:09 use client1;
09:47:09 set names utf8;
09:47:09 select * from configs
09:47:09 select * from agencies where domain='m.my'
09:47:09 select * from admins where id=1
09:47:09 use client1;
09:47:09 set names utf8;
09:47:09 select * from configs
09:47:09 select * from agencies where domain='m.my'
09:47:09 select * from admins where id=1
09:47:09 select count(id) from users
09:47:09 select * from users limit 0,20
09:47:11 use client1;
09:47:11 set names utf8;
09:47:11 select * from configs
09:47:11 select * from agencies where domain='m.my'
09:47:11 select * from admins where id=1
09:47:11 select count(i.id) from income as i left join users as u on i.user_id=u.id
09:47:11 select i.id,i.income_money,i.order_sn,i.add_time,i.pay_status,u.user_name,u.nick_name,u.spreader_id,u.vip_level from income as i left join users as u on i.user_id=u.id limit 0,20
09:47:14 use client1;
09:47:14 set names utf8;
09:47:14 select * from configs
09:47:14 select * from agencies where domain='m.my'
09:47:14 select * from admins where id=1
09:47:14 select count(i.id) from expense as i left join users as u on i.user_id=u.id
09:47:14 select i.id,i.expense_money,i.order_sn,i.add_time,i.expense_status,u.user_name,u.nick_name,u.spreader_id,u.vip_level,u.pay_name,u.pay_email from expense as i left join users as u on i.user_id=u.id limit 0,20
09:47:25 use client1;
09:47:25 set names utf8;
09:47:25 select * from configs
09:47:25 select * from agencies where domain='m.my'
09:47:25 select * from admins where id=1
09:47:25 select * from images
09:47:37 use client1;
09:47:37 set names utf8;
09:47:37 select * from configs
09:47:37 select * from agencies where domain='m.my'
09:47:37 select * from admins where id=1
09:47:37 select count(id) from users
09:47:37 select * from users limit 0,20
09:47:40 use client1;
09:47:40 set names utf8;
09:47:40 select * from configs
09:47:40 select * from agencies where domain='m.my'
09:47:40 select * from admins where id=1
09:47:40 select count(i.id) from income as i left join users as u on i.user_id=u.id
09:47:40 select i.id,i.income_money,i.order_sn,i.add_time,i.pay_status,u.user_name,u.nick_name,u.spreader_id,u.vip_level from income as i left join users as u on i.user_id=u.id limit 0,20
09:47:41 use client1;
09:47:41 set names utf8;
09:47:41 select * from configs
09:47:41 select * from agencies where domain='m.my'
09:47:41 select * from admins where id=1
09:47:41 select count(id) from users
09:47:41 select * from users limit 0,20
09:57:01 use client1;
09:57:01 set names utf8;
09:57:01 select * from configs
09:57:01 select * from agencies where domain='m.my'
09:57:01 use client1;
09:57:01 set names utf8;
09:57:01 select * from configs
09:57:01 select * from agencies where domain='m.my'
09:57:06 use client1;
09:57:06 set names utf8;
09:57:06 select * from configs
09:57:06 select * from agencies where domain='m.my'
09:57:06 select * from admins where user_name='admin' and user_word='21232f297a57a5a743894a0e4a801fc3'
09:57:06 use client1;
09:57:06 set names utf8;
09:57:06 select * from configs
09:57:06 select * from agencies where domain='m.my'
09:57:06 select * from admins where id=1
09:57:08 use client1;
09:57:08 set names utf8;
09:57:08 select * from configs
09:57:08 select * from agencies where domain='m.my'
09:57:08 select * from admins where id=1
09:57:08 select count(id) from agencies
09:57:08 select * from agencies limit 0,20
09:57:10 use client1;
09:57:10 set names utf8;
09:57:10 select * from configs
09:57:10 select * from agencies where domain='m.my'
09:57:10 select * from admins where id=1
09:57:10 select count(id) from agencies
09:57:10 select * from agencies limit 0,20
09:58:01 use client1;
09:58:01 set names utf8;
09:58:01 select * from configs
09:58:01 select * from agencies where domain='m.my'
09:58:01 select * from admins where id=1
09:58:01 select count(id) from agencies
09:58:01 select * from agencies limit 0,20
09:58:01 use client1;
09:58:01 set names utf8;
09:58:01 select * from configs
09:58:01 select * from agencies where domain='m.my'
09:58:01 select * from admins where id=1
09:58:01 select count(id) from agencies
09:58:01 select * from agencies limit 0,20
09:58:01 use client1;
09:58:01 set names utf8;
09:58:01 select * from configs
09:58:01 select * from agencies where domain='m.my'
09:58:01 select * from admins where id=1
09:58:02 use client1;
09:58:02 set names utf8;
09:58:02 select * from configs
09:58:02 select * from agencies where domain='m.my'
09:58:02 select * from admins where id=1
09:58:02 select count(id) from agencies
09:58:02 select * from agencies limit 0,20
09:58:14 use client1;
09:58:14 set names utf8;
09:58:14 select * from configs
09:58:14 select * from agencies where domain='m.my'
09:58:14 select * from admins where id=1
09:58:14 select count(id) from agencies
09:58:14 select * from agencies limit 0,20
10:00:31 use client1;
10:00:31 set names utf8;
10:00:31 select * from configs
10:00:31 select * from agencies where domain='m.my'
10:00:31 select * from admins where id=1
10:00:31 select count(id) from agencies
10:00:31 select * from agencies limit 0,20
10:00:48 use client1;
10:00:48 set names utf8;
10:00:48 select * from configs
10:00:48 select * from agencies where domain='m.my'
10:00:48 select * from admins where id=1
10:00:48 Delete from goods where id in (1)
10:00:51 use client1;
10:00:51 set names utf8;
10:00:51 select * from configs
10:00:51 select * from agencies where domain='m.my'
10:00:51 select * from admins where id=1
10:00:51 Delete from goods where id in (1)
10:00:54 use client1;
10:00:54 set names utf8;
10:00:54 select * from configs
10:00:54 select * from agencies where domain='m.my'
10:00:54 select * from admins where id=1
10:00:54 Delete from goods where id in (1)
10:00:57 use client1;
10:00:57 set names utf8;
10:00:57 select * from configs
10:00:57 select * from agencies where domain='m.my'
10:00:57 select * from admins where id=1
10:00:57 Delete from goods where id in (1)
10:03:26 use client1;
10:03:26 set names utf8;
10:03:26 select * from configs
10:03:26 select * from agencies where domain='m.my'
10:03:26 select * from admins where id=1
10:03:26 select count(id) from agencies
10:03:26 select * from agencies limit 0,20
10:03:31 use client1;
10:03:31 set names utf8;
10:03:31 select * from configs
10:03:31 select * from agencies where domain='m.my'
10:03:31 select * from admins where id=1
10:03:31 Delete from agencies where id in (1)
10:03:32 use client1;
10:03:32 set names utf8;
10:03:32 select * from configs
10:03:32 select * from agencies where domain='m.my'
10:03:32 select * from admins where id=1
10:03:32 select count(id) from agencies
10:03:32 select * from agencies limit 0,20
10:03:33 use client1;
10:03:33 set names utf8;
10:03:33 select * from configs
10:03:33 select * from agencies where domain='m.my'
10:03:33 select * from admins where id=1
10:03:33 select count(id) from agencies
10:03:33 select * from agencies limit 0,20
10:03:33 use client1;
10:03:33 set names utf8;
10:03:33 select * from configs
10:03:33 select * from agencies where domain='m.my'
10:03:33 select * from admins where id=1
10:03:33 select count(id) from agencies
10:03:33 select * from agencies limit 0,20
10:07:42 use client1;
10:07:42 set names utf8;
10:07:42 select * from configs
10:07:42 select * from agencies where domain='m.my'
10:07:42 select * from admins where id=1
10:07:42 select count(id) from agencies
10:07:42 select * from agencies limit 0,20
10:07:43 use client1;
10:07:43 set names utf8;
10:07:43 select * from configs
10:07:43 select * from agencies where domain='m.my'
10:07:43 select * from admins where id=1
10:07:43 select count(id) from agencies
10:07:43 select * from agencies limit 0,20
10:07:44 use client1;
10:07:44 set names utf8;
10:07:44 select * from configs
10:07:44 select * from agencies where domain='m.my'
10:07:44 select * from admins where id=1
10:07:53 use client1;
10:07:53 set names utf8;
10:07:53 select * from configs
10:07:53 select * from agencies where domain='m.my'
10:07:53 select * from admins where id=1
10:08:00 use client1;
10:08:00 set names utf8;
10:08:00 select * from configs
10:08:00 select * from agencies where domain='m.my'
10:08:00 select * from admins where id=1
10:13:39 use client1;
10:13:39 set names utf8;
10:13:39 select * from configs
10:13:39 select * from agencies where domain='m.my'
10:13:39 select * from admins where id=1
10:13:39 select count(id) from agencies
10:13:39 select * from agencies limit 0,20
10:13:53 use client1;
10:13:53 set names utf8;
10:13:53 select * from configs
10:13:53 select * from agencies where domain='m.my'
10:13:53 select * from admins where id=1
10:13:53 select count(id) from agencies
10:13:53 select * from agencies limit 20,20
10:13:55 use client1;
10:13:55 set names utf8;
10:13:55 select * from configs
10:13:55 select * from agencies where domain='m.my'
10:13:55 select * from admins where id=1
10:13:55 select count(id) from agencies
10:13:55 select * from agencies limit 0,20
10:50:37 use client1;
10:50:37 set names utf8;
10:50:37 select * from configs
10:50:37 select * from agencies where domain='m.my'
10:50:37 select * from admins where id=1
10:50:38 use client1;
10:50:38 set names utf8;
10:50:38 select * from configs
10:50:38 select * from agencies where domain='m.my'
10:50:38 select * from admins where id=1
10:50:38 select count(id) from agencies
10:50:38 select * from agencies limit 0,20
10:50:52 use client1;
10:50:52 set names utf8;
10:50:52 select * from configs
10:50:52 select * from agencies where domain='m.my'
10:50:52 select * from admins where id=1
10:50:53 use client1;
10:50:53 set names utf8;
10:50:53 select * from configs
10:50:53 select * from agencies where domain='m.my'
10:50:53 select * from admins where id=1
10:50:53 select count(id) from agencies
10:50:53 select * from agencies limit 0,20
10:51:10 use client1;
10:51:10 set names utf8;
10:51:10 select * from configs
10:51:10 select * from agencies where domain='m.my'
10:51:10 select * from admins where id=1
10:51:10 select count(id) from agencies
10:51:10 select * from agencies limit 0,20
10:51:13 use client1;
10:51:13 set names utf8;
10:51:13 select * from configs
10:51:13 select * from agencies where domain='m.my'
10:51:13 select * from admins where id=1
10:51:13 select * from agencies where id=2
10:52:08 use client1;
10:52:08 set names utf8;
10:52:08 select * from configs
10:52:08 select * from agencies where domain='m.my'
10:52:08 select * from admins where id=1
10:52:08 select * from agencies where id=2
10:52:08 update agencies set ='my.com' where id=2
10:52:51 use client1;
10:52:51 set names utf8;
10:52:51 select * from configs
10:52:51 select * from agencies where domain='m.my'
10:52:51 select * from admins where id=1
10:52:51 select * from agencies where id=2
10:52:53 use client1;
10:52:53 set names utf8;
10:52:53 select * from configs
10:52:53 select * from agencies where domain='m.my'
10:52:53 select * from admins where id=1
10:52:53 select * from agencies where id=2
10:52:53 update agencies set domain='my.com',start_time='1397923200',end_time='1413648000' where id=2
10:52:54 use client1;
10:52:54 set names utf8;
10:52:54 select * from configs
10:52:54 select * from agencies where domain='m.my'
10:52:54 select * from admins where id=1
10:52:54 select count(id) from agencies
10:52:54 select * from agencies limit 0,20
10:53:50 use client1;
10:53:50 set names utf8;
10:53:50 select * from configs
10:53:50 select * from agencies where domain='m.my'
10:53:50 select * from admins where id=1
10:53:50 select count(id) from agencies order by add_time desc
10:53:50 select * from agencies order by add_time desc limit 0,20
10:53:52 use client1;
10:53:52 set names utf8;
10:53:52 select * from configs
10:53:52 select * from agencies where domain='m.my'
10:53:52 select * from admins where id=1
10:53:52 select count(id) from agencies order by add_time desc
10:53:52 select * from agencies order by add_time desc limit 0,20
10:53:52 use client1;
10:53:52 set names utf8;
10:53:52 select * from configs
10:53:52 select * from agencies where domain='m.my'
10:53:52 select * from admins where id=1
10:53:52 select count(id) from agencies order by add_time desc
10:53:52 select * from agencies order by add_time desc limit 0,20
10:53:53 use client1;
10:53:53 set names utf8;
10:53:53 select * from configs
10:53:53 select * from agencies where domain='m.my'
10:53:53 select * from admins where id=1
10:53:53 select count(id) from agencies order by add_time desc
10:53:53 select * from agencies order by add_time desc limit 0,20
10:53:53 use client1;
10:53:53 set names utf8;
10:53:53 select * from configs
10:53:53 select * from agencies where domain='m.my'
10:53:53 select * from admins where id=1
10:53:53 select count(id) from agencies order by add_time desc
10:53:53 select * from agencies order by add_time desc limit 0,20
10:53:54 use client1;
10:53:54 set names utf8;
10:53:54 select * from configs
10:53:54 select * from agencies where domain='m.my'
10:53:54 select * from admins where id=1
10:53:54 select count(id) from agencies order by add_time desc
10:53:54 select * from agencies order by add_time desc limit 0,20
10:53:54 use client1;
10:53:54 set names utf8;
10:53:54 select * from configs
10:53:54 select * from agencies where domain='m.my'
10:53:54 select * from admins where id=1
10:53:54 select count(id) from agencies order by add_time desc
10:53:54 select * from agencies order by add_time desc limit 0,20
10:53:55 use client1;
10:53:55 set names utf8;
10:53:55 select * from configs
10:53:55 select * from agencies where domain='m.my'
10:53:55 select * from admins where id=1
10:53:55 select count(id) from agencies order by add_time desc
10:53:55 select * from agencies order by add_time desc limit 0,20
10:53:56 use client1;
10:53:56 set names utf8;
10:53:56 select * from configs
10:53:56 select * from agencies where domain='m.my'
10:53:56 select * from admins where id=1
10:53:56 select count(id) from agencies order by add_time desc
10:53:56 select * from agencies order by add_time desc limit 0,20
10:54:01 use client1;
10:54:01 set names utf8;
10:54:01 select * from configs
10:54:01 select * from agencies where domain='m.my'
10:54:01 select * from admins where id=1
10:54:01 select count(id) from agencies order by id desc
10:54:01 select * from agencies order by id desc limit 0,20
10:54:02 use client1;
10:54:02 set names utf8;
10:54:02 select * from configs
10:54:02 select * from agencies where domain='m.my'
10:54:02 select * from admins where id=1
10:54:02 select count(id) from agencies order by id desc
10:54:02 select * from agencies order by id desc limit 0,20
10:54:57 use client1;
10:54:57 set names utf8;
10:54:57 select * from configs
10:54:57 select * from agencies where domain='m.my'
10:54:57 select * from admins where id=1
10:54:57 select * from agencies where id=27
10:55:02 use client1;
10:55:02 set names utf8;
10:55:02 select * from configs
10:55:02 select * from agencies where domain='m.my'
10:55:02 select * from admins where id=1
10:55:02 select * from agencies where id=27
10:55:02 update agencies set domain='my.com',start_time='1397923200',end_time='1413648000' where id=27
10:55:03 use client1;
10:55:03 set names utf8;
10:55:03 select * from configs
10:55:03 select * from agencies where domain='m.my'
10:55:03 select * from admins where id=1
10:55:03 select count(id) from agencies order by id desc
10:55:03 select * from agencies order by id desc limit 0,20
10:55:09 use client1;
10:55:09 set names utf8;
10:55:09 select * from configs
10:55:09 select * from agencies where domain='m.my'
10:55:09 select * from admins where id=1
10:55:09 select * from agencies where id=27
10:55:12 use client1;
10:55:12 set names utf8;
10:55:12 select * from configs
10:55:12 select * from agencies where domain='m.my'
10:55:12 select * from admins where id=1
10:55:12 select * from agencies where id=27
10:55:12 update agencies set domain='my.com',start_time='1397923200',end_time='1413734400' where id=27
10:55:13 use client1;
10:55:13 set names utf8;
10:55:13 select * from configs
10:55:13 select * from agencies where domain='m.my'
10:55:13 select * from admins where id=1
10:55:13 select count(id) from agencies order by id desc
10:55:13 select * from agencies order by id desc limit 0,20
10:55:30 use client1;
10:55:30 set names utf8;
10:55:30 select * from configs
10:55:30 select * from agencies where domain='m.my'
10:55:30 select * from admins where id=1
10:55:30 select * from agencies where id=27
10:55:33 use client1;
10:55:33 set names utf8;
10:55:33 select * from configs
10:55:33 select * from agencies where domain='m.my'
10:55:33 select * from admins where id=1
10:55:33 select * from agencies where id=27
10:55:33 update agencies set domain='my.com',domain_word='a21075a36eeddd084e17611a238c7101',start_time='1397923200',end_time='1413734400' where id=27
10:55:34 use client1;
10:55:34 set names utf8;
10:55:34 select * from configs
10:55:34 select * from agencies where domain='m.my'
10:55:34 select * from admins where id=1
10:55:34 select count(id) from agencies order by id desc
10:55:34 select * from agencies order by id desc limit 0,20
10:55:41 use client1;
10:55:41 set names utf8;
10:55:41 select * from configs
10:55:41 select * from agencies where domain='m.my'
10:55:41 select * from admins where id=1
10:55:41 select * from agencies where id=27
10:55:44 use client1;
10:55:44 set names utf8;
10:55:44 select * from configs
10:55:44 select * from agencies where domain='m.my'
10:55:44 select * from admins where id=1
10:55:44 select * from agencies where id=27
10:55:44 update agencies set domain='my.com',domain_word='21232f297a57a5a743894a0e4a801fc3',start_time='1397923200',end_time='1413734400' where id=27
10:55:45 use client1;
10:55:45 set names utf8;
10:55:45 select * from configs
10:55:45 select * from agencies where domain='m.my'
10:55:45 select * from admins where id=1
10:55:45 select count(id) from agencies order by id desc
10:55:45 select * from agencies order by id desc limit 0,20
