10:18:17 use client1;
10:18:17 set names utf8;
10:18:17 select * from agencies where domain='m.my' and end_time>1396318697
10:18:17 select * from agencies_configs where agencies_id=34 
10:18:17 select * from configs
10:18:17 use client1;
10:18:17 set names utf8;
10:18:17 select * from agencies where domain='m.my' and end_time>1396318697
10:18:17 select * from agencies_configs where agencies_id=34 
10:18:17 select * from configs
10:18:23 use client1;
10:18:23 set names utf8;
10:18:23 select * from agencies where domain='m.my' and end_time>1396318703
10:18:23 select * from agencies_configs where agencies_id=34 
10:18:23 select * from configs
10:18:23 select * from agencies where domain='m.my' and domain_word='6e6b4eb37a7ca16e13c91fd050c7f90d'
10:18:24 use client1;
10:18:24 set names utf8;
10:18:24 select * from agencies where domain='m.my' and end_time>1396318704
10:18:24 select * from agencies_configs where agencies_id=34 
10:18:24 select * from configs
10:18:24 select * from agencies where id=34
10:18:26 use client1;
10:18:26 set names utf8;
10:18:26 select * from agencies where domain='m.my' and end_time>1396318706
10:18:26 select * from agencies_configs where agencies_id=34 
10:18:26 select * from configs
10:18:26 select * from agencies where id=34
10:18:26 use client1;
10:18:26 set names utf8;
10:18:26 select * from agencies where domain='m.my' and end_time>1396318706
10:18:26 select * from agencies_configs where agencies_id=34 
10:18:26 select * from configs
10:18:26 select * from agencies where id=34
10:18:26 select count(id) from users where agencies_id='34'
10:18:26 select * from users where agencies_id='34' limit 0,20
10:18:31 use client1;
10:18:31 set names utf8;
10:18:31 select * from agencies where domain='m.my' and end_time>1396318711
10:18:31 select * from agencies_configs where agencies_id=34 
10:18:31 select * from configs
10:18:31 select * from agencies where id=34
10:18:31 select count(i.id) from income as i left join users as u on i.user_id=u.id where u.agencies_id=34
10:18:31 select i.id,i.income_money,i.order_sn,i.add_time,i.pay_status,u.user_name,u.nick_name,u.spreader_id,u.vip_level from income as i left join users as u on i.user_id=u.id where u.agencies_id=34 limit 0,20
10:18:35 use client1;
10:18:35 set names utf8;
10:18:35 select * from agencies where domain='m.my' and end_time>1396318715
10:18:35 select * from agencies_configs where agencies_id=34 
10:18:35 select * from configs
10:18:35 select * from agencies where id=34
10:18:35 select * from users where id=0 and agencies_id=34
10:18:36 use client1;
10:18:36 set names utf8;
10:18:36 select * from agencies where domain='m.my' and end_time>1396318716
10:18:36 select * from agencies_configs where agencies_id=34 
10:18:36 select * from configs
10:18:36 select * from agencies where id=34
10:18:36 select count(i.id) from income as i left join users as u on i.user_id=u.id where u.agencies_id=34
10:18:36 select i.id,i.income_money,i.order_sn,i.add_time,i.pay_status,u.user_name,u.nick_name,u.spreader_id,u.vip_level from income as i left join users as u on i.user_id=u.id where u.agencies_id=34 limit 0,20
10:18:39 use client1;
10:18:39 set names utf8;
10:18:39 select * from agencies where domain='m.my' and end_time>1396318719
10:18:39 select * from agencies_configs where agencies_id=34 
10:18:39 select * from configs
10:18:39 select * from agencies where id=34
10:18:39 use client1;
10:18:39 set names utf8;
10:18:39 select * from agencies where domain='m.my' and end_time>1396318719
10:18:39 select * from agencies_configs where agencies_id=34 
10:18:39 select * from configs
10:18:39 select * from agencies where id=34
10:18:39 use client1;
10:18:39 set names utf8;
10:18:39 select * from agencies where domain='m.my' and end_time>1396318719
10:18:39 select * from agencies_configs where agencies_id=34 
10:18:39 select * from configs
10:18:39 select * from agencies where id=34
10:18:39 select count(o.id) from orders as o left join users as u on u.id=o.user_id 
10:18:39 select o.id,o.goods_id,o.user_id,o.pay_type,o.add_time,o.order_sn,o.order_type,u.spreader_id from orders as o left join users as u on u.id=o.user_id  limit 0,20
10:18:49 use client1;
10:18:49 set names utf8;
10:18:49 select * from agencies where domain='m.my' and end_time>1396318729
10:18:49 select * from agencies_configs where agencies_id=34 
10:18:49 select * from configs
10:18:49 select * from agencies where id=34
10:18:49 select count(o.id) from orders as o left join users as u on u.id=o.user_id 
10:18:49 select o.id,o.goods_id,o.user_id,o.pay_type,o.add_time,o.order_sn,o.order_type,u.spreader_id from orders as o left join users as u on u.id=o.user_id  limit 0,20
10:18:58 use client1;
10:18:58 set names utf8;
10:18:58 select * from agencies where domain='m.my' and end_time>1396318738
10:18:58 select * from agencies_configs where agencies_id=34 
10:18:58 select * from configs
10:18:58 select * from agencies where id=34
10:18:58 select count(o.id) from orders as o left join users as u on u.id=o.user_id 
10:18:59 select o.id,o.goods_id,o.user_id,o.pay_type,o.add_time,o.order_sn,o.order_type,u.spreader_id from orders as o left join users as u on u.id=o.user_id  limit 0,20
10:19:08 use client1;
10:19:08 set names utf8;
10:19:08 select * from agencies where domain='m.my' and end_time>1396318748
10:19:08 select * from agencies_configs where agencies_id=34 
10:19:08 select * from configs
10:19:08 select * from agencies where id=34
10:19:08 select count(id) from agencies_expense where agencies_id=34
10:19:08 select * from agencies_expense where agencies_id=34 limit 0,20
10:19:10 use client1;
10:19:10 set names utf8;
10:19:10 select * from agencies where domain='m.my' and end_time>1396318750
10:19:10 select * from agencies_configs where agencies_id=34 
10:19:10 select * from configs
10:19:10 select * from agencies where id=34
10:19:10 select count(o.id) from orders as o left join users as u on u.id=o.user_id 
10:19:10 select o.id,o.goods_id,o.user_id,o.pay_type,o.add_time,o.order_sn,o.order_type,u.spreader_id from orders as o left join users as u on u.id=o.user_id  limit 0,20
10:19:13 use client1;
10:19:13 set names utf8;
10:19:13 select * from agencies where domain='m.my' and end_time>1396318753
10:19:13 select * from agencies_configs where agencies_id=34 
10:19:13 select * from configs
10:19:13 select * from agencies where id=34
10:19:13 select count(id) from agencies_expense where agencies_id=34
10:19:13 select * from agencies_expense where agencies_id=34 limit 0,20
10:19:22 use client1;
10:19:22 set names utf8;
10:19:22 select * from agencies where domain='m.my' and end_time>1396318762
10:19:22 select * from agencies_configs where agencies_id=34 
10:19:22 select * from configs
10:19:22 select * from agencies where id=34
10:19:22 select count(o.id) from orders as o left join users as u on u.id=o.user_id 
10:19:22 select o.id,o.goods_id,o.user_id,o.pay_type,o.add_time,o.order_sn,o.order_type,u.spreader_id from orders as o left join users as u on u.id=o.user_id  limit 0,20
10:19:27 use client1;
10:19:27 set names utf8;
10:19:27 select * from agencies where domain='m.my' and end_time>1396318767
10:19:27 select * from agencies_configs where agencies_id=34 
10:19:27 select * from configs
10:19:27 select * from agencies where id=34
10:19:27 select count(o.id) from orders as o left join users as u on u.id=o.user_id 
10:19:27 select o.id,o.goods_id,o.user_id,o.pay_type,o.add_time,o.order_sn,o.order_type,u.spreader_id from orders as o left join users as u on u.id=o.user_id  limit 0,20
10:20:37 use client1;
10:20:37 set names utf8;
10:20:37 select * from agencies where domain='m.my' and end_time>1396318837
10:20:37 select * from agencies_configs where agencies_id=34 
10:20:37 select * from configs
10:20:37 select * from agencies where id=34
10:20:37 select count(o.id) from orders as o left join users as u on u.id=o.user_id  where agencies_id=34
10:20:50 use client1;
10:20:50 set names utf8;
10:20:50 select * from agencies where domain='m.my' and end_time>1396318850
10:20:50 select * from agencies_configs where agencies_id=34 
10:20:50 select * from configs
10:20:50 select * from agencies where id=34
10:20:50 select count(o.id) from orders as o left join users as u on u.id=o.user_id  where u.agencies_id=34
10:20:50 select o.id,o.goods_id,o.user_id,o.pay_type,o.add_time,o.order_sn,o.order_type,u.spreader_id from orders as o left join users as u on u.id=o.user_id  where u.agencies_id=34 limit 0,20
10:20:57 use client1;
10:20:57 set names utf8;
10:20:57 select * from agencies where domain='m.my' and end_time>1396318857
10:20:57 select * from agencies_configs where agencies_id=34 
10:20:57 select * from configs
10:20:57 select * from agencies where id=34
10:20:57 select * from users where id=1058 and agencies_id=34
10:21:03 use client1;
10:21:03 set names utf8;
10:21:03 select * from agencies where domain='m.my' and end_time>1396318863
10:21:03 select * from agencies_configs where agencies_id=34 
10:21:03 select * from configs
10:21:03 select * from agencies where id=34
10:21:03 select count(o.id) from orders as o left join users as u on u.id=o.user_id  where u.agencies_id=34
10:21:03 select o.id,o.goods_id,o.user_id,o.pay_type,o.add_time,o.order_sn,o.order_type,u.spreader_id from orders as o left join users as u on u.id=o.user_id  where u.agencies_id=34 limit 0,20
10:21:47 use client1;
10:21:47 set names utf8;
10:21:47 select * from agencies where domain='m.my' and end_time>1396318907
10:21:47 select * from agencies_configs where agencies_id=34 
10:21:47 select * from configs
10:21:47 select * from agencies where id=34
10:21:49 use client1;
10:21:49 set names utf8;
10:21:49 select * from agencies where domain='m.my' and end_time>1396318909
10:21:49 select * from agencies_configs where agencies_id=34 
10:21:49 select * from configs
10:21:49 select * from agencies where id=34
10:21:49 select count(o.id) from orders as o left join users as u on u.id=o.user_id  where u.agencies_id=34
10:21:49 select o.id,o.goods_id,o.user_id,o.pay_type,o.add_time,o.order_sn,o.order_type,u.spreader_id from orders as o left join users as u on u.id=o.user_id  where u.agencies_id=34 limit 0,20
10:21:51 use client1;
10:21:51 set names utf8;
10:21:51 select * from agencies where domain='m.my' and end_time>1396318911
10:21:51 select * from agencies_configs where agencies_id=34 
10:21:51 select * from configs
10:21:51 select * from agencies where id=34
10:21:51 select * from users where id=1058 and agencies_id=34
10:21:52 use client1;
10:21:52 set names utf8;
10:21:52 select * from agencies where domain='m.my' and end_time>1396318912
10:21:52 select * from agencies_configs where agencies_id=34 
10:21:52 select * from configs
10:21:52 select * from agencies where id=34
10:21:52 select count(o.id) from orders as o left join users as u on u.id=o.user_id  where u.agencies_id=34
10:21:52 select o.id,o.goods_id,o.user_id,o.pay_type,o.add_time,o.order_sn,o.order_type,u.spreader_id from orders as o left join users as u on u.id=o.user_id  where u.agencies_id=34 limit 0,20
10:21:54 use client1;
10:21:54 set names utf8;
10:21:54 select * from agencies where domain='m.my' and end_time>1396318914
10:21:54 select * from agencies_configs where agencies_id=34 
10:21:54 select * from configs
10:21:54 select * from agencies where id=34
10:21:55 use client1;
10:21:55 set names utf8;
10:21:55 select * from agencies where domain='m.my' and end_time>1396318915
10:21:55 select * from agencies_configs where agencies_id=34 
10:21:55 select * from configs
10:21:55 select * from agencies where id=34
10:21:55 select count(o.id) from orders as o left join users as u on u.id=o.user_id  where u.agencies_id=34
10:21:55 select o.id,o.goods_id,o.user_id,o.pay_type,o.add_time,o.order_sn,o.order_type,u.spreader_id from orders as o left join users as u on u.id=o.user_id  where u.agencies_id=34 limit 0,20
10:22:03 use client1;
10:22:03 set names utf8;
10:22:03 select * from agencies where domain='m.my' and end_time>1396318923
10:22:03 select * from agencies_configs where agencies_id=34 
10:22:03 select * from configs
10:22:03 select * from agencies where id=34
10:22:06 use client1;
10:22:06 set names utf8;
10:22:06 select * from agencies where domain='m.my' and end_time>1396318926
10:22:06 select * from agencies_configs where agencies_id=34 
10:22:06 select * from configs
10:22:06 select * from agencies where id=34
10:22:09 use client1;
10:22:09 set names utf8;
10:22:09 select * from agencies where domain='m.my' and end_time>1396318929
10:22:09 select * from agencies_configs where agencies_id=34 
10:22:09 select * from configs
10:22:09 select * from agencies where id=34
10:22:09 select count(o.id) from orders as o left join users as u on u.id=o.user_id  where u.agencies_id=34
10:22:09 select o.id,o.goods_id,o.user_id,o.pay_type,o.add_time,o.order_sn,o.order_type,u.spreader_id from orders as o left join users as u on u.id=o.user_id  where u.agencies_id=34 limit 0,20
10:22:12 use client1;
10:22:12 set names utf8;
10:22:12 select * from agencies where domain='m.my' and end_time>1396318932
10:22:12 select * from agencies_configs where agencies_id=34 
10:22:12 select * from configs
10:22:12 select * from agencies where id=34
10:22:14 use client1;
10:22:14 set names utf8;
10:22:14 select * from agencies where domain='m.my' and end_time>1396318934
10:22:14 select * from agencies_configs where agencies_id=34 
10:22:14 select * from configs
10:22:14 select * from agencies where id=34
10:22:14 select count(o.id) from orders as o left join users as u on u.id=o.user_id  where u.agencies_id=34
10:22:14 select o.id,o.goods_id,o.user_id,o.pay_type,o.add_time,o.order_sn,o.order_type,u.spreader_id from orders as o left join users as u on u.id=o.user_id  where u.agencies_id=34 limit 0,20
10:22:17 use client1;
10:22:17 set names utf8;
10:22:17 select * from agencies where domain='m.my' and end_time>1396318937
10:22:17 select * from agencies_configs where agencies_id=34 
10:22:17 select * from configs
10:22:17 select * from agencies where id=34
10:22:22 use client1;
10:22:22 set names utf8;
10:22:22 select * from agencies where domain='m.my' and end_time>1396318942
10:22:22 select * from agencies_configs where agencies_id=34 
10:22:22 select * from configs
10:22:22 select * from agencies where id=34
10:22:22 select count(id) from agencies_expense where agencies_id=34
10:22:22 select * from agencies_expense where agencies_id=34 limit 0,20
10:22:23 use client1;
10:22:23 set names utf8;
10:22:23 select * from agencies where domain='m.my' and end_time>1396318943
10:22:23 select * from agencies_configs where agencies_id=34 
10:22:23 select * from configs
10:22:23 select * from agencies where id=34
10:22:23 select count(id) from agencies_expense where agencies_id=34
10:22:23 select * from agencies_expense where agencies_id=34 limit 0,20
10:22:23 use client1;
10:22:23 set names utf8;
10:22:23 select * from agencies where domain='m.my' and end_time>1396318943
10:22:23 select * from agencies_configs where agencies_id=34 
10:22:23 select * from configs
10:22:23 select * from agencies where id=34
10:22:23 select count(id) from agencies_expense where agencies_id=34
10:22:23 select * from agencies_expense where agencies_id=34 limit 0,20
10:22:24 use client1;
10:22:24 set names utf8;
10:22:24 select * from agencies where domain='m.my' and end_time>1396318944
10:22:24 select * from agencies_configs where agencies_id=34 
10:22:24 select * from configs
10:22:24 select * from agencies where id=34
10:22:24 select count(id) from agencies_expense where agencies_id=34
10:22:24 select * from agencies_expense where agencies_id=34 limit 0,20
10:25:02 use client1;
10:25:02 set names utf8;
10:25:02 select * from agencies where domain='m.my' and end_time>1396319102
10:25:02 select * from agencies_configs where agencies_id=34 
10:25:02 select * from configs
10:25:02 select * from agencies where id=34
10:25:02 select count(id) from agencies_expense where agencies_id=34
10:25:02 select * from agencies_expense where agencies_id=34 limit 0,20
10:25:04 use client1;
10:25:04 set names utf8;
10:25:04 select * from agencies where domain='m.my' and end_time>1396319104
10:25:04 select * from agencies_configs where agencies_id=34 
10:25:04 select * from configs
10:25:04 select * from agencies where id=34
10:25:04 select count(id) from agencies_expense where agencies_id=34
10:25:04 select * from agencies_expense where agencies_id=34 limit 0,20
10:25:05 use client1;
10:25:05 set names utf8;
10:25:05 select * from agencies where domain='m.my' and end_time>1396319105
10:25:05 select * from agencies_configs where agencies_id=34 
10:25:05 select * from configs
10:25:05 select * from agencies where id=34
10:25:05 select count(id) from agencies_expense where agencies_id=34
10:25:05 select * from agencies_expense where agencies_id=34 limit 0,20
10:25:23 use client1;
10:25:23 set names utf8;
10:25:23 select * from agencies where domain='m.my' and end_time>1396319123
10:25:23 select * from agencies_configs where agencies_id=34 
10:25:23 select * from configs
10:25:23 select * from agencies where id=34
10:25:23 select count(id) from agencies_expense where agencies_id=34
10:25:23 select * from agencies_expense where agencies_id=34 limit 0,20
10:26:18 use client1;
10:26:18 set names utf8;
10:26:18 select * from agencies where domain='m.my' and end_time>1396319178
10:26:18 select * from agencies_configs where agencies_id=34 
10:26:18 select * from configs
10:26:18 select * from agencies where id=34
10:26:18 select count(id) from agencies_expense where agencies_id=34
10:26:18 select * from agencies_expense where agencies_id=34 limit 0,20
10:26:19 use client1;
10:26:19 set names utf8;
10:26:19 select * from agencies where domain='m.my' and end_time>1396319179
10:26:19 select * from agencies_configs where agencies_id=34 
10:26:19 select * from configs
10:26:19 select * from agencies where id=34
10:26:19 select count(id) from agencies_expense where agencies_id=34
10:26:19 select * from agencies_expense where agencies_id=34 limit 0,20
10:26:29 use client1;
10:26:29 set names utf8;
10:26:29 select * from agencies where domain='m.my' and end_time>1396319189
10:26:29 select * from agencies_configs where agencies_id=34 
10:26:29 select * from configs
10:26:29 select * from agencies where id=34
10:26:29 select count(id) from agencies_expense where agencies_id=34
10:26:29 select * from agencies_expense where agencies_id=34 limit 0,20
10:26:36 use client1;
10:26:36 set names utf8;
10:26:36 select * from agencies where domain='m.my' and end_time>1396319196
10:26:36 select * from agencies_configs where agencies_id=34 
10:26:36 select * from configs
10:26:36 select * from agencies where id=34
10:26:36 select count(id) from agencies_expense where agencies_id=34
10:26:36 select * from agencies_expense where agencies_id=34 limit 0,20
10:27:41 use client1;
10:27:41 set names utf8;
10:27:41 select * from agencies where domain='m.my' and end_time>1396319261
10:27:41 select * from agencies_configs where agencies_id=34 
10:27:41 select * from configs
10:27:41 select * from agencies where id=34
10:27:41 select count(id) from agencies_expense where agencies_id=34
10:27:41 select * from agencies_expense where agencies_id=34 limit 0,20
10:27:42 use client1;
10:27:42 set names utf8;
10:27:42 select * from agencies where domain='m.my' and end_time>1396319262
10:27:42 select * from agencies_configs where agencies_id=34 
10:27:42 select * from configs
10:27:42 select * from agencies where id=34
10:27:42 select count(id) from agencies_expense where agencies_id=34
10:27:42 select * from agencies_expense where agencies_id=34 limit 0,20
10:27:49 use client1;
10:27:49 set names utf8;
10:27:49 select * from agencies where domain='m.my' and end_time>1396319269
10:27:49 select * from agencies_configs where agencies_id=34 
10:27:49 select * from configs
10:27:49 select * from agencies where id=34
10:27:49 select count(id) from agencies_expense where agencies_id=34
10:27:49 select * from agencies_expense where agencies_id=34 limit 0,20
10:27:50 use client1;
10:27:50 set names utf8;
10:27:50 select * from agencies where domain='m.my' and end_time>1396319270
10:27:50 select * from agencies_configs where agencies_id=34 
10:27:50 select * from configs
10:27:50 select * from agencies where id=34
10:27:50 select count(id) from agencies_expense where agencies_id=34
10:27:50 select * from agencies_expense where agencies_id=34 limit 0,20
10:28:22 use client1;
10:28:22 set names utf8;
10:28:22 select * from agencies where domain='m.my' and end_time>1396319302
10:28:22 select * from agencies_configs where agencies_id=34 
10:28:22 select * from configs
10:28:22 select * from agencies where id=34
10:28:22 select count(id) from agencies_expense where agencies_id=34
10:28:22 select * from agencies_expense where agencies_id=34 limit 0,20
10:48:55 use client1;
10:48:55 set names utf8;
10:48:55 select * from agencies where domain='m.my' and end_time>1396320535
10:48:55 select * from agencies_configs where agencies_id=34 
10:48:55 select * from configs
10:48:55 select * from agencies where id=34
10:48:55 select count(id) from agencies_expense where agencies_id=34
10:48:55 select * from agencies_expense where agencies_id=34 limit 0,20
10:49:09 use client1;
10:49:09 set names utf8;
10:49:09 select * from agencies where domain='m.my' and end_time>1396320549
10:49:09 select * from agencies_configs where agencies_id=34 
10:49:09 select * from configs
10:49:09 select * from agencies where id=34
10:49:09 select count(id) from agencies_expense where agencies_id=34
10:49:09 select * from agencies_expense where agencies_id=34 limit 0,20
10:49:15 use client1;
10:49:15 set names utf8;
10:49:15 select * from agencies where domain='m.my' and end_time>1396320555
10:49:15 select * from agencies_configs where agencies_id=34 
10:49:15 select * from configs
10:49:15 select * from agencies where id=34
10:49:15 select count(id) from agencies_expense where agencies_id=34
10:49:15 select * from agencies_expense where agencies_id=34 limit 0,20
10:49:22 use client1;
10:49:22 set names utf8;
10:49:22 select * from agencies where domain='m.my' and end_time>1396320562
10:49:22 select * from agencies_configs where agencies_id=34 
10:49:22 select * from configs
10:49:22 select * from agencies where id=34
10:49:22 select count(id) from agencies_expense where agencies_id=34
10:49:22 select * from agencies_expense where agencies_id=34 limit 0,20
10:49:34 use client1;
10:49:34 set names utf8;
10:49:34 select * from agencies where domain='m.my' and end_time>1396320574
10:49:34 select * from agencies_configs where agencies_id=34 
10:49:34 select * from configs
10:49:34 select * from agencies where id=34
10:49:35 use client1;
10:49:35 set names utf8;
10:49:35 select * from agencies where domain='m.my' and end_time>1396320575
10:49:35 select * from agencies_configs where agencies_id=34 
10:49:35 select * from configs
10:49:35 select * from agencies where id=34
10:49:35 use client1;
10:49:35 set names utf8;
10:49:35 select * from agencies where domain='m.my' and end_time>1396320575
10:49:35 select * from agencies_configs where agencies_id=34 
10:49:35 select * from configs
10:49:35 select * from agencies where id=34
10:49:35 select count(o.id) from orders as o left join users as u on u.id=o.user_id  where u.agencies_id=34
10:49:35 select o.id,o.goods_id,o.user_id,o.pay_type,o.add_time,o.order_sn,o.order_type,u.spreader_id from orders as o left join users as u on u.id=o.user_id  where u.agencies_id=34 limit 0,20
10:49:35 use client1;
10:49:35 set names utf8;
10:49:35 select * from agencies where domain='m.my' and end_time>1396320575
10:49:35 select * from agencies_configs where agencies_id=34 
10:49:35 select * from configs
10:49:35 select * from agencies where id=34
10:49:36 use client1;
10:49:36 set names utf8;
10:49:36 select * from agencies where domain='m.my' and end_time>1396320576
10:49:36 select * from agencies_configs where agencies_id=34 
10:49:36 select * from configs
10:49:36 select * from agencies where id=34
10:49:36 select count(id) from users where agencies_id='34'
10:49:36 select * from users where agencies_id='34' limit 0,20
10:49:36 use client1;
10:49:36 set names utf8;
10:49:36 select * from agencies where domain='m.my' and end_time>1396320576
10:49:36 select * from agencies_configs where agencies_id=34 
10:49:36 select * from configs
10:49:36 select * from agencies where id=34
10:49:38 use client1;
10:49:38 set names utf8;
10:49:38 select * from agencies where domain='m.my' and end_time>1396320578
10:49:38 select * from agencies_configs where agencies_id=34 
10:49:38 select * from configs
10:49:38 select * from agencies where id=34
10:53:25 use client1;
10:53:25 set names utf8;
10:53:25 select * from agencies where domain='m.my' and end_time>1396320805
10:53:25 select * from agencies_configs where agencies_id=34 
10:53:25 select * from configs
10:53:25 select * from agencies where id=34
10:53:58 use client1;
10:53:58 set names utf8;
10:53:58 select * from agencies where domain='m.my' and end_time>1396320838
10:53:58 select * from agencies_configs where agencies_id=34 
10:53:58 select * from configs
10:53:58 select * from agencies where id=34
10:53:58 use client1;
10:53:58 set names utf8;
10:53:58 select * from agencies where domain='m.my' and end_time>1396320838
10:53:58 select * from agencies_configs where agencies_id=34 
10:53:58 select * from configs
10:53:58 select * from agencies where id=34
10:53:58 use client1;
10:53:58 set names utf8;
10:53:58 select * from agencies where domain='m.my' and end_time>1396320838
10:53:58 select * from agencies_configs where agencies_id=34 
10:53:58 select * from configs
10:53:58 select * from agencies where id=34
10:53:58 select count(o.id) from orders as o left join users as u on u.id=o.user_id  where u.agencies_id=34
10:53:58 select o.id,o.goods_id,o.user_id,o.pay_type,o.add_time,o.order_sn,o.order_type,u.spreader_id from orders as o left join users as u on u.id=o.user_id  where u.agencies_id=34 limit 0,20
10:54:02 use client1;
10:54:02 set names utf8;
10:54:02 select * from agencies where domain='m.my' and end_time>1396320842
10:54:02 select * from agencies_configs where agencies_id=34 
10:54:02 select * from configs
10:54:02 select * from agencies where id=34
10:54:02 use client1;
10:54:02 set names utf8;
10:54:02 select * from agencies where domain='m.my' and end_time>1396320842
10:54:02 select * from agencies_configs where agencies_id=34 
10:54:02 select * from configs
10:54:02 select * from agencies where id=34
10:54:02 select count(id) from users where agencies_id='34'
10:54:02 select * from users where agencies_id='34' limit 0,20
11:45:22 use client1;
11:45:22 set names utf8;
11:45:22 select * from agencies where domain='m.my' and end_time>1396323922
11:45:22 select * from agencies_configs where agencies_id=34 
11:45:22 select * from configs
11:45:25 use client1;
11:45:25 set names utf8;
11:45:25 select * from agencies where domain='m.my' and end_time>1396323925
11:45:25 select * from agencies_configs where agencies_id=34 
11:45:25 select * from configs
11:45:25 use client1;
11:45:25 set names utf8;
11:45:25 select * from agencies where domain='m.my' and end_time>1396323925
11:45:25 select * from agencies_configs where agencies_id=34 
11:45:25 select * from configs
11:45:29 use client1;
11:45:29 set names utf8;
11:45:29 select * from agencies where domain='m.my' and end_time>1396323929
11:45:29 select * from agencies_configs where agencies_id=34 
11:45:29 select * from configs
11:45:29 select * from users where user_name='1234567' and user_word='6e6b4eb37a7ca16e13c91fd050c7f90d' and agencies_id=34
11:45:35 use client1;
11:45:35 set names utf8;
11:45:35 select * from agencies where domain='m.my' and end_time>1396323935
11:45:35 select * from agencies_configs where agencies_id=34 
11:45:35 select * from configs
11:45:35 select * from users where user_name='1234567' and user_word='fa270fc29196eab2c6bfe5b123a19010' and agencies_id=34
11:45:35 use client1;
11:45:35 set names utf8;
11:45:35 select * from agencies where domain='m.my' and end_time>1396323935
11:45:35 select * from agencies_configs where agencies_id=34 
11:45:35 select * from configs
11:45:35 select * from users where id=1058 and agencies_id=34
11:45:35 select count(id) from users where spreader_id='1058'
11:45:35 select * from images
11:45:35 select * from goods where need_top=1 and need_hidden=0 order by id desc limit 0,5
11:45:35 select count(id) from goods where need_top=0 and need_hidden=0 order by id desc
11:45:35 select * from goods where need_top=0 and need_hidden=0 order by id desc limit 0,5
11:45:59 use client1;
11:45:59 set names utf8;
11:45:59 select * from agencies where domain='m.my' and end_time>1396323959
11:45:59 select * from agencies_configs where agencies_id=34 
11:45:59 select * from configs
11:45:59 select * from users where id=1058 and agencies_id=34
11:45:59 select count(id) from users where spreader_id='1058'
11:45:59 select * from images
11:46:00 use client1;
11:46:00 set names utf8;
11:46:00 select * from agencies where domain='m.my' and end_time>1396323960
11:46:00 select * from agencies_configs where agencies_id=34 
11:46:00 select * from configs
11:46:00 select * from users where id=1058 and agencies_id=34
11:46:00 select count(id) from users where spreader_id='1058'
11:46:00 select * from images
11:46:00 select * from goods where need_top=1 and need_hidden=0 order by id desc limit 0,5
11:46:00 select count(id) from goods where need_top=0 and need_hidden=0 order by id desc
11:46:00 select * from goods where need_top=0 and need_hidden=0 order by id desc limit 0,5
11:46:05 use client1;
11:46:05 set names utf8;
11:46:05 select * from agencies where domain='m.my' and end_time>1396323965
11:46:05 select * from agencies_configs where agencies_id=34 
11:46:05 select * from configs
11:46:05 select * from users where id=1058 and agencies_id=34
11:46:05 select count(id) from users where spreader_id='1058'
11:46:05 select * from images
11:46:05 select count(id) from income where user_id=1058
11:46:05 select * from income where user_id=1058 limit 0,5
11:46:09 use client1;
11:46:09 set names utf8;
11:46:09 select * from agencies where domain='m.my' and end_time>1396323969
11:46:09 select * from agencies_configs where agencies_id=34 
11:46:09 select * from configs
11:46:09 select * from users where id=1058 and agencies_id=34
11:46:09 insert into income (user_id,income_money,order_sn,add_time,pay_status) values ('1058','100','139632396941680','1396323969','0') ;
11:50:29 use client1;
11:50:29 set names utf8;
11:50:29 select * from agencies where domain='m.my' and end_time>1396324229
11:50:29 select * from agencies_configs where agencies_id=34 
11:50:29 select * from configs
11:50:29 select * from users where id=5
11:51:21 use client1;
11:51:21 set names utf8;
11:51:21 select * from agencies where domain='m.my' and end_time>1396324281
11:51:21 select * from agencies_configs where agencies_id=34 
11:51:21 select * from configs
11:51:21 select * from users where id=1058
11:52:00 use client1;
11:52:00 set names utf8;
11:52:00 select * from agencies where domain='m.my' and end_time>1396324320
11:52:00 select * from agencies_configs where agencies_id=34 
11:52:00 select * from configs
11:52:00 select * from users where id=1058
11:52:00 use client1;
11:52:00 set names utf8;
11:52:00 select * from agencies where domain='m.my' and end_time>1396324320
11:52:00 select * from agencies_configs where agencies_id=34 
11:52:00 select * from configs
11:52:00 select * from users where id=1058
11:52:05 use client1;
11:52:05 set names utf8;
11:52:05 select * from agencies where domain='m.my' and end_time>1396324325
11:52:05 select * from agencies_configs where agencies_id=34 
11:52:05 select * from configs
11:52:05 select * from users where id=1058
11:52:09 use client1;
11:52:09 set names utf8;
11:52:09 select * from agencies where domain='m.my' and end_time>1396324329
11:52:09 select * from agencies_configs where agencies_id=34 
11:52:09 select * from configs
11:52:09 select * from users where id=1058
11:52:16 use client1;
11:52:16 set names utf8;
11:52:16 select * from agencies where domain='m.my' and end_time>1396324336
11:52:16 select * from agencies_configs where agencies_id=34 
11:52:16 select * from configs
11:52:16 select * from users where id=1058
11:54:44 use client1;
11:54:44 set names utf8;
11:54:44 select * from agencies where domain='study.my' and end_time>1396324484
11:54:44 select * from configs
11:54:49 use client1;
11:54:49 set names utf8;
11:54:49 select * from agencies where domain='study.my' and end_time>1396324489
11:54:49 select * from configs
11:54:52 use client1;
11:54:52 set names utf8;
11:54:52 select * from agencies where domain='study.my' and end_time>1396324492
11:54:52 select * from configs
11:54:53 select * from admins where user_name='admin' and user_word='21232f297a57a5a743894a0e4a801fc3'
11:54:53 use client1;
11:54:53 set names utf8;
11:54:53 select * from agencies where domain='study.my' and end_time>1396324493
11:54:53 select * from configs
11:54:53 select * from admins where id=1
11:54:56 use client1;
11:54:56 set names utf8;
11:54:56 select * from agencies where domain='study.my' and end_time>1396324496
11:54:56 select * from configs
11:54:56 select * from admins where id=1
11:54:56 use client1;
11:54:56 set names utf8;
11:54:56 select * from agencies where domain='study.my' and end_time>1396324496
11:54:56 select * from configs
11:54:56 select * from admins where id=1
11:54:56 select count(id) from users
11:54:56 select * from users limit 0,20
11:55:01 use client1;
11:55:01 set names utf8;
11:55:01 select * from agencies where domain='study.my' and end_time>1396324501
11:55:01 select * from configs
11:55:01 select * from admins where id=1
11:55:01 select count(i.id) from expense as i left join users as u on i.user_id=u.id
11:55:01 select i.id,i.expense_money,i.order_sn,i.add_time,i.expense_status,u.user_name,u.nick_name,u.spreader_id,u.vip_level,u.pay_name,u.pay_email from expense as i left join users as u on i.user_id=u.id limit 0,20
11:55:14 use client1;
11:55:14 set names utf8;
11:55:14 select * from agencies where domain='study.my' and end_time>1396324514
11:55:14 select * from configs
11:55:14 select * from admins where id=1
11:55:14 select count(i.id) from expense as i left join users as u on i.user_id=u.id
11:55:14 select i.id,i.expense_money,i.order_sn,i.add_time,i.expense_status,u.user_name,u.nick_name,u.spreader_id,u.vip_level,u.pay_name,u.pay_email from expense as i left join users as u on i.user_id=u.id limit 0,20
12:09:08 use client1;
12:09:08 set names utf8;
12:09:08 select * from agencies where domain='m.my' and end_time>1396325348
12:09:09 select * from agencies_configs where agencies_id=34 
12:09:09 select * from configs
12:09:10 use client1;
12:09:10 set names utf8;
12:09:10 select * from agencies where domain='m.my' and end_time>1396325350
12:09:10 select * from agencies_configs where agencies_id=34 
12:09:10 select * from configs
12:09:11 use client1;
12:09:11 set names utf8;
12:09:11 select * from agencies where domain='m.my' and end_time>1396325351
12:09:11 select * from agencies_configs where agencies_id=34 
12:09:11 select * from configs
12:09:21 use client1;
12:09:21 set names utf8;
12:09:21 select * from agencies where domain='m.my' and end_time>1396325361
12:09:21 select * from agencies_configs where agencies_id=34 
12:09:21 select * from configs
12:09:21 select * from users where user_name='1234567' and user_word='6e6b4eb37a7ca16e13c91fd050c7f90d' and agencies_id=34
12:09:28 use client1;
12:09:28 set names utf8;
12:09:28 select * from agencies where domain='m.my' and end_time>1396325368
12:09:28 select * from agencies_configs where agencies_id=34 
12:09:28 select * from configs
12:09:28 select * from users where user_name='1234567' and user_word='fa270fc29196eab2c6bfe5b123a19010' and agencies_id=34
12:09:28 use client1;
12:09:28 set names utf8;
12:09:28 select * from agencies where domain='m.my' and end_time>1396325368
12:09:28 select * from agencies_configs where agencies_id=34 
12:09:28 select * from configs
12:09:28 select * from users where id=1058 and agencies_id=34
12:09:28 select count(id) from users where spreader_id='1058'
12:09:28 select * from images
12:09:28 select * from goods where need_top=1 and need_hidden=0 order by id desc limit 0,5
12:09:28 select count(id) from goods where need_top=0 and need_hidden=0 order by id desc
12:09:28 select * from goods where need_top=0 and need_hidden=0 order by id desc limit 0,5
16:57:06 use client1;
16:57:06 set names utf8;
16:57:06 select * from agencies where domain='study.my' and end_time>1396342626
16:57:06 select * from configs
16:57:10 use client1;
16:57:10 set names utf8;
16:57:10 select * from agencies where domain='study.my' and end_time>1396342630
16:57:10 select * from configs
16:57:15 use client1;
16:57:15 set names utf8;
16:57:15 select * from agencies where domain='study.my' and end_time>1396342635
16:57:15 select * from configs
16:57:15 select * from admins where user_name='admin' and user_word='21232f297a57a5a743894a0e4a801fc3'
16:57:15 use client1;
16:57:15 set names utf8;
16:57:15 select * from agencies where domain='study.my' and end_time>1396342635
16:57:15 select * from configs
16:57:15 select * from admins where id=1
16:57:19 use client1;
16:57:19 set names utf8;
16:57:19 select * from agencies where domain='study.my' and end_time>1396342639
16:57:19 select * from configs
16:57:19 select * from admins where id=1
16:57:22 use client1;
16:57:22 set names utf8;
16:57:22 select * from agencies where domain='study.my' and end_time>1396342642
16:57:22 select * from configs
16:57:22 select * from admins where id=1
16:57:22 select count(id) from agencies order by id desc
16:57:22 select * from agencies order by id desc limit 0,20
16:57:24 use client1;
16:57:24 set names utf8;
16:57:24 select * from agencies where domain='study.my' and end_time>1396342644
16:57:24 select * from configs
16:57:24 select * from admins where id=1
16:57:25 use client1;
16:57:25 set names utf8;
16:57:25 select * from agencies where domain='study.my' and end_time>1396342645
16:57:25 select * from configs
16:57:25 select * from admins where id=1
16:57:25 select count(id) from agencies order by id desc
16:57:25 select * from agencies order by id desc limit 0,20
16:57:27 use client1;
16:57:27 set names utf8;
16:57:27 select * from agencies where domain='study.my' and end_time>1396342647
16:57:27 select * from configs
16:57:27 select * from admins where id=1
16:57:28 use client1;
16:57:28 set names utf8;
16:57:28 select * from agencies where domain='study.my' and end_time>1396342648
16:57:28 select * from configs
16:57:28 select * from admins where id=1
16:57:28 use client1;
16:57:28 set names utf8;
16:57:28 select * from agencies where domain='study.my' and end_time>1396342648
16:57:28 select * from configs
16:57:28 select * from admins where id=1
16:57:28 select count(id) from users
16:57:28 select * from users limit 0,20
16:57:29 use client1;
16:57:29 set names utf8;
16:57:29 select * from agencies where domain='study.my' and end_time>1396342649
16:57:29 select * from configs
16:57:29 select * from admins where id=1
16:57:29 select count(id) from users
16:57:29 select * from users limit 0,20
16:57:31 use client1;
16:57:31 set names utf8;
16:57:31 select * from agencies where domain='study.my' and end_time>1396342651
16:57:31 select * from configs
16:57:31 select * from admins where id=1
16:57:31 select * from users where id=51
17:04:03 use client1;
17:04:03 set names utf8;
17:04:03 select * from agencies where domain='study.my' and end_time>1396343043
17:04:03 select * from configs
17:04:03 select * from admins where id=1
17:04:05 use client1;
17:04:05 set names utf8;
17:04:05 select * from agencies where domain='study.my' and end_time>1396343045
17:04:05 select * from configs
17:04:05 select * from admins where id=1
17:04:05 select * from admins where user_name='admin' and user_word='21232f297a57a5a743894a0e4a801fc3'
17:04:06 use client1;
17:04:06 set names utf8;
17:04:06 select * from agencies where domain='study.my' and end_time>1396343046
17:04:06 select * from configs
17:04:06 select * from admins where id=1
17:04:09 use client1;
17:04:09 set names utf8;
17:04:09 select * from agencies where domain='study.my' and end_time>1396343049
17:04:09 select * from configs
17:04:09 select * from admins where id=1
17:04:09 use client1;
17:04:09 set names utf8;
17:04:09 select * from agencies where domain='study.my' and end_time>1396343049
17:04:09 select * from configs
17:04:09 select * from admins where id=1
17:04:09 select count(id) from users
17:04:09 select * from users limit 0,20
17:04:11 use client1;
17:04:11 set names utf8;
17:04:11 select * from agencies where domain='study.my' and end_time>1396343051
17:04:11 select * from configs
17:04:11 select * from admins where id=1
17:04:13 use client1;
17:04:13 set names utf8;
17:04:13 select * from agencies where domain='study.my' and end_time>1396343053
17:04:13 select * from configs
17:04:13 select * from admins where id=1
17:04:13 use client1;
17:04:13 set names utf8;
17:04:13 select * from agencies where domain='study.my' and end_time>1396343053
17:04:13 select * from configs
17:04:13 select * from admins where id=1
17:04:13 select count(id) from users
17:04:13 select * from users limit 0,20
17:04:32 use client1;
17:04:32 set names utf8;
17:04:32 select * from agencies where domain='m.my' and end_time>1396343072
17:04:32 use client1;
17:04:32 select * from agencies_configs where agencies_id=34 
17:04:32 set names utf8;
17:04:32 select * from configs
17:04:32 select * from agencies where domain='m.my' and end_time>1396343072
17:04:32 select * from agencies_configs where agencies_id=34 
17:04:32 select * from configs
17:04:34 use client1;
17:04:34 set names utf8;
17:04:34 select * from agencies where domain='m.my' and end_time>1396343074
17:04:34 select * from agencies_configs where agencies_id=34 
17:04:34 select * from configs
17:04:34 use client1;
17:04:34 set names utf8;
17:04:34 select * from agencies where domain='m.my' and end_time>1396343074
17:04:34 select * from agencies_configs where agencies_id=34 
17:04:34 select * from configs
17:04:40 use client1;
17:04:40 set names utf8;
17:04:40 select * from agencies where domain='m.my' and end_time>1396343080
17:04:40 select * from agencies_configs where agencies_id=34 
17:04:40 select * from configs
17:04:40 select * from agencies where domain='m.my' and domain_word='6e6b4eb37a7ca16e13c91fd050c7f90d'
17:04:41 use client1;
17:04:41 set names utf8;
17:04:41 select * from agencies where domain='m.my' and end_time>1396343081
17:04:41 select * from agencies_configs where agencies_id=34 
17:04:41 select * from configs
17:04:41 select * from agencies where id=34
17:04:43 use client1;
17:04:43 set names utf8;
17:04:43 select * from agencies where domain='m.my' and end_time>1396343083
17:04:43 select * from agencies_configs where agencies_id=34 
17:04:43 select * from configs
17:04:43 select * from agencies where id=34
17:04:45 use client1;
17:04:45 set names utf8;
17:04:45 select * from agencies where domain='m.my' and end_time>1396343085
17:04:45 select * from agencies_configs where agencies_id=34 
17:04:45 select * from configs
17:04:45 select * from agencies where id=34
17:04:45 use client1;
17:04:45 set names utf8;
17:04:45 select * from agencies where domain='m.my' and end_time>1396343085
17:04:45 select * from agencies_configs where agencies_id=34 
17:04:45 select * from configs
17:04:45 select * from agencies where id=34
17:04:45 select count(id) from users where agencies_id='34'
17:04:45 select * from users where agencies_id='34' limit 0,20
17:04:47 use client1;
17:04:47 set names utf8;
17:04:47 select * from agencies where domain='m.my' and end_time>1396343087
17:04:47 select * from agencies_configs where agencies_id=34 
17:04:47 select * from configs
17:04:47 select * from agencies where id=34
17:04:48 use client1;
17:04:48 set names utf8;
17:04:48 select * from agencies where domain='m.my' and end_time>1396343088
17:04:48 select * from agencies_configs where agencies_id=34 
17:04:48 select * from configs
17:04:48 select * from agencies where id=34
17:04:48 use client1;
17:04:48 set names utf8;
17:04:48 select * from agencies where domain='m.my' and end_time>1396343088
17:04:48 select * from agencies_configs where agencies_id=34 
17:04:48 select * from configs
17:04:48 select * from agencies where id=34
17:04:48 use client1;
17:04:48 set names utf8;
17:04:48 select * from agencies where domain='m.my' and end_time>1396343088
17:04:48 select * from agencies_configs where agencies_id=34 
17:04:48 select * from configs
17:04:48 select * from agencies where id=34
17:04:48 select count(o.id) from orders as o left join users as u on u.id=o.user_id  where u.agencies_id=34
17:04:48 select o.id,o.goods_id,o.user_id,o.pay_type,o.add_time,o.order_sn,o.order_type,u.spreader_id from orders as o left join users as u on u.id=o.user_id  where u.agencies_id=34 limit 0,20
17:04:49 use client1;
17:04:49 set names utf8;
17:04:49 select * from agencies where domain='m.my' and end_time>1396343089
17:04:49 select * from agencies_configs where agencies_id=34 
17:04:49 select * from configs
17:04:49 select * from agencies where id=34
17:04:49 select count(id) from agencies_expense where agencies_id=34
17:04:49 select * from agencies_expense where agencies_id=34 limit 0,20
17:04:50 use client1;
17:04:50 set names utf8;
17:04:50 select * from agencies where domain='m.my' and end_time>1396343090
17:04:50 select * from agencies_configs where agencies_id=34 
17:04:50 select * from configs
17:04:50 select * from agencies where id=34
17:04:50 select count(id) from agencies_expense where agencies_id=34
17:04:50 select * from agencies_expense where agencies_id=34 limit 0,20
17:04:51 use client1;
17:04:51 set names utf8;
17:04:51 select * from agencies where domain='m.my' and end_time>1396343091
17:04:51 select * from agencies_configs where agencies_id=34 
17:04:51 select * from configs
17:04:51 select * from agencies where id=34
17:04:51 select count(id) from agencies_expense where agencies_id=34
17:04:51 select * from agencies_expense where agencies_id=34 limit 0,20
17:04:51 use client1;
17:04:51 set names utf8;
17:04:51 select * from agencies where domain='m.my' and end_time>1396343091
17:04:51 select * from agencies_configs where agencies_id=34 
17:04:51 select * from configs
17:04:51 select * from agencies where id=34
17:04:51 select count(id) from agencies_expense where agencies_id=34
17:04:51 select * from agencies_expense where agencies_id=34 limit 0,20
17:04:52 use client1;
17:04:52 set names utf8;
17:04:52 select * from agencies where domain='m.my' and end_time>1396343092
17:04:52 select * from agencies_configs where agencies_id=34 
17:04:52 select * from configs
17:04:52 select * from agencies where id=34
17:04:52 select count(id) from agencies_expense where agencies_id=34
17:04:52 select * from agencies_expense where agencies_id=34 limit 0,20
17:04:52 use client1;
17:04:52 set names utf8;
17:04:52 select * from agencies where domain='m.my' and end_time>1396343092
17:04:52 select * from agencies_configs where agencies_id=34 
17:04:52 select * from configs
17:04:52 select * from agencies where id=34
17:04:52 select count(id) from agencies_expense where agencies_id=34
17:04:52 select * from agencies_expense where agencies_id=34 limit 0,20
17:12:24 use client1;
17:12:24 set names utf8;
17:12:24 select * from agencies where domain='m.my' and end_time>1396343544
17:12:24 select * from agencies_configs where agencies_id=34 
17:12:24 select * from configs
17:12:24 select * from agencies where id=34
17:12:24 select count(id) from agencies_expense where agencies_id=34
17:12:24 select * from agencies_expense where agencies_id=34 limit 0,20
17:12:27 use client1;
17:12:27 set names utf8;
17:12:27 select * from agencies where domain='m.my' and end_time>1396343547
17:12:27 select * from agencies_configs where agencies_id=34 
17:12:27 select * from configs
17:12:27 select * from agencies where id=34
17:12:27 select count(id) from agencies_expense where agencies_id=34
17:12:27 select * from agencies_expense where agencies_id=34 limit 0,20
17:12:31 use client1;
17:12:31 set names utf8;
17:12:31 select * from agencies where domain='m.my' and end_time>1396343551
17:12:31 select * from agencies_configs where agencies_id=34 
17:12:31 select * from configs
17:12:31 select * from agencies where id=34
17:12:31 select count(id) from agencies_expense where agencies_id=34
17:12:31 select * from agencies_expense where agencies_id=34 limit 0,20
17:12:32 use client1;
17:12:32 set names utf8;
17:12:32 select * from agencies where domain='m.my' and end_time>1396343552
17:12:32 select * from agencies_configs where agencies_id=34 
17:12:32 select * from configs
17:12:32 select * from agencies where id=34
17:12:32 select count(id) from agencies_expense where agencies_id=34
17:12:32 select * from agencies_expense where agencies_id=34 limit 0,20
17:12:32 use client1;
17:12:32 set names utf8;
17:12:32 select * from agencies where domain='m.my' and end_time>1396343552
17:12:32 select * from agencies_configs where agencies_id=34 
17:12:32 select * from configs
17:12:32 select * from agencies where id=34
17:12:32 select count(id) from agencies_expense where agencies_id=34
17:12:32 select * from agencies_expense where agencies_id=34 limit 0,20
17:12:32 use client1;
17:12:32 set names utf8;
17:12:32 select * from agencies where domain='m.my' and end_time>1396343552
17:12:32 select * from agencies_configs where agencies_id=34 
17:12:32 select * from configs
17:12:32 select * from agencies where id=34
17:12:32 select count(id) from agencies_expense where agencies_id=34
17:12:32 select * from agencies_expense where agencies_id=34 limit 0,20
17:12:33 use client1;
17:12:33 set names utf8;
17:12:33 select * from agencies where domain='m.my' and end_time>1396343553
17:12:33 select * from agencies_configs where agencies_id=34 
17:12:33 select * from configs
17:12:33 select * from agencies where id=34
17:12:33 select count(id) from agencies_expense where agencies_id=34
17:12:33 select * from agencies_expense where agencies_id=34 limit 0,20
17:12:33 use client1;
17:12:33 set names utf8;
17:12:33 select * from agencies where domain='m.my' and end_time>1396343553
17:12:33 select * from agencies_configs where agencies_id=34 
17:12:33 select * from configs
17:12:33 select * from agencies where id=34
17:12:33 select count(id) from agencies_expense where agencies_id=34
17:12:33 select * from agencies_expense where agencies_id=34 limit 0,20
17:12:33 use client1;
17:12:33 set names utf8;
17:12:33 select * from agencies where domain='m.my' and end_time>1396343553
17:12:33 select * from agencies_configs where agencies_id=34 
17:12:33 select * from configs
17:12:33 select * from agencies where id=34
17:12:33 select count(id) from agencies_expense where agencies_id=34
17:12:33 select * from agencies_expense where agencies_id=34 limit 0,20
17:12:36 use client1;
17:12:36 set names utf8;
17:12:36 select * from agencies where domain='m.my' and end_time>1396343556
17:12:36 select * from agencies_configs where agencies_id=34 
17:12:36 select * from configs
17:12:36 select * from agencies where id=34
17:12:36 select count(id) from agencies_expense where agencies_id=34
17:12:36 select * from agencies_expense where agencies_id=34 limit 0,20
17:12:48 use client1;
17:12:48 set names utf8;
17:12:48 select * from agencies where domain='m.my' and end_time>1396343568
17:12:48 select * from agencies_configs where agencies_id=34 
17:12:48 select * from configs
17:12:48 select * from agencies where id=34
17:12:48 select count(id) from agencies_expense where agencies_id=34
17:12:48 select * from agencies_expense where agencies_id=34 limit 0,20
17:12:49 use client1;
17:12:49 set names utf8;
17:12:49 select * from agencies where domain='m.my' and end_time>1396343569
17:12:49 select * from agencies_configs where agencies_id=34 
17:12:49 select * from configs
17:12:49 select * from agencies where id=34
17:12:49 select * from agencies where id=34
17:12:50 use client1;
17:12:50 set names utf8;
17:12:50 select * from agencies where domain='m.my' and end_time>1396343570
17:12:50 select * from agencies_configs where agencies_id=34 
17:12:50 select * from configs
17:12:50 select * from agencies where id=34
17:12:50 select count(id) from agencies_expense where agencies_id=34
17:12:50 select * from agencies_expense where agencies_id=34 limit 0,20
17:17:58 use client1;
17:17:58 set names utf8;
17:17:58 select * from agencies where domain='m.my' and end_time>1396343878
17:17:58 select * from agencies_configs where agencies_id=34 
17:17:58 select * from configs
17:17:58 select * from agencies where id=34
17:17:58 select count(id) from agencies_expense where agencies_id=34
17:17:58 select * from agencies_expense where agencies_id=34 limit 0,20
17:19:15 use client1;
17:19:15 set names utf8;
17:19:15 select * from agencies where domain='m.my' and end_time>1396343955
17:19:15 select * from agencies_configs where agencies_id=34 
17:19:15 select * from configs
17:19:15 select * from agencies where id=34
17:19:15 select count(id) from agencies_expense where agencies_id=34
17:19:15 select * from agencies_expense where agencies_id=34 limit 0,20
17:19:21 use client1;
17:19:21 set names utf8;
17:19:21 select * from agencies where domain='m.my' and end_time>1396343961
17:19:21 select * from agencies_configs where agencies_id=34 
17:19:21 select * from configs
17:19:21 select * from agencies where id=34
17:19:21 select count(id) from agencies_expense where agencies_id=34
17:19:21 select * from agencies_expense where agencies_id=34 limit 0,20
17:19:22 use client1;
17:19:22 set names utf8;
17:19:22 select * from agencies where domain='m.my' and end_time>1396343962
17:19:22 select * from agencies_configs where agencies_id=34 
17:19:22 select * from configs
17:19:22 select * from agencies where id=34
17:19:22 select count(id) from agencies_expense where agencies_id=34
17:19:22 select * from agencies_expense where agencies_id=34 limit 0,20
17:19:22 use client1;
17:19:22 set names utf8;
17:19:23 select * from agencies where domain='m.my' and end_time>1396343962
17:19:23 select * from agencies_configs where agencies_id=34 
17:19:23 select * from configs
17:19:23 select * from agencies where id=34
17:19:23 select count(id) from agencies_expense where agencies_id=34
17:19:23 select * from agencies_expense where agencies_id=34 limit 0,20
17:19:23 use client1;
17:19:23 set names utf8;
17:19:23 select * from agencies where domain='m.my' and end_time>1396343963
17:19:23 select * from agencies_configs where agencies_id=34 
17:19:23 select * from configs
17:19:23 select * from agencies where id=34
17:19:23 select count(id) from agencies_expense where agencies_id=34
17:19:23 select * from agencies_expense where agencies_id=34 limit 0,20
17:19:23 use client1;
17:19:23 set names utf8;
17:19:23 select * from agencies where domain='m.my' and end_time>1396343963
17:19:23 select * from agencies_configs where agencies_id=34 
17:19:23 select * from configs
17:19:23 select * from agencies where id=34
17:19:23 select count(id) from agencies_expense where agencies_id=34
17:19:23 select * from agencies_expense where agencies_id=34 limit 0,20
17:19:45 use client1;
17:19:45 set names utf8;
17:19:45 select * from agencies where domain='m.my' and end_time>1396343985
17:19:45 select * from agencies_configs where agencies_id=34 
17:19:45 select * from configs
17:19:45 select * from agencies where id=34
17:19:45 select count(id) from agencies_expense where agencies_id=34
17:19:45 select * from agencies_expense where agencies_id=34 limit 0,20
17:19:46 use client1;
17:19:46 set names utf8;
17:19:46 select * from agencies where domain='m.my' and end_time>1396343986
17:19:46 select * from agencies_configs where agencies_id=34 
17:19:46 select * from configs
17:19:46 select * from agencies where id=34
17:19:46 select count(id) from agencies_expense where agencies_id=34
17:19:46 select * from agencies_expense where agencies_id=34 limit 0,20
17:19:46 use client1;
17:19:46 set names utf8;
17:19:46 select * from agencies where domain='m.my' and end_time>1396343986
17:19:46 select * from agencies_configs where agencies_id=34 
17:19:46 select * from configs
17:19:46 select * from agencies where id=34
17:19:46 select count(id) from agencies_expense where agencies_id=34
17:19:46 select * from agencies_expense where agencies_id=34 limit 0,20
17:20:32 use client1;
17:20:32 set names utf8;
17:20:32 select * from agencies where domain='m.my' and end_time>1396344032
17:20:32 select * from agencies_configs where agencies_id=34 
17:20:32 select * from configs
17:20:32 select * from agencies where id=34
17:20:32 select * from agencies where id=34
17:20:32 select count(id) from agencies_expense where agencies_id=34
17:20:32 select * from agencies_expense where agencies_id=34 limit 0,20
17:20:41 use client1;
17:20:41 set names utf8;
17:20:41 select * from agencies where domain='m.my' and end_time>1396344041
17:20:41 select * from agencies_configs where agencies_id=34 
17:20:41 select * from configs
17:20:41 select * from agencies where id=34
17:20:41 select * from agencies where id=34
17:20:41 select count(id) from agencies_expense where agencies_id=34
17:20:41 select * from agencies_expense where agencies_id=34 limit 0,20
17:20:48 use client1;
17:20:48 set names utf8;
17:20:48 select * from agencies where domain='m.my' and end_time>1396344048
17:20:48 select * from agencies_configs where agencies_id=34 
17:20:48 select * from configs
17:20:48 select * from agencies where id=34
17:20:48 select * from agencies where id=34
17:20:48 select count(id) from agencies_expense where agencies_id=34
17:20:48 select * from agencies_expense where agencies_id=34 limit 0,20
17:20:49 use client1;
17:20:49 set names utf8;
17:20:49 select * from agencies where domain='m.my' and end_time>1396344049
17:20:49 select * from agencies_configs where agencies_id=34 
17:20:49 select * from configs
17:20:49 select * from agencies where id=34
17:20:49 select * from agencies where id=34
17:20:49 select count(id) from agencies_expense where agencies_id=34
17:20:49 select * from agencies_expense where agencies_id=34 limit 0,20
17:20:56 use client1;
17:20:56 set names utf8;
17:20:56 select * from agencies where domain='m.my' and end_time>1396344056
17:20:56 select * from agencies_configs where agencies_id=34 
17:20:56 select * from configs
17:20:56 select * from agencies where id=34
17:20:56 select * from agencies where id=34
17:20:56 select count(id) from agencies_expense where agencies_id=34
17:20:56 select * from agencies_expense where agencies_id=34 limit 0,20
17:21:03 use client1;
17:21:03 set names utf8;
17:21:03 select * from agencies where domain='m.my' and end_time>1396344063
17:21:03 select * from agencies_configs where agencies_id=34 
17:21:03 select * from configs
17:21:03 select * from agencies where id=34
17:21:03 select * from agencies where id=34
17:21:03 update agencies set income=(income-1) where id=34
17:21:21 use client1;
17:21:21 set names utf8;
17:21:21 select * from agencies where domain='m.my' and end_time>1396344081
17:21:21 select * from agencies_configs where agencies_id=34 
17:21:21 select * from configs
17:21:21 select * from agencies where id=34
17:21:21 select * from agencies where id=34
17:21:21 update agencies set income=(income-1) where id=34
17:21:22 use client1;
17:21:22 set names utf8;
17:21:22 select * from agencies where domain='m.my' and end_time>1396344082
17:21:22 select * from agencies_configs where agencies_id=34 
17:21:22 select * from configs
17:21:22 select * from agencies where id=34
17:21:22 select * from agencies where id=34
17:21:22 select count(id) from agencies_expense where agencies_id=34
17:21:22 select * from agencies_expense where agencies_id=34 limit 0,20
17:21:30 use client1;
17:21:30 set names utf8;
17:21:30 select * from agencies where domain='m.my' and end_time>1396344090
17:21:30 select * from agencies_configs where agencies_id=34 
17:21:30 select * from configs
17:21:30 select * from agencies where id=34
17:21:30 select * from agencies where id=34
17:21:30 update agencies set income=(income-1) where id=34
17:21:31 use client1;
17:21:31 set names utf8;
17:21:31 select * from agencies where domain='m.my' and end_time>1396344091
17:21:31 select * from agencies_configs where agencies_id=34 
17:21:31 select * from configs
17:21:31 select * from agencies where id=34
17:21:31 select * from agencies where id=34
17:21:31 select count(id) from agencies_expense where agencies_id=34
17:21:31 select * from agencies_expense where agencies_id=34 limit 0,20
17:21:34 use client1;
17:21:34 set names utf8;
17:21:34 select * from agencies where domain='m.my' and end_time>1396344094
17:21:34 select * from agencies_configs where agencies_id=34 
17:21:34 select * from configs
17:21:34 select * from agencies where id=34
17:21:34 select * from agencies where id=34
17:21:34 update agencies set income=(income-1) where id=34
17:21:35 use client1;
17:21:35 set names utf8;
17:21:35 select * from agencies where domain='m.my' and end_time>1396344095
17:21:35 select * from agencies_configs where agencies_id=34 
17:21:35 select * from configs
17:21:35 select * from agencies where id=34
17:21:35 select * from agencies where id=34
17:21:35 select count(id) from agencies_expense where agencies_id=34
17:21:35 select * from agencies_expense where agencies_id=34 limit 0,20
17:22:05 use client1;
17:22:05 set names utf8;
17:22:05 select * from agencies where domain='m.my' and end_time>1396344125
17:22:05 select * from agencies_configs where agencies_id=34 
17:22:05 select * from configs
17:22:05 select * from agencies where id=34
17:22:05 select * from agencies where id=34
17:22:05 select count(id) from agencies_expense where agencies_id=34
17:22:05 select * from agencies_expense where agencies_id=34 limit 0,20
17:22:06 use client1;
17:22:06 set names utf8;
17:22:06 select * from agencies where domain='m.my' and end_time>1396344126
17:22:06 select * from agencies_configs where agencies_id=34 
17:22:06 select * from configs
17:22:06 select * from agencies where id=34
17:22:06 select * from agencies where id=34
17:22:06 select count(id) from agencies_expense where agencies_id=34
17:22:06 select * from agencies_expense where agencies_id=34 limit 0,20
17:24:23 use client1;
17:24:23 set names utf8;
17:24:23 select * from agencies where domain='m.my' and end_time>1396344263
17:24:23 select * from agencies_configs where agencies_id=34 
17:24:23 select * from configs
17:24:23 select * from agencies where id=34
17:24:23 select * from agencies where id=34
17:24:23 select count(id) from agencies_expense where agencies_id=34
17:24:23 select * from agencies_expense where agencies_id=34 limit 0,20
17:24:23 use client1;
17:24:23 set names utf8;
17:24:23 select * from agencies where domain='m.my' and end_time>1396344263
17:24:23 select * from agencies_configs where agencies_id=34 
17:24:23 select * from configs
17:24:23 select * from agencies where id=34
17:24:23 select * from agencies where id=34
17:24:23 select count(id) from agencies_expense where agencies_id=34
17:24:23 select * from agencies_expense where agencies_id=34 limit 0,20
17:24:23 use client1;
17:24:23 set names utf8;
17:24:23 select * from agencies where domain='m.my' and end_time>1396344263
17:24:23 select * from agencies_configs where agencies_id=34 
17:24:23 select * from configs
17:24:23 select * from agencies where id=34
17:24:23 select * from agencies where id=34
17:24:23 select count(id) from agencies_expense where agencies_id=34
17:24:23 select * from agencies_expense where agencies_id=34 limit 0,20
17:24:24 use client1;
17:24:24 set names utf8;
17:24:24 select * from agencies where domain='m.my' and end_time>1396344264
17:24:24 select * from agencies_configs where agencies_id=34 
17:24:24 select * from configs
17:24:24 select * from agencies where id=34
17:24:24 select * from agencies where id=34
17:24:24 select count(id) from agencies_expense where agencies_id=34
17:24:24 select * from agencies_expense where agencies_id=34 limit 0,20
17:27:39 use client1;
17:27:39 set names utf8;
17:27:39 select * from agencies where domain='m.my' and end_time>1396344459
17:27:39 select * from agencies_configs where agencies_id=34 
17:27:39 select * from configs
17:27:39 select * from agencies where id=34
17:27:39 select * from agencies where id=34
17:27:39 select count(id) from agencies_expense where agencies_id=34
17:27:39 select * from agencies_expense where agencies_id=34 limit 0,20
17:27:42 use client1;
17:27:42 set names utf8;
17:27:42 select * from agencies where domain='m.my' and end_time>1396344462
17:27:42 select * from agencies_configs where agencies_id=34 
17:27:42 select * from configs
17:27:42 select * from agencies where id=34
17:27:42 select * from agencies where id=34
17:27:42 update agencies set income=(income-1) where id=34
17:27:42 insert into agencies_expense (agencies_id,order_sn,expense,expense_status,add_time) values ('34','139634446226416','1','0','1396344462') ;
17:28:08 use client1;
17:28:08 set names utf8;
17:28:08 select * from agencies where domain='m.my' and end_time>1396344488
17:28:08 select * from agencies_configs where agencies_id=34 
17:28:08 select * from configs
17:28:08 select * from agencies where id=34
17:28:08 select * from agencies where id=34
17:28:08 select count(id) from agencies_expense where agencies_id=34
17:28:08 select * from agencies_expense where agencies_id=34 limit 0,20
17:28:11 use client1;
17:28:11 set names utf8;
17:28:11 select * from agencies where domain='m.my' and end_time>1396344491
17:28:11 select * from agencies_configs where agencies_id=34 
17:28:11 select * from configs
17:28:11 select * from agencies where id=34
17:28:11 select * from agencies where id=34
17:28:11 update agencies set income=(income-1) where id=34
17:28:11 insert into agencies_expense (agencies_id,order_sn,expense_money,expense_status,add_time) values ('34','139634449192019','1','0','1396344491') ;
17:28:12 use client1;
17:28:12 set names utf8;
17:28:12 select * from agencies where domain='m.my' and end_time>1396344492
17:28:12 select * from agencies_configs where agencies_id=34 
17:28:12 select * from configs
17:28:12 select * from agencies where id=34
17:28:12 select * from agencies where id=34
17:28:12 select count(id) from agencies_expense where agencies_id=34
17:28:12 select * from agencies_expense where agencies_id=34 limit 0,20
17:28:13 use client1;
17:28:13 set names utf8;
17:28:13 select * from agencies where domain='m.my' and end_time>1396344493
17:28:13 select * from agencies_configs where agencies_id=34 
17:28:13 select * from configs
17:28:13 select * from agencies where id=34
17:28:13 select * from agencies where id=34
17:28:13 select count(id) from agencies_expense where agencies_id=34
17:28:13 select * from agencies_expense where agencies_id=34 limit 0,20
17:28:14 use client1;
17:28:14 set names utf8;
17:28:14 select * from agencies where domain='m.my' and end_time>1396344494
17:28:14 select * from agencies_configs where agencies_id=34 
17:28:14 select * from configs
17:28:14 select * from agencies where id=34
17:28:14 select * from agencies where id=34
17:28:14 select count(id) from agencies_expense where agencies_id=34
17:28:14 select * from agencies_expense where agencies_id=34 limit 0,20
17:29:03 use client1;
17:29:03 set names utf8;
17:29:03 select * from agencies where domain='m.my' and end_time>1396344543
17:29:03 select * from agencies_configs where agencies_id=34 
17:29:03 select * from configs
17:29:03 select * from agencies where id=34
17:29:03 select * from agencies where id=34
17:29:04 use client1;
17:29:04 set names utf8;
17:29:04 select * from agencies where domain='m.my' and end_time>1396344544
17:29:04 select * from agencies_configs where agencies_id=34 
17:29:04 select * from configs
17:29:04 select * from agencies where id=34
17:29:04 select * from agencies where id=34
17:29:04 select count(id) from agencies_expense where agencies_id=34
17:29:04 select * from agencies_expense where agencies_id=34 limit 0,20
17:29:12 use client1;
17:29:12 set names utf8;
17:29:12 select * from agencies where domain='m.my' and end_time>1396344552
17:29:12 select * from agencies_configs where agencies_id=34 
17:29:12 select * from configs
17:29:12 select * from agencies where id=34
17:29:12 select * from agencies where id=34
17:29:13 use client1;
17:29:13 set names utf8;
17:29:13 select * from agencies where domain='m.my' and end_time>1396344553
17:29:13 select * from agencies_configs where agencies_id=34 
17:29:13 select * from configs
17:29:13 select * from agencies where id=34
17:29:13 select * from agencies where id=34
17:29:13 select count(id) from agencies_expense where agencies_id=34
17:29:13 select * from agencies_expense where agencies_id=34 limit 0,20
17:29:17 use client1;
17:29:17 set names utf8;
17:29:17 select * from agencies where domain='m.my' and end_time>1396344557
17:29:17 select * from agencies_configs where agencies_id=34 
17:29:17 select * from configs
17:29:17 select * from agencies where id=34
17:29:18 use client1;
17:29:18 set names utf8;
17:29:18 select * from agencies where domain='m.my' and end_time>1396344558
17:29:18 select * from agencies_configs where agencies_id=34 
17:29:18 select * from configs
17:29:18 select * from agencies where id=34
17:29:18 select * from agencies where id=34
17:29:18 select count(id) from agencies_expense where agencies_id=34
17:29:18 select * from agencies_expense where agencies_id=34 limit 0,20
17:29:20 use client1;
17:29:20 set names utf8;
17:29:20 select * from agencies where domain='m.my' and end_time>1396344560
17:29:20 select * from agencies_configs where agencies_id=34 
17:29:20 select * from configs
17:29:20 select * from agencies where id=34
17:29:21 use client1;
17:29:21 set names utf8;
17:29:21 select * from agencies where domain='m.my' and end_time>1396344561
17:29:21 select * from agencies_configs where agencies_id=34 
17:29:21 select * from configs
17:29:21 select * from agencies where id=34
17:29:21 select * from agencies where id=34
17:29:21 select count(id) from agencies_expense where agencies_id=34
17:29:21 select * from agencies_expense where agencies_id=34 limit 0,20
17:29:24 use client1;
17:29:24 set names utf8;
17:29:24 select * from agencies where domain='m.my' and end_time>1396344564
17:29:24 select * from agencies_configs where agencies_id=34 
17:29:24 select * from configs
17:29:24 select * from agencies where id=34
17:29:25 use client1;
17:29:25 set names utf8;
17:29:25 select * from agencies where domain='m.my' and end_time>1396344565
17:29:25 select * from agencies_configs where agencies_id=34 
17:29:25 select * from configs
17:29:25 select * from agencies where id=34
17:29:25 select * from agencies where id=34
17:29:25 select count(id) from agencies_expense where agencies_id=34
17:29:25 select * from agencies_expense where agencies_id=34 limit 0,20
17:29:29 use client1;
17:29:29 set names utf8;
17:29:29 select * from agencies where domain='m.my' and end_time>1396344569
17:29:29 select * from agencies_configs where agencies_id=34 
17:29:29 select * from configs
17:29:29 select * from agencies where id=34
17:29:30 use client1;
17:29:30 set names utf8;
17:29:30 select * from agencies where domain='m.my' and end_time>1396344570
17:29:30 select * from agencies_configs where agencies_id=34 
17:29:30 select * from configs
17:29:30 select * from agencies where id=34
17:29:30 select * from agencies where id=34
17:29:30 select count(id) from agencies_expense where agencies_id=34
17:29:30 select * from agencies_expense where agencies_id=34 limit 0,20
17:29:40 use client1;
17:29:40 set names utf8;
17:29:40 select * from agencies where domain='m.my' and end_time>1396344580
17:29:40 select * from agencies_configs where agencies_id=34 
17:29:40 select * from configs
17:29:40 select * from agencies where id=34
17:29:40 select * from agencies where id=34
17:29:40 select count(id) from agencies_expense where agencies_id=34
17:29:40 select * from agencies_expense where agencies_id=34 limit 0,20
17:29:41 use client1;
17:29:41 set names utf8;
17:29:41 select * from agencies where domain='m.my' and end_time>1396344581
17:29:41 select * from agencies_configs where agencies_id=34 
17:29:41 select * from configs
17:29:41 select * from agencies where id=34
17:29:41 select * from agencies where id=34
17:29:41 select count(id) from agencies_expense where agencies_id=34
17:29:41 select * from agencies_expense where agencies_id=34 limit 0,20
17:29:41 use client1;
17:29:41 set names utf8;
17:29:41 select * from agencies where domain='m.my' and end_time>1396344581
17:29:41 select * from agencies_configs where agencies_id=34 
17:29:41 select * from configs
17:29:41 select * from agencies where id=34
17:29:41 select * from agencies where id=34
17:29:41 select count(id) from agencies_expense where agencies_id=34
17:29:41 select * from agencies_expense where agencies_id=34 limit 0,20
17:29:42 use client1;
17:29:42 set names utf8;
17:29:42 select * from agencies where domain='m.my' and end_time>1396344582
17:29:42 select * from agencies_configs where agencies_id=34 
17:29:42 select * from configs
17:29:42 select * from agencies where id=34
17:29:42 select count(o.id) from orders as o left join users as u on u.id=o.user_id  where u.agencies_id=34
17:29:42 select o.id,o.goods_id,o.user_id,o.pay_type,o.add_time,o.order_sn,o.order_type,u.spreader_id from orders as o left join users as u on u.id=o.user_id  where u.agencies_id=34 limit 0,20
17:29:43 use client1;
17:29:43 set names utf8;
17:29:43 select * from agencies where domain='m.my' and end_time>1396344583
17:29:43 select * from agencies_configs where agencies_id=34 
17:29:43 select * from configs
17:29:43 select * from agencies where id=34
17:29:43 select * from agencies where id=34
17:29:43 select count(id) from agencies_expense where agencies_id=34
17:29:43 select * from agencies_expense where agencies_id=34 limit 0,20
17:29:43 use client1;
17:29:43 set names utf8;
17:29:43 select * from agencies where domain='m.my' and end_time>1396344583
17:29:43 select * from agencies_configs where agencies_id=34 
17:29:43 select * from configs
17:29:43 select * from agencies where id=34
17:29:43 select count(o.id) from orders as o left join users as u on u.id=o.user_id  where u.agencies_id=34
17:29:43 select o.id,o.goods_id,o.user_id,o.pay_type,o.add_time,o.order_sn,o.order_type,u.spreader_id from orders as o left join users as u on u.id=o.user_id  where u.agencies_id=34 limit 0,20
17:29:45 use client1;
17:29:45 set names utf8;
17:29:45 select * from agencies where domain='m.my' and end_time>1396344585
17:29:45 select * from agencies_configs where agencies_id=34 
17:29:45 select * from configs
17:29:45 select * from agencies where id=34
17:29:45 use client1;
17:29:45 set names utf8;
17:29:45 select * from agencies where domain='m.my' and end_time>1396344585
17:29:45 select * from agencies_configs where agencies_id=34 
17:29:45 select * from configs
17:29:45 select * from agencies where id=34
17:29:45 use client1;
17:29:45 set names utf8;
17:29:45 select * from agencies where domain='m.my' and end_time>1396344585
17:29:45 select * from agencies_configs where agencies_id=34 
17:29:45 select * from configs
17:29:45 select * from agencies where id=34
17:29:45 select count(id) from users where agencies_id='34'
17:29:45 select * from users where agencies_id='34' limit 0,20
17:29:46 use client1;
17:29:46 set names utf8;
17:29:46 select * from agencies where domain='m.my' and end_time>1396344586
17:29:46 select * from agencies_configs where agencies_id=34 
17:29:46 select * from configs
17:29:46 select * from agencies where id=34
17:29:47 use client1;
17:29:47 set names utf8;
17:29:47 select * from agencies where domain='m.my' and end_time>1396344587
17:29:47 select * from agencies_configs where agencies_id=34 
17:29:47 select * from configs
17:29:47 select * from agencies where id=34
17:29:48 use client1;
17:29:48 set names utf8;
17:29:48 select * from agencies where domain='m.my' and end_time>1396344588
17:29:48 select * from agencies_configs where agencies_id=34 
17:29:48 select * from configs
17:29:48 select * from agencies where id=34
17:29:48 use client1;
17:29:48 set names utf8;
17:29:48 select * from agencies where domain='m.my' and end_time>1396344588
17:29:48 select * from agencies_configs where agencies_id=34 
17:29:48 select * from configs
17:29:48 select * from agencies where id=34
17:29:48 select count(id) from users where agencies_id='34'
17:29:48 select * from users where agencies_id='34' limit 0,20
17:29:55 use client1;
17:29:55 set names utf8;
17:29:55 select * from agencies where domain='m.my' and end_time>1396344595
17:29:55 select * from agencies_configs where agencies_id=34 
17:29:55 select * from configs
17:29:55 select * from agencies where id=34
17:29:55 select * from users where id=0 and agencies_id=34
17:29:56 use client1;
17:29:56 set names utf8;
17:29:56 select * from agencies where domain='m.my' and end_time>1396344596
17:29:56 select * from agencies_configs where agencies_id=34 
17:29:56 select * from configs
17:29:56 select * from agencies where id=34
17:29:56 select count(id) from users where agencies_id='34'
17:29:56 select * from users where agencies_id='34' limit 0,20
17:29:58 use client1;
17:29:58 set names utf8;
17:29:58 select * from agencies where domain='m.my' and end_time>1396344598
17:29:58 select * from agencies_configs where agencies_id=34 
17:29:58 select * from configs
17:29:58 select * from agencies where id=34
17:29:58 select * from users where id=0 and agencies_id=34
17:29:58 use client1;
17:29:58 set names utf8;
17:29:58 select * from agencies where domain='m.my' and end_time>1396344598
17:29:58 select * from agencies_configs where agencies_id=34 
17:29:58 select * from configs
17:29:58 select * from agencies where id=34
17:29:58 select count(id) from users where agencies_id='34'
17:29:58 select * from users where agencies_id='34' limit 0,20
17:30:00 use client1;
17:30:00 set names utf8;
17:30:00 select * from agencies where domain='m.my' and end_time>1396344600
17:30:00 select * from agencies_configs where agencies_id=34 
17:30:00 select * from configs
17:30:00 select * from agencies where id=34
17:30:00 select * from users where id=1058 and agencies_id=34
17:30:03 use client1;
17:30:03 set names utf8;
17:30:03 select * from agencies where domain='m.my' and end_time>1396344603
17:30:03 select * from agencies_configs where agencies_id=34 
17:30:03 select * from configs
17:30:03 select * from agencies where id=34
17:30:03 select count(id) from users where agencies_id='34'
17:30:03 select * from users where agencies_id='34' limit 0,20
17:30:08 use client1;
17:30:08 set names utf8;
17:30:08 select * from agencies where domain='m.my' and end_time>1396344608
17:30:08 select * from agencies_configs where agencies_id=34 
17:30:08 select * from configs
17:30:08 select * from agencies where id=34
17:30:08 select count(i.id) from income as i left join users as u on i.user_id=u.id where u.agencies_id=34
17:30:08 select i.id,i.income_money,i.order_sn,i.add_time,i.pay_status,u.user_name,u.nick_name,u.spreader_id,u.vip_level from income as i left join users as u on i.user_id=u.id where u.agencies_id=34 limit 0,20
17:30:09 use client1;
17:30:09 set names utf8;
17:30:09 select * from agencies where domain='m.my' and end_time>1396344609
17:30:09 select * from agencies_configs where agencies_id=34 
17:30:09 select * from configs
17:30:09 select * from agencies where id=34
17:30:09 select count(i.id) from expense as i left join users as u on i.user_id=u.id where u.agencies_id=34
17:30:09 select i.id,i.expense_money,i.order_sn,i.add_time,i.expense_status,u.user_name,u.nick_name,u.spreader_id,u.vip_level,u.pay_name,u.pay_email from expense as i left join users as u on i.user_id=u.id where u.agencies_id=34 limit 0,20
17:30:09 use client1;
17:30:09 set names utf8;
17:30:09 select * from agencies where domain='m.my' and end_time>1396344609
17:30:09 select * from agencies_configs where agencies_id=34 
17:30:09 select * from configs
17:30:09 select * from agencies where id=34
17:30:09 select count(i.id) from income as i left join users as u on i.user_id=u.id where u.agencies_id=34
17:30:09 select i.id,i.income_money,i.order_sn,i.add_time,i.pay_status,u.user_name,u.nick_name,u.spreader_id,u.vip_level from income as i left join users as u on i.user_id=u.id where u.agencies_id=34 limit 0,20
17:30:15 use client1;
17:30:15 set names utf8;
17:30:15 select * from agencies where domain='m.my' and end_time>1396344615
17:30:15 select * from agencies_configs where agencies_id=34 
17:30:15 select * from configs
17:30:15 select * from agencies where id=34
17:30:15 select count(i.id) from expense as i left join users as u on i.user_id=u.id where u.agencies_id=34
17:30:15 select i.id,i.expense_money,i.order_sn,i.add_time,i.expense_status,u.user_name,u.nick_name,u.spreader_id,u.vip_level,u.pay_name,u.pay_email from expense as i left join users as u on i.user_id=u.id where u.agencies_id=34 limit 0,20
17:48:25 use client1;
17:48:25 set names utf8;
17:48:25 select * from agencies where domain='m.my' and end_time>1396345705
17:48:25 select * from agencies_configs where agencies_id=34 
17:48:25 select * from configs
17:48:25 select * from agencies where id=34
17:48:25 select count(i.id) from income as i left join users as u on i.user_id=u.id where u.agencies_id=34
17:48:25 select i.id,i.income_money,i.order_sn,i.add_time,i.pay_status,u.user_name,u.nick_name,u.spreader_id,u.vip_level from income as i left join users as u on i.user_id=u.id where u.agencies_id=34 limit 0,20
17:48:26 use client1;
17:48:26 set names utf8;
17:48:26 select * from agencies where domain='m.my' and end_time>1396345706
17:48:26 select * from agencies_configs where agencies_id=34 
17:48:26 select * from configs
17:48:26 select * from agencies where id=34
17:48:26 select count(i.id) from expense as i left join users as u on i.user_id=u.id where u.agencies_id=34
17:48:26 select i.id,i.expense_money,i.order_sn,i.add_time,i.expense_status,u.user_name,u.nick_name,u.spreader_id,u.vip_level,u.pay_name,u.pay_email from expense as i left join users as u on i.user_id=u.id where u.agencies_id=34 limit 0,20
17:48:27 use client1;
17:48:27 set names utf8;
17:48:27 select * from agencies where domain='m.my' and end_time>1396345707
17:48:27 select * from agencies_configs where agencies_id=34 
17:48:27 select * from configs
17:48:27 select * from agencies where id=34
17:48:27 select count(id) from users where agencies_id='34'
17:48:27 select * from users where agencies_id='34' limit 0,20
17:48:28 use client1;
17:48:28 set names utf8;
17:48:28 select * from agencies where domain='m.my' and end_time>1396345708
17:48:28 select * from agencies_configs where agencies_id=34 
17:48:28 select * from configs
17:48:28 select * from agencies where id=34
17:48:29 use client1;
17:48:29 set names utf8;
17:48:29 select * from agencies where domain='m.my' and end_time>1396345709
17:48:29 select * from agencies_configs where agencies_id=34 
17:48:29 select * from configs
17:48:29 select * from agencies where id=34
17:48:29 use client1;
17:48:29 set names utf8;
17:48:29 select * from agencies where domain='m.my' and end_time>1396345709
17:48:29 select * from agencies_configs where agencies_id=34 
17:48:29 select * from configs
17:48:29 select * from agencies where id=34
17:48:29 select count(id) from users where agencies_id='34'
17:48:29 select * from users where agencies_id='34' limit 0,20
17:48:30 use client1;
17:48:30 set names utf8;
17:48:30 select * from agencies where domain='m.my' and end_time>1396345710
17:48:30 select * from agencies_configs where agencies_id=34 
17:48:30 select * from configs
17:48:30 select * from agencies where id=34
17:48:31 use client1;
17:48:31 set names utf8;
17:48:31 select * from agencies where domain='m.my' and end_time>1396345711
17:48:31 select * from agencies_configs where agencies_id=34 
17:48:31 select * from configs
17:48:31 select * from agencies where id=34
17:48:31 use client1;
17:48:31 set names utf8;
17:48:31 select * from agencies where domain='m.my' and end_time>1396345711
17:48:31 select * from agencies_configs where agencies_id=34 
17:48:31 select * from configs
17:48:31 select * from agencies where id=34
17:48:31 select count(id) from users where agencies_id='34'
17:48:31 select * from users where agencies_id='34' limit 0,20
17:48:32 use client1;
17:48:32 set names utf8;
17:48:32 select * from agencies where domain='m.my' and end_time>1396345712
17:48:32 select * from agencies_configs where agencies_id=34 
17:48:32 select * from configs
17:48:32 select * from agencies where id=34
17:48:32 use client1;
17:48:32 set names utf8;
17:48:32 select * from agencies where domain='m.my' and end_time>1396345712
17:48:32 select * from agencies_configs where agencies_id=34 
17:48:32 select * from configs
17:48:32 select * from agencies where id=34
17:48:32 use client1;
17:48:32 set names utf8;
17:48:32 select * from agencies where domain='m.my' and end_time>1396345712
17:48:32 select * from agencies_configs where agencies_id=34 
17:48:32 select * from configs
17:48:32 select * from agencies where id=34
17:48:32 select count(o.id) from orders as o left join users as u on u.id=o.user_id  where u.agencies_id=34
17:48:32 select o.id,o.goods_id,o.user_id,o.pay_type,o.add_time,o.order_sn,o.order_type,u.spreader_id from orders as o left join users as u on u.id=o.user_id  where u.agencies_id=34 limit 0,20
17:48:33 use client1;
17:48:33 set names utf8;
17:48:33 select * from agencies where domain='m.my' and end_time>1396345713
17:48:33 select * from agencies_configs where agencies_id=34 
17:48:33 select * from configs
17:48:33 select * from agencies where id=34
17:48:33 use client1;
17:48:33 set names utf8;
17:48:33 select * from agencies where domain='m.my' and end_time>1396345713
17:48:33 select * from agencies_configs where agencies_id=34 
17:48:33 select * from configs
17:48:33 select * from agencies where id=34
17:48:33 select count(id) from users where agencies_id='34'
17:48:33 select * from users where agencies_id='34' limit 0,20
17:48:34 use client1;
17:48:34 set names utf8;
17:48:34 select * from agencies where domain='m.my' and end_time>1396345714
17:48:34 select * from agencies_configs where agencies_id=34 
17:48:34 select * from configs
17:48:34 select * from agencies where id=34
17:48:34 use client1;
17:48:34 set names utf8;
17:48:34 select * from agencies where domain='m.my' and end_time>1396345714
17:48:34 select * from agencies_configs where agencies_id=34 
17:48:34 select * from configs
17:48:34 select * from agencies where id=34
17:48:35 use client1;
17:48:35 set names utf8;
17:48:35 select * from agencies where domain='m.my' and end_time>1396345715
17:48:35 select * from agencies_configs where agencies_id=34 
17:48:35 select * from configs
17:48:35 select * from agencies where id=34
17:48:35 use client1;
17:48:35 set names utf8;
17:48:35 select * from agencies where domain='m.my' and end_time>1396345715
17:48:35 select * from agencies_configs where agencies_id=34 
17:48:35 select * from configs
17:48:35 select * from agencies where id=34
17:48:35 use client1;
17:48:35 set names utf8;
17:48:35 select * from agencies where domain='m.my' and end_time>1396345715
17:48:35 select * from agencies_configs where agencies_id=34 
17:48:35 select * from configs
17:48:35 select * from agencies where id=34
17:48:35 select count(id) from users where agencies_id='34'
17:48:35 select * from users where agencies_id='34' limit 0,20
17:48:36 use client1;
17:48:36 set names utf8;
17:48:36 select * from agencies where domain='m.my' and end_time>1396345716
17:48:36 select * from agencies_configs where agencies_id=34 
17:48:36 select * from configs
17:48:36 select * from agencies where id=34
17:48:36 use client1;
17:48:36 set names utf8;
17:48:36 select * from agencies where domain='m.my' and end_time>1396345716
17:48:36 select * from agencies_configs where agencies_id=34 
17:48:36 select * from configs
17:48:36 select * from agencies where id=34
17:48:36 use client1;
17:48:36 set names utf8;
17:48:36 select * from agencies where domain='m.my' and end_time>1396345716
17:48:36 select * from agencies_configs where agencies_id=34 
17:48:36 select * from configs
17:48:36 select * from agencies where id=34
17:48:36 select count(o.id) from orders as o left join users as u on u.id=o.user_id  where u.agencies_id=34
17:48:36 select o.id,o.goods_id,o.user_id,o.pay_type,o.add_time,o.order_sn,o.order_type,u.spreader_id from orders as o left join users as u on u.id=o.user_id  where u.agencies_id=34 limit 0,20
17:48:40 use client1;
17:48:40 set names utf8;
17:48:40 select * from agencies where domain='m.my' and end_time>1396345720
17:48:40 select * from agencies_configs where agencies_id=34 
17:48:40 select * from configs
17:48:40 select * from agencies where id=34
17:48:40 select * from agencies where id=34
17:48:40 select count(id) from agencies_expense where agencies_id=34
17:48:40 select * from agencies_expense where agencies_id=34 limit 0,20
17:48:41 use client1;
17:48:41 set names utf8;
17:48:41 select * from agencies where domain='m.my' and end_time>1396345721
17:48:41 select * from agencies_configs where agencies_id=34 
17:48:41 select * from configs
17:48:41 select * from agencies where id=34
17:48:41 select * from agencies where id=34
17:48:41 select count(id) from agencies_expense where agencies_id=34
17:48:41 select * from agencies_expense where agencies_id=34 limit 0,20
17:48:41 use client1;
17:48:41 set names utf8;
17:48:41 select * from agencies where domain='m.my' and end_time>1396345721
17:48:41 select * from agencies_configs where agencies_id=34 
17:48:41 select * from configs
17:48:41 select * from agencies where id=34
17:48:41 select * from agencies where id=34
17:48:41 select count(id) from agencies_expense where agencies_id=34
17:48:41 select * from agencies_expense where agencies_id=34 limit 0,20
17:48:42 use client1;
17:48:42 set names utf8;
17:48:42 select * from agencies where domain='m.my' and end_time>1396345722
17:48:42 select * from agencies_configs where agencies_id=34 
17:48:42 select * from configs
17:48:42 select * from agencies where id=34
17:48:42 select * from agencies where id=34
17:48:42 select count(id) from agencies_expense where agencies_id=34
17:48:42 select * from agencies_expense where agencies_id=34 limit 0,20
17:48:43 use client1;
17:48:43 set names utf8;
17:48:43 select * from agencies where domain='m.my' and end_time>1396345723
17:48:43 select * from agencies_configs where agencies_id=34 
17:48:43 select * from configs
17:48:43 select * from agencies where id=34
17:48:43 select count(o.id) from orders as o left join users as u on u.id=o.user_id  where u.agencies_id=34
17:48:43 select o.id,o.goods_id,o.user_id,o.pay_type,o.add_time,o.order_sn,o.order_type,u.spreader_id from orders as o left join users as u on u.id=o.user_id  where u.agencies_id=34 limit 0,20
17:48:44 use client1;
17:48:44 set names utf8;
17:48:44 select * from agencies where domain='m.my' and end_time>1396345724
17:48:44 select * from agencies_configs where agencies_id=34 
17:48:44 select * from configs
17:48:44 select * from agencies where id=34
17:48:44 select * from agencies where id=34
17:48:44 select count(id) from agencies_expense where agencies_id=34
17:48:44 select * from agencies_expense where agencies_id=34 limit 0,20
17:48:44 use client1;
17:48:44 set names utf8;
17:48:44 select * from agencies where domain='m.my' and end_time>1396345724
17:48:44 select * from agencies_configs where agencies_id=34 
17:48:44 select * from configs
17:48:44 select * from agencies where id=34
17:48:44 select count(o.id) from orders as o left join users as u on u.id=o.user_id  where u.agencies_id=34
17:48:44 select o.id,o.goods_id,o.user_id,o.pay_type,o.add_time,o.order_sn,o.order_type,u.spreader_id from orders as o left join users as u on u.id=o.user_id  where u.agencies_id=34 limit 0,20
17:48:45 use client1;
17:48:45 set names utf8;
17:48:45 select * from agencies where domain='m.my' and end_time>1396345725
17:48:45 select * from agencies_configs where agencies_id=34 
17:48:45 select * from configs
17:48:45 select * from agencies where id=34
17:48:46 use client1;
17:48:46 set names utf8;
17:48:46 select * from agencies where domain='m.my' and end_time>1396345726
17:48:46 select * from agencies_configs where agencies_id=34 
17:48:46 select * from configs
17:48:46 select * from agencies where id=34
17:48:46 use client1;
17:48:46 set names utf8;
17:48:46 select * from agencies where domain='m.my' and end_time>1396345726
17:48:46 select * from agencies_configs where agencies_id=34 
17:48:46 select * from configs
17:48:46 select * from agencies where id=34
17:48:46 select count(id) from users where agencies_id='34'
17:48:46 select * from users where agencies_id='34' limit 0,20
17:48:46 use client1;
17:48:46 set names utf8;
17:48:46 select * from agencies where domain='m.my' and end_time>1396345726
17:48:46 select * from agencies_configs where agencies_id=34 
17:48:46 select * from configs
17:48:46 select * from agencies where id=34
17:48:46 use client1;
17:48:46 set names utf8;
17:48:46 select * from agencies where domain='m.my' and end_time>1396345726
17:48:46 select * from agencies_configs where agencies_id=34 
17:48:46 select * from configs
17:48:46 select * from agencies where id=34
17:48:46 use client1;
17:48:46 set names utf8;
17:48:46 select * from agencies where domain='m.my' and end_time>1396345726
17:48:46 select * from agencies_configs where agencies_id=34 
17:48:46 select * from configs
17:48:46 select * from agencies where id=34
17:48:46 select count(o.id) from orders as o left join users as u on u.id=o.user_id  where u.agencies_id=34
17:48:46 select o.id,o.goods_id,o.user_id,o.pay_type,o.add_time,o.order_sn,o.order_type,u.spreader_id from orders as o left join users as u on u.id=o.user_id  where u.agencies_id=34 limit 0,20
17:48:47 use client1;
17:48:47 set names utf8;
17:48:47 select * from agencies where domain='m.my' and end_time>1396345727
17:48:47 select * from agencies_configs where agencies_id=34 
17:48:47 select * from configs
17:48:47 select * from agencies where id=34
17:48:47 use client1;
17:48:47 set names utf8;
17:48:47 select * from agencies where domain='m.my' and end_time>1396345727
17:48:47 select * from agencies_configs where agencies_id=34 
17:48:47 select * from configs
17:48:47 select * from agencies where id=34
17:48:47 select count(id) from users where agencies_id='34'
17:48:47 select * from users where agencies_id='34' limit 0,20
17:48:48 use client1;
17:48:48 set names utf8;
17:48:48 select * from agencies where domain='m.my' and end_time>1396345728
17:48:48 select * from agencies_configs where agencies_id=34 
17:48:48 select * from configs
17:48:48 select * from agencies where id=34
17:48:49 use client1;
17:48:49 set names utf8;
17:48:49 select * from agencies where domain='m.my' and end_time>1396345729
17:48:49 select * from agencies_configs where agencies_id=34 
17:48:49 select * from configs
17:48:49 select * from agencies where id=34
17:48:50 use client1;
17:48:50 set names utf8;
17:48:50 select * from agencies where domain='m.my' and end_time>1396345730
17:48:50 select * from agencies_configs where agencies_id=34 
17:48:50 select * from configs
17:48:50 select * from agencies where id=34
17:48:50 use client1;
17:48:50 set names utf8;
17:48:50 select * from agencies where domain='m.my' and end_time>1396345730
17:48:50 select * from agencies_configs where agencies_id=34 
17:48:50 select * from configs
17:48:50 select * from agencies where id=34
17:48:51 use client1;
17:48:51 set names utf8;
17:48:51 select * from agencies where domain='m.my' and end_time>1396345731
17:48:51 select * from agencies_configs where agencies_id=34 
17:48:51 select * from configs
17:48:51 select * from agencies where id=34
17:48:51 use client1;
17:48:51 set names utf8;
17:48:51 select * from agencies where domain='m.my' and end_time>1396345731
17:48:51 select * from agencies_configs where agencies_id=34 
17:48:51 select * from configs
17:48:51 select * from agencies where id=34
17:48:52 use client1;
17:48:52 set names utf8;
17:48:52 select * from agencies where domain='m.my' and end_time>1396345732
17:48:52 select * from agencies_configs where agencies_id=34 
17:48:52 select * from configs
