23:25:28 use a0122145834;
23:25:28 set names utf8;
23:25:28 select * from configs
23:25:28 select * from admins where id=1
23:25:28 select * from articles where id=8
23:25:36 use a0122145834;
23:25:36 set names utf8;
23:25:36 select * from configs
23:25:36 select * from admins where id=1
23:25:36 update articles set type_id=0, content='<p><span style="font-size:16px"><span style="color:#ff0000"><strong>问：如何成为【久恒营销】的 VIP 会员?</strong></span><br />
答：在我们平台注册用户后，点击&mdash;&mdash;我要充值&mdash;&mdash;支付宝充值1980元（其他付款方式请联系客服）&mdash;&mdash;开通vip会员资格，就可以了，这个操作在五分钟之内就可以完全，成为会员后，你不仅仅可以学习VIP专区里所有的资源，同时也会有我的一对一辅导，同时也有成为我们合作伙伴的机会。</span></p>

<p><span style="font-size:16px">&nbsp;</span></p>

<p>&nbsp;</p>

<p><span style="font-size:16px"><span style="color:#ff0000"><strong>问：新手加入能赚到钱吗？多久可以有收益？</strong>&nbsp;</span><br />
答:每个加入的学员我都会根据你的自身能力来安排最合适你的课程学习，对你的薄弱环节重点培养，只要您会上网，我就可以把你教会！加入VIP后，按照我的方法去操作，很多学员仅仅在一个星期内，日收入达到1000元，也有的学员赚的比较少。所以这就是一个执行力的问题。只要坚持用心去做！无论是时间还是金钱，绝对胜过你上班。</span></p>

<p>&nbsp;</p>

<p><br />
<span style="font-size:16px"><span style="color:#ff0000"><strong>问：我没有技术，之前也没有操作过，我也能做吗?</strong>&nbsp;</span><br />
答:技术和思维完全是两个不同地概念，没有技术，我们可以慢慢的去学习，关键是我们要有赚钱的思维和欲望，搞房地产的自己不一定要会造房子，开酒店的不一定自己要会烧菜，对吗？作为你的导师：我会教给你所有的营销方法和经验，等你成功毕业/创业的时候，相信赚钱会比我轻松很多！</span></p>

<p>&nbsp;</p>

<p><br />
<span style="font-size:16px"><span style="color:#ff0000"><strong>问：如何获得【精品项目】下载或学习权限？</strong></span><br />
答：只要是通过你的推广链接注册的会员成功登陆，就算一个积分，只要达到精品项目对应的积分，就可以下载学习了！精品项目不一定能保证你完全能赚钱，要想学习到更多，建议你开通我们平台的VIP，里面会有更多的核心资源，相信赚钱会更快。</span></p>

<p>&nbsp;</p>

<p><br />
<span style="font-size:16px"><span style="color:#ff0000"><strong>问：加入VIP会员，还需要其他的费用吗？</strong></span><br />
答：加入VIP后，你可以免费下载学习平台上所有的资源和项目，这些都是不需要额外付费的，而且VIP课程和软件都会不断的更新！</span><span style="font-size:16px">一份付出，一份回报！</span></p>

<p>&nbsp;</p>

<p><br />
<span style="font-size:16px"><span style="color:#ff0000"><strong>问：成为VIP可得到什么？有什么样的优势？</strong></span><br />
答：成为VIP后，你可以学习VIP专区里面所有的资源，包括联盟行销、虚拟营销、病毒式营销、网站单页的制作、营销经验和方法，无论你操作哪一个项目，做精后，你都可心轻松实现月入过万，同时你可以随时关注互联网创富的最新资讯，可以得到小马的一对一的指导，更有机会成为我们的合作伙伴，一起打造更多的产品资源。</span></p>

<p>&nbsp;</p>

<p>&nbsp;</p>

<p><span style="font-size:16px"><strong><span style="color:rgb(255,0,0)">问：如果我开通VIP后，你们把我拉黑或是不再理我怎么办？</span></strong><br />
答：其实我觉得网上很多那种搞培训的人，给了钱就直接拉黑或者隐身了，那种是非常蠢的人，他们只想着市场竞争，而市场这么大有360行，竞争有什么好怕的呢？除非他没有能力教会他的学员，不管是合作或者学习，都是需要彼此之间相互信任的！而自己的学员才是自己最好的合作伙伴；未来是个共赢合作的世界，靠自己的不行的，所以我必须把你教的更好！这也是我强调一对一辅导的原因。</span></p>

<p><span style="font-size:16px">&nbsp;</span></p>

<p>&nbsp;</p>

<p><span style="font-size:16px"><span style="color:#ff0000"><strong>问：能不能先让我学习，等我赚到钱了再支付学费呢？</strong></span><br />
答：其实这个我们也是这样想的，但是谁能保证你赚到钱了就一定会支付我们学费呢？如果换做是你，你愿意这样吗？想赚钱，想从贫穷变得富有，我们必须要学会舍得，学会付出与投资！我们必须要接受这样现实，如果说你现在有那样先赚钱再交学费的项目，那你给我说下，我也去做！</span></p>

<p><span style="font-size:16px">&nbsp;</span></p>

<p>&nbsp;</p>

<p><span style="font-size:16px"><span style="color:#ff0000"><strong>问：我现在还要上班，兼职可以学习吗？</strong></span><br />
答：我有很我学员都是边上班边学习，对于刚初入学习或者平时比较忙的朋友来说，兼职学习也是我比较赞同的，只要你每天都有上网的时间就可以了，当你达到一定程度以后，就算你以后不上网，不上班，你依然会有收入。</span></p>

<p><span style="font-size:16px">&nbsp;</span></p>

<p>&nbsp;</p>

<p><span style="font-size:16px"><span style="color:#ff0000"><strong>问：加入你们这个平台，有什么要求吗？</strong></span><br />
答：加入完全是你意念的问题，但要想做好这互联网，我会要求你，至少要有自己的电脑，每天或者每周有上网的时间，同时必须有自己的支付宝账号，这样操作起来才会更加的完善。</span></p>

<p><span style="font-size:16px">&nbsp;</span></p>

<p>&nbsp;</p>

<p><span style="font-size:16px"><strong><span style="color:rgb(255,0,0)">问：为什么你的VIP课程要1980元，这么贵？</span></strong><br />
答：朋友，我只能和你举个例子，在我20岁左右的时候我每个月都要买2-3次衣服，我的衣服都是在普通服装店买的，衣服都是杂牌，平均每件价格在100-200元左右，为什么我买的这么频繁？不是我钱多，而是衣服我买回去穿穿就觉得不合适，每次买了都很后悔，所以我一直去买。</span><span style="font-size:16px">我总觉得是我自己没有找到更好看的衣服，一年下来基本买衣服钱用掉1万多元，但关键是：买了这么多衣服，其实都是穿了扔，都是白买的，而且不上档次，钱却白白浪费！我相信有很多朋友平时店里或者淘宝买衣服都经历过我说的这个。</span></p>

<p>&nbsp;</p>

<p><span style="font-size:16px">&nbsp;&nbsp;&nbsp;&nbsp;其实完全是我不会算账，<span style="color:#ff0000">1万元</span>，我完全可以去商场的品牌专卖店买个10几件衣服裤子，好的品牌衣服虽然贵可能要1000，2000元，但是它的剪裁，他的面料完全是不一样的，穿着完全有档次，有气质！最关键的是，买了我可以穿好几年。<span style="color:#ff0000">因为我曾经贪图过小便宜，我觉得我花钱少，我赚了；但其实累积下来，我是亏大了！</span>好的一件穿5年，便宜的一年换5件！一分价钱一分货。</span></p>

<p>&nbsp;</p>

<p>&nbsp;</p>

<hr />
<p>&nbsp;</p>

<p><span style="color:rgb(0,0,0)">久恒目前已成功培训了数百人通过互联网成功月入5位数以上，专业的一对一辅导，和独特的培训方式</span><span style="color:rgb(0,0,0)">，让学员的成功率直彪80%，遥遥领先！而同行培训成功概率仅不到5%！</span></p>

<p>&nbsp;</p>

<p>&nbsp;</p>

<p style="text-align: center"><a href="http://10nai.com/user.php"><span style="color:rgb(0,0,0)"><span style="font-size:16px"><input name="返回首页" size="46" style="width: 171px; height: 47px" type="submit" value="返回首页" /></span></span></a></p>

<p style="text-align: center">&nbsp;</p>
', title='小马：有问必答' where id=8
23:25:37 use a0122145834;
23:25:37 set names utf8;
23:25:37 select * from configs
23:25:37 select * from admins where id=1
23:25:37 select * from articles where id=8
23:25:41 use a0122145834;
23:25:41 set names utf8;
23:25:41 select * from configs
23:25:41 select * from users where id=35
23:25:41 select count(id) from users where spreader_id='35'
23:25:41 select * from images
23:25:41 select * from article_type
23:25:41 select * from article_type where id='0'
23:25:41 select count(id) from articles where type_id='0' order by add_time desc
23:25:41 select * from articles where type_id='0' order by add_time desc limit 0,5
23:25:43 use a0122145834;
23:25:43 set names utf8;
23:25:43 select * from configs
23:25:43 select * from users where id=35
23:25:43 select count(id) from users where spreader_id='35'
23:25:43 select * from images
23:25:43 select * from article_type
23:25:43 select * from article_type where id='0'
23:25:43 select count(id) from articles where type_id='0' order by add_time desc
23:25:43 select * from articles where type_id='0' order by add_time desc limit 5,5
23:25:45 use a0122145834;
23:25:45 set names utf8;
23:25:45 select * from configs
23:25:45 select * from users where id=35
23:25:45 select count(id) from users where spreader_id='35'
23:25:45 select * from images
23:25:45 select type_id from articles where id='8'
23:25:45 select * from articles where id='8'
23:26:22 use a0122145834;
23:26:22 set names utf8;
23:26:22 select * from configs
23:26:22 select * from users where id=35
23:26:22 select count(id) from users where spreader_id='35'
23:26:22 select * from images
23:26:22 select * from article_type
23:26:22 select * from article_type where id='0'
23:26:22 select count(id) from articles where type_id='0' order by add_time desc
23:26:22 select * from articles where type_id='0' order by add_time desc limit 0,5
23:26:24 use a0122145834;
23:26:24 set names utf8;
23:26:24 select * from configs
23:26:24 select * from users where id=35
23:26:24 use a0122145834;
23:26:24 set names utf8;
23:26:24 select * from configs
23:26:24 select * from users where id=35
23:26:24 select count(id) from users where spreader_id='35'
23:26:24 select * from images
23:26:24 select * from goods where need_top=1 and need_hidden=0 order by id desc limit 0,5
23:26:24 select count(id) from goods where need_top=0 and need_hidden=0 order by id desc
23:26:24 select * from goods where need_top=0 and need_hidden=0 order by id desc limit 0,5
23:29:40 use a0122145834;
23:29:40 set names utf8;
23:29:40 select * from configs
23:29:40 select * from users where id=35
23:29:40 select count(id) from users where spreader_id='35'
23:29:40 select * from images
23:29:40 select * from goods where need_top=1 and need_hidden=0 order by id desc limit 0,5
23:29:40 select count(id) from goods where need_top=0 and need_hidden=0 order by id desc
23:29:40 select * from goods where need_top=0 and need_hidden=0 order by id desc limit 0,5
23:31:23 use a0122145834;
23:31:23 set names utf8;
23:31:23 select * from configs
23:31:23 select * from users where id=35
23:31:23 select count(id) from users where spreader_id='35'
23:31:23 select * from images
23:31:23 select * from goods where need_top=1 and need_hidden=0 order by id desc limit 0,5
23:31:23 select count(id) from goods where need_top=0 and need_hidden=0 order by id desc
23:31:23 select * from goods where need_top=0 and need_hidden=0 order by id desc limit 0,5
23:32:13 use a0122145834;
23:32:13 set names utf8;
23:32:13 select * from configs
23:32:13 select * from users where id=35
23:32:13 select count(id) from users where spreader_id='35'
23:32:13 select * from images
23:32:13 select * from goods where need_top=1 and need_hidden=0 order by id desc limit 0,5
23:32:14 select count(id) from goods where need_top=0 and need_hidden=0 order by id desc
23:32:14 select * from goods where need_top=0 and need_hidden=0 order by id desc limit 0,5
23:38:29 use a0122145834;
23:38:29 set names utf8;
23:38:29 select * from configs
23:38:29 select * from users where id=35
23:38:29 select count(id) from users where spreader_id='35'
23:38:29 select * from images
23:38:29 select * from article_type
23:38:29 select count(id) from articles order by add_time desc
23:38:29 select * from articles order by add_time desc limit 0,5
23:38:33 use a0122145834;
23:38:33 set names utf8;
23:38:33 select * from configs
23:38:33 select * from users where id=35
23:38:33 use a0122145834;
23:38:33 set names utf8;
23:38:33 select * from configs
23:38:33 select * from users where id=35
23:38:33 select count(id) from users where spreader_id='35'
23:38:33 select * from images
23:38:33 select * from goods where need_top=1 and need_hidden=0 order by id desc limit 0,5
23:38:33 select count(id) from goods where need_top=0 and need_hidden=0 order by id desc
23:38:33 select * from goods where need_top=0 and need_hidden=0 order by id desc limit 0,5
23:38:36 use a0122145834;
23:38:36 set names utf8;
23:38:36 select * from configs
23:38:36 select * from users where id=35
23:38:36 select count(id) from users where spreader_id='35'
23:38:36 select * from images
23:38:36 select * from article_type
23:38:36 select * from article_type where id='0'
23:38:36 select count(id) from articles where type_id='0' order by add_time desc
23:38:36 select * from articles where type_id='0' order by add_time desc limit 0,5
23:38:39 use a0122145834;
23:38:39 set names utf8;
23:38:39 select * from configs
23:38:39 select * from users where id=35
23:38:39 select count(id) from users where spreader_id='35'
23:38:39 select * from images
23:38:39 select * from article_type
23:38:39 select * from article_type where id='0'
23:38:39 select count(id) from articles where type_id='0' order by add_time desc
23:38:39 select * from articles where type_id='0' order by add_time desc limit 5,5
23:38:41 use a0122145834;
23:38:41 set names utf8;
23:38:41 select * from configs
23:38:41 select * from users where id=35
23:38:41 select count(id) from users where spreader_id='35'
23:38:41 select * from images
23:38:41 select type_id from articles where id='8'
23:38:41 select * from articles where id='8'
23:39:22 use a0122145834;
23:39:22 set names utf8;
23:39:22 select * from configs
23:39:22 select * from admins where id=1
23:39:22 update articles set type_id=0, content='<p><span style="font-size:16px"><span style="color:#ff0000"><strong>问：如何成为【久恒营销】的 VIP 会员?</strong></span><br />
答：在我们平台注册用户后，点击&mdash;&mdash;我要充值&mdash;&mdash;支付宝充值1980元（其他付款方式请联系客服）&mdash;&mdash;开通vip会员资格，就可以了，这个操作在五分钟之内就可以完全，成为会员后，你不仅仅可以学习VIP专区里所有的资源，同时也会有我的一对一辅导，同时也有成为我们合作伙伴的机会。</span></p>

<p><span style="font-size:16px">&nbsp;</span></p>

<p>&nbsp;</p>

<p><span style="font-size:16px"><span style="color:#ff0000"><strong>问：新手加入能赚到钱吗？多久可以有收益？</strong>&nbsp;</span><br />
答:每个加入的学员我都会根据你的自身能力来安排最合适你的课程学习，对你的薄弱环节重点培养，只要您会上网，我就可以把你教会！加入VIP后，按照我的方法去操作，很多学员仅仅在一个星期内，日收入达到1000元，也有的学员赚的比较少。所以这就是一个执行力的问题。只要坚持用心去做！无论是时间还是金钱，绝对胜过你上班。</span></p>

<p>&nbsp;</p>

<p><br />
<span style="font-size:16px"><span style="color:#ff0000"><strong>问：我没有技术，之前也没有操作过，我也能做吗?</strong>&nbsp;</span><br />
答:技术和思维完全是两个不同地概念，没有技术，我们可以慢慢的去学习，关键是我们要有赚钱的思维和欲望，搞房地产的自己不一定要会造房子，开酒店的不一定自己要会烧菜，对吗？作为你的导师：我会教给你所有的营销方法和经验，等你成功毕业/创业的时候，相信赚钱会比我轻松很多！</span></p>

<p>&nbsp;</p>

<p><br />
<span style="font-size:16px"><span style="color:#ff0000"><strong>问：如何获得【精品项目】下载或学习权限？</strong></span><br />
答：只要是通过你的推广链接注册的会员成功登陆，就算一个积分，只要达到精品项目对应的积分，就可以下载学习了！精品项目不一定能保证你完全能赚钱，要想学习到更多，建议你开通我们平台的VIP，里面会有更多的核心资源，相信赚钱会更快。</span></p>

<p>&nbsp;</p>

<p><br />
<span style="font-size:16px"><span style="color:#ff0000"><strong>问：加入VIP会员，还需要其他的费用吗？</strong></span><br />
答：加入VIP后，你可以免费下载学习平台上所有的资源和项目，这些都是不需要额外付费的，而且VIP课程和软件都会不断的更新！</span><span style="font-size:16px">一份付出，一份回报！</span></p>

<p>&nbsp;</p>

<p><br />
<span style="font-size:16px"><span style="color:#ff0000"><strong>问：成为VIP可得到什么？有什么样的优势？</strong></span><br />
答：成为VIP后，你可以学习VIP专区里面所有的资源，包括联盟行销、虚拟营销、病毒式营销、网站单页的制作、营销经验和方法，无论你操作哪一个项目，做精后，你都可心轻松实现月入过万，同时你可以随时关注互联网创富的最新资讯，可以得到小马的一对一的指导，更有机会成为我们的合作伙伴，一起打造更多的产品资源。</span></p>

<p>&nbsp;</p>

<p>&nbsp;</p>

<p><span style="font-size:16px"><strong><span style="color:rgb(255,0,0)">问：如果我开通VIP后，你们把我拉黑或是不再理我怎么办？</span></strong><br />
答：其实我觉得网上很多那种搞培训的人，给了钱就直接拉黑或者隐身了，那种是非常蠢的人，他们只想着市场竞争，而市场这么大有360行，竞争有什么好怕的呢？除非他没有能力教会他的学员，不管是合作或者学习，都是需要彼此之间相互信任的！而自己的学员才是自己最好的合作伙伴；未来是个共赢合作的世界，靠自己的不行的，所以我必须把你教的更好！这也是我强调一对一辅导的原因。</span></p>

<p><span style="font-size:16px">&nbsp;</span></p>

<p>&nbsp;</p>

<p><span style="font-size:16px"><span style="color:#ff0000"><strong>问：能不能先让我学习，等我赚到钱了再支付学费呢？</strong></span><br />
答：其实这个我们也是这样想的，但是谁能保证你赚到钱了就一定会支付我们学费呢？如果换做是你，你愿意这样吗？想赚钱，想从贫穷变得富有，我们必须要学会舍得，学会付出与投资！我们必须要接受这样现实，如果说你现在有那样先赚钱再交学费的项目，那你给我说下，我也去做！</span></p>

<p><span style="font-size:16px">&nbsp;</span></p>

<p>&nbsp;</p>

<p><span style="font-size:16px"><span style="color:#ff0000"><strong>问：我现在还要上班，兼职可以学习吗？</strong></span><br />
答：我有很我学员都是边上班边学习，对于刚初入学习或者平时比较忙的朋友来说，兼职学习也是我比较赞同的，只要你每天都有上网的时间就可以了，当你达到一定程度以后，就算你以后不上网，不上班，你依然会有收入。</span></p>

<p><span style="font-size:16px">&nbsp;</span></p>

<p>&nbsp;</p>

<p><span style="font-size:16px"><span style="color:#ff0000"><strong>问：加入你们这个平台，有什么要求吗？</strong></span><br />
答：加入完全是你意念的问题，但要想做好这互联网，我会要求你，至少要有自己的电脑，每天或者每周有上网的时间，同时必须有自己的支付宝账号，这样操作起来才会更加的完善。</span></p>

<p><span style="font-size:16px">&nbsp;</span></p>

<p>&nbsp;</p>

<p><span style="font-size:16px"><strong><span style="color:rgb(255,0,0)">问：为什么你的VIP课程要1980元，这么贵？</span></strong><br />
答：朋友，我只能和你举个例子，在我20岁左右的时候我每个月都要买2-3次衣服，我的衣服都是在普通服装店买的，衣服都是杂牌，平均每件价格在100-200元左右，为什么我买的这么频繁？不是我钱多，而是衣服我买回去穿穿就觉得不合适，每次买了都很后悔，所以我一直去买。</span><span style="font-size:16px">我总觉得是我自己没有找到更好看的衣服，一年下来基本买衣服钱用掉1万多元，但关键是：买了这么多衣服，其实都是穿了扔，都是白买的，而且不上档次，钱却白白浪费！我相信有很多朋友平时店里或者淘宝买衣服都经历过我说的这个。</span></p>

<p>&nbsp;</p>

<p><span style="font-size:16px">&nbsp;&nbsp;&nbsp;&nbsp;其实完全是我不会算账，<span style="color:#ff0000">1万元</span>，我完全可以去商场的品牌专卖店买个10几件衣服裤子，好的品牌衣服虽然贵可能要1000，2000元，但是它的剪裁，它的面料完全是不一样的，穿着完全有档次，有气质！最关键的是，买了我可以穿好几年。<span style="color:#ff0000">因为我曾经贪图过小便宜，我觉得我花钱少，我赚了；但其实累积下来，我是亏大了！</span>好的一件穿5年，便宜的一年换5件！一分价钱一分货。</span></p>

<p>&nbsp;</p>

<p>&nbsp;</p>

<hr />
<p>&nbsp;</p>

<p><span style="color:rgb(0,0,0)">久恒目前已成功培训了数百人通过互联网成功月入5位数以上，专业的一对一辅导，和独特的培训方式</span><span style="color:rgb(0,0,0)">，让学员的成功率直彪80%，遥遥领先！而同行培训成功概率仅不到5%！</span></p>

<p>&nbsp;</p>

<p>&nbsp;</p>

<p style="text-align: center"><a href="http://10nai.com/user.php"><span style="color:rgb(0,0,0)"><span style="font-size:16px"><input name="返回首页" size="46" style="width: 171px; height: 47px" type="submit" value="返回首页" /></span></span></a></p>

<p style="text-align: center">&nbsp;</p>
', title='小马：有问必答' where id=8
23:39:24 use a0122145834;
23:39:24 set names utf8;
23:39:24 select * from configs
23:39:24 select * from admins where id=1
23:39:24 select * from articles where id=8
23:39:41 use a0122145834;
23:39:41 set names utf8;
23:39:41 select * from configs
23:39:41 select * from users where id=35
23:39:41 select count(id) from users where spreader_id='35'
23:39:41 select * from images
23:39:41 select type_id from articles where id='8'
23:39:41 select * from articles where id='8'
23:40:33 use a0122145834;
23:40:33 set names utf8;
23:40:33 select * from configs
23:40:33 select * from users where id=35
23:40:33 select count(id) from users where spreader_id='35'
23:40:33 select * from images
23:40:33 select * from goods where need_top=1 and need_hidden=0 order by id desc limit 0,5
23:40:33 select count(id) from goods where need_top=0 and need_hidden=0 order by id desc
23:40:33 select * from goods where need_top=0 and need_hidden=0 order by id desc limit 0,5
23:41:00 use a0122145834;
23:41:00 set names utf8;
23:41:00 select * from configs
23:41:00 select * from users where id=35
23:41:00 select count(id) from users where spreader_id='35'
23:41:00 select * from images
23:41:00 select * from article_type
23:41:00 select count(id) from articles order by add_time desc
23:41:00 select * from articles order by add_time desc limit 0,5
23:41:04 use a0122145834;
23:41:04 set names utf8;
23:41:05 select * from configs
23:41:05 select * from users where id=35
23:41:05 use a0122145834;
23:41:05 set names utf8;
23:41:05 select * from configs
23:41:05 select * from users where id=35
23:41:05 select count(id) from users where spreader_id='35'
23:41:05 select * from images
23:41:05 select * from goods where need_top=1 and need_hidden=0 order by id desc limit 0,5
23:41:05 select count(id) from goods where need_top=0 and need_hidden=0 order by id desc
23:41:05 select * from goods where need_top=0 and need_hidden=0 order by id desc limit 0,5
23:41:07 use a0122145834;
23:41:07 set names utf8;
23:41:07 select * from configs
23:41:07 select * from users where id=35
23:41:07 select count(id) from users where spreader_id='35'
23:41:07 select * from images
23:41:07 select type_id from articles where id='8'
23:41:07 select * from articles where id='8'
23:41:23 use a0122145834;
23:41:23 set names utf8;
23:41:23 select * from configs
23:41:23 select * from users where id=35
23:41:23 select count(id) from users where spreader_id='35'
23:41:23 select * from images
23:41:23 select type_id from articles where id='8'
23:41:23 select * from articles where id='8'
23:41:39 use a0122145834;
23:41:39 set names utf8;
23:41:39 select * from configs
23:41:39 select * from users where id=35
23:41:39 select count(id) from users where spreader_id='35'
23:41:39 select * from images
23:41:39 select type_id from articles where id='8'
23:41:39 select * from articles where id='8'
23:41:42 use a0122145834;
23:41:42 set names utf8;
23:41:42 select * from configs
23:41:42 select * from users where id=35
23:41:42 select count(id) from users where spreader_id='35'
23:41:42 select * from images
23:41:42 select * from goods where need_top=1 and need_hidden=0 order by id desc limit 0,5
23:41:42 select count(id) from goods where need_top=0 and need_hidden=0 order by id desc
23:41:42 select * from goods where need_top=0 and need_hidden=0 order by id desc limit 0,5
23:41:56 use a0122145834;
23:41:56 set names utf8;
23:41:56 select * from configs
23:41:56 select * from users where id=35
23:41:56 select count(id) from users where spreader_id='35'
23:41:56 select * from images
23:41:56 select * from article_type
23:41:56 select * from article_type where id='4'
23:41:56 select count(id) from articles where type_id='4' order by add_time desc
23:41:56 select * from articles where type_id='4' order by add_time desc limit 0,5
23:42:04 use a0122145834;
23:42:04 set names utf8;
23:42:04 select * from configs
23:42:04 select * from users where id=35
23:42:04 select count(id) from users where spreader_id='35'
23:42:04 select * from images
23:42:04 select type_id from articles where id='8'
23:42:04 select * from articles where id='8'
23:42:31 use a0122145834;
23:42:31 set names utf8;
23:42:32 select * from configs
23:42:32 select * from users where id=35
23:42:32 select count(id) from users where spreader_id='35'
23:42:32 select * from images
23:42:32 select * from article_type
23:42:32 select * from article_type where id='0'
23:42:32 select count(id) from articles where type_id='0' order by add_time desc
23:42:32 select * from articles where type_id='0' order by add_time desc limit 0,5
23:42:36 use a0122145834;
23:42:36 set names utf8;
23:42:36 select * from configs
23:42:36 select * from users where id=35
23:42:36 use a0122145834;
23:42:36 set names utf8;
23:42:36 select * from configs
23:42:36 select * from users where id=35
23:42:36 select count(id) from users where spreader_id='35'
23:42:36 select * from images
23:42:36 select * from goods where need_top=1 and need_hidden=0 order by id desc limit 0,5
23:42:36 select count(id) from goods where need_top=0 and need_hidden=0 order by id desc
23:42:36 select * from goods where need_top=0 and need_hidden=0 order by id desc limit 0,5
23:42:43 use a0122145834;
23:42:43 set names utf8;
23:42:43 select * from configs
23:42:43 select * from users where id=35
23:42:43 select count(id) from users where spreader_id='35'
23:42:43 select * from images
23:42:43 select * from article_type
23:42:43 select * from article_type where id='0'
23:42:43 select count(id) from articles where type_id='0' order by add_time desc
23:42:43 select * from articles where type_id='0' order by add_time desc limit 0,5
23:42:46 use a0122145834;
23:42:46 set names utf8;
23:42:46 select * from configs
23:42:46 select * from users where id=35
23:42:46 select count(id) from users where spreader_id='35'
23:42:46 select * from images
23:42:46 select * from article_type
23:42:46 select * from article_type where id='0'
23:42:46 select count(id) from articles where type_id='0' order by add_time desc
23:42:46 select * from articles where type_id='0' order by add_time desc limit 5,5
23:43:03 use a0122145834;
23:43:03 set names utf8;
23:43:03 select * from configs
23:43:03 select * from users where id=35
23:43:03 select count(id) from users where spreader_id='35'
23:43:03 select * from images
23:43:03 select * from article_type
23:43:03 select * from article_type where id='0'
23:43:03 select count(id) from articles where type_id='0' order by add_time desc
23:43:03 select * from articles where type_id='0' order by add_time desc limit 0,5
23:43:33 use a0122145834;
23:43:33 set names utf8;
23:43:33 select * from configs
23:43:33 select * from admins where id=1
23:43:33 select count(o.id) from articles as o left join article_type as u on u.id=o.type_id 
23:43:33 select o.id,o.title,o.add_time,u.type_name from articles as o left join article_type as u on u.id=o.type_id  limit 0,20
23:43:39 use a0122145834;
23:43:39 set names utf8;
23:43:39 select * from configs
23:43:39 select * from admins where id=1
23:43:39 select * from articles where id=8
23:43:41 use a0122145834;
23:43:41 set names utf8;
23:43:41 select * from configs
23:43:41 select * from admins where id=1
23:43:41 select count(o.id) from articles as o left join article_type as u on u.id=o.type_id 
23:43:41 select o.id,o.title,o.add_time,u.type_name from articles as o left join article_type as u on u.id=o.type_id  limit 0,20
23:43:44 use a0122145834;
23:43:44 set names utf8;
23:43:45 select * from configs
23:43:45 select * from admins where id=1
23:43:45 select * from articles where id=9
23:47:37 use a0122145834;
23:47:37 set names utf8;
23:47:37 select * from configs
23:47:37 select * from admins where id=1
23:47:37 update articles set type_id=0, content='<p>下面是广告语、广告词</p>

<p>#、如果你愿意花一点点宝贵的时间去看完久恒营销完整版创富梦想视频，也许您就此改变，马上点击注册，领取月入十万绝密课程 <a href="http://www.xxx.com">www.xxx.com</a><br />
#、全球第一套《久恒自动化营销系统》震撼首发 <a href="http://www.xxx.com">www.xxx.com</a><br />
#、90%打工仔一生都不可能知道的秘密！ <a href="http://www.xxx.com">www.xxx.com</a><br />
#、你穷，因为你没有野心！赚到钱才是硬道理！<a href="http://www.xxx.com">www.xxx.com</a><br />
#、一步一步来真正教你做网赚！日赚500真不难！<a href="http://www.xxx.com">www.xxx.com</a><br />
#、不敢说你不做，只能说你不懂&mdash;&mdash;整合营销你懂多少 <a href="http://www.xxx.com">www.xxx.com</a><br />
#、任何赚钱的项目，你不懂的技巧和方法，我在3天内却轻松掌握，并赚了800元！<a href="http://www.xxx.com">www.xxx.com</a><br />
#、不是我不给你赚钱的机会，现在只限前10名获取：抓住就抓住了。抓不住就跑掉了。<a href="http://www.xxx.com">www.xxx.com</a><br />
#、做网赚，不赚钱就是不道德！你懂得！日赚多少你说了算：<a href="http://www.xxx.com">www.xxx.com</a><br />
#、2014年【先机】互联网整合自动化赚钱。<a href="http://www.xxx.com">www.xxx.com</a> 不是所有自动化都教自动化。<br />
#、不做这个你就输了。我做了 就赚到了。<a href="http://www.xxx.com">www.xxx.com</a> 非常时期，非常赚钱。<br />
#、没有压力，没有苦逼！在这里赚钱非常轻松：<a href="http://www.xxx.com">www.xxx.com</a> 本人亲测试！！<br />
#、数据库赚钱算啥？做不好也垃圾。看看这位牛人：<a href="http://www.xxx.com">www.xxx.com</a><br />
#、力所能及赚点钱，比啥都好，今日干包收入800元。不来你就错过了，<a href="http://www.xxx.com">www.xxx.com</a><br />
#、把数据库营销，做成垃圾库。效果达到10倍以上。赚钱只是一个数字。什么概念？<a href="http://www.xxx.com">www.xxx.com</a></p>

<p>注意 ：<br />
1、 <a href="http://www.xxx.com">www.xxx.com</a> 替换成你的分销商链接。<br />
2、广告创意你可以自由发挥。有吸引力，标题不要太长。简短一点。突出特点。<br />
3、你可以按照上面的广告词进行一个 &ldquo;搭配&rdquo;</p>
', title='111' where id=9
23:47:38 use a0122145834;
23:47:38 set names utf8;
23:47:38 select * from configs
23:47:38 select * from admins where id=1
23:47:38 select * from articles where id=9
23:47:44 use a0122145834;
23:47:44 set names utf8;
23:47:44 select * from configs
23:47:44 select * from users where id=35
23:47:44 select count(id) from users where spreader_id='35'
23:47:44 select * from images
23:47:44 select * from article_type
23:47:44 select * from article_type where id='0'
23:47:44 select count(id) from articles where type_id='0' order by add_time desc
23:47:44 select * from articles where type_id='0' order by add_time desc limit 0,5
23:47:47 use a0122145834;
23:47:47 set names utf8;
23:47:47 select * from configs
23:47:47 select * from users where id=35
23:47:47 select count(id) from users where spreader_id='35'
23:47:47 select * from images
23:47:47 select * from article_type
23:47:47 select * from article_type where id='0'
23:47:47 select count(id) from articles where type_id='0' order by add_time desc
23:47:47 select * from articles where type_id='0' order by add_time desc limit 5,5
23:47:49 use a0122145834;
23:47:49 set names utf8;
23:47:49 select * from configs
23:47:49 select * from users where id=35
23:47:49 select count(id) from users where spreader_id='35'
23:47:49 select * from images
23:47:49 select * from article_type
23:47:49 select * from article_type where id='0'
23:47:49 select count(id) from articles where type_id='0' order by add_time desc
23:47:49 select * from articles where type_id='0' order by add_time desc limit 5,5
23:47:51 use a0122145834;
23:47:51 set names utf8;
23:47:51 select * from configs
23:47:51 select * from users where id=35
23:47:51 select count(id) from users where spreader_id='35'
23:47:51 select * from images
23:47:51 select type_id from articles where id='9'
23:47:51 select * from articles where id='9'
23:48:09 use a0122145834;
23:48:09 set names utf8;
23:48:09 select * from configs
23:48:16 use a0122145834;
23:48:16 set names utf8;
23:48:16 select * from configs
23:48:16 select * from users where id=35
23:48:16 select count(id) from users where spreader_id='35'
23:48:16 select * from images
23:48:16 select type_id from articles where id='9'
23:48:16 select * from articles where id='9'
23:50:14 use a0122145834;
23:50:14 set names utf8;
23:50:14 select * from configs
23:50:14 select * from admins where id=1
23:50:14 update articles set type_id=0, content='<p><span style="font-size:16px">下面是广告语、广告词</span></p>

<p><span style="font-size:16px">#、如果你愿意花一点点宝贵的时间去看完久恒营销完整版创富梦想视频，也许您就此改变，马上点击注册，领取月入十万绝密课程 www.xxx.com<br />
#、全球第一套《久恒自动化营销系统》震撼首发 www.xxx.com<br />
#、90%打工仔一生都不可能知道的秘密！ www.xxx.com<br />
#、你穷，因为你没有野心！赚到钱才是硬道理！www.xxx.com<br />
#、一步一步来真正教你做网赚！日赚500真不难！www.xxx.com<br />
#、不敢说你不做，只能说你不懂&mdash;&mdash;整合营销你懂多少 www.xxx.com<br />
#、任何赚钱的项目，你不懂的技巧和方法，我在3天内却轻松掌握，并赚了800元！www.xxx.com<br />
#、不是我不给你赚钱的机会，现在只限前10名获取：抓住就抓住了。抓不住就跑掉了。www.xxx.com<br />
#、做网赚，不赚钱就是不道德！你懂得！日赚多少你说了算：www.xxx.com<br />
#、2014年【先机】互联网整合自动化赚钱。www.xxx.com 不是所有自动化都教自动化。<br />
#、不做这个你就输了。我做了 就赚到了。www.xxx.com 非常时期，非常赚钱。<br />
#、没有压力，没有苦逼！在这里赚钱非常轻松：www.xxx.com 本人亲测试！！<br />
#、数据库赚钱算啥？做不好也垃圾。看看这位牛人：www.xxx.com<br />
#、力所能及赚点钱，比啥都好，今日干包收入800元。不来你就错过了，www.xxx.com<br />
#、把数据库营销，做成垃圾库。效果达到10倍以上。赚钱只是一个数字。什么概念？www.xxx.com</span></p>

<p><span style="font-size:16px">注意 ：<br />
1、 www.xxx.com 替换成你的分销商链接。<br />
2、广告创意你可以自由发挥。有吸引力，标题不要太长。简短一点。突出特点。<br />
3、你可以按照上面的广告词进行一个 &ldquo;搭配&rdquo;</span></p>
', title='111' where id=9
23:50:15 use a0122145834;
23:50:15 set names utf8;
23:50:15 select * from configs
23:50:15 select * from admins where id=1
23:50:15 select * from articles where id=9
23:50:21 use a0122145834;
23:50:21 set names utf8;
23:50:21 select * from configs
23:50:21 select * from users where id=35
23:50:21 select count(id) from users where spreader_id='35'
23:50:21 select * from images
23:50:21 select type_id from articles where id='9'
23:50:21 select * from articles where id='9'
23:50:59 use a0122145834;
23:50:59 set names utf8;
23:50:59 select * from configs
23:50:59 select * from admins where id=1
23:50:59 update articles set type_id=0, content='<p><span style="font-size:16px">下面是广告语、广告词</span></p>

<p><span style="font-size:16px">#、如果你愿意花一点点宝贵的时间去看完久恒营销完整版创富梦想视频，也许您就此改变，马上点击注册，领取月入十万绝密课程 www.xxx.com<br />
#、全球第一套《久恒自动化营销系统》震撼首发 www.xxx.com<br />
#、90%打工仔一生都不可能知道的秘密！ www.xxx.com<br />
#、你穷，因为你没有野心！赚到钱才是硬道理！www.xxx.com<br />
#、一步一步来真正教你做网赚！日赚500真不难！www.xxx.com<br />
#、不敢说你不做，只能说你不懂&mdash;&mdash;整合营销你懂多少 www.xxx.com<br />
#、任何赚钱的项目，你不懂的技巧和方法，我在3天内却轻松掌握，并赚了800元！www.xxx.com<br />
#、不是我不给你赚钱的机会，现在只限前10名获取：抓住就抓住了。抓不住就跑掉了。www.xxx.com<br />
#、做网赚，不赚钱就是不道德！你懂得！日赚多少你说了算：www.xxx.com<br />
#、2014年【先机】互联网整合自动化赚钱。www.xxx.com 不是所有自动化都教自动化。<br />
#、不做这个你就输了。我做了 就赚到了。www.xxx.com 非常时期，非常赚钱。<br />
#、没有压力，没有苦逼！在这里赚钱非常轻松：www.xxx.com 本人亲测试！！<br />
#、数据库赚钱算啥？做不好也垃圾。看看这位牛人：www.xxx.com<br />
#、力所能及赚点钱，比啥都好，今日干包收入800元。不来你就错过了，www.xxx.com<br />
#、把数据库营销，做成垃圾库。效果达到10倍以上。赚钱只是一个数字。什么概念？www.xxx.com</span></p>

<p><span style="font-size:16px">注意 ：<br />
1、 www.xxx.com 替换成你的分销商链接。<br />
2、广告创意你可以自由发挥。有吸引力，标题不要太长。简短一点。突出特点。<br />
3、你可以按照上面的广告词进行一个 &ldquo;搭配&rdquo;</span></p>
', title='【如何推广】' where id=9
23:51:00 use a0122145834;
23:51:00 set names utf8;
23:51:00 select * from configs
23:51:00 select * from admins where id=1
23:51:00 select * from articles where id=9
23:51:05 use a0122145834;
23:51:05 set names utf8;
23:51:05 select * from configs
23:51:05 select * from users where id=35
23:51:05 select count(id) from users where spreader_id='35'
23:51:05 select * from images
23:51:05 select type_id from articles where id='9'
23:51:05 select * from articles where id='9'
23:51:14 use a0122145834;
23:51:14 set names utf8;
23:51:14 select * from configs
23:51:14 select * from users where id=35
23:51:14 select count(id) from users where spreader_id='35'
23:51:14 select * from images
23:51:14 select * from article_type
23:51:14 select count(id) from articles order by add_time desc
23:51:14 select * from articles order by add_time desc limit 0,5
23:51:17 use a0122145834;
23:51:17 set names utf8;
23:51:17 select * from configs
23:51:17 select * from users where id=35
23:51:17 select count(id) from users where spreader_id='35'
23:51:17 select * from images
23:51:17 select type_id from articles where id='26'
23:51:17 select * from articles where id='26'
23:51:27 use a0122145834;
23:51:28 set names utf8;
23:51:28 select * from configs
23:51:28 select * from users where id=35
23:51:28 select count(id) from users where spreader_id='35'
23:51:28 select * from images
23:51:28 select type_id from articles where id='20'
23:51:28 select * from articles where id='20'
23:54:23 use a0122145834;
23:54:23 set names utf8;
23:54:23 select * from configs
23:54:23 select * from admins where id=1
23:54:23 update articles set type_id=0, content='<p><span style="font-size:16px">下面是广告语、广告词</span></p>

<p><span style="font-size:16px">#、如果你愿意花一点点宝贵的时间去看完久恒营销完整版创富梦想视频，也许您就此改变，马上点击注册，领取月入十万绝密课程 www.xxx.com<br />
#、全球第一套《久恒自动化营销系统》震撼首发 www.xxx.com<br />
#、90%打工仔一生都不可能知道的秘密！ www.xxx.com<br />
#、你穷，因为你没有野心！赚到钱才是硬道理！www.xxx.com<br />
#、一步一步来真正教你做网赚！日赚500真不难！www.xxx.com<br />
#、不敢说你不做，只能说你不懂&mdash;&mdash;整合营销你懂多少 www.xxx.com<br />
#、任何赚钱的项目，你不懂的技巧和方法，我在3天内却轻松掌握，并赚了800元！www.xxx.com<br />
#、不是我不给你赚钱的机会，现在只限前10名获取：抓住就抓住了。抓不住就跑掉了。www.xxx.com<br />
#、做网赚，不赚钱就是不道德！你懂得！日赚多少你说了算：www.xxx.com<br />
#、2014年【先机】互联网整合自动化赚钱。www.xxx.com 不是所有自动化都教自动化。<br />
#、不做这个你就输了。我做了 就赚到了。www.xxx.com 非常时期，非常赚钱。<br />
#、没有压力，没有苦逼！在这里赚钱非常轻松：www.xxx.com 本人亲测试！！<br />
#、数据库赚钱算啥？做不好也垃圾。看看这位牛人：www.xxx.com<br />
#、力所能及赚点钱，比啥都好，今日干包收入800元。不来你就错过了，www.xxx.com<br />
#、把数据库营销，做成垃圾库。效果达到10倍以上。赚钱只是一个数字。什么概念？www.xxx.com</span></p>

<p><span style="font-size:16px">注意 ：<br />
1、 www.xxx.com 替换成你的分销商链接。<br />
2、广告创意你可以自由发挥。有吸引力，标题不要太长。简短一点。突出特点。<br />
3、你可以按照上面的广告词进行一个 &ldquo;搭配&rdquo;</span></p>
', title='如何推广，学习精品课程' where id=9
23:54:24 use a0122145834;
23:54:24 set names utf8;
23:54:24 select * from configs
23:54:24 select * from admins where id=1
23:54:24 select * from articles where id=9
23:54:27 use a0122145834;
23:54:27 set names utf8;
23:54:27 select * from configs
23:54:27 select * from users where id=35
23:54:27 select count(id) from users where spreader_id='35'
23:54:27 select * from images
23:54:27 select type_id from articles where id='9'
23:54:27 select * from articles where id='9'
23:55:19 use a0122145834;
23:55:19 set names utf8;
23:55:19 select * from configs
23:55:19 select * from users where id=35
23:55:19 select count(id) from users where spreader_id='35'
23:55:19 select * from images
23:55:19 select * from article_type
23:55:19 select * from article_type where id='4'
23:55:19 select count(id) from articles where type_id='4' order by add_time desc
23:55:19 select * from articles where type_id='4' order by add_time desc limit 0,5
23:59:30 use a0122145834;
23:59:30 set names utf8;
23:59:30 select * from configs
23:59:30 select * from users where id=35
23:59:30 select count(id) from users where spreader_id='35'
23:59:30 select * from images
23:59:30 select * from article_type
23:59:30 select * from article_type where id='0'
23:59:30 select count(id) from articles where type_id='0' order by add_time desc
23:59:30 select * from articles where type_id='0' order by add_time desc limit 0,5
23:59:32 use a0122145834;
23:59:32 set names utf8;
23:59:32 select * from configs
23:59:32 select * from users where id=35
23:59:32 select count(id) from users where spreader_id='35'
23:59:32 select * from images
23:59:32 select * from article_type
23:59:32 select * from article_type where id='0'
23:59:32 select count(id) from articles where type_id='0' order by add_time desc
23:59:32 select * from articles where type_id='0' order by add_time desc limit 5,5
23:59:34 use a0122145834;
23:59:34 set names utf8;
23:59:34 select * from configs
23:59:34 select * from users where id=35
23:59:34 select count(id) from users where spreader_id='35'
23:59:34 select * from images
23:59:34 select type_id from articles where id='9'
23:59:34 select * from articles where id='9'
