00:03:11 use a0122145834;
00:03:11 set names utf8;
00:03:11 select * from configs
00:03:11 select * from admins where id=1
00:03:11 update articles set type_id=0, content='<p><span style="color:#ffffff"><span style="font-size:22px"><strong><span style="background-color:#0033ff">下面是广告语、广告词</span></strong></span></span></p>

<p>&nbsp;</p>

<p><span style="font-size:16px">#、2014年推出月入十万系列课程，马上领取 www.xxx.com</span></p>

<p><br />
<span style="font-size:16px">#、过去我没钱、没车没女人，现在我拥有财富自由；现在我把这个秘密分享给你 www.xxx.com</span></p>

<p><br />
<span style="font-size:16px">#、90%打工小伙伴们一生都不可能知道的秘密 www.xxx.com</span></p>

<p>&nbsp;</p>

<p><span style="font-size:16px"><span style="background-color:rgb(255,255,255); color:rgb(51,51,51)">#、全球首发《久恒自动化营销系统》 www.xxx.com</span></span></p>

<p><br />
<span style="font-size:16px">#、今天发现一个不错的项目，分享给大家www.xxx.com</span></p>

<p><br />
<span style="font-size:16px">#、小马哥教你做网商！日赚500真不难www.xxx.com</span></p>

<p><br />
<span style="font-size:16px">#、财富自由、无人值守、现在我已经实现了；你呢？ www.xxx.com</span></p>

<p><br />
<span style="font-size:16px">#、你做任何项目，不赚钱因为不会方法，一天全自动收入1000分享给你www.xxx.com</span></p>

<p><br />
<span style="font-size:16px">#、不是你没有赚钱的机会，而是你不会把握；现在机会轮到你了，抓不住就跑掉了。www.xxx.com</span></p>

<p><br />
<span style="font-size:16px">#、2014年，你再不赚钱就是不道德！你懂得，日赚多少你说了算：www.xxx.com</span></p>

<p><br />
<span style="font-size:16px">#、2014年【先机】互联网整合自动化赚钱。www.xxx.com 不是所有方法都叫自动化。</span></p>

<p><br />
<span style="font-size:16px">#、不做这个你就输了。我做了 就赚到了。www.xxx.com 非常时期，非常赚钱。</span></p>

<p><br />
<span style="font-size:16px">#、没有压力，没有苦逼！在这里赚钱非常轻松：www.xxx.com 本人亲测试；</span></p>

<p><br />
<span style="font-size:16px">#、数据库赚钱算啥？做不好也垃圾。看看这位牛人：www.xxx.com</span></p>

<p><br />
<span style="font-size:16px">#、力所能及赚点钱，比啥都好，今日干包收入800元。不来你就错过了，www.xxx.com</span></p>

<p><br />
<span style="font-size:16px">#、把数据库营销，做成垃圾库。效果达到10倍以上。赚钱只是一个数字。什么概念？www.xxx.com</span></p>

<p>&nbsp;</p>

<p><span style="font-size:22px"><span style="color:#ffffff"><strong><span style="background-color:#ff0000">注意 ：</span></strong></span></span></p>

<p><br />
<span style="font-size:16px">1、 www.xxx.com 替换成你的分销商链接。<br />
2、广告创意你可以自由发挥。有吸引力，标题不要太长。简短一点。突出特点。</span></p>

<p><span style="font-size:16px">(<span style="color:#ff0000">内容最好不要带上&ldquo;网赚&rdquo;两词，这样效果不好，也容易屏蔽</span>）<br />
3、你可以按照上面的广告词进行一个 &ldquo;搭配&rdquo;</span></p>
', title='如何推广，学习精品课程' where id=9
00:03:12 use a0122145834;
00:03:12 set names utf8;
00:03:12 select * from configs
00:03:12 select * from admins where id=1
00:03:12 select * from articles where id=9
00:03:14 use a0122145834;
00:03:14 set names utf8;
00:03:14 select * from configs
00:03:14 select * from users where id=38
00:03:14 select count(id) from users where spreader_id='38'
00:03:14 select * from images
00:03:14 select type_id from articles where id='9'
00:03:14 select * from articles where id='9'
00:05:40 use a0122145834;
00:05:40 set names utf8;
00:05:40 select * from configs
00:05:40 select * from admins where id=1
00:05:40 update articles set type_id=0, content='<p><span style="color:#ffffff"><span style="font-size:22px"><strong><span style="background-color:#0033ff">下面是广告语、广告词</span></strong></span></span></p>

<p>&nbsp;</p>

<p><span style="font-size:16px">#、2014年推出月入十万系列课程，马上领取 www.xxx.com</span></p>

<p><br />
<span style="font-size:16px">#、过去我没钱、没车没女人，现在我拥有财富自由；现在我把这个秘密分享给你 www.xxx.com</span></p>

<p><br />
<span style="font-size:16px">#、90%打工小伙伴们一生都不可能知道的秘密 www.xxx.com</span></p>

<p>&nbsp;</p>

<p><span style="font-size:16px"><span style="background-color:rgb(255,255,255); color:rgb(51,51,51)">#、全球首发《久恒自动化营销系统》 www.xxx.com</span></span></p>

<p><br />
<span style="font-size:16px">#、今天发现一个不错的项目，分享给大家www.xxx.com</span></p>

<p><br />
<span style="font-size:16px">#、小马哥教你做网商！日赚500真不难www.xxx.com</span></p>

<p><br />
<span style="font-size:16px">#、财富自由、无人值守、现在我已经实现了；你呢？ www.xxx.com</span></p>

<p><br />
<span style="font-size:16px">#、你做任何项目，不赚钱因为不会方法，一天全自动收入1000分享给你www.xxx.com</span></p>

<p><br />
<span style="font-size:16px">#、不是你没有赚钱的机会，而是你不会把握；现在机会轮到你了，抓不住就跑掉了。www.xxx.com</span></p>

<p><br />
<span style="font-size:16px">#、2014年，你再不赚钱就是不道德！你懂得，日赚多少你说了算：www.xxx.com</span></p>

<p><br />
<span style="font-size:16px">#、2014年【先机】互联网整合自动化赚钱。www.xxx.com 不是所有方法都叫自动化。</span></p>

<p><br />
<span style="font-size:16px">#、不做这个你就输了。我做了 就赚到了。www.xxx.com 非常时期，非常赚钱。</span></p>

<p><br />
<span style="font-size:16px">#、没有压力，没有苦逼！在这里赚钱非常轻松：www.xxx.com 本人亲测试；</span></p>

<p><br />
<span style="font-size:16px">#、数据库赚钱算啥？做不好也垃圾。看看这位牛人：www.xxx.com</span></p>

<p><br />
<span style="font-size:16px">#、力所能及赚点钱，比啥都好，今日干包收入800元。不来你就错过了，www.xxx.com</span></p>

<p><br />
<span style="font-size:16px">#、把数据库营销，做成垃圾库。效果达到10倍以上。赚钱只是一个数字。什么概念？www.xxx.com</span></p>

<p>&nbsp;</p>

<p><span style="font-size:22px"><span style="color:#ffffff"><strong><span style="background-color:#ff0000">注意 ：</span></strong></span></span></p>

<p><br />
<span style="font-size:16px">1、 www.xxx.com 替换成你的分销商链接。<br />
2、广告创意你可以自由发挥。有吸引力，标题不要太长。简短一点。突出特点。</span></p>

<p><span style="font-size:16px">(<span style="color:#ff0000">内容最好不要带上&ldquo;网赚&rdquo;两词，这样效果不好，也容易屏蔽</span>）<br />
3、你可以按照上面的广告词进行一个 &ldquo;搭配&rdquo;</span></p>

<p>&nbsp;</p>

<p>&nbsp;</p>

<p><span style="font-size:16px">最后小马希望每个朋友都可以在久恒学到自己想到的，也能经过自己的学习赚到属于自己的那份回报！</span></p>
', title='如何推广，学习精品课程' where id=9
00:05:41 use a0122145834;
00:05:41 set names utf8;
00:05:41 select * from configs
00:05:41 select * from admins where id=1
00:05:41 select * from articles where id=9
00:05:44 use a0122145834;
00:05:44 set names utf8;
00:05:44 select * from configs
00:05:44 select * from users where id=38
00:05:44 select count(id) from users where spreader_id='38'
00:05:44 select * from images
00:05:44 select type_id from articles where id='9'
00:05:44 select * from articles where id='9'
00:06:20 use a0122145834;
00:06:20 set names utf8;
00:06:20 select * from configs
00:06:20 select * from admins where id=1
00:06:20 update articles set type_id=0, content='<p><span style="color:#ffffff"><span style="font-size:22px"><strong><span style="background-color:#0033ff">下面是广告语、广告词</span></strong></span></span></p>

<p>&nbsp;</p>

<p><span style="font-size:16px">#、2014年推出月入十万系列课程，马上领取 www.xxx.com</span></p>

<p><br />
<span style="font-size:16px">#、过去我没钱、没车没女人，现在我拥有财富自由；现在我把这个秘密分享给你 www.xxx.com</span></p>

<p><br />
<span style="font-size:16px">#、90%打工小伙伴们一生都不可能知道的秘密 www.xxx.com</span></p>

<p>&nbsp;</p>

<p><span style="font-size:16px"><span style="background-color:rgb(255,255,255); color:rgb(51,51,51)">#、全球首发《久恒自动化营销系统》 www.xxx.com</span></span></p>

<p><br />
<span style="font-size:16px">#、今天发现一个不错的项目，分享给大家www.xxx.com</span></p>

<p><br />
<span style="font-size:16px">#、小马哥教你做网商！日赚500真不难www.xxx.com</span></p>

<p><br />
<span style="font-size:16px">#、财富自由、无人值守、现在我已经实现了；你呢？ www.xxx.com</span></p>

<p><br />
<span style="font-size:16px">#、你做任何项目，不赚钱因为不会方法，一天全自动收入1000分享给你www.xxx.com</span></p>

<p><br />
<span style="font-size:16px">#、不是你没有赚钱的机会，而是你不会把握；现在机会轮到你了，抓不住就跑掉了。www.xxx.com</span></p>

<p><br />
<span style="font-size:16px">#、2014年，你再不赚钱就是不道德！你懂得，日赚多少你说了算：www.xxx.com</span></p>

<p><br />
<span style="font-size:16px">#、2014年【先机】互联网整合自动化赚钱。www.xxx.com 不是所有方法都叫自动化。</span></p>

<p><br />
<span style="font-size:16px">#、不做这个你就输了。我做了 就赚到了。www.xxx.com 非常时期，非常赚钱。</span></p>

<p><br />
<span style="font-size:16px">#、没有压力，没有苦逼！在这里赚钱非常轻松：www.xxx.com 本人亲测试；</span></p>

<p><br />
<span style="font-size:16px">#、数据库赚钱算啥？做不好也垃圾。看看这位牛人：www.xxx.com</span></p>

<p><br />
<span style="font-size:16px">#、力所能及赚点钱，比啥都好，今日干包收入800元。不来你就错过了，www.xxx.com</span></p>

<p><br />
<span style="font-size:16px">#、把数据库营销，做成垃圾库。效果达到10倍以上。赚钱只是一个数字。什么概念？www.xxx.com</span></p>

<p>&nbsp;</p>

<p><span style="font-size:22px"><span style="color:#ffffff"><strong><span style="background-color:#ff0000">注意 ：</span></strong></span></span></p>

<p><br />
<span style="font-size:16px">1、 www.xxx.com 替换成你的分销商链接。<br />
2、广告创意你可以自由发挥。有吸引力，标题不要太长。简短一点。突出特点。</span></p>

<p><span style="font-size:16px">(<span style="color:#ff0000">内容最好不要带上&ldquo;网赚&rdquo;两词，这样效果不好，也容易屏蔽</span>）<br />
3、你可以按照上面的广告词进行一个 &ldquo;搭配&rdquo;</span></p>

<p>&nbsp;</p>

<p>&nbsp;</p>

<p style="text-align: right"><span style="font-size:16px">最后小马希望每个朋友都可以在久恒学到自己想到的，也能经过自己的学习赚到属于自己的那份回报！</span></p>

<p style="text-align: right">&nbsp;</p>
', title='如何推广，学习精品课程' where id=9
00:06:21 use a0122145834;
00:06:21 set names utf8;
00:06:21 select * from configs
00:06:21 select * from admins where id=1
00:06:21 select * from articles where id=9
00:06:24 use a0122145834;
00:06:24 set names utf8;
00:06:24 select * from configs
00:06:24 select * from users where id=38
00:06:24 select count(id) from users where spreader_id='38'
00:06:24 select * from images
00:06:24 select type_id from articles where id='9'
00:06:24 select * from articles where id='9'
00:07:09 use a0122145834;
00:07:09 set names utf8;
00:07:09 select * from configs
00:07:09 select * from admins where id=1
00:07:09 update articles set type_id=0, content='<p><span style="color:#ffffff"><span style="font-size:22px"><strong><span style="background-color:#0033ff">下面是广告语、广告词</span></strong></span></span></p>

<p>&nbsp;</p>

<p><span style="font-size:16px">#、2014年推出月入十万系列课程，马上领取 www.xxx.com</span></p>

<p><br />
<span style="font-size:16px">#、过去我没钱、没车没女人，现在我拥有财富自由；现在我把这个秘密分享给你 www.xxx.com</span></p>

<p><br />
<span style="font-size:16px">#、90%打工小伙伴们一生都不可能知道的秘密 www.xxx.com</span></p>

<p>&nbsp;</p>

<p><span style="font-size:16px"><span style="background-color:rgb(255,255,255); color:rgb(51,51,51)">#、全球首发《久恒自动化营销系统》 www.xxx.com</span></span></p>

<p><br />
<span style="font-size:16px">#、今天发现一个不错的项目，分享给大家www.xxx.com</span></p>

<p><br />
<span style="font-size:16px">#、小马哥教你做网商！日赚500真不难www.xxx.com</span></p>

<p><br />
<span style="font-size:16px">#、财富自由、无人值守、现在我已经实现了；你呢？ www.xxx.com</span></p>

<p><br />
<span style="font-size:16px">#、你做任何项目，不赚钱因为不会方法，一天全自动收入1000分享给你www.xxx.com</span></p>

<p><br />
<span style="font-size:16px">#、不是你没有赚钱的机会，而是你不会把握；现在机会轮到你了，抓不住就跑掉了。www.xxx.com</span></p>

<p><br />
<span style="font-size:16px">#、2014年，你再不赚钱就是不道德！你懂得，日赚多少你说了算：www.xxx.com</span></p>

<p><br />
<span style="font-size:16px">#、2014年【先机】互联网整合自动化赚钱。www.xxx.com 不是所有方法都叫自动化。</span></p>

<p><br />
<span style="font-size:16px">#、不做这个你就输了。我做了 就赚到了。www.xxx.com 非常时期，非常赚钱。</span></p>

<p><br />
<span style="font-size:16px">#、没有压力，没有苦逼！在这里赚钱非常轻松：www.xxx.com 本人亲测试；</span></p>

<p><br />
<span style="font-size:16px">#、数据库赚钱算啥？做不好也垃圾。看看这位牛人：www.xxx.com</span></p>

<p><br />
<span style="font-size:16px">#、力所能及赚点钱，比啥都好，今日干包收入800元。不来你就错过了，www.xxx.com</span></p>

<p><br />
<span style="font-size:16px">#、把数据库营销，做成垃圾库。效果达到10倍以上。赚钱只是一个数字。什么概念？www.xxx.com</span></p>

<p>&nbsp;</p>

<p><span style="font-size:22px"><span style="color:#ffffff"><strong><span style="background-color:#ff0000">注意 ：</span></strong></span></span></p>

<p><br />
<span style="font-size:16px">1、 www.xxx.com 替换成你的分销商链接。<br />
2、广告创意你可以自由发挥。有吸引力，标题不要太长。简短一点。突出特点。</span></p>

<p><span style="font-size:16px">(<span style="color:#ff0000">内容最好不要带上&ldquo;网赚&rdquo;两词，这样效果不好，也容易屏蔽</span>）<br />
3、你可以按照上面的广告词进行一个 &ldquo;搭配&rdquo;</span></p>

<p>&nbsp;</p>

<p>&nbsp;</p>

<p style="text-align: right"><span style="font-size:16px">最后小马希望每个朋友都可以在久恒学到自己想要的，也能经过自己的努力赚到属于自己的那份回报！</span></p>

<p style="text-align: right">&nbsp;</p>
', title='如何推广，学习精品课程' where id=9
00:07:10 use a0122145834;
00:07:10 set names utf8;
00:07:10 select * from configs
00:07:10 select * from admins where id=1
00:07:10 select * from articles where id=9
00:10:37 use a0122145834;
00:10:37 set names utf8;
00:10:37 select * from configs
00:10:37 select * from admins where id=1
00:10:37 update articles set type_id=0, content='<p><span style="color:#ffffff"><span style="font-size:22px"><strong><span style="background-color:#0033ff">下面是广告语、广告词</span></strong></span></span></p>

<p>&nbsp;</p>

<p><span style="font-size:16px">#、2014年推出月入十万系列课程，马上领取 www.xxx.com</span></p>

<p><br />
<span style="font-size:16px">#、过去我没钱、没车没女人，现在我拥有财富自由；现在我把这个秘密分享给你 www.xxx.com</span></p>

<p><br />
<span style="font-size:16px">#、90%打工小伙伴们一生都不可能知道的秘密 www.xxx.com</span></p>

<p>&nbsp;</p>

<p><span style="font-size:16px"><span style="background-color:rgb(255,255,255); color:rgb(51,51,51)">#、全球首发《久恒自动化营销系统》 www.xxx.com</span></span></p>

<p><br />
<span style="font-size:16px">#、今天发现一个不错的项目，分享给大家www.xxx.com</span></p>

<p><br />
<span style="font-size:16px">#、小马哥教你做网商！日赚500真不难www.xxx.com</span></p>

<p><br />
<span style="font-size:16px">#、财富自由、无人值守、现在我已经实现了；你呢？ www.xxx.com</span></p>

<p><br />
<span style="font-size:16px">#、你做任何项目，不赚钱因为不会方法，一天全自动收入1000分享给你www.xxx.com</span></p>

<p><br />
<span style="font-size:16px">#、不是你没有赚钱的机会，而是你不会把握；现在机会轮到你了，抓不住就跑掉了。www.xxx.com</span></p>

<p><br />
<span style="font-size:16px">#、2014年，你再不赚钱就是不道德！你懂得，日赚多少你说了算：www.xxx.com</span></p>

<p><br />
<span style="font-size:16px">#、2014年【先机】互联网整合自动化赚钱。www.xxx.com 不是所有方法都叫自动化。</span></p>

<p><br />
<span style="font-size:16px">#、不做这个你就输了。我做了 就赚到了。www.xxx.com 非常时期，非常赚钱。</span></p>

<p><br />
<span style="font-size:16px">#、没有压力，没有苦逼！在这里赚钱非常轻松：www.xxx.com 本人亲测试；</span></p>

<p><br />
<span style="font-size:16px">#、数据库赚钱算啥？做不好也垃圾。看看这位牛人：www.xxx.com</span></p>

<p><br />
<span style="font-size:16px">#、力所能及赚点钱，比啥都好，今日干包收入800元。不来你就错过了，www.xxx.com</span></p>

<p><br />
<span style="font-size:16px">#、不要在那光说不练了，我们已经老了，钱是赚出来的，不是想出来的www.xxx.com</span></p>

<p>&nbsp;</p>

<p><span style="font-size:22px"><span style="color:#ffffff"><strong><span style="background-color:#ff0000">注意 ：</span></strong></span></span></p>

<p><br />
<span style="font-size:16px">1、 www.xxx.com 替换成你的分销商链接。<br />
2、广告创意你可以自由发挥。有吸引力，标题不要太长。简短一点。突出特点。</span></p>

<p><span style="font-size:16px">(<span style="color:#ff0000">内容最好不要带上&ldquo;网赚&rdquo;两词，这样效果不好，也容易屏蔽</span>）<br />
3、你可以按照上面的广告词进行一个 &ldquo;搭配&rdquo;</span></p>

<p>&nbsp;</p>

<p>&nbsp;</p>

<p style="text-align: right"><span style="font-size:16px">最后小马希望每个朋友都可以在久恒学到自己想要的，也能经过自己的努力赚到属于自己的那份回报！</span></p>

<p style="text-align: right">&nbsp;</p>
', title='如何推广，学习精品课程' where id=9
00:10:38 use a0122145834;
00:10:38 set names utf8;
00:10:38 select * from configs
00:10:38 select * from admins where id=1
00:10:38 select * from articles where id=9
00:10:40 use a0122145834;
00:10:40 set names utf8;
00:10:40 select * from configs
00:10:40 select * from users where id=38
00:10:40 select count(id) from users where spreader_id='38'
00:10:40 select * from images
00:10:40 select type_id from articles where id='9'
00:10:40 select * from articles where id='9'
00:10:58 use a0122145834;
00:10:58 set names utf8;
00:10:58 select * from configs
00:10:58 select * from users where id=38
00:10:58 select count(id) from users where spreader_id='38'
00:10:58 select * from images
00:10:58 select * from article_type
00:10:58 select * from article_type where id='0'
00:10:58 select count(id) from articles where type_id='0' order by add_time desc
00:10:58 select * from articles where type_id='0' order by add_time desc limit 0,5
00:16:22 use a0122145834;
00:16:22 set names utf8;
00:16:22 select * from configs
00:17:56 use a0122145834;
00:17:56 set names utf8;
00:17:56 select * from configs
00:17:56 select * from admins where id=1
00:17:56 select count(o.id) from articles as o left join article_type as u on u.id=o.type_id 
00:17:56 select o.id,o.title,o.add_time,u.type_name from articles as o left join article_type as u on u.id=o.type_id  limit 0,20
00:19:01 use a0122145834;
00:19:01 set names utf8;
00:19:01 select * from configs
00:20:19 use a0122145834;
00:20:19 set names utf8;
00:20:19 select * from configs
00:20:19 select * from users where id=38
00:20:19 select count(id) from users where spreader_id='38'
00:20:19 select * from images
00:20:27 use a0122145834;
00:20:27 set names utf8;
00:20:27 select * from configs
00:20:27 select * from users where id=38
00:20:27 select count(id) from users where spreader_id='38'
00:20:27 select * from images
00:25:31 use a0122145834;
00:25:31 set names utf8;
00:25:31 select * from configs
00:25:31 select * from users where id=38
00:25:31 select count(id) from users where spreader_id='38'
00:25:31 select * from images
00:25:31 select count(id) from income where user_id=38
00:25:31 select * from income where user_id=38 limit 0,5
00:27:04 use a0122145834;
00:27:04 set names utf8;
00:27:04 select * from configs
00:27:52 use a0122145834;
00:27:52 set names utf8;
00:27:52 select * from configs
00:29:24 use a0122145834;
00:29:24 set names utf8;
00:29:24 select * from configs
00:29:24 select * from users where id=38
00:29:24 select count(id) from users where spreader_id='38'
00:29:24 select * from images
00:29:24 select count(id) from income where user_id=38
00:29:24 select * from income where user_id=38 limit 0,5
00:35:24 use a0122145834;
00:35:24 set names utf8;
00:35:24 select * from configs
00:35:24 select * from users where id=38
00:35:24 select count(id) from users where spreader_id='38'
00:35:24 select * from images
00:35:24 select count(id) from income where user_id=38
00:35:24 select * from income where user_id=38 limit 0,5
00:38:15 use a0122145834;
00:38:15 set names utf8;
00:38:15 select * from configs
00:38:15 select * from users where id=38
00:38:15 select count(id) from users where spreader_id='38'
00:38:15 select * from images
00:38:16 use a0122145834;
00:38:16 set names utf8;
00:38:17 select * from configs
00:38:17 select * from users where id=38
00:38:17 select count(id) from users where spreader_id='38'
00:38:17 select * from images
00:38:30 use a0122145834;
00:38:30 set names utf8;
00:38:30 select * from configs
00:38:30 select * from users where id=38
00:38:30 select count(id) from users where spreader_id='38'
00:38:30 select * from images
00:38:30 select * from goods where need_top=1 and need_hidden=0 order by id desc limit 0,5
00:38:30 select count(id) from goods where need_top=0 and need_hidden=0 order by id desc
00:38:30 select * from goods where need_top=0 and need_hidden=0 order by id desc limit 0,5
00:38:37 use a0122145834;
00:38:37 set names utf8;
00:38:37 select * from configs
00:38:37 select * from users where id=38
00:38:37 select count(id) from users where spreader_id='38'
00:38:37 select * from images
00:38:40 use a0122145834;
00:38:41 set names utf8;
00:38:41 select * from configs
00:38:41 select * from users where id=38
00:38:41 select count(id) from users where spreader_id='38'
00:38:41 select * from images
00:38:43 use a0122145834;
00:38:43 set names utf8;
00:38:43 select * from configs
00:38:43 select * from users where id=38
00:38:45 use a0122145834;
00:38:45 set names utf8;
00:38:45 select * from configs
00:38:45 select * from users where id=38
00:38:45 select count(id) from users where spreader_id='38'
00:38:45 select * from images
00:38:45 select * from goods where need_top=1 and need_hidden=0 order by id desc limit 0,5
00:38:45 select count(id) from goods where need_top=0 and need_hidden=0 order by id desc
00:38:45 select * from goods where need_top=0 and need_hidden=0 order by id desc limit 0,5
00:38:48 use a0122145834;
00:38:48 set names utf8;
00:38:48 select * from configs
00:38:48 select * from users where id=38
00:38:54 use a0122145834;
00:38:54 set names utf8;
00:38:54 select * from configs
00:38:54 select * from users where id=38
00:38:54 select count(id) from users where spreader_id='38'
00:38:54 select * from images
00:38:54 select * from goods where need_top=1 and need_hidden=0 order by id desc limit 0,5
00:38:54 select count(id) from goods where need_top=0 and need_hidden=0 order by id desc
00:38:54 select * from goods where need_top=0 and need_hidden=0 order by id desc limit 0,5
00:41:23 use a0122145834;
00:41:23 set names utf8;
00:41:23 select * from configs
00:41:23 select * from users where id=38
00:41:23 select count(id) from users where spreader_id='38'
00:41:23 select * from images
00:41:23 select * from article_type
00:41:23 select * from article_type where id='0'
00:41:23 select count(id) from articles where type_id='0' order by add_time desc
00:41:23 select * from articles where type_id='0' order by add_time desc limit 0,5
00:41:31 use a0122145834;
00:41:31 set names utf8;
00:41:31 select * from configs
00:41:31 select * from users where id=38
00:41:31 select count(id) from users where spreader_id='38'
00:41:31 select * from images
00:41:31 use a0122145834;
00:41:31 set names utf8;
00:41:31 select * from configs
00:41:31 select * from users where id=38
00:41:31 use a0122145834;
00:41:31 set names utf8;
00:41:31 select * from configs
00:41:31 select * from users where id=38
00:41:31 select count(id) from users where spreader_id='38'
00:41:31 select * from images
00:41:31 select * from goods where need_top=1 and need_hidden=0 order by id desc limit 0,5
00:41:31 select count(id) from goods where need_top=0 and need_hidden=0 order by id desc
00:41:31 select * from goods where need_top=0 and need_hidden=0 order by id desc limit 0,5
00:41:34 use a0122145834;
00:41:34 set names utf8;
00:41:34 select * from configs
00:41:34 select * from users where id=38
00:41:34 select count(id) from users where spreader_id='38'
00:41:34 select * from images
00:41:34 select * from article_type
00:41:34 select * from article_type where id='0'
00:41:34 select count(id) from articles where type_id='0' order by add_time desc
00:41:34 select * from articles where type_id='0' order by add_time desc limit 0,5
00:41:36 use a0122145834;
00:41:36 set names utf8;
00:41:36 select * from configs
00:41:36 select * from users where id=38
00:41:36 select count(id) from users where spreader_id='38'
00:41:36 select * from images
00:41:36 select type_id from articles where id='16'
00:41:36 select * from articles where id='16'
00:41:43 use a0122145834;
00:41:43 set names utf8;
00:41:43 select * from configs
00:41:43 select * from users where id=38
00:41:43 select count(id) from users where spreader_id='38'
00:41:43 select * from images
00:41:43 select * from article_type
00:41:43 select count(id) from articles order by add_time desc
00:41:43 select * from articles order by add_time desc limit 0,5
00:41:59 use a0122145834;
00:41:59 set names utf8;
00:41:59 select * from configs
00:41:59 select * from users where id=38
00:41:59 select count(id) from users where spreader_id='38'
00:41:59 select * from images
00:41:59 select * from article_type
00:41:59 select count(id) from articles order by add_time desc
00:41:59 select * from articles order by add_time desc limit 5,5
00:42:04 use a0122145834;
00:42:04 set names utf8;
00:42:04 select * from configs
00:42:04 select * from users where id=38
00:42:04 select count(id) from users where spreader_id='38'
00:42:04 select * from images
00:42:04 select * from article_type
00:42:04 select count(id) from articles order by add_time desc
00:42:04 select * from articles order by add_time desc limit 15,5
00:42:08 use a0122145834;
00:42:08 set names utf8;
00:42:08 select * from configs
00:42:08 select * from users where id=38
00:42:08 select count(id) from users where spreader_id='38'
00:42:08 select * from images
00:42:08 select * from article_type
00:42:08 select count(id) from articles order by add_time desc
00:42:08 select * from articles order by add_time desc limit 20,5
00:42:11 use a0122145834;
00:42:11 set names utf8;
00:42:11 select * from configs
00:42:11 select * from users where id=38
00:42:11 select count(id) from users where spreader_id='38'
00:42:11 select * from images
00:42:11 select * from article_type
00:42:11 select count(id) from articles order by add_time desc
00:42:11 select * from articles order by add_time desc limit 0,5
00:42:18 use a0122145834;
00:42:18 set names utf8;
00:42:18 select * from configs
00:42:18 select * from users where id=38
00:42:18 select count(id) from users where spreader_id='38'
00:42:18 select * from images
00:42:18 select type_id from articles where id='24'
00:42:21 use a0122145834;
00:42:21 set names utf8;
00:42:21 select * from configs
00:42:21 select * from users where id=38
00:42:21 select count(id) from users where spreader_id='38'
00:42:21 select * from images
00:42:21 select * from goods where need_top=1 and need_hidden=0 order by id desc limit 0,5
00:42:21 select count(id) from goods where need_top=0 and need_hidden=0 order by id desc
00:42:21 select * from goods where need_top=0 and need_hidden=0 order by id desc limit 0,5
00:42:24 use a0122145834;
00:42:24 set names utf8;
00:42:24 select * from configs
00:42:24 select * from users where id=38
00:42:24 select count(id) from users where spreader_id='38'
00:42:25 select * from images
00:42:25 select * from article_type
00:42:25 select * from article_type where id='0'
00:42:25 select count(id) from articles where type_id='0' order by add_time desc
00:42:25 select * from articles where type_id='0' order by add_time desc limit 0,5
00:42:29 use a0122145834;
00:42:29 set names utf8;
00:42:29 select * from configs
00:42:29 select * from users where id=38
00:42:29 select count(id) from users where spreader_id='38'
00:42:29 select * from images
00:42:29 select type_id from articles where id='15'
00:42:29 select * from articles where id='15'
00:42:36 use a0122145834;
00:42:36 set names utf8;
00:42:36 select * from configs
00:42:36 select * from users where id=38
00:42:36 select count(id) from users where spreader_id='38'
00:42:36 select * from images
00:42:36 select * from article_type
00:42:36 select count(id) from articles order by add_time desc
00:42:36 select * from articles order by add_time desc limit 0,5
00:43:23 use a0122145834;
00:43:23 set names utf8;
00:43:23 select * from configs
00:43:23 select * from users where id=38
00:43:23 select count(id) from users where spreader_id='38'
00:43:23 select * from images
00:43:23 select * from article_type
00:43:23 select count(id) from articles order by add_time desc
00:43:23 select * from articles order by add_time desc limit 5,5
00:43:27 use a0122145834;
00:43:27 set names utf8;
00:43:27 select * from configs
00:43:27 select * from users where id=38
00:43:27 select count(id) from users where spreader_id='38'
00:43:27 select * from images
00:43:27 select * from article_type
00:43:27 select count(id) from articles order by add_time desc
00:43:27 select * from articles order by add_time desc limit 10,5
00:43:29 use a0122145834;
00:43:29 set names utf8;
00:43:29 select * from configs
00:43:29 select * from users where id=38
00:43:29 select count(id) from users where spreader_id='38'
00:43:29 select * from images
00:43:29 select * from article_type
00:43:29 select count(id) from articles order by add_time desc
00:43:29 select * from articles order by add_time desc limit 15,5
00:43:46 use a0122145834;
00:43:46 set names utf8;
00:43:46 select * from configs
00:43:46 select * from users where id=38
00:43:46 select count(id) from users where spreader_id='38'
00:43:46 select * from images
00:43:46 select * from article_type
00:43:46 select count(id) from articles order by add_time desc
00:43:46 select * from articles order by add_time desc limit 0,5
00:43:54 use a0122145834;
00:43:54 set names utf8;
00:43:54 select * from configs
00:43:54 select * from users where id=38
00:43:54 select count(id) from users where spreader_id='38'
00:43:54 select * from images
00:43:54 select * from article_type
00:43:54 select count(id) from articles order by add_time desc
00:43:54 select * from articles order by add_time desc limit 5,5
00:43:57 use a0122145834;
00:43:57 set names utf8;
00:43:57 select * from configs
00:43:57 select * from users where id=38
00:43:57 select count(id) from users where spreader_id='38'
00:43:57 select * from images
00:43:57 select * from article_type
00:43:57 select count(id) from articles order by add_time desc
00:43:57 select * from articles order by add_time desc limit 10,5
00:43:59 use a0122145834;
00:43:59 set names utf8;
00:43:59 select * from configs
00:43:59 select * from users where id=38
00:43:59 select count(id) from users where spreader_id='38'
00:43:59 select * from images
00:43:59 select * from article_type
00:43:59 select count(id) from articles order by add_time desc
00:43:59 select * from articles order by add_time desc limit 15,5
00:44:02 use a0122145834;
00:44:02 set names utf8;
00:44:02 select * from configs
00:44:02 select * from users where id=38
00:44:02 select count(id) from users where spreader_id='38'
00:44:02 select * from images
00:44:02 select * from article_type
00:44:02 select count(id) from articles order by add_time desc
00:44:02 select * from articles order by add_time desc limit 20,5
00:44:34 use a0122145834;
00:44:34 set names utf8;
00:44:34 select * from configs
00:44:34 select * from users where id=38
00:44:34 select count(id) from users where spreader_id='38'
00:44:34 select * from images
00:44:35 select type_id from articles where id='6'
00:44:36 use a0122145834;
00:44:36 set names utf8;
00:44:36 select * from configs
00:44:36 select * from users where id=38
00:44:36 select count(id) from users where spreader_id='38'
00:44:36 select * from images
00:44:36 select * from goods where need_top=1 and need_hidden=0 order by id desc limit 0,5
00:44:36 select count(id) from goods where need_top=0 and need_hidden=0 order by id desc
00:44:36 select * from goods where need_top=0 and need_hidden=0 order by id desc limit 0,5
00:44:39 use a0122145834;
00:44:39 set names utf8;
00:44:39 select * from configs
00:44:39 select * from users where id=38
00:44:39 select count(id) from users where spreader_id='38'
00:44:39 select * from images
00:44:39 select * from article_type
00:44:39 select * from article_type where id='0'
00:44:39 select count(id) from articles where type_id='0' order by add_time desc
00:44:39 select * from articles where type_id='0' order by add_time desc limit 0,5
00:44:41 use a0122145834;
00:44:41 set names utf8;
00:44:41 select * from configs
00:44:41 select * from users where id=38
00:44:41 select count(id) from users where spreader_id='38'
00:44:41 select * from images
00:44:41 select type_id from articles where id='16'
00:44:41 select * from articles where id='16'
00:44:45 use a0122145834;
00:44:45 set names utf8;
00:44:45 select * from configs
00:44:45 select * from users where id=38
00:44:45 select count(id) from users where spreader_id='38'
00:44:45 select * from images
00:44:45 select * from article_type
00:44:45 select count(id) from articles order by add_time desc
00:44:45 select * from articles order by add_time desc limit 0,5
00:45:11 use a0122145834;
00:45:11 set names utf8;
00:45:11 select * from configs
00:45:11 select * from users where id=38
00:45:11 select count(id) from users where spreader_id='38'
00:45:11 select * from images
00:45:11 select * from article_type
00:45:11 select count(id) from articles order by add_time desc
00:45:11 select * from articles order by add_time desc limit 15,5
00:45:14 use a0122145834;
00:45:14 set names utf8;
00:45:14 select * from configs
00:45:14 select * from users where id=38
00:45:14 select count(id) from users where spreader_id='38'
00:45:14 select * from images
00:45:14 select type_id from articles where id='8'
00:45:14 select * from articles where id='8'
00:45:23 use a0122145834;
00:45:23 set names utf8;
00:45:23 select * from configs
00:45:23 select * from users where id=38
00:45:23 select count(id) from users where spreader_id='38'
00:45:23 select * from images
00:45:23 select * from article_type
00:45:23 select * from article_type where id='0'
00:45:23 select count(id) from articles where type_id='0' order by add_time desc
00:45:23 select * from articles where type_id='0' order by add_time desc limit 0,5
00:45:32 use a0122145834;
00:45:32 set names utf8;
00:45:32 select * from configs
00:45:32 select * from users where id=38
00:45:32 select count(id) from users where spreader_id='38'
00:45:32 select * from images
00:45:32 select type_id from articles where id='16'
00:45:32 select * from articles where id='16'
00:45:41 use a0122145834;
00:45:41 set names utf8;
00:45:41 select * from configs
00:45:41 select * from users where id=38
00:45:41 select count(id) from users where spreader_id='38'
00:45:41 select * from images
00:45:41 select type_id from articles where id='19'
00:45:43 use a0122145834;
00:45:43 set names utf8;
00:45:43 select * from configs
00:45:43 select * from users where id=38
00:45:43 select count(id) from users where spreader_id='38'
00:45:43 select * from images
00:45:43 select * from goods where need_top=1 and need_hidden=0 order by id desc limit 0,5
00:45:43 select count(id) from goods where need_top=0 and need_hidden=0 order by id desc
00:45:43 select * from goods where need_top=0 and need_hidden=0 order by id desc limit 0,5
00:45:47 use a0122145834;
00:45:47 set names utf8;
00:45:47 select * from configs
00:45:47 select * from users where id=38
00:45:47 select count(id) from users where spreader_id='38'
00:45:47 select * from images
00:45:47 select * from article_type
00:45:47 select * from article_type where id='0'
00:45:47 select count(id) from articles where type_id='0' order by add_time desc
00:45:47 select * from articles where type_id='0' order by add_time desc limit 0,5
00:45:53 use a0122145834;
00:45:53 set names utf8;
00:45:53 select * from configs
00:45:53 select * from users where id=38
00:45:53 select count(id) from users where spreader_id='38'
00:45:53 select * from images
00:45:55 use a0122145834;
00:45:55 set names utf8;
00:45:55 select * from configs
00:45:55 select * from users where id=38
00:45:55 select count(id) from users where spreader_id='38'
00:45:55 select * from images
00:45:55 select * from goods where need_top=1 and need_hidden=0 order by id desc limit 0,5
00:45:55 select count(id) from goods where need_top=0 and need_hidden=0 order by id desc
00:45:55 select * from goods where need_top=0 and need_hidden=0 order by id desc limit 0,5
00:47:19 use a0122145834;
00:47:19 set names utf8;
00:47:19 select * from configs
00:47:19 select * from users where id=38
00:47:19 select count(id) from users where spreader_id='38'
00:47:19 select * from images
00:47:19 select count(id) from income where user_id=38
00:47:19 select * from income where user_id=38 limit 0,5
00:50:24 use a0122145834;
00:50:24 set names utf8;
00:50:24 select * from configs
00:50:24 select * from users where id=38
00:50:24 select count(id) from users where spreader_id='38'
00:50:24 select * from images
00:50:24 select count(id) from income where user_id=38
00:50:24 select * from income where user_id=38 limit 0,5
00:50:27 use a0122145834;
00:50:27 set names utf8;
00:50:27 select * from configs
00:50:27 select * from users where id=38
00:51:25 use a0122145834;
00:51:25 set names utf8;
00:51:25 select * from configs
00:51:25 select * from users where id=38
00:51:25 select count(id) from users where spreader_id='38'
00:51:25 select * from images
00:51:25 select count(id) from income where user_id=38
00:51:25 select * from income where user_id=38 limit 0,5
00:51:29 use a0122145834;
00:51:29 set names utf8;
00:51:29 select * from configs
00:51:29 select * from users where id=38
00:51:30 use a0122145834;
00:51:30 set names utf8;
00:51:30 select * from configs
00:51:30 select * from users where id=38
00:51:30 select count(id) from users where spreader_id='38'
00:51:30 select * from images
00:51:30 select count(id) from income where user_id=38
00:51:30 select * from income where user_id=38 limit 0,5
00:51:35 use a0122145834;
00:51:35 set names utf8;
00:51:35 select * from configs
00:51:35 select * from users where id=38
00:51:36 use a0122145834;
00:51:36 set names utf8;
00:51:36 select * from configs
00:51:36 select * from users where id=38
00:51:36 select count(id) from users where spreader_id='38'
00:51:36 select * from images
00:51:36 select * from goods where need_top=1 and need_hidden=0 order by id desc limit 0,5
00:51:36 select count(id) from goods where need_top=0 and need_hidden=0 order by id desc
00:51:36 select * from goods where need_top=0 and need_hidden=0 order by id desc limit 0,5
00:51:38 use a0122145834;
00:51:38 set names utf8;
00:51:38 select * from configs
00:51:38 select * from users where id=38
00:51:55 use a0122145834;
00:51:55 set names utf8;
00:51:55 select * from configs
00:51:55 select * from users where id=38
00:51:55 select count(id) from users where spreader_id='38'
00:51:55 select * from images
00:51:55 select count(id) from income where user_id=38
00:51:55 select * from income where user_id=38 limit 0,5
00:52:45 use a0122145834;
00:52:45 set names utf8;
00:52:45 select * from configs
00:52:45 select * from users where id=38
00:52:56 use a0122145834;
00:52:56 set names utf8;
00:52:56 select * from configs
00:52:56 select * from users where id=38
00:52:56 select count(id) from users where spreader_id='38'
00:52:56 select * from images
00:52:56 select count(id) from income where user_id=38
00:52:56 select * from income where user_id=38 limit 0,5
00:53:10 use a0122145834;
00:53:10 set names utf8;
00:53:10 select * from configs
00:53:10 select * from users where id=38
00:53:25 use a0122145834;
00:53:25 set names utf8;
00:53:25 select * from configs
00:53:25 select * from users where id=38
00:53:25 select count(id) from users where spreader_id='38'
00:53:25 select * from images
00:53:25 select count(id) from income where user_id=38
00:53:25 select * from income where user_id=38 limit 0,5
00:53:53 use a0122145834;
00:53:53 set names utf8;
00:53:53 select * from configs
00:53:53 select * from users where id=38
00:53:53 select count(id) from users where spreader_id='38'
00:53:53 select * from images
00:53:53 select count(id) from income where user_id=38
00:53:53 select * from income where user_id=38 limit 0,5
00:53:55 use a0122145834;
00:53:55 set names utf8;
00:53:55 select * from configs
00:53:55 select * from users where id=38
00:54:18 use a0122145834;
00:54:18 set names utf8;
00:54:18 select * from configs
00:54:18 select * from users where id=38
00:54:18 select count(id) from users where spreader_id='38'
00:54:18 select * from images
00:54:18 select count(id) from income where user_id=38
00:54:18 select * from income where user_id=38 limit 0,5
00:55:02 use a0122145834;
00:55:02 set names utf8;
00:55:02 select * from configs
00:55:02 select * from users where id=38
00:55:02 select count(id) from users where spreader_id='38'
00:55:02 select * from images
00:55:02 select count(id) from income where user_id=38
00:55:02 select * from income where user_id=38 limit 0,5
00:55:04 use a0122145834;
00:55:04 set names utf8;
00:55:04 select * from configs
00:55:04 select * from users where id=38
00:55:04 select count(id) from users where spreader_id='38'
00:55:04 select * from images
00:55:06 use a0122145834;
00:55:06 set names utf8;
00:55:06 select * from configs
00:55:06 select * from users where id=38
00:55:06 select count(id) from users where spreader_id='38'
00:55:06 select * from images
00:55:06 select * from goods where need_top=1 and need_hidden=0 order by id desc limit 0,5
00:55:06 select count(id) from goods where need_top=0 and need_hidden=0 order by id desc
00:55:06 select * from goods where need_top=0 and need_hidden=0 order by id desc limit 0,5
00:55:09 use a0122145834;
00:55:09 set names utf8;
00:55:09 select * from configs
00:55:09 select * from users where id=38
00:55:13 use a0122145834;
00:55:13 set names utf8;
00:55:13 select * from configs
00:55:13 select * from users where id=38
00:55:13 select count(id) from users where spreader_id='38'
00:55:13 select * from images
00:55:13 select count(id) from income where user_id=38
00:55:13 select * from income where user_id=38 limit 0,5
00:55:15 use a0122145834;
00:55:15 set names utf8;
00:55:15 select * from configs
00:55:15 select * from users where id=38
00:55:21 use a0122145834;
00:55:21 set names utf8;
00:55:21 select * from configs
00:55:21 select * from users where id=38
00:55:21 select count(id) from users where spreader_id='38'
00:55:21 select * from images
00:55:21 select count(id) from income where user_id=38
00:55:21 select * from income where user_id=38 limit 0,5
00:55:25 use a0122145834;
00:55:25 set names utf8;
00:55:25 select * from configs
00:55:25 select * from users where id=38
00:55:25 use a0122145834;
00:55:25 set names utf8;
00:55:25 select * from configs
00:55:25 select * from users where id=38
00:55:25 select count(id) from users where spreader_id='38'
00:55:25 select * from images
00:55:25 select * from goods where need_top=1 and need_hidden=0 order by id desc limit 0,5
00:55:25 select count(id) from goods where need_top=0 and need_hidden=0 order by id desc
00:55:25 select * from goods where need_top=0 and need_hidden=0 order by id desc limit 0,5
00:56:12 use a0122145834;
00:56:12 set names utf8;
00:56:12 select * from configs
00:56:12 select * from users where id=38
00:56:12 select count(id) from users where spreader_id='38'
00:56:12 select * from images
00:56:12 select count(id) from income where user_id=38
00:56:12 select * from income where user_id=38 limit 0,5
00:56:14 use a0122145834;
00:56:14 set names utf8;
00:56:14 select * from configs
00:56:14 select * from users where id=38
00:56:14 insert into income (user_id,income_money,order_sn,add_time,pay_status) values ('38','10','139170577462271','1391705774','0') ;
00:57:20 use a0122145834;
00:57:20 set names utf8;
00:57:20 select * from configs
00:57:20 select * from users where id=38
00:57:28 use a0122145834;
00:57:28 set names utf8;
00:57:28 select * from configs
00:57:28 select * from users where id=38
00:57:28 select count(id) from users where spreader_id='38'
00:57:28 select * from images
00:57:28 select count(id) from income where user_id=38
00:57:28 select * from income where user_id=38 limit 0,5
00:57:36 use a0122145834;
00:57:36 set names utf8;
00:57:36 select * from configs
00:57:36 select * from users where id=38
00:57:37 use a0122145834;
00:57:37 set names utf8;
00:57:37 select * from configs
00:57:37 select * from users where id=38
00:57:37 select count(id) from users where spreader_id='38'
00:57:37 select * from images
00:57:37 select * from goods where need_top=1 and need_hidden=0 order by id desc limit 0,5
00:57:37 select count(id) from goods where need_top=0 and need_hidden=0 order by id desc
00:57:37 select * from goods where need_top=0 and need_hidden=0 order by id desc limit 0,5
00:57:59 use a0122145834;
00:57:59 set names utf8;
00:57:59 select * from configs
00:57:59 select * from users where id=38
00:57:59 use a0122145834;
00:57:59 set names utf8;
00:57:59 select * from configs
00:57:59 select * from users where id=38
00:57:59 select count(id) from users where spreader_id='38'
00:57:59 select * from images
00:57:59 select * from goods where need_top=1 and need_hidden=0 order by id desc limit 0,5
00:57:59 select count(id) from goods where need_top=0 and need_hidden=0 order by id desc
00:57:59 select * from goods where need_top=0 and need_hidden=0 order by id desc limit 0,5
00:58:19 use a0122145834;
00:58:19 set names utf8;
00:58:19 select * from configs
00:58:19 select * from users where id=38
00:58:19 select count(id) from users where spreader_id='38'
00:58:19 select * from images
00:58:19 select count(v.id) from vipmsg as v left join users as u on v.user_id=u.id where v.can_see=1 order by v.id desc
00:58:19 select v.id,u.nick_name,v.user_id,v.user_msg,v.recove,v.add_time from vipmsg as v left join users as u on v.user_id=u.id where v.can_see=1 order by v.id desc limit 0,5
00:58:53 use a0122145834;
00:58:53 set names utf8;
00:58:53 select * from configs
00:58:53 select * from users where id=38
00:58:53 select count(id) from users where spreader_id='38'
00:58:53 select * from images
00:58:53 select * from vipmsg where user_id='38' order by add_time desc
00:58:53 insert into vipmsg (user_id,user_msg,add_time,can_see) values ('38','44','1391705933','0') ;
00:58:54 use a0122145834;
00:58:54 set names utf8;
00:58:54 select * from configs
00:58:54 select * from users where id=38
00:58:54 select count(id) from users where spreader_id='38'
00:58:54 select * from images
00:58:54 select count(v.id) from vipmsg as v left join users as u on v.user_id=u.id where v.can_see=1 order by v.id desc
00:58:54 select v.id,u.nick_name,v.user_id,v.user_msg,v.recove,v.add_time from vipmsg as v left join users as u on v.user_id=u.id where v.can_see=1 order by v.id desc limit 0,5
00:59:04 use a0122145834;
00:59:04 set names utf8;
00:59:04 select * from configs
00:59:04 select * from users where id=38
00:59:04 select count(id) from users where spreader_id='38'
00:59:04 select * from images
00:59:04 select * from goods where need_top=1 and need_hidden=0 order by id desc limit 0,5
00:59:04 select count(id) from goods where need_top=0 and need_hidden=0 order by id desc
00:59:04 select * from goods where need_top=0 and need_hidden=0 order by id desc limit 0,5
00:59:13 use a0122145834;
00:59:13 set names utf8;
00:59:13 select * from configs
00:59:13 select * from users where id=38
00:59:13 select count(id) from users where spreader_id='38'
00:59:13 select * from images
00:59:13 select type_id from articles where id='8'
00:59:13 select * from articles where id='8'
00:59:20 use a0122145834;
00:59:20 set names utf8;
00:59:20 select * from configs
00:59:20 select * from users where id=38
00:59:20 select count(id) from users where spreader_id='38'
00:59:20 select * from images
00:59:20 select * from goods where need_top=1 and need_hidden=0 order by id desc limit 0,5
00:59:20 select count(id) from goods where need_top=0 and need_hidden=0 order by id desc
00:59:20 select * from goods where need_top=0 and need_hidden=0 order by id desc limit 0,5
00:59:26 use a0122145834;
00:59:26 set names utf8;
00:59:26 select * from configs
00:59:26 select * from users where id=38
00:59:26 select count(id) from users where spreader_id='38'
00:59:26 select * from images
00:59:28 use a0122145834;
00:59:28 set names utf8;
00:59:28 select * from configs
00:59:28 select * from users where id=38
00:59:28 select count(id) from users where spreader_id='38'
00:59:28 select * from images
00:59:28 select * from goods where need_top=1 and need_hidden=0 order by id desc limit 0,5
00:59:28 select count(id) from goods where need_top=0 and need_hidden=0 order by id desc
00:59:28 select * from goods where need_top=0 and need_hidden=0 order by id desc limit 0,5
00:59:32 use a0122145834;
00:59:32 set names utf8;
00:59:32 select * from configs
00:59:32 select * from users where id=38
00:59:32 select count(id) from users where spreader_id='38'
00:59:32 select * from images
00:59:34 use a0122145834;
00:59:34 set names utf8;
00:59:34 select * from configs
00:59:34 select * from users where id=38
00:59:34 select count(id) from users where spreader_id='38'
00:59:34 select * from images
00:59:34 select * from goods where need_top=1 and need_hidden=0 order by id desc limit 0,5
00:59:34 select count(id) from goods where need_top=0 and need_hidden=0 order by id desc
00:59:34 select * from goods where need_top=0 and need_hidden=0 order by id desc limit 0,5
01:01:21 use a0122145834;
01:01:21 set names utf8;
01:01:21 select * from configs
01:36:05 use a0122145834;
01:36:05 set names utf8;
01:36:05 select * from configs
01:36:05 select * from users where id=1
01:36:05 use a0122145834;
01:36:05 set names utf8;
01:36:05 select * from configs
01:36:13 use a0122145834;
01:36:13 set names utf8;
01:36:13 select * from configs
01:36:13 select * from users where id=38
01:36:21 use a0122145834;
01:36:21 set names utf8;
01:36:21 select * from configs
01:36:21 select * from users where id=38
01:36:21 select count(id) from users where spreader_id='38'
01:36:21 select * from images
01:36:21 select count(id) from income where user_id=38
01:36:21 select * from income where user_id=38 limit 0,5
01:36:29 use a0122145834;
01:36:29 set names utf8;
01:36:29 select * from configs
01:36:29 select * from users where id=38
01:36:29 select count(id) from users where spreader_id='38'
01:36:29 select * from images
01:36:32 use a0122145834;
01:36:32 set names utf8;
01:36:32 select * from configs
01:36:32 select * from users where id=38
01:36:32 select count(id) from users where spreader_id='38'
01:36:32 select * from images
01:36:32 select * from goods where need_top=1 and need_hidden=0 order by id desc limit 0,5
01:36:32 select count(id) from goods where need_top=0 and need_hidden=0 order by id desc
01:36:32 select * from goods where need_top=0 and need_hidden=0 order by id desc limit 0,5
01:36:38 use a0122145834;
01:36:38 set names utf8;
01:36:38 select * from configs
01:36:38 select * from users where id=38
01:36:38 select count(id) from users where spreader_id='38'
01:36:38 select * from images
01:36:40 use a0122145834;
01:36:40 set names utf8;
01:36:40 select * from configs
01:36:40 select * from users where id=38
01:36:40 select count(id) from users where spreader_id='38'
01:36:40 select * from images
01:36:40 select * from goods where need_top=1 and need_hidden=0 order by id desc limit 0,5
01:36:40 select count(id) from goods where need_top=0 and need_hidden=0 order by id desc
01:36:40 select * from goods where need_top=0 and need_hidden=0 order by id desc limit 0,5
01:37:10 use a0122145834;
01:37:10 set names utf8;
01:37:10 select * from configs
01:37:10 select * from users where id=38
01:37:10 select count(id) from users where spreader_id='38'
01:37:10 select * from images
01:37:10 select count(v.id) from vipmsg as v left join users as u on v.user_id=u.id where v.can_see=1 order by v.id desc
01:37:10 select v.id,u.nick_name,v.user_id,v.user_msg,v.recove,v.add_time from vipmsg as v left join users as u on v.user_id=u.id where v.can_see=1 order by v.id desc limit 0,5
01:37:13 use a0122145834;
01:37:13 set names utf8;
01:37:13 select * from configs
01:37:13 select * from users where id=38
01:37:13 select count(id) from users where spreader_id='38'
01:37:13 select * from images
01:37:15 use a0122145834;
01:37:15 set names utf8;
01:37:15 select * from configs
01:37:15 select * from users where id=38
01:37:15 select count(id) from users where spreader_id='38'
01:37:15 select * from images
01:37:15 select count(v.id) from vipmsg as v left join users as u on v.user_id=u.id where v.can_see=1 order by v.id desc
01:37:15 select v.id,u.nick_name,v.user_id,v.user_msg,v.recove,v.add_time from vipmsg as v left join users as u on v.user_id=u.id where v.can_see=1 order by v.id desc limit 0,5
01:37:16 use a0122145834;
01:37:16 set names utf8;
01:37:16 select * from configs
01:37:16 select * from users where id=38
01:37:16 select count(id) from users where spreader_id='38'
01:37:16 select * from images
01:37:17 use a0122145834;
01:37:17 set names utf8;
01:37:17 select * from configs
01:37:17 select * from users where id=38
01:37:17 select count(id) from users where spreader_id='38'
01:37:17 select * from images
01:37:17 select count(v.id) from vipmsg as v left join users as u on v.user_id=u.id where v.can_see=1 order by v.id desc
01:37:17 select v.id,u.nick_name,v.user_id,v.user_msg,v.recove,v.add_time from vipmsg as v left join users as u on v.user_id=u.id where v.can_see=1 order by v.id desc limit 0,5
01:37:39 use a0122145834;
01:37:39 set names utf8;
01:37:39 select * from configs
01:37:39 select * from users where id=38
01:37:39 select count(id) from users where spreader_id='38'
01:37:39 select * from images
01:37:39 select count(id) from income where user_id=38
01:37:39 select * from income where user_id=38 limit 0,5
01:37:43 use a0122145834;
01:37:43 set names utf8;
01:37:43 select * from configs
01:37:43 select * from users where id=38
01:37:43 select count(id) from users where spreader_id='38'
01:37:43 select * from images
01:37:43 select count(v.id) from vipmsg as v left join users as u on v.user_id=u.id where v.can_see=1 order by v.id desc
01:37:43 select v.id,u.nick_name,v.user_id,v.user_msg,v.recove,v.add_time from vipmsg as v left join users as u on v.user_id=u.id where v.can_see=1 order by v.id desc limit 0,5
01:37:48 use a0122145834;
01:37:48 set names utf8;
01:37:48 select * from configs
01:37:48 select * from users where id=38
01:37:48 select count(id) from users where spreader_id='38'
01:37:48 select * from images
01:37:48 select count(v.id) from vipmsg as v left join users as u on v.user_id=u.id where v.can_see=1 order by v.id desc
01:37:48 select v.id,u.nick_name,v.user_id,v.user_msg,v.recove,v.add_time from vipmsg as v left join users as u on v.user_id=u.id where v.can_see=1 order by v.id desc limit 5,5
01:37:55 use a0122145834;
01:37:55 set names utf8;
01:37:55 select * from configs
01:37:55 select * from users where id=38
01:37:55 select count(id) from users where spreader_id='38'
01:37:55 select * from images
01:37:55 select count(v.id) from vipmsg as v left join users as u on v.user_id=u.id where v.can_see=1 order by v.id desc
01:37:55 select v.id,u.nick_name,v.user_id,v.user_msg,v.recove,v.add_time from vipmsg as v left join users as u on v.user_id=u.id where v.can_see=1 order by v.id desc limit 0,5
01:38:31 use a0122145834;
01:38:31 set names utf8;
01:38:31 select * from configs
01:38:31 select * from users where id=38
01:38:31 select count(id) from users where spreader_id='38'
01:38:31 select * from images
01:38:31 use a0122145834;
01:38:31 set names utf8;
01:38:31 select * from configs
01:38:52 use a0122145834;
01:38:52 set names utf8;
01:38:52 select * from configs
01:40:48 use a0122145834;
01:40:48 set names utf8;
01:40:48 select * from configs
01:57:35 use a0122145834;
01:57:35 set names utf8;
01:57:35 select * from configs
02:38:09 use a0122145834;
02:38:09 set names utf8;
02:38:09 select * from configs
02:38:21 use a0122145834;
02:38:21 set names utf8;
02:38:21 select * from configs
02:51:05 use a0122145834;
02:51:05 set names utf8;
02:51:05 select * from configs
05:03:44 use a0122145834;
05:03:44 set names utf8;
05:03:44 select * from configs
05:09:23 use a0122145834;
05:09:23 set names utf8;
05:09:23 select * from configs
05:12:15 use a0122145834;
05:12:15 set names utf8;
05:12:15 select * from configs
06:50:33 use a0122145834;
06:50:33 set names utf8;
06:50:33 select * from configs
06:52:10 use a0122145834;
06:52:10 set names utf8;
06:52:10 select * from configs
06:52:18 use a0122145834;
06:52:18 set names utf8;
06:52:18 select * from configs
06:52:26 use a0122145834;
06:52:26 set names utf8;
06:52:26 select * from configs
06:52:39 use a0122145834;
06:52:39 set names utf8;
06:52:39 select * from configs
06:52:43 use a0122145834;
06:52:43 set names utf8;
06:52:43 select * from configs
06:52:45 use a0122145834;
06:52:45 set names utf8;
06:52:45 select * from configs
06:52:47 use a0122145834;
06:52:47 set names utf8;
06:52:47 select * from configs
06:52:52 use a0122145834;
06:52:52 set names utf8;
06:52:52 select * from configs
07:04:34 use a0122145834;
07:04:34 set names utf8;
07:04:34 select * from configs
07:04:35 use a0122145834;
07:04:35 set names utf8;
07:04:35 select * from configs
07:04:38 use a0122145834;
07:04:38 set names utf8;
07:04:38 select * from configs
07:04:39 use a0122145834;
07:04:39 set names utf8;
07:04:39 select * from configs
08:23:02 use a0122145834;
08:23:02 set names utf8;
08:23:02 select * from configs
09:09:18 use a0122145834;
09:09:18 set names utf8;
09:09:18 select * from configs
10:25:16 use a0122145834;
10:25:16 set names utf8;
10:25:16 select * from configs
10:25:17 use a0122145834;
10:25:17 set names utf8;
10:25:17 select * from configs
10:25:18 use a0122145834;
10:25:18 set names utf8;
10:25:18 select * from configs
10:25:29 use a0122145834;
10:25:29 set names utf8;
10:25:29 select * from configs
10:25:31 use a0122145834;
10:25:31 set names utf8;
10:25:31 select * from configs
10:25:32 use a0122145834;
10:25:32 set names utf8;
10:25:32 select * from configs
11:15:22 use a0122145834;
11:15:22 set names utf8;
11:15:22 select * from configs
13:04:13 use a0122145834;
13:04:13 set names utf8;
13:04:13 select * from configs
13:04:13 use a0122145834;
13:04:13 set names utf8;
13:04:13 select * from configs
13:04:18 use a0122145834;
13:04:18 set names utf8;
13:04:18 select * from configs
13:37:58 use a0122145834;
13:37:58 set names utf8;
13:37:58 select * from configs
14:18:35 use a0122145834;
14:18:35 set names utf8;
14:18:35 select * from configs
14:18:35 use a0122145834;
14:18:35 set names utf8;
14:18:35 select * from configs
14:18:43 use a0122145834;
14:18:43 set names utf8;
14:18:43 select * from configs
14:18:49 select * from users where user_name='555555' and user_word='5b1b68a9abf4d2cd155c81a9225fd158'
14:18:49 use a0122145834;
14:18:49 set names utf8;
14:18:49 select * from configs
14:18:50 select * from users where id=38
14:18:50 select count(id) from users where spreader_id='38'
14:18:54 select * from images
14:18:56 select * from goods where need_top=1 and need_hidden=0 order by id desc limit 0,5
14:18:56 select count(id) from goods where need_top=0 and need_hidden=0 order by id desc
14:18:56 select * from goods where need_top=0 and need_hidden=0 order by id desc limit 0,5
14:19:00 use a0122145834;
14:19:00 set names utf8;
14:19:00 select * from configs
14:19:00 select * from users where id=38
14:19:00 select count(id) from users where spreader_id='38'
14:19:00 select * from images
14:19:01 use a0122145834;
14:19:01 set names utf8;
14:19:01 select * from configs
14:19:01 select * from users where id=38
14:19:01 use a0122145834;
14:19:01 set names utf8;
14:19:01 select * from configs
14:19:01 select * from users where id=38
14:19:01 select count(id) from users where spreader_id='38'
14:19:01 select * from images
14:19:01 select * from goods where need_top=1 and need_hidden=0 order by id desc limit 0,5
14:19:01 select count(id) from goods where need_top=0 and need_hidden=0 order by id desc
14:19:01 select * from goods where need_top=0 and need_hidden=0 order by id desc limit 0,5
14:19:07 use a0122145834;
14:19:07 set names utf8;
14:19:07 select * from configs
14:19:07 select * from users where id=38
14:19:07 select count(id) from users where spreader_id='38'
14:19:07 select * from images
14:19:07 use a0122145834;
14:19:07 set names utf8;
14:19:07 select * from configs
14:19:17 use a0122145834;
14:19:17 set names utf8;
14:19:17 select * from configs
14:19:17 select count(id) from users where register_ip='122.88.66.12' or last_ip='122.88.66.12' and add_time>1389161957
14:19:17 select * from users where user_name='999999'
14:19:17 insert into users (user_name,nick_name,user_word,email,spreader_id,add_time,register_ip) values ('999999','求昵称','52c69e3a57331081823331c4e69d3f2e','999999@qq.com',0,'1391753957','122.88.66.12') ;
14:19:17 use a0122145834;
14:19:17 set names utf8;
14:19:17 select * from configs
14:19:17 select * from users where id=41
14:19:17 select count(id) from users where spreader_id='41'
14:19:17 select * from images
14:20:29 use a0122145834;
14:20:29 set names utf8;
14:20:29 select * from configs
14:20:29 use a0122145834;
14:20:29 set names utf8;
14:20:29 select * from configs
14:20:36 use a0122145834;
14:20:36 set names utf8;
14:20:36 select * from configs
14:20:36 select * from admins where user_name='admin' and user_word='21232f297a57a5a743894a0e4a801fc3'
14:20:37 use a0122145834;
14:20:37 set names utf8;
14:20:37 select * from configs
14:20:37 select * from admins where id=1
14:22:45 use a0122145834;
14:22:45 set names utf8;
14:22:45 select * from configs
14:22:45 select * from admins where id=1
14:22:45 use a0122145834;
14:22:45 set names utf8;
14:22:45 select * from configs
14:22:45 select * from admins where id=1
14:22:45 select count(id) from users
14:22:45 select * from users limit 0,20
14:22:49 use a0122145834;
14:22:49 set names utf8;
14:22:49 select * from configs
14:22:49 select * from admins where id=1
14:22:49 select * from users where id=41
14:22:59 use a0122145834;
14:22:59 set names utf8;
14:22:59 select * from configs
14:22:59 select * from admins where id=1
14:22:59 select count(id) from users
14:22:59 select * from users limit 0,20
14:23:01 use a0122145834;
14:23:01 set names utf8;
14:23:01 select * from configs
14:23:01 select * from admins where id=1
14:23:01 select * from users where id=40
14:38:10 use a0122145834;
14:38:10 set names utf8;
14:38:10 select * from configs
14:38:30 use a0122145834;
14:38:30 set names utf8;
14:38:30 select * from configs
14:38:30 use a0122145834;
14:38:30 set names utf8;
14:38:30 select * from configs
14:41:17 use a0122145834;
14:41:17 set names utf8;
14:41:17 select * from configs
14:41:17 select * from users where id=41
14:41:17 select count(id) from users where spreader_id='41'
14:41:17 select * from images
14:41:17 select * from article_type
14:41:17 select * from article_type where id='0'
14:41:17 select count(id) from articles where type_id='0' order by add_time desc
14:41:17 select * from articles where type_id='0' order by add_time desc limit 0,5
14:41:19 use a0122145834;
14:41:19 set names utf8;
14:41:19 select * from configs
14:41:24 use a0122145834;
14:41:24 set names utf8;
14:41:24 select * from configs
14:41:24 select * from users where id=41
14:41:24 select count(id) from users where spreader_id='41'
14:41:24 select * from images
14:41:24 select * from article_type
14:41:24 select * from article_type where id='0'
14:41:24 select count(id) from articles where type_id='0' order by add_time desc
14:41:24 select * from articles where type_id='0' order by add_time desc limit 5,5
14:41:27 use a0122145834;
14:41:27 set names utf8;
14:41:27 select * from configs
14:41:27 select * from users where id=41
14:41:27 select count(id) from users where spreader_id='41'
14:41:27 select * from images
14:41:27 select * from article_type
14:41:27 select * from article_type where id='0'
14:41:27 select count(id) from articles where type_id='0' order by add_time desc
14:41:27 select * from articles where type_id='0' order by add_time desc limit 0,5
14:41:32 use a0122145834;
14:41:32 set names utf8;
14:41:32 select * from configs
14:41:32 select * from users where id=41
14:41:32 select count(id) from users where spreader_id='41'
14:41:32 select * from images
14:41:32 select * from article_type
14:41:32 select * from article_type where id='0'
14:41:32 select count(id) from articles where type_id='0' order by add_time desc
14:41:32 select * from articles where type_id='0' order by add_time desc limit 5,5
14:41:36 use a0122145834;
14:41:36 set names utf8;
14:41:36 select * from configs
14:41:36 select * from users where id=41
14:41:36 select count(id) from users where spreader_id='41'
14:41:36 select * from images
14:41:36 select * from article_type
14:41:36 select * from article_type where id='0'
14:41:36 select count(id) from articles where type_id='0' order by add_time desc
14:41:36 select * from articles where type_id='0' order by add_time desc limit 0,5
14:41:40 use a0122145834;
14:41:40 set names utf8;
14:41:40 select * from configs
14:41:40 select * from users where id=41
14:41:40 select count(id) from users where spreader_id='41'
14:41:40 select * from images
14:41:40 select * from article_type
14:41:40 select * from article_type where id='0'
14:41:40 select count(id) from articles where type_id='0' order by add_time desc
14:41:40 select * from articles where type_id='0' order by add_time desc limit 5,5
14:41:43 use a0122145834;
14:41:43 set names utf8;
14:41:43 select * from configs
14:41:43 select * from users where id=41
14:41:43 select count(id) from users where spreader_id='41'
14:41:43 select * from images
14:41:43 select * from article_type
14:41:43 select * from article_type where id='0'
14:41:43 select count(id) from articles where type_id='0' order by add_time desc
14:41:43 select * from articles where type_id='0' order by add_time desc limit 0,5
14:41:49 use a0122145834;
14:41:49 set names utf8;
14:41:49 select * from configs
16:06:19 use a0122145834;
16:06:19 set names utf8;
16:06:19 select * from configs
16:13:44 use a0122145834;
16:13:44 set names utf8;
16:13:44 select * from configs
16:46:53 use a0122145834;
16:46:53 set names utf8;
16:46:53 select * from configs
18:25:17 use a0122145834;
18:25:17 set names utf8;
18:25:17 select * from configs
18:26:05 use a0122145834;
18:26:05 set names utf8;
18:26:05 select * from configs
18:28:17 use a0122145834;
18:28:17 set names utf8;
18:28:17 select * from configs
18:29:58 use a0122145834;
18:29:58 set names utf8;
18:29:58 select * from configs
18:29:58 select * from users where id=41
18:29:58 use a0122145834;
18:29:58 set names utf8;
18:29:59 select * from configs
18:29:59 select * from users where id=41
18:29:59 select count(id) from users where spreader_id='41'
18:29:59 select * from images
18:29:59 select * from goods where need_top=1 and need_hidden=0 order by id desc limit 0,5
18:29:59 select count(id) from goods where need_top=0 and need_hidden=0 order by id desc
18:29:59 select * from goods where need_top=0 and need_hidden=0 order by id desc limit 0,5
18:33:44 use a0122145834;
18:33:44 set names utf8;
18:33:44 select * from configs
18:33:54 use a0122145834;
18:33:54 set names utf8;
18:33:54 select * from configs
19:25:12 use a0122145834;
19:25:12 set names utf8;
19:25:12 select * from configs
19:25:12 select * from users where id=41
19:25:13 use a0122145834;
19:25:13 set names utf8;
19:25:13 select * from configs
19:25:13 select * from users where id=41
19:25:13 select count(id) from users where spreader_id='41'
19:25:13 select * from images
19:25:13 select * from goods where need_top=1 and need_hidden=0 order by id desc limit 0,5
19:25:13 select count(id) from goods where need_top=0 and need_hidden=0 order by id desc
19:25:13 select * from goods where need_top=0 and need_hidden=0 order by id desc limit 0,5
19:25:16 use a0122145834;
19:25:16 set names utf8;
19:25:16 select * from configs
19:25:16 select * from users where id=41
19:25:16 select count(id) from users where spreader_id='41'
19:25:16 select * from images
19:25:16 select * from article_type
19:25:16 select * from article_type where id='0'
19:25:16 select count(id) from articles where type_id='0' order by add_time desc
19:25:16 select * from articles where type_id='0' order by add_time desc limit 0,5
19:25:34 use a0122145834;
19:25:34 set names utf8;
19:25:34 select * from configs
19:25:34 select * from users where id=41
19:25:34 use a0122145834;
19:25:34 set names utf8;
19:25:34 select * from configs
19:25:34 select * from users where id=41
19:25:34 select count(id) from users where spreader_id='41'
19:25:34 select * from images
19:25:34 select * from goods where need_top=1 and need_hidden=0 order by id desc limit 0,5
19:25:34 select count(id) from goods where need_top=0 and need_hidden=0 order by id desc
19:25:34 select * from goods where need_top=0 and need_hidden=0 order by id desc limit 0,5
19:25:46 use a0122145834;
19:25:46 set names utf8;
19:25:46 select * from configs
19:25:46 select * from users where id=41
19:25:46 select count(id) from users where spreader_id='41'
19:25:46 select * from images
19:25:46 select * from article_type
19:25:46 select * from article_type where id='0'
19:25:46 select count(id) from articles where type_id='0' order by add_time desc
19:25:46 select * from articles where type_id='0' order by add_time desc limit 0,5
19:25:50 use a0122145834;
19:25:50 set names utf8;
19:25:50 select * from configs
19:25:50 select * from users where id=41
19:25:50 use a0122145834;
19:25:50 set names utf8;
19:25:50 select * from configs
19:25:50 select * from users where id=41
19:25:50 select count(id) from users where spreader_id='41'
19:25:50 select * from images
19:25:50 select * from goods where need_top=1 and need_hidden=0 order by id desc limit 0,5
19:25:50 select count(id) from goods where need_top=0 and need_hidden=0 order by id desc
19:25:50 select * from goods where need_top=0 and need_hidden=0 order by id desc limit 0,5
19:25:53 use a0122145834;
19:25:53 set names utf8;
19:25:53 select * from configs
19:25:53 select * from users where id=41
19:25:53 select count(id) from users where spreader_id='41'
19:25:53 select * from images
19:25:53 select * from article_type
19:25:53 select * from article_type where id='0'
19:25:53 select count(id) from articles where type_id='0' order by add_time desc
19:25:53 select * from articles where type_id='0' order by add_time desc limit 0,5
19:25:55 use a0122145834;
19:25:55 set names utf8;
19:25:55 select * from configs
19:25:55 select * from users where id=41
19:25:55 select count(id) from users where spreader_id='41'
19:25:55 select * from images
19:25:55 select type_id from articles where id='18'
19:25:55 select * from articles where id='18'
19:26:05 use a0122145834;
19:26:05 set names utf8;
19:26:05 select * from configs
19:26:05 select * from users where id=41
19:26:05 select count(id) from users where spreader_id='41'
19:26:05 select * from images
19:26:05 select * from article_type
19:26:05 select * from article_type where id='0'
19:26:05 select count(id) from articles where type_id='0' order by add_time desc
19:26:05 select * from articles where type_id='0' order by add_time desc limit 0,5
19:26:15 use a0122145834;
19:26:15 set names utf8;
19:26:15 select * from configs
19:26:15 select * from users where id=41
19:26:15 use a0122145834;
19:26:15 set names utf8;
19:26:15 select * from configs
19:26:15 select * from users where id=41
19:26:15 select count(id) from users where spreader_id='41'
19:26:15 select * from images
19:26:15 select * from goods where need_top=1 and need_hidden=0 order by id desc limit 0,5
19:26:15 select count(id) from goods where need_top=0 and need_hidden=0 order by id desc
19:26:15 select * from goods where need_top=0 and need_hidden=0 order by id desc limit 0,5
19:26:35 use a0122145834;
19:26:35 set names utf8;
19:26:35 select * from configs
19:26:35 select * from users where id=41
19:26:35 select count(id) from users where spreader_id='41'
19:26:35 select * from images
19:26:35 select * from article_type
19:26:35 select * from article_type where id='0'
19:26:35 select count(id) from articles where type_id='0' order by add_time desc
19:26:35 select * from articles where type_id='0' order by add_time desc limit 0,5
19:26:39 use a0122145834;
19:26:39 set names utf8;
19:26:39 select * from configs
19:26:39 select * from users where id=41
19:26:39 select count(id) from users where spreader_id='41'
19:26:39 select * from images
19:26:39 select type_id from articles where id='18'
19:26:39 select * from articles where id='18'
19:26:41 use a0122145834;
19:26:41 set names utf8;
19:26:41 select * from configs
19:26:41 select * from users where id=41
19:26:41 select count(id) from users where spreader_id='41'
19:26:41 select * from images
19:26:41 select * from article_type
19:26:41 select * from article_type where id='0'
19:26:41 select count(id) from articles where type_id='0' order by add_time desc
19:26:41 select * from articles where type_id='0' order by add_time desc limit 0,5
19:26:53 use a0122145834;
19:26:53 set names utf8;
19:26:53 select * from configs
19:26:53 select * from users where id=41
19:26:58 use a0122145834;
19:26:58 set names utf8;
19:26:58 select * from configs
19:26:58 select * from users where id=41
19:26:58 select count(id) from users where spreader_id='41'
19:26:58 select * from images
19:26:59 select count(id) from income where user_id=41
19:26:59 select * from income where user_id=41 limit 0,5
19:27:47 use a0122145834;
19:27:47 set names utf8;
19:27:47 select * from configs
19:27:47 select * from users where id=41
19:27:48 use a0122145834;
19:27:48 set names utf8;
19:27:48 select * from configs
19:27:48 select * from users where id=41
19:27:48 select count(id) from users where spreader_id='41'
19:27:48 select * from images
19:27:48 select count(id) from income where user_id=41
19:27:48 select * from income where user_id=41 limit 0,5
19:27:50 use a0122145834;
19:27:50 set names utf8;
19:27:50 select * from configs
19:27:50 select * from users where id=41
19:27:52 use a0122145834;
19:27:52 set names utf8;
19:27:52 select * from configs
19:27:52 select * from users where id=41
19:27:52 select count(id) from users where spreader_id='41'
19:27:52 select * from images
19:27:52 select count(id) from income where user_id=41
19:27:52 select * from income where user_id=41 limit 0,5
20:04:44 use a0122145834;
20:04:44 set names utf8;
20:04:44 select * from configs
20:14:11 use a0122145834;
20:14:11 set names utf8;
20:14:11 select * from configs
20:24:56 use a0122145834;
20:24:56 set names utf8;
20:24:56 select * from configs
20:33:36 use a0122145834;
20:33:36 set names utf8;
20:33:36 select * from configs
20:38:22 use a0122145834;
20:38:22 set names utf8;
20:38:22 select * from configs
21:27:27 use a0122145834;
21:27:27 set names utf8;
21:27:27 select * from configs
21:30:48 use a0122145834;
21:30:48 set names utf8;
21:30:48 select * from configs
22:15:53 use a0122145834;
22:15:53 set names utf8;
22:15:53 select * from configs
22:21:12 use a0122145834;
22:21:12 set names utf8;
22:21:12 select * from configs
22:21:56 use a0122145834;
22:21:56 set names utf8;
22:21:56 select * from configs
22:27:10 use a0122145834;
22:27:10 set names utf8;
22:27:10 select * from configs
22:32:57 use a0122145834;
22:32:57 set names utf8;
22:32:57 select * from configs
