00:14:55 use a0122145834;
00:14:55 set names utf8;
00:14:55 select * from configs
00:19:49 use a0122145834;
00:19:49 set names utf8;
00:19:49 select * from configs
01:40:59 use a0122145834;
01:40:59 set names utf8;
01:40:59 select * from configs
01:43:27 use a0122145834;
01:43:27 set names utf8;
01:43:27 select * from configs
02:28:21 use a0122145834;
02:28:21 set names utf8;
02:28:21 select * from configs
02:31:34 use a0122145834;
02:31:34 set names utf8;
02:31:34 select * from configs
02:49:02 use a0122145834;
02:49:02 set names utf8;
02:49:02 select * from configs
03:52:36 use a0122145834;
03:52:36 set names utf8;
03:52:36 select * from configs
03:56:46 use a0122145834;
03:56:46 set names utf8;
03:56:46 select * from configs
04:40:17 use a0122145834;
04:40:17 set names utf8;
04:40:17 select * from configs
04:41:56 use a0122145834;
04:41:56 set names utf8;
04:41:56 select * from configs
05:37:47 use a0122145834;
05:37:47 set names utf8;
05:37:47 select * from configs
05:39:12 use a0122145834;
05:39:12 set names utf8;
05:39:12 select * from configs
06:07:09 use a0122145834;
06:07:09 set names utf8;
06:07:09 select * from configs
06:26:43 use a0122145834;
06:26:43 set names utf8;
06:26:43 select * from configs
06:28:13 use a0122145834;
06:28:13 set names utf8;
06:28:13 select * from configs
06:29:29 use a0122145834;
06:29:29 set names utf8;
06:29:29 select * from configs
06:29:29 use a0122145834;
06:29:29 set names utf8;
06:29:29 select * from configs
06:29:29 use a0122145834;
06:29:29 set names utf8;
06:29:29 select * from configs
06:29:29 use a0122145834;
06:29:29 set names utf8;
06:29:29 select * from configs
06:29:30 use a0122145834;
06:29:30 set names utf8;
06:29:30 select * from configs
06:29:31 use a0122145834;
06:29:31 set names utf8;
06:29:31 select * from configs
06:29:31 use a0122145834;
06:29:31 set names utf8;
06:29:31 select * from configs
06:29:32 use a0122145834;
06:29:32 set names utf8;
06:29:32 select * from configs
07:17:59 use a0122145834;
07:17:59 set names utf8;
07:17:59 select * from configs
07:19:24 use a0122145834;
07:19:24 set names utf8;
07:19:24 select * from configs
07:46:10 use a0122145834;
07:46:10 set names utf8;
07:46:10 select * from configs
08:02:09 use a0122145834;
08:02:09 set names utf8;
08:02:09 select * from configs
08:02:34 use a0122145834;
08:02:34 set names utf8;
08:02:34 select * from configs
08:03:46 use a0122145834;
08:03:46 set names utf8;
08:03:46 select * from configs
08:04:34 use a0122145834;
08:04:34 set names utf8;
08:04:34 select * from configs
08:11:14 use a0122145834;
08:11:14 set names utf8;
08:11:14 select * from configs
08:12:25 use a0122145834;
08:12:25 set names utf8;
08:12:25 select * from configs
08:43:28 use a0122145834;
08:43:28 set names utf8;
08:43:28 select * from configs
08:57:21 use a0122145834;
08:57:21 set names utf8;
08:57:21 select * from configs
08:57:47 use a0122145834;
08:57:47 set names utf8;
08:57:47 select * from configs
09:10:26 use a0122145834;
09:10:26 set names utf8;
09:10:26 select * from configs
09:10:30 use a0122145834;
09:10:30 set names utf8;
09:10:30 select * from configs
09:13:00 use a0122145834;
09:13:00 set names utf8;
09:13:00 select * from configs
09:58:02 use a0122145834;
09:58:02 set names utf8;
09:58:02 select * from configs
10:30:42 use a0122145834;
10:30:42 set names utf8;
10:30:42 select * from configs
10:32:48 use a0122145834;
10:32:48 set names utf8;
10:32:48 select * from configs
11:52:35 use a0122145834;
11:52:35 set names utf8;
11:52:36 select * from configs
11:54:10 use a0122145834;
11:54:10 set names utf8;
11:54:10 select * from configs
12:50:19 use a0122145834;
12:50:19 set names utf8;
12:50:19 select * from configs
12:50:29 use a0122145834;
12:50:29 set names utf8;
12:50:29 select * from configs
12:50:39 use a0122145834;
12:50:39 set names utf8;
12:50:39 select * from configs
13:24:43 use a0122145834;
13:24:43 set names utf8;
13:24:43 select * from configs
14:24:29 use a0122145834;
14:24:29 set names utf8;
14:24:29 select * from configs
14:24:54 use a0122145834;
14:24:54 set names utf8;
14:24:54 select * from configs
15:19:13 use a0122145834;
15:19:13 set names utf8;
15:19:13 select * from configs
15:25:39 use a0122145834;
15:25:39 set names utf8;
15:25:39 select * from configs
15:27:18 use a0122145834;
15:27:18 set names utf8;
15:27:18 select * from configs
16:00:26 use a0122145834;
16:00:26 set names utf8;
16:00:26 select * from configs
16:08:25 use a0122145834;
16:08:25 set names utf8;
16:08:25 select * from configs
16:20:30 use a0122145834;
16:20:30 set names utf8;
16:20:30 select * from configs
17:10:26 use a0122145834;
17:10:26 set names utf8;
17:10:26 select * from configs
17:14:06 use a0122145834;
17:14:06 set names utf8;
17:14:06 select * from configs
18:12:54 use a0122145834;
18:12:54 set names utf8;
18:12:54 select * from configs
18:21:25 use a0122145834;
18:21:25 set names utf8;
18:21:25 select * from configs
19:01:41 use a0122145834;
19:01:41 set names utf8;
19:01:41 select * from configs
19:15:20 use a0122145834;
19:15:20 set names utf8;
19:15:20 select * from configs
19:15:50 use a0122145834;
19:15:50 set names utf8;
19:15:50 select * from configs
19:19:04 use a0122145834;
19:19:04 set names utf8;
19:19:04 select * from configs
19:22:17 use a0122145834;
19:22:17 set names utf8;
19:22:17 select * from configs
19:27:39 use a0122145834;
19:27:39 set names utf8;
19:27:39 select * from configs
19:28:15 use a0122145834;
19:28:15 set names utf8;
19:28:15 select * from configs
19:28:34 use a0122145834;
19:28:34 set names utf8;
19:28:34 select * from configs
19:28:53 use a0122145834;
19:28:53 set names utf8;
19:28:53 select * from configs
19:28:53 use a0122145834;
19:28:53 set names utf8;
19:28:53 select * from configs
19:29:05 use a0122145834;
19:29:05 set names utf8;
19:29:05 select * from configs
19:29:05 select * from users where user_name='444444' and user_word='73882ab1fa529d7273da0db6b49cc4f3'
19:29:05 use a0122145834;
19:29:05 set names utf8;
19:29:05 select * from configs
19:29:05 select * from users where id=35
19:29:05 select count(id) from users where spreader_id='35'
19:29:05 select * from images
19:29:05 select * from goods where need_top=1 and need_hidden=0 order by id desc limit 0,5
19:29:05 select count(id) from goods where need_top=0 and need_hidden=0 order by id desc
19:29:05 select * from goods where need_top=0 and need_hidden=0 order by id desc limit 0,5
19:29:19 use a0122145834;
19:29:19 set names utf8;
19:29:19 select * from configs
19:29:19 select * from users where id=35
19:29:20 select count(id) from users where spreader_id='35'
19:29:20 select * from images
19:29:20 select * from article_type
19:29:20 select count(id) from articles order by add_time desc
19:29:20 select * from articles order by add_time desc limit 0,5
19:29:49 use a0122145834;
19:29:49 set names utf8;
19:29:49 select * from configs
19:29:49 select * from users where id=35
19:29:50 use a0122145834;
19:29:50 set names utf8;
19:29:50 select * from configs
19:29:50 select * from users where id=35
19:29:50 select count(id) from users where spreader_id='35'
19:29:50 select * from images
19:29:50 select * from goods where need_top=1 and need_hidden=0 order by id desc limit 0,5
19:29:50 select count(id) from goods where need_top=0 and need_hidden=0 order by id desc
19:29:50 select * from goods where need_top=0 and need_hidden=0 order by id desc limit 0,5
19:29:53 use a0122145834;
19:29:53 set names utf8;
19:29:53 select * from configs
19:29:53 select * from users where id=35
19:29:53 select count(id) from users where spreader_id='35'
19:29:53 select * from images
19:29:53 use a0122145834;
19:29:53 set names utf8;
19:29:53 select * from configs
19:30:32 use a0122145834;
19:30:32 set names utf8;
19:30:32 select * from configs
19:31:10 use a0122145834;
19:31:11 set names utf8;
19:31:11 select * from configs
19:31:15 use a0122145834;
19:31:15 set names utf8;
19:31:15 select * from configs
19:31:15 use a0122145834;
19:31:15 set names utf8;
19:31:15 select * from configs
19:34:24 use a0122145834;
19:34:24 set names utf8;
19:34:24 select * from configs
19:34:27 use a0122145834;
19:34:27 set names utf8;
19:34:27 select * from configs
19:34:40 use a0122145834;
19:34:40 set names utf8;
19:34:40 select * from configs
19:34:41 use a0122145834;
19:34:41 set names utf8;
19:34:41 select * from configs
19:34:53 use a0122145834;
19:34:53 set names utf8;
19:34:53 select * from configs
19:34:53 select * from users where user_name='444444' and user_word='73882ab1fa529d7273da0db6b49cc4f3'
19:34:53 use a0122145834;
19:34:53 set names utf8;
19:34:54 select * from configs
19:34:54 select * from users where id=35
19:34:54 select count(id) from users where spreader_id='35'
19:34:54 select * from images
19:34:54 select * from goods where need_top=1 and need_hidden=0 order by id desc limit 0,5
19:34:54 select count(id) from goods where need_top=0 and need_hidden=0 order by id desc
19:34:54 select * from goods where need_top=0 and need_hidden=0 order by id desc limit 0,5
19:35:04 use a0122145834;
19:35:04 set names utf8;
19:35:04 select * from configs
19:35:04 select * from users where id=35
19:35:04 select count(id) from users where spreader_id='35'
19:35:04 select * from images
19:35:04 use a0122145834;
19:35:04 set names utf8;
19:35:04 select * from configs
19:35:07 use a0122145834;
19:35:07 set names utf8;
19:35:07 select * from configs
19:35:07 use a0122145834;
19:35:07 set names utf8;
19:35:07 select * from configs
19:35:15 use a0122145834;
19:35:15 set names utf8;
19:35:15 select * from configs
19:35:15 select * from users where user_name='444444' and user_word='73882ab1fa529d7273da0db6b49cc4f3'
19:35:15 use a0122145834;
19:35:15 set names utf8;
19:35:15 select * from configs
19:35:15 select * from users where id=35
19:35:15 select count(id) from users where spreader_id='35'
19:35:15 select * from images
19:35:15 select * from goods where need_top=1 and need_hidden=0 order by id desc limit 0,5
19:35:15 select count(id) from goods where need_top=0 and need_hidden=0 order by id desc
19:35:15 select * from goods where need_top=0 and need_hidden=0 order by id desc limit 0,5
19:35:23 use a0122145834;
19:35:23 set names utf8;
19:35:23 select * from configs
19:35:23 select * from users where id=35
19:35:23 select count(id) from users where spreader_id='35'
19:35:23 select * from images
19:35:23 select * from article_type
19:35:23 select count(id) from articles order by add_time desc
19:35:23 select * from articles order by add_time desc limit 0,5
19:35:27 use a0122145834;
19:35:27 set names utf8;
19:35:27 select * from configs
19:35:27 select * from users where id=35
19:35:27 select count(id) from users where spreader_id='35'
19:35:27 select * from images
19:35:27 select * from article_type
19:35:27 select * from article_type where id='10'
19:35:27 select count(id) from articles where type_id='10' order by add_time desc
19:35:27 select * from articles where type_id='10' order by add_time desc limit 0,5
19:35:32 use a0122145834;
19:35:32 set names utf8;
19:35:32 select * from configs
19:35:32 select * from users where id=35
19:35:32 select count(id) from users where spreader_id='35'
19:35:32 select * from images
19:35:32 select * from goods where need_top=1 and need_hidden=0 order by id desc limit 0,5
19:35:32 select count(id) from goods where need_top=0 and need_hidden=0 order by id desc
19:35:32 select * from goods where need_top=0 and need_hidden=0 order by id desc limit 0,5
19:35:43 use a0122145834;
19:35:43 set names utf8;
19:35:43 select * from configs
19:35:43 select * from users where id=35
19:35:43 select count(id) from users where spreader_id='35'
19:35:43 select * from images
19:35:43 select count(id) from expense where user_id=35
19:35:43 select * from expense where user_id=35 limit 0,5
19:35:47 use a0122145834;
19:35:47 set names utf8;
19:35:47 select * from configs
19:35:47 select * from users where id=35
19:35:47 select count(id) from users where spreader_id='35'
19:35:47 select * from images
19:35:47 select * from article_type
19:35:47 select * from article_type where id='4'
19:35:47 select count(id) from articles where type_id='4' order by add_time desc
19:35:47 select * from articles where type_id='4' order by add_time desc limit 0,5
19:36:03 use a0122145834;
19:36:03 set names utf8;
19:36:03 select * from configs
19:36:03 select * from users where id=35
19:36:03 select count(id) from users where spreader_id='35'
19:36:03 select * from images
19:36:03 select * from article_type
19:36:03 select * from article_type where id='4'
19:36:03 select count(id) from articles where type_id='4' order by add_time desc
19:36:03 select * from articles where type_id='4' order by add_time desc limit 0,5
19:36:15 use a0122145834;
19:36:15 set names utf8;
19:36:15 select * from configs
19:36:15 select * from users where id=35
19:36:15 select count(id) from users where spreader_id='35'
19:36:15 select * from images
19:36:15 use a0122145834;
19:36:15 set names utf8;
19:36:15 select * from configs
19:36:20 use a0122145834;
19:36:20 set names utf8;
19:36:20 select * from configs
19:36:20 use a0122145834;
19:36:20 set names utf8;
19:36:20 select * from configs
19:36:32 use a0122145834;
19:36:32 set names utf8;
19:36:32 select * from configs
19:36:32 select * from users where user_name='444444' and user_word='73882ab1fa529d7273da0db6b49cc4f3'
19:36:32 use a0122145834;
19:36:32 set names utf8;
19:36:32 select * from configs
19:36:32 select * from users where id=35
19:36:32 select count(id) from users where spreader_id='35'
19:36:32 select * from images
19:36:32 select * from goods where need_top=1 and need_hidden=0 order by id desc limit 0,5
19:36:32 select count(id) from goods where need_top=0 and need_hidden=0 order by id desc
19:36:32 select * from goods where need_top=0 and need_hidden=0 order by id desc limit 0,5
19:36:48 use a0122145834;
19:36:48 set names utf8;
19:36:48 select * from configs
19:36:48 select * from users where id=35
19:36:48 select count(id) from users where spreader_id='35'
19:36:48 select * from images
19:36:48 use a0122145834;
19:36:48 set names utf8;
19:36:48 select * from configs
19:37:06 use a0122145834;
19:37:06 set names utf8;
19:37:06 select * from configs
19:37:08 use a0122145834;
19:37:08 set names utf8;
19:37:08 select * from configs
19:37:08 use a0122145834;
19:37:08 set names utf8;
19:37:08 select * from configs
19:37:14 use a0122145834;
19:37:14 set names utf8;
19:37:14 select * from configs
19:37:14 select * from users where user_name='444444' and user_word='73882ab1fa529d7273da0db6b49cc4f3'
19:37:14 use a0122145834;
19:37:14 set names utf8;
19:37:14 select * from configs
19:37:14 select * from users where id=35
19:37:14 select count(id) from users where spreader_id='35'
19:37:14 select * from images
19:37:14 select * from goods where need_top=1 and need_hidden=0 order by id desc limit 0,5
19:37:14 select count(id) from goods where need_top=0 and need_hidden=0 order by id desc
19:37:14 select * from goods where need_top=0 and need_hidden=0 order by id desc limit 0,5
19:37:33 use a0122145834;
19:37:33 set names utf8;
19:37:33 select * from configs
19:37:33 select * from users where id=35
19:37:33 select count(id) from users where spreader_id='35'
19:37:33 select * from images
19:37:33 select * from article_type
19:37:33 select count(id) from articles order by add_time desc
19:37:33 select * from articles order by add_time desc limit 0,5
19:37:34 use a0122145834;
19:37:34 set names utf8;
19:37:34 select * from configs
19:37:34 select * from users where id=35
19:37:34 select count(id) from users where spreader_id='35'
19:37:34 select * from images
19:37:34 select count(v.id) from vipmsg as v left join users as u on v.user_id=u.id where v.can_see=1 order by v.id desc
19:37:34 select v.id,u.nick_name,v.user_id,v.user_msg,v.recove,v.add_time from vipmsg as v left join users as u on v.user_id=u.id where v.can_see=1 order by v.id desc limit 0,5
19:37:36 use a0122145834;
19:37:36 set names utf8;
19:37:36 select * from configs
19:37:36 select * from users where id=35
19:37:36 select count(id) from users where spreader_id='35'
19:37:36 select * from images
19:37:36 use a0122145834;
19:37:36 set names utf8;
19:37:36 select * from configs
19:37:36 select * from users where id=35
19:37:36 select count(id) from users where spreader_id='35'
19:37:36 select * from images
19:37:37 use a0122145834;
19:37:37 set names utf8;
19:37:37 select * from configs
19:37:37 select * from users where id=35
19:37:37 select count(id) from users where spreader_id='35'
19:37:37 select * from images
19:37:37 select count(id) from expense where user_id=35
19:37:37 select * from expense where user_id=35 limit 0,5
19:37:38 use a0122145834;
19:37:38 set names utf8;
19:37:38 select * from configs
19:37:38 select * from users where id=35
19:37:38 select count(id) from users where spreader_id='35'
19:37:38 select * from images
19:37:43 use a0122145834;
19:37:43 set names utf8;
19:37:43 select * from configs
19:37:43 select * from users where id=35
19:37:43 select count(id) from users where spreader_id='35'
19:37:43 select * from images
19:37:43 use a0122145834;
19:37:43 set names utf8;
19:37:43 select * from configs
19:55:40 use a0122145834;
19:55:40 set names utf8;
19:55:40 select * from configs
20:05:52 use a0122145834;
20:05:52 set names utf8;
20:05:52 select * from configs
20:21:17 use a0122145834;
20:21:17 set names utf8;
20:21:17 select * from configs
20:25:22 use a0122145834;
20:25:22 set names utf8;
20:25:22 select * from configs
20:28:28 use a0122145834;
20:28:28 set names utf8;
20:28:28 select * from configs
20:32:16 use a0122145834;
20:32:16 set names utf8;
20:32:16 select * from configs
20:42:33 use a0122145834;
20:42:33 set names utf8;
20:42:33 select * from configs
20:47:20 use a0122145834;
20:47:20 set names utf8;
20:47:20 select * from configs
20:50:54 use a0122145834;
20:50:54 set names utf8;
20:50:54 select * from configs
21:22:47 use a0122145834;
21:22:47 set names utf8;
21:22:47 select * from configs
21:34:00 use a0122145834;
21:34:00 set names utf8;
21:34:00 select * from configs
22:10:40 use a0122145834;
22:10:40 set names utf8;
22:10:40 select * from configs
23:12:26 use a0122145834;
23:12:26 set names utf8;
23:12:26 select * from configs
23:18:49 use a0122145834;
23:18:49 set names utf8;
23:18:49 select * from configs
23:40:17 use a0122145834;
23:40:17 set names utf8;
23:40:17 select * from configs
23:40:57 use a0122145834;
23:40:57 set names utf8;
23:40:57 select * from configs
23:56:39 use a0122145834;
23:56:39 set names utf8;
23:56:39 select * from configs
