20:52:04 use a0122145834;
20:52:04 set names utf8;
20:52:04 select * from configs
20:52:04 select * from users where id=601
20:52:04 select count(id) from users where spreader_id='601'
20:52:04 select * from images
20:52:07 use a0122145834;
20:52:07 set names utf8;
20:52:07 select * from configs
20:52:26 use a0122145834;
20:52:26 set names utf8;
20:52:26 select * from configs
20:52:59 use a0122145834;
20:52:59 set names utf8;
20:52:59 select * from configs
20:53:29 use a0122145834;
20:53:29 set names utf8;
20:53:29 select * from configs
20:53:30 use a0122145834;
20:53:30 set names utf8;
20:53:30 select * from configs
20:53:31 use a0122145834;
20:53:31 set names utf8;
20:53:31 select * from configs
20:53:32 use a0122145834;
20:53:32 set names utf8;
20:53:32 select * from configs
20:54:09 use a0122145834;
20:54:09 set names utf8;
20:54:09 select * from configs
20:55:28 use a0122145834;
20:55:28 set names utf8;
20:55:28 select * from configs
20:56:33 use a0122145834;
20:56:33 set names utf8;
20:56:33 select * from configs
20:56:45 use a0122145834;
20:56:45 set names utf8;
20:56:45 select * from configs
20:57:17 use a0122145834;
20:57:17 set names utf8;
20:57:17 select * from configs
20:57:17 use a0122145834;
20:57:17 set names utf8;
20:57:17 select * from configs
20:57:50 use a0122145834;
20:57:50 set names utf8;
20:57:50 select * from configs
20:58:32 use a0122145834;
20:58:32 set names utf8;
20:58:32 select * from configs
20:59:33 use a0122145834;
20:59:33 set names utf8;
20:59:33 select * from configs
21:00:39 use a0122145834;
21:00:39 set names utf8;
21:00:39 select * from configs
21:00:50 use a0122145834;
21:00:50 set names utf8;
21:00:50 select * from configs
21:00:55 use a0122145834;
21:00:55 set names utf8;
21:00:55 select * from configs
21:01:03 use a0122145834;
21:01:03 set names utf8;
21:01:03 select * from configs
21:01:09 use a0122145834;
21:01:09 set names utf8;
21:01:09 select * from configs
21:01:12 use a0122145834;
21:01:12 set names utf8;
21:01:12 select * from configs
21:01:32 use a0122145834;
21:01:32 set names utf8;
21:01:32 select * from configs
21:01:55 use a0122145834;
21:01:55 set names utf8;
21:01:55 select * from configs
21:02:09 use a0122145834;
21:02:09 set names utf8;
21:02:09 select * from configs
21:02:26 use a0122145834;
21:02:26 set names utf8;
21:02:26 select * from configs
21:02:41 use a0122145834;
21:02:41 set names utf8;
21:02:41 select * from configs
21:03:52 use a0122145834;
21:03:52 set names utf8;
21:03:52 select * from configs
21:04:12 use a0122145834;
21:04:12 set names utf8;
21:04:12 select * from configs
21:05:42 use a0122145834;
21:05:42 set names utf8;
21:05:42 select * from configs
21:05:42 select count(id) from users where register_ip='27.159.114.0' or last_ip='27.159.114.0' and add_time>1390827942
21:05:42 select * from users where user_name='24684224'
21:05:42 insert into users (user_name,nick_name,user_word,email,spreader_id,add_time,register_ip) values ('24684224','求昵称','96e79218965eb72c92a549dd5a330112','24684224@qq.com',535,'1393419942','27.159.114.0') ;
21:05:42 use a0122145834;
21:05:42 set names utf8;
21:05:42 select * from configs
21:05:42 select * from users where id=602
21:05:42 select count(id) from users where spreader_id='602'
21:05:42 select * from images
21:10:12 use a0122145834;
21:10:12 set names utf8;
21:10:12 select * from configs
21:10:48 use a0122145834;
21:10:48 set names utf8;
21:10:48 select * from configs
21:12:04 use a0122145834;
21:12:04 set names utf8;
21:12:04 select * from configs
21:12:06 use a0122145834;
21:12:06 set names utf8;
21:12:06 select * from configs
21:13:52 use a0122145834;
21:13:52 set names utf8;
21:13:52 select * from configs
21:14:05 use a0122145834;
21:14:05 set names utf8;
21:14:05 select * from configs
21:14:48 use a0122145834;
21:14:48 set names utf8;
21:14:48 select * from configs
21:15:38 use a0122145834;
21:15:38 set names utf8;
21:15:38 select * from configs
21:15:39 use a0122145834;
21:15:39 set names utf8;
21:15:39 select * from configs
21:16:02 use a0122145834;
21:16:02 set names utf8;
21:16:02 select * from configs
21:18:54 use a0122145834;
21:18:54 set names utf8;
21:18:54 select * from configs
21:20:59 use a0122145834;
21:20:59 set names utf8;
21:20:59 select * from configs
21:20:59 select * from users where id=51
21:21:00 use a0122145834;
21:21:00 set names utf8;
21:21:00 select * from configs
21:21:00 select * from users where id=51
21:21:00 select count(id) from users where spreader_id='51'
21:21:00 select * from images
21:21:00 select * from goods where need_top=1 and need_hidden=0 order by id desc limit 0,5
21:21:00 select count(id) from goods where need_top=0 and need_hidden=0 order by id desc
21:21:00 select * from goods where need_top=0 and need_hidden=0 order by id desc limit 0,5
21:21:56 use a0122145834;
21:21:56 set names utf8;
21:21:56 select * from configs
21:23:42 use a0122145834;
21:23:42 set names utf8;
21:23:42 select * from configs
21:24:23 use a0122145834;
21:24:23 set names utf8;
21:24:23 select * from configs
21:24:24 use a0122145834;
21:24:24 set names utf8;
21:24:24 select * from configs
21:25:30 use a0122145834;
21:25:30 set names utf8;
21:25:30 select * from configs
21:26:54 use a0122145834;
21:26:54 set names utf8;
21:26:54 select * from configs
21:26:58 use a0122145834;
21:26:58 set names utf8;
21:26:58 select * from configs
21:26:59 use a0122145834;
21:26:59 set names utf8;
21:26:59 select * from configs
21:27:07 use a0122145834;
21:27:07 set names utf8;
21:27:07 select * from configs
21:27:07 select * from users where user_name='644649746' and user_word='fe008700f25cb28940ca8ed91b23b354'
21:27:07 use a0122145834;
21:27:07 set names utf8;
21:27:07 select * from configs
21:27:07 select * from users where id=50
21:27:07 select count(id) from users where spreader_id='50'
21:27:07 select * from images
21:27:07 select * from goods where need_top=1 and need_hidden=0 order by id desc limit 0,5
21:27:07 select count(id) from goods where need_top=0 and need_hidden=0 order by id desc
21:27:07 select * from goods where need_top=0 and need_hidden=0 order by id desc limit 0,5
21:27:32 use a0122145834;
21:27:32 set names utf8;
21:27:32 select * from configs
21:28:01 use a0122145834;
21:28:01 set names utf8;
21:28:01 select * from configs
21:28:02 use a0122145834;
21:28:02 set names utf8;
21:28:02 select * from configs
21:28:02 select * from users where id=50
21:28:02 select count(id) from users where spreader_id='50'
21:28:02 select * from images
21:28:02 select * from goods where need_top=1 and need_hidden=0 order by id desc limit 0,5
21:28:02 select count(id) from goods where need_top=0 and need_hidden=0 order by id desc
21:28:02 select * from goods where need_top=0 and need_hidden=0 order by id desc limit 0,5
21:28:16 use a0122145834;
21:28:16 set names utf8;
21:28:16 select * from configs
21:28:16 select * from users where id=50
21:28:16 select count(id) from users where spreader_id='50'
21:28:16 select * from images
21:28:16 use a0122145834;
21:28:16 set names utf8;
21:28:16 select * from configs
21:28:49 use a0122145834;
21:28:49 set names utf8;
21:28:49 select * from configs
21:30:05 use a0122145834;
21:30:05 set names utf8;
21:30:05 select * from configs
21:30:08 use a0122145834;
21:30:08 set names utf8;
21:30:08 select * from configs
21:30:17 use a0122145834;
21:30:17 set names utf8;
21:30:17 select * from configs
21:31:36 use a0122145834;
21:31:36 set names utf8;
21:31:36 select * from configs
21:32:19 use a0122145834;
21:32:19 set names utf8;
21:32:19 select * from configs
21:32:21 use a0122145834;
21:32:21 set names utf8;
21:32:21 select * from configs
21:33:16 use a0122145834;
21:33:16 set names utf8;
21:33:16 select * from configs
21:34:47 use a0122145834;
21:34:47 set names utf8;
21:34:47 select * from configs
21:35:23 use a0122145834;
21:35:23 set names utf8;
21:35:23 select * from configs
21:37:01 use a0122145834;
21:37:01 set names utf8;
21:37:01 select * from configs
21:37:53 use a0122145834;
21:37:53 set names utf8;
21:37:53 select * from configs
21:38:26 use a0122145834;
21:38:26 set names utf8;
21:38:26 select * from configs
21:38:32 use a0122145834;
21:38:32 set names utf8;
21:38:32 select * from configs
21:39:18 use a0122145834;
21:39:18 set names utf8;
21:39:18 select * from configs
21:39:30 use a0122145834;
21:39:30 set names utf8;
21:39:30 select * from configs
21:42:04 use a0122145834;
21:42:04 set names utf8;
21:42:04 select * from configs
21:42:14 use a0122145834;
21:42:14 set names utf8;
21:42:14 select * from configs
21:43:00 use a0122145834;
21:43:00 set names utf8;
21:43:00 select * from configs
21:43:01 use a0122145834;
21:43:01 set names utf8;
21:43:01 select * from configs
21:44:54 use a0122145834;
21:44:54 set names utf8;
21:44:54 select * from configs
21:45:52 use a0122145834;
21:45:52 set names utf8;
21:45:52 select * from configs
21:45:59 use a0122145834;
21:45:59 set names utf8;
21:45:59 select * from configs
21:46:19 use a0122145834;
21:46:19 set names utf8;
21:46:19 select * from configs
21:47:43 use a0122145834;
21:47:43 set names utf8;
21:47:43 select * from configs
21:48:41 use a0122145834;
21:48:41 set names utf8;
21:48:41 select * from configs
21:48:53 use a0122145834;
21:48:53 set names utf8;
21:48:53 select * from configs
21:50:50 use a0122145834;
21:50:50 set names utf8;
21:50:50 select * from configs
21:53:38 use a0122145834;
21:53:38 set names utf8;
21:53:38 select * from configs
21:55:09 use a0122145834;
21:55:09 set names utf8;
21:55:09 select * from configs
21:55:09 select count(id) from users where register_ip='114.85.224.79' or last_ip='114.85.224.79' and add_time>1390830909
21:55:09 select * from users where user_name='2073993392'
21:55:09 insert into users (user_name,nick_name,user_word,email,spreader_id,add_time,register_ip) values ('2073993392','求昵称','04d2e3e7ab53dd4d2e02b14ff6f949c6','2073993392@qq.com',52,'1393422909','114.85.224.79') ;
21:55:09 use a0122145834;
21:55:09 set names utf8;
21:55:09 select * from configs
21:55:09 select * from users where id=603
21:55:09 select count(id) from users where spreader_id='603'
21:55:09 select * from images
21:57:02 use a0122145834;
21:57:02 set names utf8;
21:57:02 select * from configs
21:59:56 use a0122145834;
21:59:56 set names utf8;
21:59:56 select * from configs
21:59:56 select * from users where id=51
21:59:57 use a0122145834;
21:59:57 set names utf8;
21:59:57 select * from configs
21:59:57 select * from users where id=51
21:59:57 select count(id) from users where spreader_id='51'
21:59:57 select * from images
21:59:57 select * from goods where need_top=1 and need_hidden=0 order by id desc limit 0,5
21:59:57 select count(id) from goods where need_top=0 and need_hidden=0 order by id desc
21:59:57 select * from goods where need_top=0 and need_hidden=0 order by id desc limit 0,5
22:00:30 use a0122145834;
22:00:30 set names utf8;
22:00:30 select * from configs
22:00:30 select * from users where id=51
22:00:31 use a0122145834;
22:00:31 set names utf8;
22:00:31 select * from configs
22:00:31 select * from users where id=51
22:00:31 select count(id) from users where spreader_id='51'
22:00:31 select * from images
22:00:31 select * from goods where need_top=1 and need_hidden=0 order by id desc limit 0,5
22:00:31 select count(id) from goods where need_top=0 and need_hidden=0 order by id desc
22:00:31 select * from goods where need_top=0 and need_hidden=0 order by id desc limit 0,5
22:01:55 use a0122145834;
22:01:55 set names utf8;
22:01:55 select * from configs
22:01:55 select * from users where id=51
22:01:55 use a0122145834;
22:01:55 set names utf8;
22:01:55 select * from configs
22:01:55 select * from users where id=51
22:01:55 select count(id) from users where spreader_id='51'
22:01:55 select * from images
22:01:55 select * from goods where need_top=1 and need_hidden=0 order by id desc limit 0,5
22:01:55 select count(id) from goods where need_top=0 and need_hidden=0 order by id desc
22:01:55 select * from goods where need_top=0 and need_hidden=0 order by id desc limit 0,5
22:03:39 use a0122145834;
22:03:39 set names utf8;
22:03:39 select * from configs
22:03:39 select * from users where id=51
22:03:40 use a0122145834;
22:03:40 set names utf8;
22:03:40 select * from configs
22:03:40 select * from users where id=51
22:03:40 select count(id) from users where spreader_id='51'
22:03:40 select * from images
22:03:40 select * from goods where need_top=1 and need_hidden=0 order by id desc limit 0,5
22:03:40 select count(id) from goods where need_top=0 and need_hidden=0 order by id desc
22:03:40 select * from goods where need_top=0 and need_hidden=0 order by id desc limit 0,5
22:03:47 use a0122145834;
22:03:47 set names utf8;
22:03:47 select * from configs
22:03:47 select * from users where id=51
22:03:47 use a0122145834;
22:03:47 set names utf8;
22:03:47 select * from configs
22:03:48 select * from users where id=51
22:03:48 select count(id) from users where spreader_id='51'
22:03:48 select * from images
22:03:48 select * from goods where need_top=1 and need_hidden=0 order by id desc limit 0,5
22:03:48 select count(id) from goods where need_top=0 and need_hidden=0 order by id desc
22:03:48 select * from goods where need_top=0 and need_hidden=0 order by id desc limit 0,5
22:04:00 use a0122145834;
22:04:00 set names utf8;
22:04:00 select * from configs
22:04:07 use a0122145834;
22:04:07 set names utf8;
22:04:07 select * from configs
22:04:07 select * from users where id=51
22:04:08 use a0122145834;
22:04:08 set names utf8;
22:04:08 select * from configs
22:04:08 select * from users where id=51
22:04:08 select count(id) from users where spreader_id='51'
22:04:08 select * from images
22:04:08 select * from goods where need_top=1 and need_hidden=0 order by id desc limit 0,5
22:04:08 select count(id) from goods where need_top=0 and need_hidden=0 order by id desc
22:04:08 select * from goods where need_top=0 and need_hidden=0 order by id desc limit 0,5
22:04:39 use a0122145834;
22:04:39 set names utf8;
22:04:39 select * from configs
22:07:01 use a0122145834;
22:07:01 set names utf8;
22:07:01 select * from configs
22:07:28 use a0122145834;
22:07:28 set names utf8;
22:07:28 select * from configs
22:07:28 select * from users where id=51
22:07:29 use a0122145834;
22:07:29 set names utf8;
22:07:29 select * from configs
22:07:29 select * from users where id=51
22:07:29 select count(id) from users where spreader_id='51'
22:07:29 select * from images
22:07:29 select * from goods where need_top=1 and need_hidden=0 order by id desc limit 0,5
22:07:29 select count(id) from goods where need_top=0 and need_hidden=0 order by id desc
22:07:29 select * from goods where need_top=0 and need_hidden=0 order by id desc limit 0,5
22:07:37 use a0122145834;
22:07:37 set names utf8;
22:07:37 select * from configs
22:08:14 use a0122145834;
22:08:14 set names utf8;
22:08:14 select * from configs
22:08:21 use a0122145834;
22:08:21 set names utf8;
22:08:21 select * from configs
22:08:21 select * from users where id=603
22:08:22 use a0122145834;
22:08:22 set names utf8;
22:08:22 select * from configs
22:08:22 select * from users where id=603
22:08:22 select count(id) from users where spreader_id='603'
22:08:22 select * from images
22:08:22 select * from goods where need_top=1 and need_hidden=0 order by id desc limit 0,5
22:08:22 select count(id) from goods where need_top=0 and need_hidden=0 order by id desc
22:08:22 select * from goods where need_top=0 and need_hidden=0 order by id desc limit 0,5
22:08:41 use a0122145834;
22:08:41 set names utf8;
22:08:41 select * from configs
22:08:41 select * from users where id=603
22:08:41 select count(id) from users where spreader_id='603'
22:08:41 select * from images
22:08:43 use a0122145834;
22:08:43 set names utf8;
22:08:43 select * from configs
22:08:43 select * from users where id=603
22:08:43 select count(id) from users where spreader_id='603'
22:08:43 select * from images
22:08:44 use a0122145834;
22:08:44 set names utf8;
22:08:44 select * from configs
22:08:44 select * from users where id=603
22:08:44 select count(id) from users where spreader_id='603'
22:08:44 select * from images
22:08:48 use a0122145834;
22:08:48 set names utf8;
22:08:48 select * from configs
22:08:48 select * from users where id=603
22:08:52 use a0122145834;
22:08:52 set names utf8;
22:08:52 select * from configs
22:08:52 select * from users where id=603
22:08:52 select count(id) from users where spreader_id='603'
22:08:52 select * from images
22:08:52 select count(id) from income where user_id=603
22:08:52 select * from income where user_id=603 limit 0,5
22:09:02 use a0122145834;
22:09:02 set names utf8;
22:09:02 select * from configs
22:09:02 select * from users where id=603
22:09:02 select count(id) from users where spreader_id='603'
22:09:02 select * from images
22:09:02 select type_id from articles where id='9'
22:09:02 select * from articles where id='9'
22:09:48 use a0122145834;
22:09:48 set names utf8;
22:09:48 select * from configs
22:11:24 use a0122145834;
22:11:24 set names utf8;
22:11:24 select * from configs
22:11:47 use a0122145834;
22:11:47 set names utf8;
22:11:47 select * from configs
22:12:24 use a0122145834;
22:12:24 set names utf8;
22:12:24 select * from configs
22:12:26 use a0122145834;
22:12:26 set names utf8;
22:12:26 select * from configs
22:13:51 use a0122145834;
22:13:51 set names utf8;
22:13:51 select * from configs
22:15:03 use a0122145834;
22:15:03 set names utf8;
22:15:03 select * from configs
22:15:03 select count(id) from users where register_ip='221.1.168.66' or last_ip='221.1.168.66' and add_time>1390832103
22:15:03 select * from users where user_name='376755315'
22:15:03 insert into users (user_name,nick_name,user_word,email,spreader_id,add_time,register_ip) values ('376755315','求昵称','773d1df78f82629fac1ccb6b4121c7de','376755315@qq.com',50,'1393424103','221.1.168.66') ;
22:15:03 use a0122145834;
22:15:03 set names utf8;
22:15:03 select * from configs
22:15:03 select * from users where id=604
22:15:03 select count(id) from users where spreader_id='604'
22:15:03 select * from images
22:16:29 use a0122145834;
22:16:29 set names utf8;
22:16:29 select * from configs
22:16:46 use a0122145834;
22:16:46 set names utf8;
22:16:46 select * from configs
22:17:23 use a0122145834;
22:17:23 set names utf8;
22:17:23 select * from configs
22:18:06 use a0122145834;
22:18:06 set names utf8;
22:18:06 select * from configs
22:18:41 use a0122145834;
22:18:41 set names utf8;
22:18:41 select * from configs
22:19:45 use a0122145834;
22:19:45 set names utf8;
22:19:45 select * from configs
22:23:39 use a0122145834;
22:23:39 set names utf8;
22:23:39 select * from configs
22:24:08 use a0122145834;
22:24:08 set names utf8;
22:24:08 select * from configs
22:24:40 use a0122145834;
22:24:40 set names utf8;
22:24:40 select * from configs
22:24:44 use a0122145834;
22:24:44 set names utf8;
22:24:44 select * from configs
22:24:56 use a0122145834;
22:24:56 set names utf8;
22:24:56 select * from configs
22:25:17 use a0122145834;
22:25:17 set names utf8;
22:25:17 select * from configs
22:25:39 use a0122145834;
22:25:39 set names utf8;
22:25:39 select * from configs
22:25:39 use a0122145834;
22:25:39 set names utf8;
22:25:39 select * from configs
22:25:40 use a0122145834;
22:25:40 set names utf8;
22:25:40 select * from configs
22:26:25 use a0122145834;
22:26:25 set names utf8;
22:26:25 select * from configs
22:26:25 select count(id) from users where register_ip='27.14.193.71' or last_ip='27.14.193.71' and add_time>1390832785
22:26:25 select * from users where user_name='331040069'
22:26:25 insert into users (user_name,nick_name,user_word,email,spreader_id,add_time,register_ip) values ('331040069','求昵称','815be4de5381683a96e919d8e5dcfa18','331040069@qq.com',51,'1393424785','27.14.193.71') ;
22:26:26 use a0122145834;
22:26:26 set names utf8;
22:26:26 select * from configs
22:26:26 select * from users where id=605
22:26:26 select count(id) from users where spreader_id='605'
22:26:26 select * from images
22:27:52 use a0122145834;
22:27:52 set names utf8;
22:27:52 select * from configs
22:29:18 use a0122145834;
22:29:18 set names utf8;
22:29:18 select * from configs
22:29:18 use a0122145834;
22:29:18 set names utf8;
22:29:18 select * from configs
22:33:45 use a0122145834;
22:33:45 set names utf8;
22:33:45 select * from configs
22:35:57 use a0122145834;
22:35:57 set names utf8;
22:35:57 select * from configs
22:36:14 use a0122145834;
22:36:14 set names utf8;
22:36:14 select * from configs
22:36:16 use a0122145834;
22:36:16 set names utf8;
22:36:16 select * from configs
22:40:41 use a0122145834;
22:40:41 set names utf8;
22:40:41 select * from configs
22:42:37 use a0122145834;
22:42:37 set names utf8;
22:42:37 select * from configs
22:42:38 use a0122145834;
22:42:38 set names utf8;
22:42:38 select * from configs
22:42:39 use a0122145834;
22:42:39 set names utf8;
22:42:39 select * from configs
22:42:47 use a0122145834;
22:42:47 set names utf8;
22:42:47 select * from configs
22:42:47 select * from users where user_name='644649746' and user_word='fe008700f25cb28940ca8ed91b23b354'
22:42:47 use a0122145834;
22:42:47 set names utf8;
22:42:47 select * from configs
22:42:47 select * from users where id=50
22:42:47 select count(id) from users where spreader_id='50'
22:42:47 select * from images
22:42:47 select * from goods where need_top=1 and need_hidden=0 order by id desc limit 0,5
22:42:47 select count(id) from goods where need_top=0 and need_hidden=0 order by id desc
22:42:47 select * from goods where need_top=0 and need_hidden=0 order by id desc limit 0,5
22:42:52 use a0122145834;
22:42:52 set names utf8;
22:42:52 select * from configs
22:42:52 select * from users where id=50
22:42:52 select count(id) from users where spreader_id='50'
22:42:52 select * from images
22:42:52 select * from goods where need_top=1 and need_hidden=0 order by id desc limit 0,5
22:42:52 select count(id) from goods where need_top=0 and need_hidden=0 order by id desc
22:42:52 select * from goods where need_top=0 and need_hidden=0 order by id desc limit 0,5
22:42:56 use a0122145834;
22:42:56 set names utf8;
22:42:56 select * from configs
22:42:56 select * from users where id=50
22:42:56 select count(id) from users where spreader_id='50'
22:42:56 select * from images
22:42:57 use a0122145834;
22:42:57 set names utf8;
22:42:57 select * from configs
22:43:24 use a0122145834;
22:43:24 set names utf8;
22:43:24 select * from configs
22:43:38 use a0122145834;
22:43:38 set names utf8;
22:43:38 select * from configs
22:45:26 use a0122145834;
22:45:26 set names utf8;
22:45:26 select * from configs
22:48:31 use a0122145834;
22:48:31 set names utf8;
22:48:31 select * from configs
22:48:31 select * from users where user_name='1247457891' and user_word='24ea9ebe250fad5eeaae5c3234252995'
22:48:32 use a0122145834;
22:48:32 set names utf8;
22:48:32 select * from configs
22:48:32 select * from users where id=539
22:48:32 select count(id) from users where spreader_id='539'
22:48:32 select * from images
22:48:32 select * from goods where need_top=1 and need_hidden=0 order by id desc limit 0,5
22:48:32 select count(id) from goods where need_top=0 and need_hidden=0 order by id desc
22:48:32 select * from goods where need_top=0 and need_hidden=0 order by id desc limit 0,5
22:49:12 use a0122145834;
22:49:12 set names utf8;
22:49:12 select * from configs
22:49:12 select * from users where id=539
22:49:12 select * from goods where need_hidden=0 and id=13
22:49:12 select * from orders where user_id=539 and goods_id=13 
22:49:33 use a0122145834;
22:49:33 set names utf8;
22:49:33 select * from configs
22:49:33 select * from users where id=539
22:49:33 select * from goods where need_hidden=0 and id=13
22:49:33 select * from orders where user_id=539 and goods_id=13 
22:50:54 use a0122145834;
22:50:54 set names utf8;
22:50:54 select * from configs
22:50:54 select * from users where id=539
22:50:54 select count(id) from users where spreader_id='539'
22:50:54 select * from images
22:50:54 select * from goods where need_top=1 and need_hidden=0 order by id desc limit 0,5
22:50:54 select count(id) from goods where need_top=0 and need_hidden=0 order by id desc
22:50:54 select * from goods where need_top=0 and need_hidden=0 order by id desc limit 0,5
22:51:14 use a0122145834;
22:51:14 set names utf8;
22:51:15 select * from configs
22:51:15 select * from users where id=539
22:51:15 select count(id) from users where spreader_id='539'
22:51:15 select * from images
22:51:15 select type_id from articles where id='8'
22:51:15 select * from articles where id='8'
22:55:03 use a0122145834;
22:55:03 set names utf8;
22:55:03 select * from configs
22:55:36 use a0122145834;
22:55:36 set names utf8;
22:55:36 select * from configs
22:55:36 select * from users where id=539
22:55:36 select count(id) from users where spreader_id='539'
22:55:36 select * from images
22:55:36 select * from article_type
22:55:36 select * from article_type where id='0'
22:55:36 select count(id) from articles where type_id='0' order by add_time desc
22:55:36 select * from articles where type_id='0' order by add_time desc limit 0,5
22:56:00 use a0122145834;
22:56:00 set names utf8;
22:56:00 select * from configs
22:56:02 use a0122145834;
22:56:02 set names utf8;
22:56:02 select * from configs
22:56:02 select * from users where id=539
22:56:02 select count(id) from users where spreader_id='539'
22:56:02 select * from images
22:56:02 select * from article_type
22:56:02 select * from article_type where id='0'
22:56:02 select count(id) from articles where type_id='0' order by add_time desc
22:56:02 select * from articles where type_id='0' order by add_time desc limit 5,5
22:56:03 use a0122145834;
22:56:03 set names utf8;
22:56:03 select * from configs
22:56:04 use a0122145834;
22:56:04 set names utf8;
22:56:04 select * from configs
22:56:12 use a0122145834;
22:56:12 set names utf8;
22:56:12 select * from configs
22:56:12 select * from users where user_name='644649746' and user_word='fe008700f25cb28940ca8ed91b23b354'
22:56:12 use a0122145834;
22:56:12 set names utf8;
22:56:12 select * from configs
22:56:12 select * from users where id=50
22:56:12 select count(id) from users where spreader_id='50'
22:56:12 select * from images
22:56:12 select * from goods where need_top=1 and need_hidden=0 order by id desc limit 0,5
22:56:12 select count(id) from goods where need_top=0 and need_hidden=0 order by id desc
22:56:12 select * from goods where need_top=0 and need_hidden=0 order by id desc limit 0,5
22:56:18 use a0122145834;
22:56:18 set names utf8;
22:56:18 select * from configs
22:56:18 select * from users where id=50
22:56:18 select count(id) from users where spreader_id='50'
22:56:18 select * from images
22:56:18 use a0122145834;
22:56:18 set names utf8;
22:56:18 select * from configs
22:56:19 use a0122145834;
22:56:19 set names utf8;
22:56:19 select * from configs
22:56:19 select * from users where id=539
22:56:19 select count(id) from users where spreader_id='539'
22:56:19 select * from images
22:56:19 select type_id from articles where id='8'
22:56:19 select * from articles where id='8'
22:56:23 use a0122145834;
22:56:23 set names utf8;
22:56:23 select * from configs
22:56:23 select * from users where id=51
22:56:24 use a0122145834;
22:56:24 set names utf8;
22:56:24 select * from configs
22:56:24 select * from users where id=51
22:56:24 select count(id) from users where spreader_id='51'
22:56:24 select * from images
22:56:24 select * from goods where need_top=1 and need_hidden=0 order by id desc limit 0,5
22:56:24 select count(id) from goods where need_top=0 and need_hidden=0 order by id desc
22:56:24 select * from goods where need_top=0 and need_hidden=0 order by id desc limit 0,5
22:56:34 use a0122145834;
22:56:34 set names utf8;
22:56:34 select * from configs
22:56:34 select * from users where id=539
22:56:34 select count(id) from users where spreader_id='539'
22:56:34 select * from images
22:56:34 select * from article_type
22:56:34 select * from article_type where id='0'
22:56:34 select count(id) from articles where type_id='0' order by add_time desc
22:56:34 select * from articles where type_id='0' order by add_time desc limit 0,5
22:56:41 use a0122145834;
22:56:41 set names utf8;
22:56:41 select * from configs
22:56:41 select * from users where id=539
22:56:41 select count(id) from users where spreader_id='539'
22:56:41 select * from images
22:56:41 select * from article_type
22:56:41 select * from article_type where id='0'
22:56:41 select count(id) from articles where type_id='0' order by add_time desc
22:56:41 select * from articles where type_id='0' order by add_time desc limit 5,5
22:56:48 use a0122145834;
22:56:48 set names utf8;
22:56:48 select * from configs
22:56:48 select * from users where id=539
22:56:48 select count(id) from users where spreader_id='539'
22:56:48 select * from images
22:56:48 select type_id from articles where id='9'
22:56:48 select * from articles where id='9'
22:59:20 use a0122145834;
22:59:20 set names utf8;
22:59:20 select * from configs
22:59:20 select * from users where id=539
22:59:20 select count(id) from users where spreader_id='539'
22:59:20 select * from images
22:59:20 select * from article_type
22:59:20 select * from article_type where id='0'
22:59:20 select count(id) from articles where type_id='0' order by add_time desc
22:59:20 select * from articles where type_id='0' order by add_time desc limit 0,5
22:59:32 use a0122145834;
22:59:32 set names utf8;
22:59:32 select * from configs
22:59:32 select * from users where id=539
22:59:32 select count(id) from users where spreader_id='539'
22:59:32 select * from images
22:59:32 select * from article_type
22:59:32 select * from article_type where id='0'
22:59:32 select count(id) from articles where type_id='0' order by add_time desc
22:59:32 select * from articles where type_id='0' order by add_time desc limit 5,5
22:59:37 use a0122145834;
22:59:37 set names utf8;
22:59:37 select * from configs
22:59:37 select * from users where id=539
22:59:37 select count(id) from users where spreader_id='539'
22:59:37 select * from images
22:59:37 select type_id from articles where id='11'
22:59:37 select * from articles where id='11'
22:59:51 use a0122145834;
22:59:51 set names utf8;
22:59:51 select * from configs
22:59:51 select * from users where id=51
22:59:52 use a0122145834;
22:59:52 set names utf8;
22:59:52 select * from configs
22:59:52 select * from users where id=51
22:59:52 select count(id) from users where spreader_id='51'
22:59:52 select * from images
22:59:52 select * from goods where need_top=1 and need_hidden=0 order by id desc limit 0,5
22:59:52 select count(id) from goods where need_top=0 and need_hidden=0 order by id desc
22:59:52 select * from goods where need_top=0 and need_hidden=0 order by id desc limit 0,5
23:00:44 use a0122145834;
23:00:44 set names utf8;
23:00:44 select * from configs
23:01:23 use a0122145834;
23:01:23 set names utf8;
23:01:23 select * from configs
23:01:23 select count(id) from users where register_ip='123.157.246.11' or last_ip='123.157.246.11' and add_time>1390834883
23:01:23 select * from users where user_name='1679057718'
23:01:26 use a0122145834;
23:01:26 set names utf8;
23:01:26 select * from configs
23:02:03 use a0122145834;
23:02:03 set names utf8;
23:02:03 select * from configs
23:03:33 use a0122145834;
23:03:33 set names utf8;
23:03:33 select * from configs
23:03:41 use a0122145834;
23:03:41 set names utf8;
23:03:41 select * from configs
23:03:42 use a0122145834;
23:03:42 set names utf8;
23:03:42 select * from configs
23:03:49 use a0122145834;
23:03:49 set names utf8;
23:03:49 select * from configs
23:03:50 use a0122145834;
23:03:50 set names utf8;
23:03:50 select * from configs
23:03:56 use a0122145834;
23:03:56 set names utf8;
23:03:56 select * from configs
23:03:57 use a0122145834;
23:03:57 set names utf8;
23:03:57 select * from configs
23:04:32 use a0122145834;
23:04:32 set names utf8;
23:04:32 select * from configs
23:04:32 select * from users where user_name='1679057718' and user_word='58fdc149f0e3869906ee8fad6025005c'
23:04:32 update users set first_login='1',last_ip='123.157.246.11' where id='392'
23:04:32 update users set credits=credits+1 where id='105'
23:04:33 use a0122145834;
23:04:33 set names utf8;
23:04:33 select * from configs
23:04:33 select * from users where id=392
23:04:33 select count(id) from users where spreader_id='392'
23:04:33 select * from images
23:04:33 select * from goods where need_top=1 and need_hidden=0 order by id desc limit 0,5
23:04:33 select count(id) from goods where need_top=0 and need_hidden=0 order by id desc
23:04:33 select * from goods where need_top=0 and need_hidden=0 order by id desc limit 0,5
23:05:15 use a0122145834;
23:05:15 set names utf8;
23:05:15 select * from configs
23:05:15 select * from users where id=392
23:05:15 select * from goods where need_hidden=0 and id=12
23:05:15 select * from orders where user_id=392 and goods_id=12 
23:05:57 use a0122145834;
23:05:57 set names utf8;
23:05:57 select * from configs
23:06:43 use a0122145834;
23:06:43 set names utf8;
23:06:43 select * from configs
23:06:43 select * from users where id=392
23:06:43 select count(id) from users where spreader_id='392'
23:06:43 select * from images
23:06:43 select * from goods where need_top=1 and need_hidden=0 order by id desc limit 0,5
23:06:43 select count(id) from goods where need_top=0 and need_hidden=0 order by id desc
23:06:43 select * from goods where need_top=0 and need_hidden=0 order by id desc limit 0,5
23:06:54 use a0122145834;
23:06:54 set names utf8;
23:06:54 select * from configs
23:06:54 select * from users where id=392
23:06:54 select * from goods where need_hidden=0 and id=8
23:06:54 select * from orders where user_id=392 and goods_id=8 
23:08:01 use a0122145834;
23:08:01 set names utf8;
23:08:01 select * from configs
23:08:01 use a0122145834;
23:08:01 set names utf8;
23:08:01 select * from configs
23:10:07 use a0122145834;
23:10:07 set names utf8;
23:10:07 select * from configs
23:10:10 use a0122145834;
23:10:10 set names utf8;
23:10:10 select * from configs
23:10:10 use a0122145834;
23:10:10 set names utf8;
23:10:10 select * from configs
23:10:18 use a0122145834;
23:10:18 set names utf8;
23:10:18 select * from configs
23:10:18 select * from users where user_name='122516714' and user_word='83ddbbe1871dcb0f954eb29474e369aa'
23:10:19 use a0122145834;
23:10:19 set names utf8;
23:10:19 select * from configs
23:10:19 select * from users where id=282
23:10:19 select count(id) from users where spreader_id='282'
23:10:19 select * from images
23:10:19 select * from goods where need_top=1 and need_hidden=0 order by id desc limit 0,5
23:10:19 select count(id) from goods where need_top=0 and need_hidden=0 order by id desc
23:10:19 select * from goods where need_top=0 and need_hidden=0 order by id desc limit 0,5
23:10:31 use a0122145834;
23:10:31 set names utf8;
23:10:31 select * from configs
23:10:31 select * from users where id=282
23:10:31 select count(id) from users where spreader_id='282'
23:10:31 select * from images
23:10:31 select * from users where spreader_id='282'
23:10:39 use a0122145834;
23:10:39 set names utf8;
23:10:39 select * from configs
23:10:39 select * from users where id=282
23:10:39 select * from goods where need_hidden=0 and id=13
23:10:39 select * from orders where user_id=282 and goods_id=13 
23:10:45 use a0122145834;
23:10:45 set names utf8;
23:10:45 select * from configs
23:10:45 select * from users where id=282
23:10:45 select count(id) from users where spreader_id='282'
23:10:45 select * from images
23:10:45 select * from goods where need_top=1 and need_hidden=0 order by id desc limit 0,5
23:10:45 select count(id) from goods where need_top=0 and need_hidden=0 order by id desc
23:10:45 select * from goods where need_top=0 and need_hidden=0 order by id desc limit 0,5
23:10:53 use a0122145834;
23:10:53 set names utf8;
23:10:53 select * from configs
23:11:16 use a0122145834;
23:11:17 set names utf8;
23:11:17 select * from configs
23:14:17 use a0122145834;
23:14:17 set names utf8;
23:14:17 select * from configs
23:14:17 select * from users where id=539
23:14:17 select count(id) from users where spreader_id='539'
23:14:17 select * from images
23:14:17 select * from article_type
23:14:17 select * from article_type where id='0'
23:14:17 select count(id) from articles where type_id='0' order by add_time desc
23:14:17 select * from articles where type_id='0' order by add_time desc limit 0,5
23:14:28 use a0122145834;
23:14:28 set names utf8;
23:14:28 select * from configs
23:14:28 select * from users where id=539
23:14:28 select count(id) from users where spreader_id='539'
23:14:28 select * from images
23:14:28 select type_id from articles where id='15'
23:14:28 select * from articles where id='15'
23:18:15 use a0122145834;
23:18:15 set names utf8;
23:18:15 select * from configs
23:18:54 use a0122145834;
23:18:54 set names utf8;
23:18:54 select * from configs
23:19:17 use a0122145834;
23:19:17 set names utf8;
23:19:17 select * from configs
23:20:53 use a0122145834;
23:20:53 set names utf8;
23:20:53 select * from configs
23:22:05 use a0122145834;
23:22:05 set names utf8;
23:22:05 select * from configs
23:23:46 use a0122145834;
23:23:46 set names utf8;
23:23:46 select * from configs
23:24:01 use a0122145834;
23:24:01 set names utf8;
23:24:01 select * from configs
23:24:43 use a0122145834;
23:24:43 set names utf8;
23:24:43 select * from configs
23:24:47 use a0122145834;
23:24:47 set names utf8;
23:24:47 select * from configs
23:25:01 use a0122145834;
23:25:01 set names utf8;
23:25:01 select * from configs
23:25:03 use a0122145834;
23:25:03 set names utf8;
23:25:03 select * from configs
23:25:51 use a0122145834;
23:25:51 set names utf8;
23:25:51 select * from configs
23:26:10 use a0122145834;
23:26:10 set names utf8;
23:26:10 select * from configs
23:26:10 select * from users where user_name='331040069' and user_word='5d4ebefac60d48b39c0235e383700b70'
23:26:17 use a0122145834;
23:26:17 set names utf8;
23:26:17 select * from configs
23:26:30 use a0122145834;
23:26:30 set names utf8;
23:26:30 select * from configs
23:26:37 use a0122145834;
23:26:37 set names utf8;
23:26:37 select * from configs
23:26:37 select count(id) from users where register_ip='59.40.139.96' or last_ip='59.40.139.96' and add_time>1390836397
23:26:37 select * from users where user_name='2236569928'
23:26:37 insert into users (user_name,nick_name,user_word,email,spreader_id,add_time,register_ip) values ('2236569928','求昵称','c2c3ba628ef7a316705be3642b28464c','2236569928@qq.com',50,'1393428397','59.40.139.96') ;
23:26:37 use a0122145834;
23:26:37 set names utf8;
23:26:37 select * from configs
23:26:37 select * from users where id=606
23:26:37 select count(id) from users where spreader_id='606'
23:26:37 select * from images
23:26:41 use a0122145834;
23:26:41 set names utf8;
23:26:41 select * from configs
23:26:41 select * from users where user_name='331040069' and user_word='815be4de5381683a96e919d8e5dcfa18'
23:26:41 update users set first_login='1',last_ip='27.14.193.71' where id='605'
23:26:41 update users set credits=credits+1 where id='51'
23:26:41 use a0122145834;
23:26:41 set names utf8;
23:26:41 select * from configs
23:26:41 select * from users where id=605
23:26:41 select count(id) from users where spreader_id='605'
23:26:41 select * from images
23:26:41 select * from goods where need_top=1 and need_hidden=0 order by id desc limit 0,5
23:26:41 select count(id) from goods where need_top=0 and need_hidden=0 order by id desc
23:26:41 select * from goods where need_top=0 and need_hidden=0 order by id desc limit 0,5
23:27:01 use a0122145834;
23:27:01 set names utf8;
23:27:01 select * from configs
23:27:01 select * from users where id=605
23:27:01 select count(id) from users where spreader_id='605'
23:27:01 select * from images
23:27:06 use a0122145834;
23:27:06 set names utf8;
23:27:06 select * from configs
23:27:06 select * from users where id=605
23:27:07 use a0122145834;
23:27:07 set names utf8;
23:27:07 select * from configs
23:27:07 select * from users where id=605
23:27:07 select count(id) from users where spreader_id='605'
23:27:07 select * from images
23:27:07 select count(id) from income where user_id=605
23:27:07 select * from income where user_id=605 limit 0,5
23:27:09 use a0122145834;
23:27:09 set names utf8;
23:27:09 select * from configs
23:27:09 select * from users where id=605
23:27:09 select count(id) from users where spreader_id='605'
23:27:09 select * from images
23:27:11 use a0122145834;
23:27:11 set names utf8;
23:27:11 select * from configs
23:27:11 select * from users where id=605
23:27:11 select count(id) from users where spreader_id='605'
23:27:11 select * from images
23:27:19 use a0122145834;
23:27:19 set names utf8;
23:27:19 select * from configs
23:27:19 use a0122145834;
23:27:19 set names utf8;
23:27:19 select * from configs
23:27:21 use a0122145834;
23:27:21 set names utf8;
23:27:21 select * from configs
23:27:21 select * from users where id=605
23:27:21 select count(id) from users where spreader_id='605'
23:27:21 select * from images
23:27:21 select * from goods where need_top=1 and need_hidden=0 order by id desc limit 0,5
23:27:21 select count(id) from goods where need_top=0 and need_hidden=0 order by id desc
23:27:21 select * from goods where need_top=0 and need_hidden=0 order by id desc limit 0,5
23:27:49 use a0122145834;
23:27:49 set names utf8;
23:27:49 select * from configs
23:27:49 select * from users where id=605
23:27:49 select * from goods where need_hidden=0 and id=8
23:27:49 select * from orders where user_id=605 and goods_id=8 
23:28:05 use a0122145834;
23:28:05 set names utf8;
23:28:05 select * from configs
23:28:12 use a0122145834;
23:28:12 set names utf8;
23:28:12 select * from configs
23:28:27 use a0122145834;
23:28:27 set names utf8;
23:28:27 select * from configs
23:28:27 select * from users where id=605
23:28:27 select * from goods where id=8
23:28:27 update users set money=money-0 where id=605
23:28:27 insert into orders (goods_id,user_id,pay_type,order_sn,order_type,add_time) values ('8','605','1','139342850738586','1','1393428507') ;
23:28:29 use a0122145834;
23:28:29 set names utf8;
23:28:29 select * from configs
23:28:29 select * from users where id=605
23:28:29 select * from goods where need_hidden=0 and id=8
23:28:29 select * from orders where user_id=605 and goods_id=8 
23:32:13 use a0122145834;
23:32:13 set names utf8;
23:32:13 select * from configs
23:35:36 use a0122145834;
23:35:36 set names utf8;
23:35:36 select * from configs
23:35:36 select * from users where id=282
23:35:37 use a0122145834;
23:35:37 set names utf8;
23:35:37 select * from configs
23:35:37 select * from users where id=282
23:35:37 select count(id) from users where spreader_id='282'
23:35:37 select * from images
23:35:37 select * from goods where need_top=1 and need_hidden=0 order by id desc limit 0,5
23:35:37 select count(id) from goods where need_top=0 and need_hidden=0 order by id desc
23:35:37 select * from goods where need_top=0 and need_hidden=0 order by id desc limit 0,5
23:36:00 use a0122145834;
23:36:00 set names utf8;
23:36:00 select * from configs
23:36:00 use a0122145834;
23:36:00 set names utf8;
23:36:00 select * from configs
23:36:00 select count(id) from users where register_ip='125.113.51.98' or last_ip='125.113.51.98' and add_time>1390836960
23:36:00 select * from users where user_name='2933654897'
23:36:00 insert into users (user_name,nick_name,user_word,email,spreader_id,add_time,register_ip) values ('2933654897','求昵称','4ff028778fd5e8c3045df2a1d78256dc','2933654897@qq.com',535,'1393428960','125.113.51.98') ;
23:36:01 use a0122145834;
23:36:01 set names utf8;
23:36:01 select * from configs
23:36:01 select * from users where id=607
23:36:01 select count(id) from users where spreader_id='607'
23:36:01 select * from images
23:38:05 use a0122145834;
23:38:05 set names utf8;
23:38:05 select * from configs
23:38:05 use a0122145834;
23:38:05 set names utf8;
23:38:05 select * from configs
23:38:10 use a0122145834;
23:38:10 set names utf8;
23:38:10 select * from configs
23:38:11 use a0122145834;
23:38:11 set names utf8;
23:38:11 select * from configs
23:39:01 use a0122145834;
23:39:01 set names utf8;
23:39:01 select * from configs
23:39:01 use a0122145834;
23:39:01 set names utf8;
23:39:01 select * from configs
23:39:31 use a0122145834;
23:39:31 set names utf8;
23:39:31 select * from configs
23:40:04 use a0122145834;
23:40:04 set names utf8;
23:40:04 select * from configs
23:42:18 use a0122145834;
23:42:18 set names utf8;
23:42:18 select * from configs
23:46:45 use a0122145834;
23:46:45 set names utf8;
23:46:45 select * from configs
23:54:02 use a0122145834;
23:54:02 set names utf8;
23:54:02 select * from configs
23:55:14 use a0122145834;
23:55:14 set names utf8;
23:55:14 select * from configs
23:55:19 use a0122145834;
23:55:19 set names utf8;
23:55:19 select * from configs
23:55:20 use a0122145834;
23:55:20 set names utf8;
23:55:20 select * from configs
23:55:31 use a0122145834;
23:55:31 set names utf8;
23:55:31 select * from configs
23:55:31 select * from admins where user_name='admin' and user_word='bccf0d96673408a7a0ce5f007328ec42'
23:55:31 use a0122145834;
23:55:31 set names utf8;
23:55:31 select * from configs
23:55:31 select * from admins where id=1
23:55:35 use a0122145834;
23:55:35 set names utf8;
23:55:35 select * from configs
23:55:35 select * from admins where id=1
23:55:35 use a0122145834;
23:55:35 set names utf8;
23:55:35 select * from configs
23:55:35 select * from admins where id=1
23:55:35 select count(id) from users
23:55:35 select * from users limit 0,20
23:55:39 use a0122145834;
23:55:39 set names utf8;
23:55:39 select * from configs
23:55:39 select * from admins where id=1
23:55:39 select count(id) from users
23:55:39 select * from users limit 560,20
23:55:42 use a0122145834;
23:55:42 set names utf8;
23:55:42 select * from configs
23:55:42 select * from admins where id=1
23:55:42 select count(id) from users
23:55:42 select * from users limit 540,20
23:56:07 use a0122145834;
23:56:07 set names utf8;
23:56:07 select * from configs
23:56:07 select * from admins where id=1
23:56:07 select count(id) from users
23:56:07 select * from users limit 520,20
23:56:30 use a0122145834;
23:56:30 set names utf8;
23:56:30 select * from configs
23:56:30 select * from admins where id=1
23:56:30 select count(id) from users
23:56:30 select * from users limit 500,20
23:56:47 use a0122145834;
23:56:47 set names utf8;
23:56:47 select * from configs
23:56:48 select * from admins where id=1
23:56:48 select count(id) from users
23:56:48 select * from users limit 480,20
23:57:04 use a0122145834;
23:57:04 set names utf8;
23:57:04 select * from configs
23:57:04 select * from admins where id=1
23:57:04 select count(id) from users
23:57:04 select * from users limit 560,20
23:58:24 use a0122145834;
23:58:24 set names utf8;
23:58:24 select * from configs
23:58:24 select * from users where id=1
23:58:25 use a0122145834;
23:58:25 set names utf8;
23:58:25 select * from configs
