23:11:31 use a0122145834;
23:11:31 set names utf8;
23:11:31 select * from configs
23:11:31 select * from users where id=50
23:11:31 select count(id) from users where spreader_id='50'
23:11:31 select * from images
23:11:31 use a0122145834;
23:11:31 set names utf8;
23:11:31 select * from configs
23:11:31 select * from users where id=50
23:11:31 select count(id) from users where spreader_id='50'
23:11:31 select * from images
23:11:31 select * from goods where need_top=1 and need_hidden=0 order by id desc limit 0,5
23:11:31 select count(id) from goods where need_top=0 and need_hidden=0 order by id desc
23:11:31 select * from goods where need_top=0 and need_hidden=0 order by id desc limit 0,5
23:11:35 use a0122145834;
23:11:35 set names utf8;
23:11:35 select * from configs
23:11:35 select * from users where id=50
23:11:35 select count(id) from users where spreader_id='50'
23:11:35 select * from images
23:11:35 use a0122145834;
23:11:35 set names utf8;
23:11:35 select * from configs
23:11:48 use a0122145834;
23:11:48 set names utf8;
23:11:48 select * from configs
23:11:55 use a0122145834;
23:11:55 set names utf8;
23:11:55 select * from configs
23:11:55 select * from users where id=937
23:11:55 select count(id) from users where spreader_id='937'
23:11:55 select * from images
23:12:00 use a0122145834;
23:12:00 set names utf8;
23:12:00 select * from configs
23:12:00 select * from users where id=937
23:12:00 select count(id) from users where spreader_id='937'
23:12:00 select * from images
23:12:17 use a0122145834;
23:12:17 set names utf8;
23:12:17 select * from configs
23:12:18 use a0122145834;
23:12:18 set names utf8;
23:12:18 select * from configs
23:12:18 use a0122145834;
23:12:18 set names utf8;
23:12:18 select * from configs
23:13:02 use a0122145834;
23:13:02 set names utf8;
23:13:02 select * from configs
23:15:59 use a0122145834;
23:15:59 set names utf8;
23:15:59 select * from configs
23:22:24 use a0122145834;
23:22:24 set names utf8;
23:22:24 select * from configs
23:23:00 use a0122145834;
23:23:00 set names utf8;
23:23:00 select * from configs
23:23:00 select count(id) from users where register_ip='61.131.96.157' or last_ip='61.131.96.157' and add_time>1391700180
23:23:00 select * from users where user_name='773036429'
23:23:00 insert into users (user_name,nick_name,user_word,email,spreader_id,add_time,register_ip) values ('773036429','求昵称','5842eb428c28ad1c7f498f2f211661d0','773036429@qq.com',0,'1394292180','61.131.96.157') ;
23:23:02 use a0122145834;
23:23:02 set names utf8;
23:23:02 select * from configs
23:23:02 select * from users where id=941
23:23:02 select count(id) from users where spreader_id='941'
23:23:02 select * from images
23:24:00 use a0122145834;
23:24:00 set names utf8;
23:24:00 select * from configs
23:24:00 select * from users where id=941
23:24:36 use a0122145834;
23:24:36 set names utf8;
23:24:36 select * from configs
23:29:20 use a0122145834;
23:29:20 set names utf8;
23:29:20 select * from configs
23:29:27 use a0122145834;
23:29:27 set names utf8;
23:29:27 select * from configs
23:31:24 use a0122145834;
23:31:24 set names utf8;
23:31:24 select * from configs
23:32:09 use a0122145834;
23:32:09 set names utf8;
23:32:09 select * from configs
23:32:34 use a0122145834;
23:32:34 set names utf8;
23:32:34 select * from configs
23:38:13 use a0122145834;
23:38:13 set names utf8;
23:38:13 select * from configs
23:38:14 use a0122145834;
23:38:14 set names utf8;
23:38:14 select * from configs
23:39:52 use a0122145834;
23:39:52 set names utf8;
23:39:52 select * from configs
23:39:52 select count(id) from users where register_ip='221.204.172.155' or last_ip='221.204.172.155' and add_time>1391701192
23:39:52 select * from users where user_name='504406264'
23:39:52 insert into users (user_name,nick_name,user_word,email,spreader_id,add_time,register_ip) values ('504406264','求昵称','869224cc6e1c372131a9e71d5b5927b6','504406264@qq.com',50,'1394293192','221.204.172.155') ;
23:39:52 use a0122145834;
23:39:52 set names utf8;
23:39:52 select * from configs
23:39:52 select * from users where id=942
23:39:52 select count(id) from users where spreader_id='942'
23:39:52 select * from images
23:41:21 use a0122145834;
23:41:21 set names utf8;
23:41:21 select * from configs
23:42:34 use a0122145834;
23:42:34 set names utf8;
23:42:34 select * from configs
23:46:07 use a0122145834;
23:46:07 set names utf8;
23:46:07 select * from configs
23:54:38 use a0122145834;
23:54:38 set names utf8;
23:54:38 select * from configs
