00:02:04 use a0122145834;
00:02:04 set names utf8;
00:02:04 select * from configs
00:02:04 select * from users where user_name='121212' and user_word='93279e3308bdbbeed946fc965017f67a'
00:02:04 use a0122145834;
00:02:04 set names utf8;
00:02:04 select * from configs
00:02:04 select * from users where id=42
00:02:04 select count(id) from users where spreader_id='42'
00:02:04 select * from images
00:02:04 select * from goods where need_top=1 and need_hidden=0 order by id desc limit 0,5
00:02:04 select count(id) from goods where need_top=0 and need_hidden=0 order by id desc
00:02:04 select * from goods where need_top=0 and need_hidden=0 order by id desc limit 0,5
00:02:12 use a0122145834;
00:02:12 set names utf8;
00:02:12 select * from configs
00:02:12 select * from admins where id=1
00:02:12 select * from users where id=42
00:02:19 use a0122145834;
00:02:19 set names utf8;
00:02:19 select * from configs
00:02:19 select * from admins where id=1
00:02:19 update users set user_name='121212',nick_name='求昵称',credits='0',money='107151',pay_email='',pay_name='',address='',vip_level='0',spreader_rate='0.5' where id=42 
00:02:23 use a0122145834;
00:02:23 set names utf8;
00:02:23 select * from configs
00:02:23 select * from admins where id=1
00:02:23 select * from users where id=42
00:02:39 use a0122145834;
00:02:39 set names utf8;
00:02:39 select * from configs
00:02:39 select * from admins where id=1
00:02:39 use a0122145834;
00:02:39 set names utf8;
00:02:39 select * from configs
00:02:39 select * from admins where id=1
00:02:39 select count(id) from users
00:02:39 select * from users limit 0,20
00:02:49 use a0122145834;
00:02:49 set names utf8;
00:02:49 select * from configs
00:02:49 select * from users where id=42
00:02:49 select count(id) from users where spreader_id='42'
00:02:49 select * from images
00:02:49 select * from goods where need_top=1 and need_hidden=0 order by id desc limit 0,5
00:02:49 select count(id) from goods where need_top=0 and need_hidden=0 order by id desc
00:02:49 select * from goods where need_top=0 and need_hidden=0 order by id desc limit 0,5
00:02:53 use a0122145834;
00:02:53 set names utf8;
00:02:53 select * from configs
00:02:53 select * from users where id=42
00:02:53 update users set money=money-1980,credits=credits+0,spreader_rate=0.5,vip_level=2 where id=42
00:02:53 select * from users where id='38'
00:02:56 use a0122145834;
00:02:56 set names utf8;
00:02:56 select * from configs
00:02:56 select * from users where id=42
00:02:56 select count(id) from users where spreader_id='42'
00:02:56 select * from images
00:02:56 select * from goods where need_top=1 and need_hidden=0 order by id desc limit 0,5
00:02:56 select count(id) from goods where need_top=0 and need_hidden=0 order by id desc
00:02:56 select * from goods where need_top=0 and need_hidden=0 order by id desc limit 0,5
00:03:00 use a0122145834;
00:03:00 set names utf8;
00:03:00 select * from configs
00:03:00 select * from admins where id=1
00:03:00 select * from users where id=42
00:03:03 use a0122145834;
00:03:03 set names utf8;
00:03:03 select * from configs
00:03:03 select * from admins where id=1
00:03:03 update users set user_name='121212',nick_name='求昵称',credits='0',money='105171',pay_email='',pay_name='',address='',vip_level='0',spreader_rate='0.5' where id=42 
00:03:05 use a0122145834;
00:03:05 set names utf8;
00:03:05 select * from configs
00:03:05 select * from admins where id=1
00:03:05 select * from users where id=42
00:03:07 use a0122145834;
00:03:07 set names utf8;
00:03:07 select * from configs
00:03:07 select * from admins where id=1
00:03:08 use a0122145834;
00:03:08 set names utf8;
00:03:08 select * from configs
00:03:08 select * from admins where id=1
00:03:08 select count(id) from users
00:03:08 select * from users limit 0,20
00:03:12 use a0122145834;
00:03:12 set names utf8;
00:03:12 select * from configs
00:03:12 select * from admins where id=1
00:03:12 select * from users where id=38
00:03:17 use a0122145834;
00:03:17 set names utf8;
00:03:17 select * from configs
00:03:17 select * from admins where id=1
00:03:17 update users set user_name='555555',nick_name='求昵称',credits='0',money='3158',pay_email='',pay_name='',address='',vip_level='1',spreader_rate='0.6' where id=38 
00:03:18 use a0122145834;
00:03:18 set names utf8;
00:03:18 select * from configs
00:03:18 select * from admins where id=1
00:03:18 select * from users where id=38
00:03:22 use a0122145834;
00:03:22 set names utf8;
00:03:22 select * from configs
00:03:22 select * from admins where id=1
00:03:23 use a0122145834;
00:03:23 set names utf8;
00:03:23 select * from configs
00:03:23 select * from admins where id=1
00:03:23 select count(id) from users
00:03:23 select * from users limit 0,20
00:03:24 use a0122145834;
00:03:24 set names utf8;
00:03:24 select * from configs
00:03:24 select * from users where id=42
00:03:24 select count(id) from users where spreader_id='42'
00:03:24 select * from images
00:03:25 select * from goods where need_top=1 and need_hidden=0 order by id desc limit 0,5
00:03:25 select count(id) from goods where need_top=0 and need_hidden=0 order by id desc
00:03:25 select * from goods where need_top=0 and need_hidden=0 order by id desc limit 0,5
00:03:32 use a0122145834;
00:03:32 set names utf8;
00:03:32 select * from configs
00:03:32 select * from users where id=42
00:03:32 update users set money=money-1980,credits=credits+0,spreader_rate=0.5,vip_level=2 where id=42
00:03:32 select * from users where id='38'
00:03:32 update users set money=money+1188 where id='38'
00:03:34 use a0122145834;
00:03:34 set names utf8;
00:03:34 select * from configs
00:03:34 select * from users where id=42
00:03:34 select count(id) from users where spreader_id='42'
00:03:34 select * from images
00:03:34 select * from goods where need_top=1 and need_hidden=0 order by id desc limit 0,5
00:03:34 select count(id) from goods where need_top=0 and need_hidden=0 order by id desc
00:03:34 select * from goods where need_top=0 and need_hidden=0 order by id desc limit 0,5
00:03:42 use a0122145834;
00:03:42 set names utf8;
00:03:42 select * from configs
00:03:42 select * from admins where id=1
00:03:42 select * from users where id=42
00:03:49 use a0122145834;
00:03:49 set names utf8;
00:03:49 select * from configs
00:03:49 select * from admins where id=1
00:03:49 update users set user_name='121212',nick_name='求昵称',credits='0',money='0',pay_email='',pay_name='',address='',vip_level='0',spreader_rate='0.5' where id=42 
00:03:50 use a0122145834;
00:03:50 set names utf8;
00:03:50 select * from configs
00:03:50 select * from admins where id=1
00:03:50 select * from users where id=42
00:03:56 use a0122145834;
00:03:56 set names utf8;
00:03:56 select * from configs
00:03:56 select * from admins where id=1
00:03:56 use a0122145834;
00:03:56 set names utf8;
00:03:56 select * from configs
00:03:56 select * from admins where id=1
00:03:56 select count(id) from users
00:03:56 select * from users limit 0,20
00:04:22 use a0122145834;
00:04:22 set names utf8;
00:04:22 select * from configs
00:04:22 select * from admins where id=1
00:04:22 select * from users where id=35
00:04:31 use a0122145834;
00:04:31 set names utf8;
00:04:31 select * from configs
00:04:31 select * from admins where id=1
00:04:31 update users set user_name='444444',nick_name='求昵称',credits='0',money='0',pay_email='',pay_name='',address='',vip_level='0',spreader_rate='0.5' where id=35 
00:04:32 use a0122145834;
00:04:32 set names utf8;
00:04:32 select * from configs
00:04:32 select * from admins where id=1
00:04:32 select * from users where id=35
00:04:37 use a0122145834;
00:04:37 set names utf8;
00:04:37 select * from configs
00:04:37 select * from admins where id=1
00:04:38 use a0122145834;
00:04:38 set names utf8;
00:04:38 select * from configs
00:04:38 select * from admins where id=1
00:04:38 select count(id) from users
00:04:38 select * from users limit 0,20
00:04:47 use a0122145834;
00:04:47 set names utf8;
00:04:47 select * from configs
00:04:47 select * from admins where id=1
00:04:47 select * from users where id=32
00:04:55 use a0122145834;
00:04:55 set names utf8;
00:04:55 select * from configs
00:04:55 select * from admins where id=1
00:04:55 update users set user_name='222222',nick_name='求昵称',credits='6',money='0',pay_email='',pay_name='',address='',vip_level='0' where id=32 
00:04:57 use a0122145834;
00:04:57 set names utf8;
00:04:57 select * from configs
00:04:57 select * from admins where id=1
00:04:57 select * from users where id=32
00:04:59 use a0122145834;
00:04:59 set names utf8;
00:04:59 select * from configs
00:04:59 select * from admins where id=1
00:04:59 use a0122145834;
00:04:59 set names utf8;
00:04:59 select * from configs
00:04:59 select * from admins where id=1
00:04:59 select count(id) from users
00:04:59 select * from users limit 0,20
00:05:14 use a0122145834;
00:05:14 set names utf8;
00:05:14 select * from configs
00:05:14 select * from admins where id=1
00:05:14 select * from users where id=38
00:05:20 use a0122145834;
00:05:20 set names utf8;
00:05:20 select * from configs
00:05:20 select * from admins where id=1
00:05:20 update users set user_name='555555',nick_name='求昵称',credits='0',money='1970',pay_email='',pay_name='',address='',vip_level='1',spreader_rate='0.6' where id=38 
00:05:23 use a0122145834;
00:05:23 set names utf8;
00:05:23 select * from configs
00:05:23 select * from admins where id=1
00:05:23 select * from users where id=38
00:05:27 use a0122145834;
00:05:27 set names utf8;
00:05:27 select * from configs
00:05:27 select * from admins where id=1
00:05:27 update users set user_name='555555',nick_name='求昵称',credits='0',money='1970',pay_email='',pay_name='',address='',vip_level='0',spreader_rate='0.6' where id=38 
00:05:29 use a0122145834;
00:05:29 set names utf8;
00:05:29 select * from configs
00:05:29 select * from admins where id=1
00:05:29 select * from users where id=38
00:05:45 use a0122145834;
00:05:45 set names utf8;
00:05:45 select * from configs
00:05:45 select * from admins where id=1
00:05:46 use a0122145834;
00:05:46 set names utf8;
00:05:46 select * from configs
00:05:46 select * from admins where id=1
00:05:46 select count(id) from users
00:05:46 select * from users limit 0,20
00:06:04 use a0122145834;
00:06:04 set names utf8;
00:06:04 select * from configs
00:06:04 select * from admins where id=1
00:06:04 select * from users where id=32
00:06:08 use a0122145834;
00:06:08 set names utf8;
00:06:08 select * from configs
00:06:08 select * from admins where id=1
00:06:09 update users set user_name='222222',nick_name='求昵称',credits='0',money='0',pay_email='',pay_name='',address='',vip_level='0' where id=32 
00:06:10 use a0122145834;
00:06:10 set names utf8;
00:06:10 select * from configs
00:06:10 select * from admins where id=1
00:06:10 select * from users where id=32
00:06:15 use a0122145834;
00:06:15 set names utf8;
00:06:15 select * from configs
00:06:15 select * from admins where id=1
00:06:19 use a0122145834;
00:06:19 set names utf8;
00:06:19 select * from configs
00:06:19 select * from admins where id=1
00:06:19 select count(id) from users
00:06:19 select * from users limit 0,20
00:06:24 use a0122145834;
00:06:24 set names utf8;
00:06:24 select * from configs
00:06:24 select * from users where id=42
00:06:24 select count(id) from users where spreader_id='42'
00:06:24 select * from images
00:06:24 select * from goods where need_top=1 and need_hidden=0 order by id desc limit 0,5
00:06:24 select count(id) from goods where need_top=0 and need_hidden=0 order by id desc
00:06:24 select * from goods where need_top=0 and need_hidden=0 order by id desc limit 0,5
00:06:37 use a0122145834;
00:06:37 set names utf8;
00:06:37 select * from configs
00:06:37 select * from users where id=42
00:06:37 select count(id) from users where spreader_id='42'
00:06:37 select * from images
00:06:37 select type_id from articles where id='8'
00:06:37 select * from articles where id='8'
00:06:43 use a0122145834;
00:06:43 set names utf8;
00:06:43 select * from configs
00:06:43 select * from users where id=42
00:06:43 select count(id) from users where spreader_id='42'
00:06:43 select * from images
00:06:43 select * from goods where need_top=1 and need_hidden=0 order by id desc limit 0,5
00:06:43 select count(id) from goods where need_top=0 and need_hidden=0 order by id desc
00:06:43 select * from goods where need_top=0 and need_hidden=0 order by id desc limit 0,5
00:06:46 use a0122145834;
00:06:46 set names utf8;
00:06:46 select * from configs
00:06:46 select * from users where id=42
00:06:46 select count(id) from users where spreader_id='42'
00:06:46 select * from images
00:06:46 select type_id from articles where id='8'
00:06:46 select * from articles where id='8'
00:06:52 use a0122145834;
00:06:52 set names utf8;
00:06:52 select * from configs
00:06:52 select * from users where id=42
00:06:52 select count(id) from users where spreader_id='42'
00:06:52 select * from images
00:06:52 select type_id from articles where id='9'
00:06:52 select * from articles where id='9'
00:06:58 use a0122145834;
00:06:58 set names utf8;
00:06:58 select * from configs
00:06:58 select * from users where id=42
00:06:58 select count(id) from users where spreader_id='42'
00:06:58 select * from images
00:06:58 select count(id) from income where user_id=42
00:06:58 select * from income where user_id=42 limit 0,5
00:07:38 use a0122145834;
00:07:38 set names utf8;
00:07:38 select * from configs
00:07:38 select * from users where id=42
00:07:38 select count(id) from users where spreader_id='42'
00:07:38 select * from images
00:07:39 use a0122145834;
00:07:39 set names utf8;
00:07:39 select * from configs
00:10:15 use a0122145834;
00:10:15 set names utf8;
00:10:15 select * from configs
00:10:22 use a0122145834;
00:10:22 set names utf8;
00:10:22 select * from configs
00:11:38 use a0122145834;
00:11:38 set names utf8;
00:11:38 select * from configs
00:12:48 use a0122145834;
00:12:48 set names utf8;
00:12:48 select * from configs
00:24:28 use a0122145834;
00:24:28 set names utf8;
00:24:28 select * from configs
00:24:45 use a0122145834;
00:24:45 set names utf8;
00:24:45 select * from configs
00:25:21 use a0122145834;
00:25:21 set names utf8;
00:25:21 select * from configs
00:26:04 use a0122145834;
00:26:04 set names utf8;
00:26:04 select * from configs
00:26:30 use a0122145834;
00:26:30 set names utf8;
00:26:30 select * from configs
00:27:59 use a0122145834;
00:27:59 set names utf8;
00:27:59 select * from configs
00:30:14 use a0122145834;
00:30:14 set names utf8;
00:30:14 select * from configs
00:33:54 use a0122145834;
00:33:54 set names utf8;
00:33:54 select * from configs
00:36:22 use a0122145834;
00:36:22 set names utf8;
00:36:22 select * from configs
01:14:11 use a0122145834;
01:14:11 set names utf8;
01:14:11 select * from configs
01:34:04 use a0122145834;
01:34:04 set names utf8;
01:34:04 select * from configs
01:51:11 use a0122145834;
01:51:11 set names utf8;
01:51:11 select * from configs
02:02:39 use a0122145834;
02:02:39 set names utf8;
02:02:39 select * from configs
02:06:49 use a0122145834;
02:06:49 set names utf8;
02:06:49 select * from configs
02:23:40 use a0122145834;
02:23:40 set names utf8;
02:23:40 select * from configs
02:39:48 use a0122145834;
02:39:48 set names utf8;
02:39:48 select * from configs
03:07:53 use a0122145834;
03:07:53 set names utf8;
03:07:53 select * from configs
04:24:35 use a0122145834;
04:24:35 set names utf8;
04:24:35 select * from configs
04:24:35 use a0122145834;
04:24:35 set names utf8;
04:24:35 select * from configs
05:37:04 use a0122145834;
05:37:04 set names utf8;
05:37:04 select * from configs
05:55:14 use a0122145834;
05:55:14 set names utf8;
05:55:14 select * from configs
06:33:39 use a0122145834;
06:33:39 set names utf8;
06:33:39 select * from configs
06:33:42 use a0122145834;
06:33:42 set names utf8;
06:33:42 select * from configs
06:33:44 use a0122145834;
06:33:44 set names utf8;
06:33:44 select * from configs
06:33:47 use a0122145834;
06:33:47 set names utf8;
06:33:47 select * from configs
06:33:50 use a0122145834;
06:33:50 set names utf8;
06:33:50 select * from configs
06:33:53 use a0122145834;
06:33:53 set names utf8;
06:33:53 select * from configs
06:41:27 use a0122145834;
06:41:27 set names utf8;
06:41:27 select * from configs
07:07:52 use a0122145834;
07:07:52 set names utf8;
07:07:52 select * from configs
07:07:53 use a0122145834;
07:07:53 set names utf8;
07:07:53 select * from configs
07:12:43 use a0122145834;
07:12:43 set names utf8;
07:12:43 select * from configs
07:37:47 use a0122145834;
07:37:47 set names utf8;
07:37:47 select * from configs
07:49:07 use a0122145834;
07:49:07 set names utf8;
07:49:07 select * from configs
08:32:00 use a0122145834;
08:32:00 set names utf8;
08:32:00 select * from configs
08:41:00 use a0122145834;
08:41:00 set names utf8;
08:41:00 select * from configs
09:00:34 use a0122145834;
09:00:34 set names utf8;
09:00:34 select * from configs
10:03:31 use a0122145834;
10:03:31 set names utf8;
10:03:31 select * from configs
10:03:36 use a0122145834;
10:03:36 set names utf8;
10:03:36 select * from configs
10:03:37 use a0122145834;
10:03:37 set names utf8;
10:03:37 select * from configs
10:03:39 use a0122145834;
10:03:39 set names utf8;
10:03:39 select * from configs
10:03:54 use a0122145834;
10:03:54 set names utf8;
10:03:54 select * from configs
10:05:08 use a0122145834;
10:05:08 set names utf8;
10:05:08 select * from configs
10:05:09 use a0122145834;
10:05:09 set names utf8;
10:05:09 select * from configs
10:05:20 use a0122145834;
10:05:20 set names utf8;
10:05:20 select * from configs
10:05:20 select * from users where user_name='555555' and user_word='5b1b68a9abf4d2cd155c81a9225fd158'
10:05:20 use a0122145834;
10:05:20 set names utf8;
10:05:20 select * from configs
10:05:20 select * from users where id=38
10:05:20 select count(id) from users where spreader_id='38'
10:05:20 select * from images
10:05:20 select * from goods where need_top=1 and need_hidden=0 order by id desc limit 0,5
10:05:20 select count(id) from goods where need_top=0 and need_hidden=0 order by id desc
10:05:20 select * from goods where need_top=0 and need_hidden=0 order by id desc limit 0,5
10:05:27 use a0122145834;
10:05:27 set names utf8;
10:05:27 select * from configs
10:05:27 select * from users where id=38
10:05:27 select count(id) from users where spreader_id='38'
10:05:27 select * from images
10:05:30 use a0122145834;
10:05:30 set names utf8;
10:05:30 select * from configs
10:05:30 select * from users where id=38
10:05:30 select count(id) from users where spreader_id='38'
10:05:30 select * from images
10:05:30 select * from goods where need_top=1 and need_hidden=0 order by id desc limit 0,5
10:05:30 select count(id) from goods where need_top=0 and need_hidden=0 order by id desc
10:05:30 select * from goods where need_top=0 and need_hidden=0 order by id desc limit 0,5
10:05:35 use a0122145834;
10:05:35 set names utf8;
10:05:35 select * from configs
10:05:36 use a0122145834;
10:05:36 set names utf8;
10:05:36 select * from configs
10:05:41 use a0122145834;
10:05:41 set names utf8;
10:05:41 select * from configs
10:05:41 select * from admins where user_name='admin' and user_word='21232f297a57a5a743894a0e4a801fc3'
10:05:42 use a0122145834;
10:05:42 set names utf8;
10:05:42 select * from configs
10:05:42 select * from admins where id=1
10:06:23 use a0122145834;
10:06:23 set names utf8;
10:06:23 select * from configs
10:07:05 use a0122145834;
10:07:05 set names utf8;
10:07:05 select * from configs
10:07:05 select * from admins where id=1
10:07:09 use a0122145834;
10:07:09 set names utf8;
10:07:09 select * from configs
10:07:09 select * from admins where id=1
10:07:09 use a0122145834;
10:07:09 set names utf8;
10:07:09 select * from configs
10:07:09 select * from admins where id=1
10:07:09 select count(id) from users
10:07:09 select * from users limit 0,20
10:07:19 use a0122145834;
10:07:19 set names utf8;
10:07:19 select * from configs
10:07:19 select * from admins where id=1
10:07:19 select * from users where id=38
10:07:23 use a0122145834;
10:07:23 set names utf8;
10:07:23 select * from configs
10:07:23 select * from admins where id=1
10:07:23 update users set user_name='555555',nick_name='求昵称',credits='0',money='1970',pay_email='',pay_name='',address='',vip_level='1',spreader_rate='0.6' where id=38 
10:07:24 use a0122145834;
10:07:24 set names utf8;
10:07:24 select * from configs
10:07:24 select * from admins where id=1
10:07:24 select * from users where id=38
10:07:27 use a0122145834;
10:07:27 set names utf8;
10:07:28 select * from configs
10:07:28 select * from users where id=38
10:07:28 select count(id) from users where spreader_id='38'
10:07:28 select * from images
10:07:28 select * from goods where need_top=1 and need_hidden=0 order by id desc limit 0,5
10:07:28 select count(id) from goods where need_top=0 and need_hidden=0 order by id desc
10:07:28 select * from goods where need_top=0 and need_hidden=0 order by id desc limit 0,5
10:07:30 use a0122145834;
10:07:30 set names utf8;
10:07:30 select * from configs
10:07:30 select * from users where id=38
10:07:30 select count(id) from users where spreader_id='38'
10:07:30 select * from images
10:08:00 use a0122145834;
10:08:00 set names utf8;
10:08:00 select * from configs
10:09:16 use a0122145834;
10:09:16 set names utf8;
10:09:16 select * from configs
10:09:16 select * from users where id=38
10:09:16 select count(id) from users where spreader_id='38'
10:09:16 select * from images
10:09:25 use a0122145834;
10:09:25 set names utf8;
10:09:25 select * from configs
10:09:25 select * from users where id=38
10:09:25 select count(id) from users where spreader_id='38'
10:09:25 select * from images
10:09:25 select * from goods where need_top=1 and need_hidden=0 order by id desc limit 0,5
10:09:25 select count(id) from goods where need_top=0 and need_hidden=0 order by id desc
10:09:25 select * from goods where need_top=0 and need_hidden=0 order by id desc limit 0,5
10:09:27 use a0122145834;
10:09:27 set names utf8;
10:09:27 select * from configs
10:09:27 select * from users where id=38
10:09:27 select count(id) from users where spreader_id='38'
10:09:27 select * from images
10:09:27 select * from users where spreader_id='38'
10:09:42 use a0122145834;
10:09:42 set names utf8;
10:09:42 select * from configs
10:09:42 select * from users where id=38
10:09:44 use a0122145834;
10:09:44 set names utf8;
10:09:44 select * from configs
10:09:44 select * from users where id=38
10:09:44 select count(id) from users where spreader_id='38'
10:09:44 select * from images
10:09:44 select count(id) from income where user_id=38
10:09:44 select * from income where user_id=38 limit 0,5
10:09:49 use a0122145834;
10:09:49 set names utf8;
10:09:49 select * from configs
10:09:49 select * from users where id=38
10:09:49 use a0122145834;
10:09:49 set names utf8;
10:09:49 select * from configs
10:09:49 select * from users where id=38
10:09:49 select count(id) from users where spreader_id='38'
10:09:49 select * from images
10:09:49 select * from goods where need_top=1 and need_hidden=0 order by id desc limit 0,5
10:09:49 select count(id) from goods where need_top=0 and need_hidden=0 order by id desc
10:09:49 select * from goods where need_top=0 and need_hidden=0 order by id desc limit 0,5
10:09:54 use a0122145834;
10:09:54 set names utf8;
10:09:54 select * from configs
10:09:54 select * from admins where id=1
10:18:19 use a0122145834;
10:18:19 set names utf8;
10:18:19 select * from configs
10:18:19 select * from admins where id=1
10:18:22 use a0122145834;
10:18:22 set names utf8;
10:18:22 select * from configs
10:18:22 select * from admins where id=1
10:18:38 use a0122145834;
10:18:38 set names utf8;
10:18:38 select * from configs
10:18:46 use a0122145834;
10:18:46 set names utf8;
10:18:46 select * from configs
10:18:48 use a0122145834;
10:18:48 set names utf8;
10:18:48 select * from configs
10:19:06 use a0122145834;
10:19:06 set names utf8;
10:19:06 select * from configs
10:19:52 use a0122145834;
10:19:52 set names utf8;
10:19:52 select * from configs
10:19:52 select * from admins where id=1
10:19:52 use a0122145834;
10:19:52 set names utf8;
10:19:52 select * from configs
10:19:52 select * from admins where id=1
10:19:52 select count(id) from users
10:19:52 select * from users limit 0,20
10:24:25 use a0122145834;
10:24:25 set names utf8;
10:24:25 select * from configs
10:26:15 use a0122145834;
10:26:15 set names utf8;
10:26:15 select * from configs
10:32:47 use a0122145834;
10:32:47 set names utf8;
10:32:47 select * from configs
10:46:51 use a0122145834;
10:46:51 set names utf8;
10:46:51 select * from configs
10:57:45 use a0122145834;
10:57:45 set names utf8;
10:57:45 select * from configs
10:58:31 use a0122145834;
10:58:31 set names utf8;
10:58:31 select * from configs
11:07:54 use a0122145834;
11:07:54 set names utf8;
11:07:54 select * from configs
11:14:23 use a0122145834;
11:14:23 set names utf8;
11:14:23 select * from configs
11:19:42 use a0122145834;
11:19:43 set names utf8;
11:19:43 select * from configs
11:23:47 use a0122145834;
11:23:47 set names utf8;
11:23:47 select * from configs
12:04:26 use a0122145834;
12:04:26 set names utf8;
12:04:26 select * from configs
12:04:29 use a0122145834;
12:04:29 set names utf8;
12:04:29 select * from configs
12:04:31 use a0122145834;
12:04:31 set names utf8;
12:04:31 select * from configs
12:04:32 use a0122145834;
12:04:32 set names utf8;
12:04:32 select * from configs
12:25:08 use a0122145834;
12:25:08 set names utf8;
12:25:08 select * from configs
12:25:11 use a0122145834;
12:25:11 set names utf8;
12:25:11 select * from configs
12:25:11 use a0122145834;
12:25:11 set names utf8;
12:25:11 select * from configs
12:25:13 use a0122145834;
12:25:13 set names utf8;
12:25:13 select * from configs
12:33:42 use a0122145834;
12:33:42 set names utf8;
12:33:42 select * from configs
13:16:05 use a0122145834;
13:16:05 set names utf8;
13:16:05 select * from configs
13:33:12 use a0122145834;
13:33:12 set names utf8;
13:33:12 select * from configs
14:25:06 use a0122145834;
14:25:06 set names utf8;
14:25:06 select * from configs
15:18:15 use a0122145834;
15:18:15 set names utf8;
15:18:15 select * from configs
15:27:14 use a0122145834;
15:27:14 set names utf8;
15:27:14 select * from configs
15:36:53 use a0122145834;
15:36:53 set names utf8;
15:36:53 select * from configs
15:39:54 use a0122145834;
15:39:54 set names utf8;
15:39:54 select * from configs
15:39:55 use a0122145834;
15:39:55 set names utf8;
15:39:55 select * from configs
15:39:56 use a0122145834;
15:39:56 set names utf8;
15:39:56 select * from configs
15:39:56 use a0122145834;
15:39:57 set names utf8;
15:39:57 select * from configs
15:57:53 use a0122145834;
15:57:53 set names utf8;
15:57:53 select * from configs
16:04:28 use a0122145834;
16:04:28 set names utf8;
16:04:28 select * from configs
16:34:41 use a0122145834;
16:34:41 set names utf8;
16:34:41 select * from configs
16:37:43 use a0122145834;
16:37:43 set names utf8;
16:37:43 select * from configs
16:38:24 use a0122145834;
16:38:24 set names utf8;
16:38:24 select * from configs
17:20:53 use a0122145834;
17:20:53 set names utf8;
17:20:53 select * from configs
17:52:16 use a0122145834;
17:52:16 set names utf8;
17:52:16 select * from configs
18:33:51 use a0122145834;
18:33:51 set names utf8;
18:33:51 select * from configs
19:05:30 use a0122145834;
19:05:30 set names utf8;
19:05:30 select * from configs
19:22:14 use a0122145834;
19:22:14 set names utf8;
19:22:14 select * from configs
20:25:44 use a0122145834;
20:25:44 set names utf8;
20:25:44 select * from configs
20:32:56 use a0122145834;
20:32:56 set names utf8;
20:32:56 select * from configs
20:44:19 use a0122145834;
20:44:19 set names utf8;
20:44:19 select * from configs
20:44:20 use a0122145834;
20:44:20 set names utf8;
20:44:20 select * from configs
21:03:49 use a0122145834;
21:03:49 set names utf8;
21:03:49 select * from configs
21:32:26 use a0122145834;
21:32:26 set names utf8;
21:32:26 select * from configs
22:13:23 use a0122145834;
22:13:23 set names utf8;
22:13:23 select * from configs
22:15:31 use a0122145834;
22:15:31 set names utf8;
22:15:31 select * from configs
22:54:23 use a0122145834;
22:54:23 set names utf8;
22:54:23 select * from configs
23:16:01 use a0122145834;
23:16:01 set names utf8;
23:16:01 select * from configs
23:20:03 use a0122145834;
23:20:03 set names utf8;
23:20:03 select * from configs
23:40:12 use a0122145834;
23:40:12 set names utf8;
23:40:12 select * from configs
