19:59:49 use a0122145834;
19:59:49 set names utf8;
19:59:49 select * from configs
19:59:49 select * from users where id=51
19:59:49 select count(id) from users where spreader_id='51'
19:59:49 select * from images
19:59:49 select * from goods where need_top=1 and need_hidden=0 order by id desc limit 0,5
19:59:49 select count(id) from goods where need_top=0 and need_hidden=0 order by id desc
19:59:49 select * from goods where need_top=0 and need_hidden=0 order by id desc limit 0,5
20:04:15 use a0122145834;
20:04:15 set names utf8;
20:04:15 select * from configs
20:05:35 use a0122145834;
20:05:35 set names utf8;
20:05:35 select * from configs
20:05:36 use a0122145834;
20:05:36 set names utf8;
20:05:36 select * from configs
20:09:22 use a0122145834;
20:09:22 set names utf8;
20:09:22 select * from configs
20:15:16 use a0122145834;
20:15:16 set names utf8;
20:15:16 select * from configs
20:24:04 use a0122145834;
20:24:04 set names utf8;
20:24:04 select * from configs
20:27:25 use a0122145834;
20:27:25 set names utf8;
20:27:25 select * from configs
20:31:14 use a0122145834;
20:31:14 set names utf8;
20:31:14 select * from configs
20:31:14 select count(id) from users where register_ip='112.5.241.238' or last_ip='112.5.241.238' and add_time>1391776274
20:31:14 select * from users where user_name='1153603046'
20:31:14 insert into users (user_name,nick_name,user_word,email,spreader_id,add_time,register_ip) values ('1153603046','求昵称','473ac62ce6673a59872e1079c4dac934','1153603046@qq.com',105,'1394368274','112.5.241.238') ;
20:31:14 use a0122145834;
20:31:14 set names utf8;
20:31:14 select * from configs
20:31:14 select * from users where id=962
20:31:14 select count(id) from users where spreader_id='962'
20:31:14 select * from images
20:32:43 use a0122145834;
20:32:43 set names utf8;
20:32:43 select * from configs
20:33:32 use a0122145834;
20:33:32 set names utf8;
20:33:32 select * from configs
20:35:35 use a0122145834;
20:35:35 set names utf8;
20:35:35 select * from configs
20:35:54 use a0122145834;
20:35:54 set names utf8;
20:35:54 select * from configs
20:39:17 use a0122145834;
20:39:17 set names utf8;
20:39:17 select * from configs
20:41:03 use a0122145834;
20:41:03 set names utf8;
20:41:03 select * from configs
20:42:24 use a0122145834;
20:42:24 set names utf8;
20:42:24 select * from configs
20:43:40 use a0122145834;
20:43:40 set names utf8;
20:43:40 select * from configs
20:43:47 use a0122145834;
20:43:47 set names utf8;
20:43:47 select * from configs
20:43:49 use a0122145834;
20:43:49 set names utf8;
20:43:49 select * from configs
20:44:02 use a0122145834;
20:44:02 set names utf8;
20:44:02 select * from configs
20:44:02 select * from users where user_name='2049917091' and user_word='e99a18c428cb38d5f260853678922e03'
20:44:02 use a0122145834;
20:44:02 set names utf8;
20:44:02 select * from configs
20:44:02 select * from users where id=51
20:44:02 select count(id) from users where spreader_id='51'
20:44:02 select * from images
20:44:02 select * from goods where need_top=1 and need_hidden=0 order by id desc limit 0,5
20:44:02 select count(id) from goods where need_top=0 and need_hidden=0 order by id desc
20:44:02 select * from goods where need_top=0 and need_hidden=0 order by id desc limit 0,5
20:44:14 use a0122145834;
20:44:14 set names utf8;
20:44:14 select * from configs
20:44:14 select * from users where id=51
20:44:14 select count(id) from users where spreader_id='51'
20:44:14 select * from images
20:44:14 select * from goods where need_top=1 and need_hidden=0 order by id desc limit 0,5
20:44:14 select count(id) from goods where need_top=0 and need_hidden=0 order by id desc
20:44:14 select * from goods where need_top=0 and need_hidden=0 order by id desc limit 0,5
20:44:26 use a0122145834;
20:44:26 set names utf8;
20:44:26 select * from configs
20:44:26 select * from users where id=51
20:44:26 select count(id) from users where spreader_id='51'
20:44:26 select * from images
20:44:26 select * from goods where need_top=1 and need_hidden=0 order by id desc limit 0,5
20:44:26 select count(id) from goods where need_top=0 and need_hidden=0 order by id desc
20:44:26 select * from goods where need_top=0 and need_hidden=0 order by id desc limit 0,5
20:45:42 use a0122145834;
20:45:42 set names utf8;
20:45:42 select * from configs
20:45:42 use a0122145834;
20:45:42 set names utf8;
20:45:42 select * from configs
20:48:41 use a0122145834;
20:48:41 set names utf8;
20:48:41 select * from configs
20:51:36 use a0122145834;
20:51:36 set names utf8;
20:51:36 select * from configs
20:53:19 use a0122145834;
20:53:19 set names utf8;
20:53:19 select * from configs
21:02:39 use a0122145834;
21:02:39 set names utf8;
21:02:39 select * from configs
21:02:41 use a0122145834;
21:02:41 set names utf8;
21:02:41 select * from configs
21:02:42 use a0122145834;
21:02:42 set names utf8;
21:02:42 select * from configs
21:05:28 use a0122145834;
21:05:28 set names utf8;
21:05:28 select * from configs
21:05:30 use a0122145834;
21:05:30 set names utf8;
21:05:30 select * from configs
21:05:39 use a0122145834;
21:05:39 set names utf8;
21:05:39 select * from configs
21:05:40 use a0122145834;
21:05:40 set names utf8;
21:05:40 select * from configs
21:05:55 use a0122145834;
21:05:55 set names utf8;
21:05:55 select * from configs
21:05:55 select * from users where user_name='2049917091' and user_word='e99a18c428cb38d5f260853678922e03'
21:05:55 use a0122145834;
21:05:55 set names utf8;
21:05:55 select * from configs
21:05:55 select * from users where id=51
21:05:55 select count(id) from users where spreader_id='51'
21:05:55 select * from images
21:05:55 select * from goods where need_top=1 and need_hidden=0 order by id desc limit 0,5
21:05:55 select count(id) from goods where need_top=0 and need_hidden=0 order by id desc
21:05:55 select * from goods where need_top=0 and need_hidden=0 order by id desc limit 0,5
21:06:08 use a0122145834;
21:06:08 set names utf8;
21:06:08 select * from configs
21:06:08 select * from users where id=51
21:06:08 select count(id) from users where spreader_id='51'
21:06:08 select * from images
21:06:08 select * from goods where need_top=1 and need_hidden=0 order by id desc limit 0,5
21:06:08 select count(id) from goods where need_top=0 and need_hidden=0 order by id desc
21:06:08 select * from goods where need_top=0 and need_hidden=0 order by id desc limit 0,5
21:06:19 use a0122145834;
21:06:19 set names utf8;
21:06:19 select * from configs
21:06:19 select * from users where id=51
21:06:19 select count(id) from users where spreader_id='51'
21:06:19 select * from images
21:06:19 select * from goods where need_top=1 and need_hidden=0 order by id desc limit 0,5
21:06:19 select count(id) from goods where need_top=0 and need_hidden=0 order by id desc
21:06:19 select * from goods where need_top=0 and need_hidden=0 order by id desc limit 0,5
21:06:29 use a0122145834;
21:06:29 set names utf8;
21:06:29 select * from configs
21:08:40 use a0122145834;
21:08:40 set names utf8;
21:08:40 select * from configs
21:08:47 use a0122145834;
21:08:47 set names utf8;
21:08:47 select * from configs
21:08:48 use a0122145834;
21:08:48 set names utf8;
21:08:48 select * from configs
21:08:54 use a0122145834;
21:08:54 set names utf8;
21:08:54 select * from configs
21:08:54 select * from admins where user_name='admin' and user_word='bccf0d96673408a7a0ce5f007328ec42'
21:08:54 use a0122145834;
21:08:54 set names utf8;
21:08:54 select * from configs
21:08:54 select * from admins where id=1
21:09:04 use a0122145834;
21:09:04 set names utf8;
21:09:04 select * from configs
21:09:04 select * from admins where id=1
21:09:04 use a0122145834;
21:09:04 set names utf8;
21:09:04 select * from configs
21:09:04 select * from admins where id=1
21:09:04 select count(id) from users
21:09:04 select * from users limit 0,20
21:09:18 use a0122145834;
21:09:18 set names utf8;
21:09:18 select * from configs
21:09:18 select * from admins where id=1
21:09:18 select count(id) from users
21:09:18 select * from users limit 900,20
21:09:32 use a0122145834;
21:09:32 set names utf8;
21:09:32 select * from configs
21:09:32 select * from admins where id=1
21:09:32 select count(id) from users
21:09:32 select * from users limit 880,20
21:09:35 use a0122145834;
21:09:35 set names utf8;
21:09:35 select * from configs
21:09:35 select * from admins where id=1
21:09:35 select count(id) from users
21:09:35 select * from users limit 860,20
21:09:39 use a0122145834;
21:09:39 set names utf8;
21:09:39 select * from configs
21:09:39 select * from admins where id=1
21:09:39 select count(i.id) from income as i left join users as u on i.user_id=u.id
21:09:39 select i.id,i.income_money,i.order_sn,i.add_time,i.pay_status,u.user_name,u.nick_name,u.spreader_id,u.vip_level from income as i left join users as u on i.user_id=u.id limit 0,20
21:09:41 use a0122145834;
21:09:41 set names utf8;
21:09:41 select * from configs
21:09:41 select * from admins where id=1
21:09:41 select count(i.id) from income as i left join users as u on i.user_id=u.id
21:09:41 select i.id,i.income_money,i.order_sn,i.add_time,i.pay_status,u.user_name,u.nick_name,u.spreader_id,u.vip_level from income as i left join users as u on i.user_id=u.id limit 40,20
21:09:49 use a0122145834;
21:09:49 set names utf8;
21:09:49 select * from configs
21:09:49 use a0122145834;
21:09:49 set names utf8;
21:09:49 select * from configs
21:09:49 select * from admins where id=1
21:09:50 use a0122145834;
21:09:50 set names utf8;
21:09:50 select * from configs
21:09:50 select * from admins where id=1
21:09:50 select count(id) from users
21:09:50 select * from users limit 0,20
21:09:54 use a0122145834;
21:09:54 set names utf8;
21:09:54 select * from configs
21:09:54 select * from admins where id=1
21:09:54 select count(i.id) from expense as i left join users as u on i.user_id=u.id
21:09:54 select i.id,i.expense_money,i.order_sn,i.add_time,i.expense_status,u.user_name,u.nick_name,u.spreader_id,u.vip_level,u.pay_name,u.pay_email from expense as i left join users as u on i.user_id=u.id limit 0,20
21:10:04 use a0122145834;
21:10:04 set names utf8;
21:10:04 select * from configs
21:10:04 select * from admins where id=1
21:10:04 use a0122145834;
21:10:05 set names utf8;
21:10:05 select * from configs
21:10:05 select * from admins where id=1
21:10:05 select count(id) from users
21:10:05 select * from users limit 0,20
21:10:10 use a0122145834;
21:10:10 set names utf8;
21:10:10 select * from configs
21:10:10 select * from admins where id=1
21:10:11 use a0122145834;
21:10:12 set names utf8;
21:10:12 select * from configs
21:10:12 select * from admins where id=1
21:10:12 select count(id) from goods
21:10:12 select * from goods limit 0,20
21:10:19 use a0122145834;
21:10:19 set names utf8;
21:10:19 select * from configs
21:10:19 select * from admins where id=1
21:10:19 select count(o.id) from orders as o left join users as u on u.id=o.user_id 
21:10:19 select o.id,o.goods_id,o.user_id,o.pay_type,o.add_time,o.order_sn,o.order_type,u.spreader_id from orders as o left join users as u on u.id=o.user_id  limit 0,20
21:10:36 use a0122145834;
21:10:36 set names utf8;
21:10:36 select * from configs
21:10:36 select * from admins where id=1
21:10:36 select * from goods where id='12'
21:10:40 use a0122145834;
21:10:40 set names utf8;
21:10:40 select * from configs
21:10:40 select * from admins where id=1
21:10:40 select count(o.id) from orders as o left join users as u on u.id=o.user_id 
21:10:40 select o.id,o.goods_id,o.user_id,o.pay_type,o.add_time,o.order_sn,o.order_type,u.spreader_id from orders as o left join users as u on u.id=o.user_id  limit 0,20
21:11:06 use a0122145834;
21:11:06 set names utf8;
21:11:06 select * from configs
21:11:06 select * from admins where id=1
21:11:06 select * from users where id=37
21:11:10 use a0122145834;
21:11:10 set names utf8;
21:11:10 select * from configs
21:11:10 select * from admins where id=1
21:11:10 select count(o.id) from orders as o left join users as u on u.id=o.user_id 
21:11:10 select o.id,o.goods_id,o.user_id,o.pay_type,o.add_time,o.order_sn,o.order_type,u.spreader_id from orders as o left join users as u on u.id=o.user_id  limit 0,20
21:11:13 use a0122145834;
21:11:13 set names utf8;
21:11:13 select * from configs
21:11:13 select * from admins where id=1
21:11:13 select * from users where id=38
21:11:17 use a0122145834;
21:11:17 set names utf8;
21:11:17 select * from configs
21:11:17 select * from admins where id=1
21:11:17 select count(o.id) from orders as o left join users as u on u.id=o.user_id 
21:11:17 select o.id,o.goods_id,o.user_id,o.pay_type,o.add_time,o.order_sn,o.order_type,u.spreader_id from orders as o left join users as u on u.id=o.user_id  limit 0,20
21:11:20 use a0122145834;
21:11:20 set names utf8;
21:11:20 select * from configs
21:11:20 select * from admins where id=1
21:11:21 use a0122145834;
21:11:21 set names utf8;
21:11:21 select * from configs
21:11:21 select * from admins where id=1
21:11:21 select count(id) from users
21:11:21 select * from users limit 0,20
21:11:25 use a0122145834;
21:11:25 set names utf8;
21:11:25 select * from configs
21:11:25 select * from users where id=1
21:11:27 use a0122145834;
21:11:27 set names utf8;
21:11:27 select * from configs
21:11:31 use a0122145834;
21:11:31 set names utf8;
21:11:31 select * from configs
21:13:20 use a0122145834;
21:13:20 set names utf8;
21:13:20 select * from configs
21:15:20 use a0122145834;
21:15:20 set names utf8;
21:15:20 select * from configs
21:15:28 use a0122145834;
21:15:28 set names utf8;
21:15:28 select * from configs
21:15:29 use a0122145834;
21:15:29 set names utf8;
21:15:29 select * from configs
21:15:38 use a0122145834;
21:15:38 set names utf8;
21:15:38 select * from configs
21:15:38 select * from users where user_name='2049917091' and user_word='e99a18c428cb38d5f260853678922e03'
21:15:40 use a0122145834;
21:15:40 set names utf8;
21:15:40 select * from configs
21:15:40 select * from users where id=51
21:15:40 select count(id) from users where spreader_id='51'
21:15:40 select * from images
21:15:40 select * from goods where need_top=1 and need_hidden=0 order by id desc limit 0,5
21:15:40 select count(id) from goods where need_top=0 and need_hidden=0 order by id desc
21:15:40 select * from goods where need_top=0 and need_hidden=0 order by id desc limit 0,5
21:15:48 use a0122145834;
21:15:48 set names utf8;
21:15:48 select * from configs
21:15:48 select * from users where id=51
21:15:48 select count(id) from users where spreader_id='51'
21:15:48 select * from images
21:15:48 select * from goods where need_top=1 and need_hidden=0 order by id desc limit 0,5
21:15:48 select count(id) from goods where need_top=0 and need_hidden=0 order by id desc
21:15:48 select * from goods where need_top=0 and need_hidden=0 order by id desc limit 0,5
21:15:50 use a0122145834;
21:15:50 set names utf8;
21:15:50 select * from configs
21:15:50 select * from users where id=51
21:15:50 select count(id) from users where spreader_id='51'
21:15:50 select * from images
21:15:50 select * from users where spreader_id='51'
21:15:56 use a0122145834;
21:15:56 set names utf8;
21:15:56 select * from configs
21:16:07 use a0122145834;
21:16:07 set names utf8;
21:16:07 select * from configs
21:16:07 use a0122145834;
21:16:07 set names utf8;
21:16:07 select * from configs
21:19:23 use a0122145834;
21:19:23 set names utf8;
21:19:23 select * from configs
21:19:26 use a0122145834;
21:19:26 set names utf8;
21:19:26 select * from configs
21:19:27 use a0122145834;
21:19:27 set names utf8;
21:19:27 select * from configs
21:19:31 use a0122145834;
21:19:31 set names utf8;
21:19:31 select * from configs
21:19:31 select * from users where user_name='2049917091' and user_word='e99a18c428cb38d5f260853678922e03'
21:19:31 use a0122145834;
21:19:31 set names utf8;
21:19:31 select * from configs
21:19:31 select * from users where id=51
21:19:31 select count(id) from users where spreader_id='51'
21:19:31 select * from images
21:19:31 select * from goods where need_top=1 and need_hidden=0 order by id desc limit 0,5
21:19:31 select count(id) from goods where need_top=0 and need_hidden=0 order by id desc
21:19:31 select * from goods where need_top=0 and need_hidden=0 order by id desc limit 0,5
21:19:39 use a0122145834;
21:19:39 set names utf8;
21:19:39 select * from configs
21:19:39 select * from users where id=51
21:19:39 select count(id) from users where spreader_id='51'
21:19:39 select * from images
21:19:39 select * from goods where need_top=1 and need_hidden=0 order by id desc limit 0,5
21:19:39 select count(id) from goods where need_top=0 and need_hidden=0 order by id desc
21:19:39 select * from goods where need_top=0 and need_hidden=0 order by id desc limit 0,5
21:21:31 use a0122145834;
21:21:31 set names utf8;
21:21:31 select * from configs
21:25:22 use a0122145834;
21:25:22 set names utf8;
21:25:22 select * from configs
21:26:18 use a0122145834;
21:26:18 set names utf8;
21:26:18 select * from configs
21:26:21 use a0122145834;
21:26:21 set names utf8;
21:26:21 select * from configs
21:26:32 use a0122145834;
21:26:32 set names utf8;
21:26:32 select * from configs
21:26:33 use a0122145834;
21:26:33 set names utf8;
21:26:33 select * from configs
21:26:38 use a0122145834;
21:26:38 set names utf8;
21:26:38 select * from configs
21:26:38 select * from users where user_name='2049917091' and user_word='e99a18c428cb38d5f260853678922e03'
21:26:38 use a0122145834;
21:26:38 set names utf8;
21:26:38 select * from configs
21:26:38 select * from users where id=51
21:26:38 select count(id) from users where spreader_id='51'
21:26:38 select * from images
21:26:38 select * from goods where need_top=1 and need_hidden=0 order by id desc limit 0,5
21:26:38 select count(id) from goods where need_top=0 and need_hidden=0 order by id desc
21:26:38 select * from goods where need_top=0 and need_hidden=0 order by id desc limit 0,5
21:26:55 use a0122145834;
21:26:55 set names utf8;
21:26:55 select * from configs
21:26:55 select * from users where id=51
21:26:55 select count(id) from users where spreader_id='51'
21:26:55 select * from images
21:26:55 select * from goods where need_top=1 and need_hidden=0 order by id desc limit 0,5
21:26:55 select count(id) from goods where need_top=0 and need_hidden=0 order by id desc
21:26:55 select * from goods where need_top=0 and need_hidden=0 order by id desc limit 0,5
21:29:48 use a0122145834;
21:29:48 set names utf8;
21:29:48 select * from configs
21:30:02 use a0122145834;
21:30:02 set names utf8;
21:30:02 select * from configs
21:30:03 use a0122145834;
21:30:03 set names utf8;
21:30:03 select * from configs
21:30:09 use a0122145834;
21:30:09 set names utf8;
21:30:09 select * from configs
21:30:09 select * from users where user_name='2049917091' and user_word='e99a18c428cb38d5f260853678922e03'
21:30:09 use a0122145834;
21:30:09 set names utf8;
21:30:09 select * from configs
21:30:09 select * from users where id=51
21:30:09 select count(id) from users where spreader_id='51'
21:30:09 select * from images
21:30:09 select * from goods where need_top=1 and need_hidden=0 order by id desc limit 0,5
21:30:09 select count(id) from goods where need_top=0 and need_hidden=0 order by id desc
21:30:09 select * from goods where need_top=0 and need_hidden=0 order by id desc limit 0,5
21:30:23 use a0122145834;
21:30:23 set names utf8;
21:30:23 select * from configs
21:30:23 select * from users where id=51
21:30:23 select count(id) from users where spreader_id='51'
21:30:23 select * from images
21:30:23 select * from goods where need_top=1 and need_hidden=0 order by id desc limit 0,5
21:30:23 select count(id) from goods where need_top=0 and need_hidden=0 order by id desc
21:30:23 select * from goods where need_top=0 and need_hidden=0 order by id desc limit 0,5
21:30:38 use a0122145834;
21:30:38 set names utf8;
21:30:38 select * from configs
21:30:38 select * from users where id=51
21:30:38 select count(id) from users where spreader_id='51'
21:30:38 select * from images
21:30:38 select * from goods where need_top=1 and need_hidden=0 order by id desc limit 0,5
21:30:38 select count(id) from goods where need_top=0 and need_hidden=0 order by id desc
21:30:38 select * from goods where need_top=0 and need_hidden=0 order by id desc limit 0,5
21:34:50 use a0122145834;
21:34:50 set names utf8;
21:34:50 select * from configs
21:34:58 use a0122145834;
21:34:58 set names utf8;
21:34:58 select * from configs
21:34:59 use a0122145834;
21:34:59 set names utf8;
21:34:59 select * from configs
21:35:07 use a0122145834;
21:35:07 set names utf8;
21:35:07 select * from configs
21:35:07 select * from users where user_name='2049917091' and user_word='e99a18c428cb38d5f260853678922e03'
21:35:07 use a0122145834;
21:35:07 set names utf8;
21:35:07 select * from configs
21:35:07 select * from users where id=51
21:35:07 select count(id) from users where spreader_id='51'
21:35:07 select * from images
21:35:07 select * from goods where need_top=1 and need_hidden=0 order by id desc limit 0,5
21:35:07 select count(id) from goods where need_top=0 and need_hidden=0 order by id desc
21:35:07 select * from goods where need_top=0 and need_hidden=0 order by id desc limit 0,5
21:35:13 use a0122145834;
21:35:13 set names utf8;
21:35:13 select * from configs
21:35:13 select * from users where id=51
21:35:13 select count(id) from users where spreader_id='51'
21:35:13 select * from images
21:35:13 select * from goods where need_top=1 and need_hidden=0 order by id desc limit 0,5
21:35:13 select count(id) from goods where need_top=0 and need_hidden=0 order by id desc
21:35:13 select * from goods where need_top=0 and need_hidden=0 order by id desc limit 0,5
21:45:30 use a0122145834;
21:45:30 set names utf8;
21:45:30 select * from configs
21:46:22 use a0122145834;
21:46:22 set names utf8;
21:46:22 select * from configs
21:47:15 use a0122145834;
21:47:15 set names utf8;
21:47:15 select * from configs
21:48:27 use a0122145834;
21:48:27 set names utf8;
21:48:27 select * from configs
21:49:39 use a0122145834;
21:49:39 set names utf8;
21:49:39 select * from configs
21:49:42 use a0122145834;
21:49:42 set names utf8;
21:49:42 select * from configs
21:50:01 use a0122145834;
21:50:01 set names utf8;
21:50:01 select * from configs
21:51:18 use a0122145834;
21:51:18 set names utf8;
21:51:18 select * from configs
21:51:18 select count(id) from users where register_ip='58.42.229.154' or last_ip='58.42.229.154' and add_time>1391781078
21:51:18 select * from users where user_name='2097555734'
21:51:18 insert into users (user_name,nick_name,user_word,email,spreader_id,add_time,register_ip) values ('2097555734','求昵称','8a6f2805b4515ac12058e79e66539be9','2097555734@qq.com',51,'1394373078','58.42.229.154') ;
21:51:19 use a0122145834;
21:51:19 set names utf8;
21:51:19 select * from configs
21:51:19 select * from users where id=963
21:51:19 select count(id) from users where spreader_id='963'
21:51:19 select * from images
21:52:39 use a0122145834;
21:52:39 set names utf8;
21:52:39 select * from configs
21:52:39 select * from users where user_name='555555' and user_word='bccf0d96673408a7a0ce5f007328ec42'
21:52:40 use a0122145834;
21:52:40 set names utf8;
21:52:40 select * from configs
21:52:40 select * from users where id=38
21:52:40 select count(id) from users where spreader_id='38'
21:52:40 select * from images
21:52:40 select * from goods where need_top=1 and need_hidden=0 order by id desc limit 0,5
21:52:40 select count(id) from goods where need_top=0 and need_hidden=0 order by id desc
21:52:40 select * from goods where need_top=0 and need_hidden=0 order by id desc limit 0,5
21:52:55 use a0122145834;
21:52:55 set names utf8;
21:52:55 select * from configs
21:52:55 select * from users where id=38
21:52:55 select * from goods where need_hidden=0 and id=20
21:52:55 select * from orders where user_id=38 and goods_id=20 
21:53:10 use a0122145834;
21:53:10 set names utf8;
21:53:10 select * from configs
21:55:46 use a0122145834;
21:55:46 set names utf8;
21:55:46 select * from configs
21:56:22 use a0122145834;
21:56:22 set names utf8;
21:56:22 select * from configs
21:57:09 use a0122145834;
21:57:09 set names utf8;
21:57:09 select * from configs
21:57:09 select count(id) from users where register_ip='120.10.137.35' or last_ip='120.10.137.35' and add_time>1391781429
21:57:09 select * from users where user_name='583534771'
21:57:09 insert into users (user_name,nick_name,user_word,email,spreader_id,add_time,register_ip) values ('583534771','求昵称','eef463051148889d1c39d93d4e6e3275','583534771@qq.com',105,'1394373429','120.10.137.35') ;
21:57:09 use a0122145834;
21:57:09 set names utf8;
21:57:09 select * from configs
21:57:09 select * from users where id=964
21:57:09 select count(id) from users where spreader_id='964'
21:57:09 select * from images
21:57:43 use a0122145834;
21:57:43 set names utf8;
21:57:43 select * from configs
21:57:59 use a0122145834;
21:57:59 set names utf8;
21:57:59 select * from configs
21:58:02 use a0122145834;
21:58:02 set names utf8;
21:58:02 select * from configs
21:58:02 select * from users where user_name='2097555734' and user_word='8a6f2805b4515ac12058e79e66539be9'
21:58:02 update users set first_login='1',last_ip='58.42.229.154' where id='963'
21:58:02 update users set credits=credits+1 where id='51'
21:58:03 use a0122145834;
21:58:03 set names utf8;
21:58:03 select * from configs
21:58:03 select * from users where id=963
21:58:03 select count(id) from users where spreader_id='963'
21:58:03 select * from images
21:58:03 select * from goods where need_top=1 and need_hidden=0 order by id desc limit 0,5
21:58:03 select count(id) from goods where need_top=0 and need_hidden=0 order by id desc
21:58:03 select * from goods where need_top=0 and need_hidden=0 order by id desc limit 0,5
21:58:16 use a0122145834;
21:58:16 set names utf8;
21:58:16 select * from configs
21:58:17 use a0122145834;
21:58:17 set names utf8;
21:58:17 select * from configs
21:58:22 use a0122145834;
21:58:22 set names utf8;
21:58:22 select * from configs
21:58:22 select * from users where user_name='2049917091' and user_word='e99a18c428cb38d5f260853678922e03'
21:58:23 use a0122145834;
21:58:23 set names utf8;
21:58:23 select * from configs
21:58:23 select * from users where id=51
21:58:23 select count(id) from users where spreader_id='51'
21:58:23 select * from images
21:58:23 select * from goods where need_top=1 and need_hidden=0 order by id desc limit 0,5
21:58:23 select count(id) from goods where need_top=0 and need_hidden=0 order by id desc
21:58:23 select * from goods where need_top=0 and need_hidden=0 order by id desc limit 0,5
21:58:36 use a0122145834;
21:58:36 set names utf8;
21:58:36 select * from configs
21:58:36 select * from users where id=51
21:58:36 select count(id) from users where spreader_id='51'
21:58:36 select * from images
21:58:36 select * from goods where need_top=1 and need_hidden=0 order by id desc limit 0,5
21:58:36 select count(id) from goods where need_top=0 and need_hidden=0 order by id desc
21:58:36 select * from goods where need_top=0 and need_hidden=0 order by id desc limit 0,5
21:58:42 use a0122145834;
21:58:42 set names utf8;
21:58:42 select * from configs
21:58:42 select * from users where id=963
21:58:42 select count(id) from users where spreader_id='963'
21:58:42 select * from images
21:58:43 use a0122145834;
21:58:43 set names utf8;
21:58:43 select * from configs
21:58:43 select * from users where id=963
21:58:43 select count(id) from users where spreader_id='963'
21:58:43 select * from images
21:58:45 use a0122145834;
21:58:45 set names utf8;
21:58:45 select * from configs
21:58:45 select * from users where id=963
21:58:45 select count(id) from users where spreader_id='963'
21:58:45 select * from images
21:59:02 use a0122145834;
21:59:02 set names utf8;
21:59:02 select * from configs
21:59:02 select * from users where id=51
21:59:02 select count(id) from users where spreader_id='51'
21:59:02 select * from images
21:59:02 select * from goods where need_top=1 and need_hidden=0 order by id desc limit 0,5
21:59:02 select count(id) from goods where need_top=0 and need_hidden=0 order by id desc
21:59:02 select * from goods where need_top=0 and need_hidden=0 order by id desc limit 0,5
21:59:08 use a0122145834;
21:59:08 set names utf8;
21:59:08 select * from configs
21:59:09 use a0122145834;
21:59:09 set names utf8;
21:59:09 select * from configs
21:59:09 select * from users where id=51
21:59:09 select count(id) from users where spreader_id='51'
21:59:09 select * from images
21:59:09 select * from goods where need_top=1 and need_hidden=0 order by id desc limit 0,5
21:59:09 select count(id) from goods where need_top=0 and need_hidden=0 order by id desc
21:59:09 select * from goods where need_top=0 and need_hidden=0 order by id desc limit 0,5
22:00:30 use a0122145834;
22:00:30 set names utf8;
22:00:30 select * from configs
22:00:51 use a0122145834;
22:00:51 set names utf8;
22:00:51 select * from configs
22:00:59 use a0122145834;
22:00:59 set names utf8;
22:00:59 select * from configs
22:01:17 use a0122145834;
22:01:17 set names utf8;
22:01:17 select * from configs
22:01:17 select * from users where user_name='644649746' and user_word='fe008700f25cb28940ca8ed91b23b354'
22:01:18 use a0122145834;
22:01:18 set names utf8;
22:01:18 select * from configs
22:01:18 select * from users where id=50
22:01:18 select count(id) from users where spreader_id='50'
22:01:18 select * from images
22:01:18 select * from goods where need_top=1 and need_hidden=0 order by id desc limit 0,5
22:01:18 select count(id) from goods where need_top=0 and need_hidden=0 order by id desc
22:01:18 select * from goods where need_top=0 and need_hidden=0 order by id desc limit 0,5
22:08:05 use a0122145834;
22:08:05 set names utf8;
22:08:05 select * from configs
22:08:06 use a0122145834;
22:08:06 set names utf8;
22:08:06 select * from configs
22:08:07 use a0122145834;
22:08:07 set names utf8;
22:08:07 select * from configs
22:08:31 use a0122145834;
22:08:31 set names utf8;
22:08:31 select * from configs
22:08:31 select * from users where id=50
22:08:31 select count(id) from users where spreader_id='50'
22:08:31 select * from images
22:08:32 use a0122145834;
22:08:32 set names utf8;
22:08:32 select * from configs
22:08:32 select * from users where id=50
22:08:32 select count(id) from users where spreader_id='50'
22:08:32 select * from images
22:08:32 select * from goods where need_top=1 and need_hidden=0 order by id desc limit 0,5
22:08:32 select count(id) from goods where need_top=0 and need_hidden=0 order by id desc
22:08:32 select * from goods where need_top=0 and need_hidden=0 order by id desc limit 0,5
22:09:41 use a0122145834;
22:09:41 set names utf8;
22:09:41 select * from configs
22:10:24 use a0122145834;
22:10:24 set names utf8;
22:10:24 select * from configs
22:10:24 select * from users where id=945
22:10:24 select count(id) from users where spreader_id='945'
22:10:24 select * from images
22:10:24 select * from goods where need_top=1 and need_hidden=0 order by id desc limit 0,5
22:10:24 select count(id) from goods where need_top=0 and need_hidden=0 order by id desc
22:10:24 select * from goods where need_top=0 and need_hidden=0 order by id desc limit 0,5
22:10:37 use a0122145834;
22:10:37 set names utf8;
22:10:37 select * from configs
22:10:37 select * from users where id=50
22:10:37 select count(id) from users where spreader_id='50'
22:10:37 select * from images
22:10:37 select * from goods where need_top=1 and need_hidden=0 order by id desc limit 0,5
22:10:37 select count(id) from goods where need_top=0 and need_hidden=0 order by id desc
22:10:37 select * from goods where need_top=0 and need_hidden=0 order by id desc limit 0,5
22:10:40 use a0122145834;
22:10:40 set names utf8;
22:10:40 select * from configs
22:10:40 select * from users where id=50
22:10:40 select count(id) from users where spreader_id='50'
22:10:40 select * from images
22:10:41 use a0122145834;
22:10:41 set names utf8;
22:10:41 select * from configs
22:10:51 use a0122145834;
22:10:51 set names utf8;
22:10:51 select * from configs
22:10:53 use a0122145834;
22:10:53 set names utf8;
22:10:53 select * from configs
22:10:53 use a0122145834;
22:10:53 set names utf8;
22:10:53 select * from configs
22:10:58 use a0122145834;
22:10:58 set names utf8;
22:10:58 select * from configs
22:10:58 select * from users where user_name='2049917091' and user_word='e99a18c428cb38d5f260853678922e03'
22:10:58 use a0122145834;
22:10:58 set names utf8;
22:10:58 select * from configs
22:10:58 select * from users where id=51
22:10:58 select count(id) from users where spreader_id='51'
22:10:58 select * from images
22:10:58 select * from goods where need_top=1 and need_hidden=0 order by id desc limit 0,5
22:10:58 select count(id) from goods where need_top=0 and need_hidden=0 order by id desc
22:10:58 select * from goods where need_top=0 and need_hidden=0 order by id desc limit 0,5
22:11:03 use a0122145834;
22:11:03 set names utf8;
22:11:03 select * from configs
22:11:03 select * from users where id=51
22:11:03 select count(id) from users where spreader_id='51'
22:11:03 select * from images
22:11:03 select * from goods where need_top=1 and need_hidden=0 order by id desc limit 0,5
22:11:03 select count(id) from goods where need_top=0 and need_hidden=0 order by id desc
22:11:03 select * from goods where need_top=0 and need_hidden=0 order by id desc limit 0,5
22:11:46 use a0122145834;
22:11:46 set names utf8;
22:11:46 select * from configs
22:11:47 use a0122145834;
22:11:47 set names utf8;
22:11:47 select * from configs
22:12:03 use a0122145834;
22:12:03 set names utf8;
22:12:03 select * from configs
22:13:38 use a0122145834;
22:13:38 set names utf8;
22:13:38 select * from configs
22:13:38 select count(id) from users where register_ip='119.7.160.79' or last_ip='119.7.160.79' and add_time>1391782418
22:13:38 select * from users where user_name='2076856061'
22:13:38 insert into users (user_name,nick_name,user_word,email,spreader_id,add_time,register_ip) values ('2076856061','求昵称','2baa93388b01458af9306d183e7558d8','2076856061@qq.com',51,'1394374418','119.7.160.79') ;
22:13:39 use a0122145834;
22:13:39 set names utf8;
22:13:39 select * from configs
22:13:39 select * from users where id=965
22:13:39 select count(id) from users where spreader_id='965'
22:13:39 select * from images
22:17:32 use a0122145834;
22:17:32 set names utf8;
22:17:32 select * from configs
22:19:28 use a0122145834;
22:19:28 set names utf8;
22:19:28 select * from configs
22:19:39 use a0122145834;
22:19:39 set names utf8;
22:19:39 select * from configs
22:19:43 use a0122145834;
22:19:43 set names utf8;
22:19:43 select * from configs
22:21:30 use a0122145834;
22:21:30 set names utf8;
22:21:30 select * from configs
22:21:30 select * from users where id=945
22:21:30 select count(id) from users where spreader_id='945'
22:21:30 select * from images
22:21:30 select * from goods where need_top=1 and need_hidden=0 order by id desc limit 0,5
22:21:30 select count(id) from goods where need_top=0 and need_hidden=0 order by id desc
22:21:30 select * from goods where need_top=0 and need_hidden=0 order by id desc limit 0,5
22:21:48 use a0122145834;
22:21:48 set names utf8;
22:21:48 select * from configs
22:21:48 select * from users where id=945
22:21:48 select count(id) from users where spreader_id='945'
22:21:48 select * from images
22:21:48 select * from goods where need_top=1 and need_hidden=0 order by id desc limit 0,5
22:21:48 select count(id) from goods where need_top=0 and need_hidden=0 order by id desc
22:21:48 select * from goods where need_top=0 and need_hidden=0 order by id desc limit 0,5
22:23:03 use a0122145834;
22:23:03 set names utf8;
22:23:03 select * from configs
22:23:03 select count(id) from users where register_ip='120.193.228.217' or last_ip='120.193.228.217' and add_time>1391782983
22:23:03 select * from users where user_name='1352834185'
22:23:03 insert into users (user_name,nick_name,user_word,email,spreader_id,add_time,register_ip) values ('1352834185','求昵称','bb2d91d0fbbebe8719509ed0f865c63f','1352834185@qq.com',51,'1394374983','120.193.228.217') ;
22:23:04 use a0122145834;
22:23:04 set names utf8;
22:23:04 select * from configs
22:23:04 select * from users where id=966
22:23:04 select count(id) from users where spreader_id='966'
22:23:04 select * from images
22:23:23 use a0122145834;
22:23:23 set names utf8;
22:23:23 select * from configs
22:23:23 select * from users where id=945
22:23:23 select count(id) from users where spreader_id='945'
22:23:23 select * from images
22:23:23 select * from goods where need_top=1 and need_hidden=0 order by id desc limit 0,5
22:23:23 select count(id) from goods where need_top=0 and need_hidden=0 order by id desc
22:23:23 select * from goods where need_top=0 and need_hidden=0 order by id desc limit 0,5
22:23:44 use a0122145834;
22:23:44 set names utf8;
22:23:44 select * from configs
22:23:44 select * from users where id=966
22:23:44 select count(id) from users where spreader_id='966'
22:23:44 select * from images
22:23:44 use a0122145834;
22:23:44 set names utf8;
22:23:44 select * from configs
22:23:44 select * from users where id=966
22:23:44 select count(id) from users where spreader_id='966'
22:23:44 select * from images
22:23:44 select * from goods where need_top=1 and need_hidden=0 order by id desc limit 0,5
22:23:44 select count(id) from goods where need_top=0 and need_hidden=0 order by id desc
22:23:44 select * from goods where need_top=0 and need_hidden=0 order by id desc limit 0,5
22:27:21 use a0122145834;
22:27:21 set names utf8;
22:27:21 select * from configs
22:27:43 use a0122145834;
22:27:43 set names utf8;
22:27:43 select * from configs
22:27:44 use a0122145834;
22:27:44 set names utf8;
22:27:44 select * from configs
22:27:48 use a0122145834;
22:27:48 set names utf8;
22:27:48 select * from configs
22:27:48 select * from users where user_name='2049917091' and user_word='e99a18c428cb38d5f260853678922e03'
22:27:49 use a0122145834;
22:27:49 set names utf8;
22:27:49 select * from configs
22:27:49 select * from users where id=51
22:27:49 select count(id) from users where spreader_id='51'
22:27:49 select * from images
22:27:49 select * from goods where need_top=1 and need_hidden=0 order by id desc limit 0,5
22:27:49 select count(id) from goods where need_top=0 and need_hidden=0 order by id desc
22:27:49 select * from goods where need_top=0 and need_hidden=0 order by id desc limit 0,5
22:27:56 use a0122145834;
22:27:56 set names utf8;
22:27:56 select * from configs
22:27:56 select * from users where id=51
22:27:56 select count(id) from users where spreader_id='51'
22:27:56 select * from images
22:27:56 select * from goods where need_top=1 and need_hidden=0 order by id desc limit 0,5
22:27:56 select count(id) from goods where need_top=0 and need_hidden=0 order by id desc
22:27:56 select * from goods where need_top=0 and need_hidden=0 order by id desc limit 0,5
22:32:19 use a0122145834;
22:32:19 set names utf8;
22:32:19 select * from configs
22:32:19 select * from users where id=945
22:32:19 select count(id) from users where spreader_id='945'
22:32:19 select * from images
22:32:19 select * from goods where need_top=1 and need_hidden=0 order by id desc limit 0,5
22:32:19 select count(id) from goods where need_top=0 and need_hidden=0 order by id desc
22:32:19 select * from goods where need_top=0 and need_hidden=0 order by id desc limit 0,5
22:32:27 use a0122145834;
22:32:27 set names utf8;
22:32:27 select * from configs
22:32:27 select * from users where id=945
22:32:27 select count(id) from users where spreader_id='945'
22:32:27 select * from images
22:32:27 use a0122145834;
22:32:27 set names utf8;
22:32:27 select * from configs
22:35:45 use a0122145834;
22:35:45 set names utf8;
22:35:45 select * from configs
22:35:45 select * from users where id=958
22:35:46 use a0122145834;
22:35:46 set names utf8;
22:35:46 select * from configs
22:35:46 select * from users where id=958
22:35:46 select count(id) from users where spreader_id='958'
22:35:46 select * from images
22:35:46 select * from goods where need_top=1 and need_hidden=0 order by id desc limit 0,5
22:35:46 select count(id) from goods where need_top=0 and need_hidden=0 order by id desc
22:35:46 select * from goods where need_top=0 and need_hidden=0 order by id desc limit 0,5
22:37:24 use a0122145834;
22:37:24 set names utf8;
22:37:24 select * from configs
22:37:26 use a0122145834;
22:37:26 set names utf8;
22:37:26 select * from configs
22:38:05 use a0122145834;
22:38:05 set names utf8;
22:38:05 select * from configs
22:38:08 use a0122145834;
22:38:08 set names utf8;
22:38:08 select * from configs
22:38:08 use a0122145834;
22:38:08 set names utf8;
22:38:08 select * from configs
22:38:13 use a0122145834;
22:38:13 set names utf8;
22:38:13 select * from configs
22:38:13 select * from users where user_name='2049917091' and user_word='e99a18c428cb38d5f260853678922e03'
22:38:13 use a0122145834;
22:38:13 set names utf8;
22:38:13 select * from configs
22:38:13 select * from users where id=51
22:38:13 select count(id) from users where spreader_id='51'
22:38:13 select * from images
22:38:13 select * from goods where need_top=1 and need_hidden=0 order by id desc limit 0,5
22:38:13 select count(id) from goods where need_top=0 and need_hidden=0 order by id desc
22:38:13 select * from goods where need_top=0 and need_hidden=0 order by id desc limit 0,5
22:38:16 use a0122145834;
22:38:16 set names utf8;
22:38:16 select * from configs
22:38:18 use a0122145834;
22:38:18 set names utf8;
22:38:18 select * from configs
22:38:18 select * from users where id=51
22:38:18 select count(id) from users where spreader_id='51'
22:38:18 select * from images
22:38:18 select * from goods where need_top=1 and need_hidden=0 order by id desc limit 0,5
22:38:18 select count(id) from goods where need_top=0 and need_hidden=0 order by id desc
22:38:18 select * from goods where need_top=0 and need_hidden=0 order by id desc limit 0,5
22:38:50 use a0122145834;
22:38:50 set names utf8;
22:38:50 select * from configs
22:41:05 use a0122145834;
22:41:05 set names utf8;
22:41:05 select * from configs
22:41:05 select count(id) from users where register_ip='180.175.97.219' or last_ip='180.175.97.219' and add_time>1391784065
22:41:05 select * from users where user_name='2655654961'
22:41:05 insert into users (user_name,nick_name,user_word,email,spreader_id,add_time,register_ip) values ('2655654961','求昵称','1c97baf8e38fd186b69a3f2ca99dc3c2','2655654961@qq.com',51,'1394376065','180.175.97.219') ;
22:41:05 use a0122145834;
22:41:05 set names utf8;
22:41:05 select * from configs
22:41:05 select * from users where id=967
22:41:05 select count(id) from users where spreader_id='967'
22:41:05 select * from images
22:47:03 use a0122145834;
22:47:03 set names utf8;
22:47:03 select * from configs
22:52:06 use a0122145834;
22:52:06 set names utf8;
22:52:06 select * from configs
22:52:06 select * from users where id=38
22:52:06 select count(id) from users where spreader_id='38'
22:52:06 select * from images
22:52:06 select * from goods where need_top=1 and need_hidden=0 order by id desc limit 0,5
22:52:06 select count(id) from goods where need_top=0 and need_hidden=0 order by id desc
22:52:06 select * from goods where need_top=0 and need_hidden=0 order by id desc limit 0,5
22:52:10 use a0122145834;
22:52:10 set names utf8;
22:52:10 select * from configs
22:52:10 select * from users where id=38
22:52:12 use a0122145834;
22:52:12 set names utf8;
22:52:12 select * from configs
22:52:12 select * from users where id=38
22:52:12 select count(id) from users where spreader_id='38'
22:52:12 select * from images
22:52:12 select count(id) from income where user_id=38
22:52:12 select * from income where user_id=38 limit 0,5
22:52:21 use a0122145834;
22:52:21 set names utf8;
22:52:21 select * from configs
22:52:21 select * from users where id=38
22:52:21 select count(id) from users where spreader_id='38'
22:52:21 select * from images
22:52:21 select count(id) from income where user_id=38
22:52:21 select * from income where user_id=38 limit 10,5
22:55:02 use a0122145834;
22:55:02 set names utf8;
22:55:02 select * from configs
22:55:02 select count(id) from users where register_ip='116.22.3.17' or last_ip='116.22.3.17' and add_time>1391784902
22:55:02 select * from users where user_name='483931676'
22:55:02 insert into users (user_name,nick_name,user_word,email,spreader_id,add_time,register_ip) values ('483931676','求昵称','3c6fcccf800b9652d2ac85de6c108c86','483931676@qq.com',105,'1394376902','116.22.3.17') ;
22:55:04 use a0122145834;
22:55:04 set names utf8;
22:55:04 select * from configs
22:55:04 select * from users where id=968
22:55:04 select count(id) from users where spreader_id='968'
22:55:04 select * from images
22:55:55 use a0122145834;
22:55:55 set names utf8;
22:55:55 select * from configs
22:55:55 select * from users where id=968
22:55:55 use a0122145834;
22:55:55 set names utf8;
22:55:55 select * from configs
22:55:55 select * from users where id=968
22:55:55 select count(id) from users where spreader_id='968'
22:55:55 select * from images
22:55:55 select * from goods where need_top=1 and need_hidden=0 order by id desc limit 0,5
22:55:55 select count(id) from goods where need_top=0 and need_hidden=0 order by id desc
22:55:55 select * from goods where need_top=0 and need_hidden=0 order by id desc limit 0,5
22:57:03 use a0122145834;
22:57:03 set names utf8;
22:57:03 select * from configs
22:57:03 select * from users where id=968
22:57:03 select * from goods where need_hidden=0 and id=20
22:57:03 select * from orders where user_id=968 and goods_id=20 
23:03:25 use a0122145834;
23:03:25 set names utf8;
23:03:25 select * from configs
23:03:45 use a0122145834;
23:03:45 set names utf8;
23:03:45 select * from configs
23:04:01 use a0122145834;
23:04:01 set names utf8;
23:04:01 select * from configs
23:04:02 use a0122145834;
23:04:02 set names utf8;
23:04:02 select * from configs
23:05:47 use a0122145834;
23:05:47 set names utf8;
23:05:47 select * from configs
23:05:49 use a0122145834;
23:05:49 set names utf8;
23:05:49 select * from configs
23:05:50 use a0122145834;
23:05:50 set names utf8;
23:05:50 select * from configs
23:06:09 use a0122145834;
23:06:09 set names utf8;
23:06:09 select * from configs
23:06:09 select * from users where user_name='2451894304' and user_word='69f2ba5377e096ce329cd41499e2f864'
23:06:09 use a0122145834;
23:06:09 set names utf8;
23:06:09 select * from configs
23:06:09 select * from users where id=945
23:06:10 select count(id) from users where spreader_id='945'
23:06:10 select * from images
23:06:10 select * from goods where need_top=1 and need_hidden=0 order by id desc limit 0,5
23:06:10 select count(id) from goods where need_top=0 and need_hidden=0 order by id desc
23:06:10 select * from goods where need_top=0 and need_hidden=0 order by id desc limit 0,5
23:06:15 use a0122145834;
23:06:15 set names utf8;
23:06:15 select * from configs
23:06:15 select * from users where id=945
23:06:15 select count(id) from users where spreader_id='945'
23:06:15 select * from images
23:06:15 select * from goods where need_top=1 and need_hidden=0 order by id desc limit 0,5
23:06:15 select count(id) from goods where need_top=0 and need_hidden=0 order by id desc
23:06:15 select * from goods where need_top=0 and need_hidden=0 order by id desc limit 0,5
23:06:19 use a0122145834;
23:06:19 set names utf8;
23:06:19 select * from configs
23:06:19 select * from users where id=945
23:06:19 select count(id) from users where spreader_id='945'
23:06:19 select * from images
23:06:19 select * from goods where need_top=1 and need_hidden=0 order by id desc limit 0,5
23:06:19 select count(id) from goods where need_top=0 and need_hidden=0 order by id desc
23:06:19 select * from goods where need_top=0 and need_hidden=0 order by id desc limit 0,5
23:06:21 use a0122145834;
23:06:21 set names utf8;
23:06:21 select * from configs
23:06:21 select * from users where id=945
23:06:21 select count(id) from users where spreader_id='945'
23:06:21 select * from images
23:06:21 select * from goods where need_top=1 and need_hidden=0 order by id desc limit 0,5
23:06:21 select count(id) from goods where need_top=0 and need_hidden=0 order by id desc
23:06:21 select * from goods where need_top=0 and need_hidden=0 order by id desc limit 0,5
23:06:23 use a0122145834;
23:06:23 set names utf8;
23:06:23 select * from configs
23:06:23 select * from users where id=945
23:06:23 select count(id) from users where spreader_id='945'
23:06:23 select * from images
23:06:23 select * from goods where need_top=1 and need_hidden=0 order by id desc limit 0,5
23:06:23 select count(id) from goods where need_top=0 and need_hidden=0 order by id desc
23:06:23 select * from goods where need_top=0 and need_hidden=0 order by id desc limit 0,5
23:06:24 use a0122145834;
23:06:24 set names utf8;
23:06:24 select * from configs
23:06:24 select * from users where id=945
23:06:24 select count(id) from users where spreader_id='945'
23:06:24 select * from images
23:06:24 select * from goods where need_top=1 and need_hidden=0 order by id desc limit 0,5
23:06:24 select count(id) from goods where need_top=0 and need_hidden=0 order by id desc
23:06:24 select * from goods where need_top=0 and need_hidden=0 order by id desc limit 0,5
23:06:26 use a0122145834;
23:06:26 set names utf8;
23:06:26 select * from configs
23:06:26 select * from users where id=945
23:06:26 select count(id) from users where spreader_id='945'
23:06:26 select * from images
23:06:26 select * from goods where need_top=1 and need_hidden=0 order by id desc limit 0,5
23:06:26 select count(id) from goods where need_top=0 and need_hidden=0 order by id desc
23:06:26 select * from goods where need_top=0 and need_hidden=0 order by id desc limit 0,5
23:06:49 use a0122145834;
23:06:49 set names utf8;
23:06:49 select * from configs
23:06:49 select * from users where id=945
23:06:49 select count(id) from users where spreader_id='945'
23:06:49 select * from images
23:06:49 select * from goods where need_top=1 and need_hidden=0 order by id desc limit 0,5
23:06:49 select count(id) from goods where need_top=0 and need_hidden=0 order by id desc
23:06:49 select * from goods where need_top=0 and need_hidden=0 order by id desc limit 0,5
23:07:05 use a0122145834;
23:07:05 set names utf8;
23:07:05 select * from configs
23:07:05 select * from users where id=945
23:07:05 select count(id) from users where spreader_id='945'
23:07:05 select * from images
23:07:05 select * from users where spreader_id='945'
23:07:21 use a0122145834;
23:07:21 set names utf8;
23:07:21 select * from configs
23:07:21 select * from users where id=945
23:07:21 select count(id) from users where spreader_id='945'
23:07:21 select * from images
23:07:21 select * from goods where need_top=1 and need_hidden=0 order by id desc limit 0,5
23:07:21 select count(id) from goods where need_top=0 and need_hidden=0 order by id desc
23:07:21 select * from goods where need_top=0 and need_hidden=0 order by id desc limit 0,5
23:07:25 use a0122145834;
23:07:25 set names utf8;
23:07:25 select * from configs
23:07:25 select * from users where id=945
23:07:25 select count(id) from users where spreader_id='945'
23:07:25 select * from images
23:07:25 use a0122145834;
23:07:25 set names utf8;
23:07:25 select * from configs
23:11:58 use a0122145834;
23:11:58 set names utf8;
23:11:58 select * from configs
23:12:00 use a0122145834;
23:12:00 set names utf8;
23:12:00 select * from configs
23:12:01 use a0122145834;
23:12:01 set names utf8;
23:12:01 select * from configs
23:12:04 use a0122145834;
23:12:04 set names utf8;
23:12:04 select * from configs
23:14:38 use a0122145834;
23:14:38 set names utf8;
23:14:38 select * from configs
23:14:40 use a0122145834;
23:14:40 set names utf8;
23:14:40 select * from configs
23:14:41 use a0122145834;
23:14:41 set names utf8;
23:14:41 select * from configs
23:14:42 use a0122145834;
23:14:42 set names utf8;
23:14:42 select * from configs
23:14:42 select * from users where user_name='860400228' and user_word='29bbfc77a1df018fa545079369ece6cd'
23:14:43 use a0122145834;
23:14:43 set names utf8;
23:14:43 select * from configs
23:14:43 select * from users where id=105
23:14:43 select count(id) from users where spreader_id='105'
23:14:43 select * from images
23:14:43 select * from goods where need_top=1 and need_hidden=0 order by id desc limit 0,5
23:14:43 select count(id) from goods where need_top=0 and need_hidden=0 order by id desc
23:14:43 select * from goods where need_top=0 and need_hidden=0 order by id desc limit 0,5
23:19:21 use a0122145834;
23:19:21 set names utf8;
23:19:21 select * from configs
23:25:06 use a0122145834;
23:25:06 set names utf8;
23:25:06 select * from configs
23:25:59 use a0122145834;
23:25:59 set names utf8;
23:25:59 select * from configs
23:27:09 use a0122145834;
23:27:09 set names utf8;
23:27:09 select * from configs
23:27:44 use a0122145834;
23:27:44 set names utf8;
23:27:44 select * from configs
23:27:44 select count(id) from users where register_ip='113.134.58.60' or last_ip='113.134.58.60' and add_time>1391786864
23:27:44 select * from users where user_name='329191310'
23:27:44 insert into users (user_name,nick_name,user_word,email,spreader_id,add_time,register_ip) values ('329191310','求昵称','6cd15398628fd108fb53261142536b70','329191310@qq.com',945,'1394378864','113.134.58.60') ;
23:27:44 use a0122145834;
23:27:44 set names utf8;
23:27:44 select * from configs
23:27:44 use a0122145834;
23:27:44 set names utf8;
23:27:44 select * from configs
23:27:44 select * from users where id=969
23:27:44 select count(id) from users where spreader_id='969'
23:27:44 select * from images
23:27:55 use a0122145834;
23:27:55 set names utf8;
23:27:55 select * from configs
23:27:55 use a0122145834;
23:27:55 set names utf8;
23:27:55 use a0122145834;
23:27:55 select * from configs
23:27:55 set names utf8;
23:27:55 select * from configs
23:27:55 use a0122145834;
23:27:55 set names utf8;
23:27:55 select * from configs
23:27:55 use a0122145834;
23:27:55 set names utf8;
23:27:55 select * from configs
23:27:55 use a0122145834;
23:27:55 set names utf8;
23:27:55 select * from configs
23:27:55 use a0122145834;
23:27:55 set names utf8;
23:27:55 select * from configs
23:27:55 use a0122145834;
23:27:55 use a0122145834;
23:27:55 set names utf8;
23:27:55 set names utf8;
23:27:55 select * from configs
23:27:55 select * from configs
23:29:36 use a0122145834;
23:29:36 set names utf8;
23:29:36 select * from configs
23:37:32 use a0122145834;
23:37:32 set names utf8;
23:37:32 select * from configs
23:55:09 use a0122145834;
23:55:09 set names utf8;
23:55:09 select * from configs
23:57:43 use a0122145834;
23:57:43 set names utf8;
23:57:43 select * from configs
23:58:17 use a0122145834;
23:58:17 set names utf8;
23:58:17 select * from configs
