21:27:47 use a0122145834;
21:27:47 set names utf8;
21:27:47 select * from configs
21:27:47 use a0122145834;
21:27:47 set names utf8;
21:27:47 select * from configs
21:28:07 use a0122145834;
21:28:07 set names utf8;
21:28:07 select * from configs
21:28:07 select * from users where id=984
21:28:07 select count(id) from users where spreader_id='984'
21:28:07 select * from images
21:28:07 select type_id from articles where id='9'
21:28:07 select * from articles where id='9'
21:29:39 use a0122145834;
21:29:39 set names utf8;
21:29:39 select * from configs
21:29:39 select * from users where id=984
21:29:39 select count(id) from users where spreader_id='984'
21:29:39 select * from images
21:29:39 select type_id from articles where id='8'
21:29:39 select * from articles where id='8'
21:29:39 use a0122145834;
21:29:39 set names utf8;
21:29:39 select * from configs
21:29:55 use a0122145834;
21:29:55 set names utf8;
21:29:55 select * from configs
21:30:27 use a0122145834;
21:30:27 set names utf8;
21:30:27 select * from configs
21:30:27 select * from users where id=989
21:30:27 select * from goods where need_hidden=0 and id=20
21:30:27 select * from orders where user_id=989 and goods_id=20 
21:30:46 use a0122145834;
21:30:46 set names utf8;
21:30:46 select * from configs
21:30:46 select * from users where id=989
21:30:48 use a0122145834;
21:30:48 set names utf8;
21:30:48 select * from configs
21:30:48 select * from users where id=989
21:30:48 select count(id) from users where spreader_id='989'
21:30:48 select * from images
21:30:48 select count(id) from income where user_id=989
21:30:48 select * from income where user_id=989 limit 0,5
21:31:04 use a0122145834;
21:31:04 set names utf8;
21:31:04 select * from configs
21:31:05 use a0122145834;
21:31:05 set names utf8;
21:31:05 select * from configs
21:31:19 use a0122145834;
21:31:19 set names utf8;
21:31:19 select * from configs
21:31:20 use a0122145834;
21:31:20 set names utf8;
21:31:20 select * from configs
21:31:21 use a0122145834;
21:31:21 set names utf8;
21:31:21 select * from configs
21:31:21 use a0122145834;
21:31:21 set names utf8;
21:31:21 select * from configs
21:31:27 use a0122145834;
21:31:27 set names utf8;
21:31:27 select * from configs
21:31:28 use a0122145834;
21:31:28 set names utf8;
21:31:28 select * from configs
21:31:30 use a0122145834;
21:31:30 set names utf8;
21:31:30 select * from configs
21:31:30 select * from users where id=989
21:31:30 select count(id) from users where spreader_id='989'
21:31:30 select * from images
21:31:30 select count(id) from income where user_id=989
21:31:30 select * from income where user_id=989 limit 0,5
21:31:36 use a0122145834;
21:31:36 set names utf8;
21:31:36 select * from configs
21:31:36 select * from users where id=989
21:31:36 select count(id) from users where spreader_id='989'
21:31:36 select * from images
21:31:39 use a0122145834;
21:31:39 set names utf8;
21:31:39 select * from configs
21:31:39 select * from users where id=989
21:31:39 select count(id) from users where spreader_id='989'
21:31:39 select * from images
21:31:39 select * from goods where need_top=1 and need_hidden=0 order by id desc limit 0,5
21:31:39 select count(id) from goods where need_top=0 and need_hidden=0 order by id desc
21:31:39 select * from goods where need_top=0 and need_hidden=0 order by id desc limit 0,5
21:31:51 use a0122145834;
21:31:51 set names utf8;
21:31:51 select * from configs
21:31:51 select * from users where id=989
21:31:51 select count(id) from users where spreader_id='989'
21:31:51 select * from images
21:31:53 use a0122145834;
21:31:53 set names utf8;
21:31:53 select * from configs
21:31:53 select * from users where id=989
21:31:53 select count(id) from users where spreader_id='989'
21:31:53 select * from images
21:31:58 use a0122145834;
21:31:58 set names utf8;
21:31:58 select * from configs
21:31:58 select * from users where id=989
21:31:58 select count(id) from users where spreader_id='989'
21:31:58 select * from images
21:31:58 select type_id from articles where id='9'
21:31:58 select * from articles where id='9'
21:34:47 use a0122145834;
21:34:47 set names utf8;
21:34:47 select * from configs
21:34:47 select * from users where id=984
21:34:48 use a0122145834;
21:34:48 set names utf8;
21:34:48 select * from configs
21:34:48 select * from users where id=984
21:34:48 select count(id) from users where spreader_id='984'
21:34:48 select * from images
21:34:48 select * from goods where need_top=1 and need_hidden=0 order by id desc limit 0,5
21:34:48 select count(id) from goods where need_top=0 and need_hidden=0 order by id desc
21:34:48 select * from goods where need_top=0 and need_hidden=0 order by id desc limit 0,5
21:34:49 use a0122145834;
21:34:49 set names utf8;
21:34:49 select * from configs
21:35:56 use a0122145834;
21:35:56 set names utf8;
21:35:56 select * from configs
21:35:56 use a0122145834;
21:35:56 set names utf8;
21:35:56 select * from configs
21:36:01 use a0122145834;
21:36:01 set names utf8;
21:36:01 select * from configs
21:36:01 select * from users where user_name='976010762' and user_word='723d505516e0c197e42a6be3c0af910e'
21:36:01 use a0122145834;
21:36:01 set names utf8;
21:36:01 select * from configs
21:36:01 select * from users where id=984
21:36:01 select count(id) from users where spreader_id='984'
21:36:01 select * from images
21:36:01 select * from goods where need_top=1 and need_hidden=0 order by id desc limit 0,5
21:36:01 select count(id) from goods where need_top=0 and need_hidden=0 order by id desc
21:36:01 select * from goods where need_top=0 and need_hidden=0 order by id desc limit 0,5
21:36:21 use a0122145834;
21:36:21 set names utf8;
21:36:21 select * from configs
21:37:55 use a0122145834;
21:37:55 set names utf8;
21:37:55 select * from configs
21:38:01 use a0122145834;
21:38:01 set names utf8;
21:38:01 select * from configs
21:38:23 use a0122145834;
21:38:23 set names utf8;
21:38:23 select * from configs
21:38:36 use a0122145834;
21:38:36 set names utf8;
21:38:36 select * from configs
21:39:01 use a0122145834;
21:39:01 set names utf8;
21:39:01 select * from configs
21:39:03 use a0122145834;
21:39:03 set names utf8;
21:39:03 select * from configs
21:41:10 use a0122145834;
21:41:10 set names utf8;
21:41:10 select * from configs
21:41:10 select count(id) from users where register_ip='219.152.43.129' or last_ip='219.152.43.129' and add_time>1391866870
21:41:10 select * from users where user_name='2117610719'
21:41:10 insert into users (user_name,nick_name,user_word,email,spreader_id,add_time,register_ip) values ('2117610719','求昵称','723d505516e0c197e42a6be3c0af910e','2117610719@qq.com',984,'1394458870','219.152.43.129') ;
21:41:11 use a0122145834;
21:41:11 set names utf8;
21:41:11 select * from configs
21:41:11 select * from users where id=990
21:41:11 select count(id) from users where spreader_id='990'
21:41:11 select * from images
21:41:11 use a0122145834;
21:41:11 set names utf8;
21:41:11 select * from configs
21:41:50 use a0122145834;
21:41:50 set names utf8;
21:41:50 select * from configs
21:41:50 select * from users where id=990
21:41:50 select count(id) from users where spreader_id='990'
21:41:50 select * from images
21:41:50 select * from goods where need_top=1 and need_hidden=0 order by id desc limit 0,5
21:41:50 select count(id) from goods where need_top=0 and need_hidden=0 order by id desc
21:41:50 select * from goods where need_top=0 and need_hidden=0 order by id desc limit 0,5
21:42:12 use a0122145834;
21:42:12 set names utf8;
21:42:12 select * from configs
21:42:12 use a0122145834;
21:42:12 set names utf8;
21:42:12 select * from configs
21:42:15 use a0122145834;
21:42:15 set names utf8;
21:42:15 select * from configs
21:42:16 use a0122145834;
21:42:16 set names utf8;
21:42:16 select * from configs
21:42:16 select * from users where user_name='976010762' and user_word='723d505516e0c197e42a6be3c0af910e'
21:42:16 use a0122145834;
21:42:16 set names utf8;
21:42:16 select * from configs
21:42:16 select * from users where id=984
21:42:16 select count(id) from users where spreader_id='984'
21:42:16 select * from images
21:42:16 select * from goods where need_top=1 and need_hidden=0 order by id desc limit 0,5
21:42:16 select count(id) from goods where need_top=0 and need_hidden=0 order by id desc
21:42:16 select * from goods where need_top=0 and need_hidden=0 order by id desc limit 0,5
21:42:55 use a0122145834;
21:42:55 set names utf8;
21:42:55 select * from configs
21:43:36 use a0122145834;
21:43:36 set names utf8;
21:43:36 select * from configs
21:43:36 use a0122145834;
21:43:36 set names utf8;
21:43:36 select * from configs
21:43:41 use a0122145834;
21:43:41 set names utf8;
21:43:41 select * from configs
21:43:41 select * from users where user_name='976010762' and user_word='723d505516e0c197e42a6be3c0af910e'
21:43:41 use a0122145834;
21:43:41 set names utf8;
21:43:41 select * from configs
21:43:41 select * from users where id=984
21:43:41 select count(id) from users where spreader_id='984'
21:43:41 select * from images
21:43:41 select * from goods where need_top=1 and need_hidden=0 order by id desc limit 0,5
21:43:41 select count(id) from goods where need_top=0 and need_hidden=0 order by id desc
21:43:41 select * from goods where need_top=0 and need_hidden=0 order by id desc limit 0,5
21:43:49 use a0122145834;
21:43:49 set names utf8;
21:43:49 select * from configs
21:43:49 select * from users where id=984
21:43:49 use a0122145834;
21:43:49 set names utf8;
21:43:49 select * from configs
21:43:49 select * from users where id=984
21:43:49 select count(id) from users where spreader_id='984'
21:43:49 select * from images
21:43:49 select * from goods where need_top=1 and need_hidden=0 order by id desc limit 0,5
21:43:49 select count(id) from goods where need_top=0 and need_hidden=0 order by id desc
21:43:49 select * from goods where need_top=0 and need_hidden=0 order by id desc limit 0,5
21:44:08 use a0122145834;
21:44:08 set names utf8;
21:44:08 select * from configs
21:44:20 use a0122145834;
21:44:20 set names utf8;
21:44:20 select * from configs
21:44:37 use a0122145834;
21:44:37 set names utf8;
21:44:37 select * from configs
21:44:37 select count(id) from users where register_ip='219.152.43.129' or last_ip='219.152.43.129' and add_time>1391867077
21:44:42 use a0122145834;
21:44:42 set names utf8;
21:44:42 select * from configs
21:44:48 use a0122145834;
21:44:48 set names utf8;
21:44:48 select * from configs
21:44:49 use a0122145834;
21:44:49 set names utf8;
21:44:49 select * from configs
21:44:51 use a0122145834;
21:44:51 set names utf8;
21:44:51 select * from configs
21:44:51 select * from users where user_name='976010762' and user_word='723d505516e0c197e42a6be3c0af910e'
21:44:51 use a0122145834;
21:44:51 set names utf8;
21:44:51 select * from configs
21:44:51 select * from users where id=984
21:44:51 select count(id) from users where spreader_id='984'
21:44:51 select * from images
21:44:51 select * from goods where need_top=1 and need_hidden=0 order by id desc limit 0,5
21:44:51 select count(id) from goods where need_top=0 and need_hidden=0 order by id desc
21:44:51 select * from goods where need_top=0 and need_hidden=0 order by id desc limit 0,5
21:44:59 use a0122145834;
21:44:59 set names utf8;
21:44:59 select * from configs
21:44:59 select * from users where id=984
21:44:59 select count(id) from users where spreader_id='984'
21:44:59 select * from images
21:44:59 select type_id from articles where id='9'
21:44:59 select * from articles where id='9'
21:46:00 use a0122145834;
21:46:00 set names utf8;
21:46:00 select * from configs
21:46:38 use a0122145834;
21:46:38 set names utf8;
21:46:38 select * from configs
21:47:24 use a0122145834;
21:47:24 set names utf8;
21:47:24 select * from configs
21:47:25 use a0122145834;
21:47:25 set names utf8;
21:47:25 select * from configs
21:47:48 use a0122145834;
21:47:48 set names utf8;
21:47:48 select * from configs
21:47:49 use a0122145834;
21:47:49 set names utf8;
21:47:49 select * from configs
21:47:54 use a0122145834;
21:47:54 set names utf8;
21:47:54 select * from configs
21:47:54 select * from users where user_name='2049917091' and user_word='e99a18c428cb38d5f260853678922e03'
21:47:54 use a0122145834;
21:47:54 set names utf8;
21:47:54 select * from configs
21:47:54 select * from users where id=51
21:47:54 select count(id) from users where spreader_id='51'
21:47:54 select * from images
21:47:54 select * from goods where need_top=1 and need_hidden=0 order by id desc limit 0,5
21:47:54 select count(id) from goods where need_top=0 and need_hidden=0 order by id desc
21:47:54 select * from goods where need_top=0 and need_hidden=0 order by id desc limit 0,5
21:48:11 use a0122145834;
21:48:11 set names utf8;
21:48:11 select * from configs
21:48:11 select * from users where id=51
21:48:11 select count(id) from users where spreader_id='51'
21:48:11 select * from images
21:48:11 select * from users where spreader_id='51'
21:48:27 use a0122145834;
21:48:27 set names utf8;
21:48:27 select * from configs
21:48:27 select * from users where id=51
21:48:27 select count(id) from users where spreader_id='51'
21:48:27 select * from images
21:48:27 select * from goods where need_top=1 and need_hidden=0 order by id desc limit 0,5
21:48:27 select count(id) from goods where need_top=0 and need_hidden=0 order by id desc
21:48:27 select * from goods where need_top=0 and need_hidden=0 order by id desc limit 0,5
21:49:00 use a0122145834;
21:49:00 set names utf8;
21:49:00 select * from configs
21:51:20 use a0122145834;
21:51:20 set names utf8;
21:51:20 select * from configs
21:54:11 use a0122145834;
21:54:11 set names utf8;
21:54:11 select * from configs
21:54:11 select * from users where id=984
21:54:11 select count(id) from users where spreader_id='984'
21:54:11 select * from images
21:54:11 select type_id from articles where id='9'
21:54:11 select * from articles where id='9'
21:55:11 use a0122145834;
21:55:11 set names utf8;
21:55:11 select * from configs
21:55:43 use a0122145834;
21:55:43 set names utf8;
21:55:43 select * from configs
21:56:50 use a0122145834;
21:56:50 set names utf8;
21:56:50 select * from configs
21:57:25 use a0122145834;
21:57:25 set names utf8;
21:57:25 select * from configs
21:58:03 use a0122145834;
21:58:03 set names utf8;
21:58:03 select * from configs
21:58:41 use a0122145834;
21:58:41 set names utf8;
21:58:41 select * from configs
21:58:53 use a0122145834;
21:58:53 set names utf8;
21:58:53 select * from configs
22:00:27 use a0122145834;
22:00:27 set names utf8;
22:00:27 select * from configs
22:00:46 use a0122145834;
22:00:46 set names utf8;
22:00:46 select * from configs
22:00:48 use a0122145834;
22:00:48 set names utf8;
22:00:48 select * from configs
22:00:50 use a0122145834;
22:00:50 set names utf8;
22:00:50 select * from configs
22:00:54 use a0122145834;
22:00:54 set names utf8;
22:00:54 select * from configs
22:01:12 use a0122145834;
22:01:12 set names utf8;
22:01:12 select * from configs
22:01:40 use a0122145834;
22:01:40 set names utf8;
22:01:40 select * from configs
22:01:55 use a0122145834;
22:01:55 set names utf8;
22:01:55 select * from configs
22:01:55 select count(id) from users where register_ip='180.140.149.194' or last_ip='180.140.149.194' and add_time>1391868115
22:01:55 select * from users where user_name='1791564125'
22:01:55 insert into users (user_name,nick_name,user_word,email,spreader_id,add_time,register_ip) values ('1791564125','求昵称','5b1b68a9abf4d2cd155c81a9225fd158','1791564125@qq.com',0,'1394460115','180.140.149.194') ;
22:01:56 use a0122145834;
22:01:56 set names utf8;
22:01:56 select * from configs
22:01:56 select * from users where id=991
22:01:56 select count(id) from users where spreader_id='991'
22:01:56 select * from images
22:02:00 use a0122145834;
22:02:00 set names utf8;
22:02:00 select * from configs
22:04:47 use a0122145834;
22:04:47 set names utf8;
22:04:47 select * from configs
22:04:58 use a0122145834;
22:04:58 set names utf8;
22:04:58 select * from configs
22:04:58 select count(id) from users where register_ip='117.174.122.162' or last_ip='117.174.122.162' and add_time>1391868298
22:04:58 select * from users where user_name='574196217'
22:04:58 insert into users (user_name,nick_name,user_word,email,spreader_id,add_time,register_ip) values ('574196217','求昵称','0985251f3d13076beec69aca778ea31f','574196217@qq.com',51,'1394460298','117.174.122.162') ;
22:04:58 use a0122145834;
22:04:58 set names utf8;
22:04:58 select * from configs
22:04:58 select * from users where id=992
22:04:58 select count(id) from users where spreader_id='992'
22:04:58 select * from images
22:05:08 use a0122145834;
22:05:08 set names utf8;
22:05:08 select * from configs
22:05:13 use a0122145834;
22:05:13 set names utf8;
22:05:13 select * from configs
22:05:13 select * from users where id=992
22:05:13 select count(id) from users where spreader_id='992'
22:05:13 select * from images
22:05:14 use a0122145834;
22:05:14 set names utf8;
22:05:14 select * from configs
22:05:14 select * from users where id=992
22:05:14 select count(id) from users where spreader_id='992'
22:05:14 select * from images
22:05:14 select * from goods where need_top=1 and need_hidden=0 order by id desc limit 0,5
22:05:14 select count(id) from goods where need_top=0 and need_hidden=0 order by id desc
22:05:14 select * from goods where need_top=0 and need_hidden=0 order by id desc limit 0,5
22:05:31 use a0122145834;
22:05:31 set names utf8;
22:05:31 select * from configs
22:05:31 select * from users where id=992
22:05:31 select * from goods where need_hidden=0 and id=12
22:05:31 select * from orders where user_id=992 and goods_id=12 
22:05:34 use a0122145834;
22:05:34 set names utf8;
22:05:34 select * from configs
22:05:34 use a0122145834;
22:05:34 set names utf8;
22:05:34 select * from configs
22:05:36 use a0122145834;
22:05:36 set names utf8;
22:05:36 select * from configs
22:05:36 select * from users where id=992
22:05:36 select * from goods where id=12
22:05:36 update users set money=money-0 where id=992
22:05:36 insert into orders (goods_id,user_id,pay_type,order_sn,order_type,add_time) values ('12','992','1','139446033699664','1','1394460336') ;
22:05:39 use a0122145834;
22:05:39 set names utf8;
22:05:39 select * from configs
22:05:39 select * from users where id=992
22:05:39 select * from goods where need_hidden=0 and id=12
22:05:39 select * from orders where user_id=992 and goods_id=12 
22:05:48 use a0122145834;
22:05:48 set names utf8;
22:05:48 select * from configs
22:05:48 use a0122145834;
22:05:48 set names utf8;
22:05:48 select * from configs
22:05:58 use a0122145834;
22:05:58 set names utf8;
22:05:58 select * from configs
22:06:03 use a0122145834;
22:06:03 set names utf8;
22:06:03 select * from configs
22:06:03 select * from users where user_name='2049917091' and user_word='e99a18c428cb38d5f260853678922e03'
22:06:03 use a0122145834;
22:06:03 set names utf8;
22:06:03 select * from configs
22:06:03 select * from users where id=51
22:06:03 select count(id) from users where spreader_id='51'
22:06:03 select * from images
22:06:03 select * from goods where need_top=1 and need_hidden=0 order by id desc limit 0,5
22:06:03 select count(id) from goods where need_top=0 and need_hidden=0 order by id desc
22:06:03 select * from goods where need_top=0 and need_hidden=0 order by id desc limit 0,5
22:06:06 use a0122145834;
22:06:06 set names utf8;
22:06:06 select * from configs
22:06:06 select * from users where id=991
22:06:06 select count(id) from users where spreader_id='991'
22:06:06 select * from images
22:06:07 use a0122145834;
22:06:07 set names utf8;
22:06:07 select * from configs
22:06:07 select * from users where id=991
22:06:07 select count(id) from users where spreader_id='991'
22:06:07 select * from images
22:06:07 select * from goods where need_top=1 and need_hidden=0 order by id desc limit 0,5
22:06:07 select count(id) from goods where need_top=0 and need_hidden=0 order by id desc
22:06:07 select * from goods where need_top=0 and need_hidden=0 order by id desc limit 0,5
22:06:10 use a0122145834;
22:06:10 set names utf8;
22:06:10 select * from configs
22:06:10 select * from users where id=51
22:06:10 select count(id) from users where spreader_id='51'
22:06:10 select * from images
22:06:10 select * from users where spreader_id='51'
22:06:26 use a0122145834;
22:06:26 set names utf8;
22:06:26 select * from configs
22:06:26 select * from users where id=51
22:06:26 select count(id) from users where spreader_id='51'
22:06:26 select * from images
22:06:26 select * from goods where need_top=1 and need_hidden=0 order by id desc limit 0,5
22:06:26 select count(id) from goods where need_top=0 and need_hidden=0 order by id desc
22:06:26 select * from goods where need_top=0 and need_hidden=0 order by id desc limit 0,5
22:06:28 use a0122145834;
22:06:28 set names utf8;
22:06:28 select * from configs
22:06:28 select * from users where id=992
22:06:28 select * from goods where need_hidden=0 and id=12
22:06:28 select * from orders where user_id=992 and goods_id=12 
22:06:32 use a0122145834;
22:06:32 set names utf8;
22:06:32 select * from configs
22:06:32 select * from users where id=991
22:06:32 use a0122145834;
22:06:32 set names utf8;
22:06:32 select * from configs
22:06:32 select * from users where id=991
22:06:32 select count(id) from users where spreader_id='991'
22:06:32 select * from images
22:06:32 select * from goods where need_top=1 and need_hidden=0 order by id desc limit 0,5
22:06:32 select count(id) from goods where need_top=0 and need_hidden=0 order by id desc
22:06:32 select * from goods where need_top=0 and need_hidden=0 order by id desc limit 0,5
22:06:32 use a0122145834;
22:06:32 set names utf8;
22:06:32 select * from configs
22:06:32 select * from users where id=992
22:06:32 select count(id) from users where spreader_id='992'
22:06:32 select * from images
22:06:32 select * from goods where need_top=1 and need_hidden=0 order by id desc limit 0,5
22:06:32 select count(id) from goods where need_top=0 and need_hidden=0 order by id desc
22:06:32 select * from goods where need_top=0 and need_hidden=0 order by id desc limit 0,5
22:06:44 use a0122145834;
22:06:44 set names utf8;
22:06:44 select * from configs
22:07:01 use a0122145834;
22:07:01 set names utf8;
22:07:01 select * from configs
22:09:27 use a0122145834;
22:09:27 set names utf8;
22:09:27 select * from configs
22:09:52 use a0122145834;
22:09:52 set names utf8;
22:09:52 select * from configs
22:11:11 use a0122145834;
22:11:11 set names utf8;
22:11:11 select * from configs
22:12:22 use a0122145834;
22:12:22 set names utf8;
22:12:22 select * from configs
22:12:36 use a0122145834;
22:12:36 set names utf8;
22:12:36 select * from configs
22:12:37 use a0122145834;
22:12:37 set names utf8;
22:12:37 select * from configs
22:13:07 use a0122145834;
22:13:07 set names utf8;
22:13:07 select * from configs
22:13:07 select * from users where user_name='1334234962' and user_word='8833b691f6a4f46367e7882cc54ce6fc'
22:13:22 use a0122145834;
22:13:22 set names utf8;
22:13:22 select * from configs
22:13:22 use a0122145834;
22:13:22 set names utf8;
22:13:22 select * from configs
22:13:22 select count(id) from users where register_ip='42.229.250.99' or last_ip='42.229.250.99' and add_time>1391868802
22:13:22 select * from users where user_name='466824250'
22:13:22 insert into users (user_name,nick_name,user_word,email,spreader_id,add_time,register_ip) values ('466824250','求昵称','2fa321697b50684a2f98ef21d0298991','466824250@qq.com',984,'1394460802','42.229.250.99') ;
22:13:23 use a0122145834;
22:13:23 set names utf8;
22:13:23 select * from configs
22:13:23 select * from users where id=993
22:13:23 select count(id) from users where spreader_id='993'
22:13:23 select * from images
22:13:32 use a0122145834;
22:13:32 set names utf8;
22:13:32 select * from configs
22:13:32 select * from users where user_name='1334234962' and user_word='cbe1e4081accb7a2dee117f396d22afa'
22:13:36 use a0122145834;
22:13:36 set names utf8;
22:13:36 select * from configs
22:13:45 use a0122145834;
22:13:45 set names utf8;
22:13:45 select * from configs
22:13:45 select * from users where user_name='1334234962' and user_word='cedb2a6015c9b618674a5705d7b40ba3'
22:13:49 use a0122145834;
22:13:49 set names utf8;
22:13:49 select * from configs
22:14:03 use a0122145834;
22:14:03 set names utf8;
22:14:03 select * from configs
22:14:37 use a0122145834;
22:14:37 set names utf8;
22:14:37 select * from configs
22:14:41 use a0122145834;
22:14:41 set names utf8;
22:14:41 select * from configs
22:14:59 use a0122145834;
22:14:59 set names utf8;
22:14:59 select * from configs
22:15:00 use a0122145834;
22:15:00 set names utf8;
22:15:00 select * from configs
22:15:14 use a0122145834;
22:15:14 set names utf8;
22:15:14 select * from configs
22:15:14 use a0122145834;
22:15:14 set names utf8;
22:15:14 select * from configs
22:15:21 use a0122145834;
22:15:21 set names utf8;
22:15:21 select * from configs
22:15:21 select * from users where user_name='2049917091' and user_word='e99a18c428cb38d5f260853678922e03'
22:15:22 use a0122145834;
22:15:22 set names utf8;
22:15:22 select * from configs
22:15:22 select * from users where id=51
22:15:22 select count(id) from users where spreader_id='51'
22:15:22 select * from images
22:15:22 select * from goods where need_top=1 and need_hidden=0 order by id desc limit 0,5
22:15:22 select count(id) from goods where need_top=0 and need_hidden=0 order by id desc
22:15:22 select * from goods where need_top=0 and need_hidden=0 order by id desc limit 0,5
22:16:09 use a0122145834;
22:16:09 set names utf8;
22:16:09 select * from configs
22:16:09 select * from users where id=51
22:16:09 select count(id) from users where spreader_id='51'
22:16:09 select * from images
22:16:09 select * from goods where need_top=1 and need_hidden=0 order by id desc limit 0,5
22:16:09 select count(id) from goods where need_top=0 and need_hidden=0 order by id desc
22:16:09 select * from goods where need_top=0 and need_hidden=0 order by id desc limit 0,5
22:16:49 use a0122145834;
22:16:49 set names utf8;
22:16:49 select * from configs
22:16:49 select * from users where id=51
22:16:49 select count(id) from users where spreader_id='51'
22:16:49 select * from images
22:16:49 select * from goods where need_top=1 and need_hidden=0 order by id desc limit 0,5
22:16:49 select count(id) from goods where need_top=0 and need_hidden=0 order by id desc
22:16:49 select * from goods where need_top=0 and need_hidden=0 order by id desc limit 0,5
22:17:09 use a0122145834;
22:17:09 set names utf8;
22:17:09 select * from configs
22:18:29 use a0122145834;
22:18:29 set names utf8;
22:18:29 select * from configs
22:19:48 use a0122145834;
22:19:48 set names utf8;
22:19:48 select * from configs
22:19:56 use a0122145834;
22:19:56 set names utf8;
22:19:56 select * from configs
22:20:06 use a0122145834;
22:20:06 set names utf8;
22:20:06 select * from configs
22:20:06 use a0122145834;
22:20:06 set names utf8;
22:20:06 select * from configs
22:20:18 use a0122145834;
22:20:18 set names utf8;
22:20:18 select * from configs
22:20:18 select * from users where user_name='2049917091' and user_word='e99a18c428cb38d5f260853678922e03'
22:20:19 use a0122145834;
22:20:19 set names utf8;
22:20:19 select * from configs
22:20:19 select * from users where id=51
22:20:19 select count(id) from users where spreader_id='51'
22:20:19 select * from images
22:20:19 select * from goods where need_top=1 and need_hidden=0 order by id desc limit 0,5
22:20:19 select count(id) from goods where need_top=0 and need_hidden=0 order by id desc
22:20:19 select * from goods where need_top=0 and need_hidden=0 order by id desc limit 0,5
22:20:42 use a0122145834;
22:20:42 set names utf8;
22:20:42 select * from configs
22:20:42 select * from users where id=51
22:20:42 select count(id) from users where spreader_id='51'
22:20:42 select * from images
22:20:42 select * from goods where need_top=1 and need_hidden=0 order by id desc limit 0,5
22:20:42 select count(id) from goods where need_top=0 and need_hidden=0 order by id desc
22:20:42 select * from goods where need_top=0 and need_hidden=0 order by id desc limit 0,5
22:25:36 use a0122145834;
22:25:36 set names utf8;
22:25:36 select * from configs
22:25:44 use a0122145834;
22:25:44 set names utf8;
22:25:44 select * from configs
22:25:45 use a0122145834;
22:25:45 set names utf8;
22:25:45 select * from configs
22:25:52 use a0122145834;
22:25:52 set names utf8;
22:25:52 select * from configs
22:25:52 select * from users where user_name='2049917091' and user_word='e99a18c428cb38d5f260853678922e03'
22:25:53 use a0122145834;
22:25:53 set names utf8;
22:25:53 select * from configs
22:25:53 select * from users where id=51
22:25:53 select count(id) from users where spreader_id='51'
22:25:53 select * from images
22:25:53 select * from goods where need_top=1 and need_hidden=0 order by id desc limit 0,5
22:25:53 select count(id) from goods where need_top=0 and need_hidden=0 order by id desc
22:25:53 select * from goods where need_top=0 and need_hidden=0 order by id desc limit 0,5
22:26:00 use a0122145834;
22:26:00 set names utf8;
22:26:00 select * from configs
22:26:00 select * from users where id=51
22:26:00 select count(id) from users where spreader_id='51'
22:26:00 select * from images
22:26:00 select * from goods where need_top=1 and need_hidden=0 order by id desc limit 0,5
22:26:00 select count(id) from goods where need_top=0 and need_hidden=0 order by id desc
22:26:00 select * from goods where need_top=0 and need_hidden=0 order by id desc limit 0,5
22:28:13 use a0122145834;
22:28:13 set names utf8;
22:28:13 select * from configs
22:29:34 use a0122145834;
22:29:34 set names utf8;
22:29:34 select * from configs
22:29:40 use a0122145834;
22:29:40 set names utf8;
22:29:40 select * from configs
22:29:40 use a0122145834;
22:29:40 set names utf8;
22:29:40 select * from configs
22:29:45 use a0122145834;
22:29:45 set names utf8;
22:29:45 select * from configs
22:29:46 use a0122145834;
22:29:46 set names utf8;
22:29:46 select * from configs
22:29:46 select * from users where user_name='2049917091' and user_word='e99a18c428cb38d5f260853678922e03'
22:29:46 use a0122145834;
22:29:46 set names utf8;
22:29:46 select * from configs
22:29:46 select * from users where id=51
22:29:46 select count(id) from users where spreader_id='51'
22:29:46 select * from images
22:29:46 select * from goods where need_top=1 and need_hidden=0 order by id desc limit 0,5
22:29:46 select count(id) from goods where need_top=0 and need_hidden=0 order by id desc
22:29:46 select * from goods where need_top=0 and need_hidden=0 order by id desc limit 0,5
22:29:54 use a0122145834;
22:29:54 set names utf8;
22:29:54 select * from configs
22:29:54 select * from users where id=51
22:29:54 select count(id) from users where spreader_id='51'
22:29:54 select * from images
22:29:54 select * from goods where need_top=1 and need_hidden=0 order by id desc limit 0,5
22:29:54 select count(id) from goods where need_top=0 and need_hidden=0 order by id desc
22:29:54 select * from goods where need_top=0 and need_hidden=0 order by id desc limit 0,5
22:29:55 use a0122145834;
22:29:55 set names utf8;
22:29:55 select * from configs
22:29:57 use a0122145834;
22:29:57 set names utf8;
22:29:57 select * from configs
22:30:19 use a0122145834;
22:30:19 set names utf8;
22:30:19 select * from configs
22:30:19 select * from users where user_name='1679057718' and user_word='58fdc149f0e3869906ee8fad6025005c'
22:30:20 use a0122145834;
22:30:20 set names utf8;
22:30:20 select * from configs
22:30:20 select * from users where id=392
22:30:20 select count(id) from users where spreader_id='392'
22:30:20 select * from images
22:30:20 select * from goods where need_top=1 and need_hidden=0 order by id desc limit 0,5
22:30:20 select count(id) from goods where need_top=0 and need_hidden=0 order by id desc
22:30:20 select * from goods where need_top=0 and need_hidden=0 order by id desc limit 0,5
22:31:06 use a0122145834;
22:31:06 set names utf8;
22:31:06 select * from configs
22:31:06 use a0122145834;
22:31:06 set names utf8;
22:31:06 select * from configs
22:31:31 use a0122145834;
22:31:31 set names utf8;
22:31:31 select * from configs
22:33:20 use a0122145834;
22:33:20 set names utf8;
22:33:20 select * from configs
22:33:26 use a0122145834;
22:33:26 set names utf8;
22:33:26 select * from configs
22:34:04 use a0122145834;
22:34:04 set names utf8;
22:34:04 select * from configs
22:34:42 use a0122145834;
22:34:42 set names utf8;
22:34:42 select * from configs
22:34:50 use a0122145834;
22:34:50 set names utf8;
22:34:50 select * from configs
22:34:56 use a0122145834;
22:34:56 set names utf8;
22:34:56 select * from configs
22:36:25 use a0122145834;
22:36:25 set names utf8;
22:36:25 select * from configs
22:37:10 use a0122145834;
22:37:10 set names utf8;
22:37:10 select * from configs
22:37:23 use a0122145834;
22:37:23 set names utf8;
22:37:23 select * from configs
22:37:24 use a0122145834;
22:37:24 set names utf8;
22:37:24 select * from configs
22:37:43 use a0122145834;
22:37:43 set names utf8;
22:37:43 select * from configs
22:37:43 select * from users where user_name='2451894304' and user_word='69f2ba5377e096ce329cd41499e2f864'
22:37:44 use a0122145834;
22:37:44 set names utf8;
22:37:44 select * from configs
22:37:44 select * from users where id=945
22:37:44 select count(id) from users where spreader_id='945'
22:37:44 select * from images
22:37:44 select * from goods where need_top=1 and need_hidden=0 order by id desc limit 0,5
22:37:44 select count(id) from goods where need_top=0 and need_hidden=0 order by id desc
22:37:44 select * from goods where need_top=0 and need_hidden=0 order by id desc limit 0,5
22:37:51 use a0122145834;
22:37:51 set names utf8;
22:37:51 select * from configs
22:38:19 use a0122145834;
22:38:19 set names utf8;
22:38:19 select * from configs
22:38:25 use a0122145834;
22:38:25 set names utf8;
22:38:25 select * from configs
22:38:25 select * from users where id=945
22:38:25 select count(id) from users where spreader_id='945'
22:38:25 select * from images
22:38:25 select count(id) from income where user_id=945
22:38:25 select * from income where user_id=945 limit 0,5
22:38:48 use a0122145834;
22:38:48 set names utf8;
22:38:48 select * from configs
22:38:48 select * from users where id=945
22:38:48 select count(id) from users where spreader_id='945'
22:38:48 select * from images
22:38:48 use a0122145834;
22:38:48 set names utf8;
22:38:48 select * from configs
22:38:54 use a0122145834;
22:38:54 set names utf8;
22:38:54 select * from configs
22:39:09 use a0122145834;
22:39:09 set names utf8;
22:39:09 select * from configs
22:39:17 use a0122145834;
22:39:17 set names utf8;
22:39:17 select * from configs
22:39:22 use a0122145834;
22:39:22 set names utf8;
22:39:22 select * from configs
22:39:26 use a0122145834;
22:39:26 set names utf8;
22:39:26 select * from configs
22:40:13 use a0122145834;
22:40:13 set names utf8;
22:40:13 select * from configs
22:40:47 use a0122145834;
22:40:47 set names utf8;
22:40:47 select * from configs
22:40:53 use a0122145834;
22:40:53 set names utf8;
22:40:53 select * from configs
22:41:53 use a0122145834;
22:41:53 set names utf8;
22:41:53 select * from configs
22:42:20 use a0122145834;
22:42:20 set names utf8;
22:42:20 select * from configs
22:43:45 use a0122145834;
22:43:45 set names utf8;
22:43:45 select * from configs
22:43:52 use a0122145834;
22:43:52 set names utf8;
22:43:52 select * from configs
22:44:03 use a0122145834;
22:44:03 set names utf8;
22:44:03 select * from configs
22:44:03 select * from users where user_name='644649746' and user_word='fe008700f25cb28940ca8ed91b23b354'
22:44:03 use a0122145834;
22:44:03 set names utf8;
22:44:03 select * from configs
22:44:03 select * from users where id=50
22:44:03 select count(id) from users where spreader_id='50'
22:44:03 select * from images
22:44:03 select * from goods where need_top=1 and need_hidden=0 order by id desc limit 0,5
22:44:03 select count(id) from goods where need_top=0 and need_hidden=0 order by id desc
22:44:03 select * from goods where need_top=0 and need_hidden=0 order by id desc limit 0,5
22:44:13 use a0122145834;
22:44:13 set names utf8;
22:44:13 select * from configs
22:44:13 select * from users where id=50
22:44:13 select count(id) from users where spreader_id='50'
22:44:13 select * from images
22:44:13 select * from users where spreader_id='50'
22:44:24 use a0122145834;
22:44:24 set names utf8;
22:44:24 select * from configs
22:44:24 select * from users where id=50
22:44:24 select count(id) from users where spreader_id='50'
22:44:24 select * from images
22:44:25 use a0122145834;
22:44:25 set names utf8;
22:44:25 select * from configs
22:44:58 use a0122145834;
22:44:58 set names utf8;
22:44:58 select * from configs
22:45:23 use a0122145834;
22:45:23 set names utf8;
22:45:23 select * from configs
22:45:32 use a0122145834;
22:45:32 set names utf8;
22:45:32 select * from configs
22:45:33 use a0122145834;
22:45:33 set names utf8;
22:45:33 select * from configs
22:45:52 use a0122145834;
22:45:52 set names utf8;
22:45:52 select * from configs
22:45:52 select * from users where user_name='2049917091' and user_word='e99a18c428cb38d5f260853678922e03'
22:45:52 use a0122145834;
22:45:52 set names utf8;
22:45:52 select * from configs
22:45:52 select * from users where id=51
22:45:52 select count(id) from users where spreader_id='51'
22:45:52 select * from images
22:45:52 select * from goods where need_top=1 and need_hidden=0 order by id desc limit 0,5
22:45:52 select count(id) from goods where need_top=0 and need_hidden=0 order by id desc
22:45:52 select * from goods where need_top=0 and need_hidden=0 order by id desc limit 0,5
22:46:09 use a0122145834;
22:46:09 set names utf8;
22:46:09 select * from configs
22:46:09 select * from users where id=51
22:46:09 select count(id) from users where spreader_id='51'
22:46:09 select * from images
22:46:09 select * from goods where need_top=1 and need_hidden=0 order by id desc limit 0,5
22:46:09 select count(id) from goods where need_top=0 and need_hidden=0 order by id desc
22:46:09 select * from goods where need_top=0 and need_hidden=0 order by id desc limit 0,5
22:46:56 use a0122145834;
22:46:56 set names utf8;
22:46:56 select * from configs
22:48:23 use a0122145834;
22:48:23 set names utf8;
22:48:23 select * from configs
22:49:41 use a0122145834;
22:49:41 set names utf8;
22:49:41 select * from configs
22:51:22 use a0122145834;
22:51:22 set names utf8;
22:51:22 select * from configs
22:51:31 use a0122145834;
22:51:31 set names utf8;
22:51:31 select * from configs
22:51:32 use a0122145834;
22:51:32 set names utf8;
22:51:32 select * from configs
22:51:37 use a0122145834;
22:51:37 set names utf8;
22:51:37 select * from configs
22:51:37 select * from users where user_name='2049917091' and user_word='e99a18c428cb38d5f260853678922e03'
22:51:38 use a0122145834;
22:51:38 set names utf8;
22:51:38 select * from configs
22:51:38 select * from users where id=51
22:51:38 select count(id) from users where spreader_id='51'
22:51:38 select * from images
22:51:38 select * from goods where need_top=1 and need_hidden=0 order by id desc limit 0,5
22:51:38 select count(id) from goods where need_top=0 and need_hidden=0 order by id desc
22:51:38 select * from goods where need_top=0 and need_hidden=0 order by id desc limit 0,5
22:51:48 use a0122145834;
22:51:48 set names utf8;
22:51:48 select * from configs
22:52:17 use a0122145834;
22:52:17 set names utf8;
22:52:17 select * from configs
22:53:14 use a0122145834;
22:53:14 set names utf8;
22:53:14 select * from configs
22:53:48 use a0122145834;
22:53:48 set names utf8;
22:53:48 select * from configs
22:54:46 use a0122145834;
22:54:46 set names utf8;
22:54:46 select * from configs
22:55:41 use a0122145834;
22:55:41 set names utf8;
22:55:41 select * from configs
22:57:30 use a0122145834;
22:57:30 set names utf8;
22:57:30 select * from configs
22:57:45 use a0122145834;
22:57:45 set names utf8;
22:57:45 select * from configs
22:57:52 use a0122145834;
22:57:52 set names utf8;
22:57:52 select * from configs
23:05:47 use a0122145834;
23:05:47 set names utf8;
23:05:47 select * from configs
23:07:13 use a0122145834;
23:07:13 set names utf8;
23:07:13 select * from configs
23:07:48 use a0122145834;
23:07:48 set names utf8;
23:07:48 select * from configs
23:08:03 use a0122145834;
23:08:03 set names utf8;
23:08:03 select * from configs
23:08:17 use a0122145834;
23:08:17 set names utf8;
23:08:17 select * from configs
23:08:17 select * from users where user_name='875429400' and user_word='d2b84ba281cad82570ce0efa14013673'
23:08:17 update users set first_login='1',last_ip='118.182.94.121' where id='869'
23:08:17 update users set credits=credits+1 where id='51'
23:08:18 use a0122145834;
23:08:18 set names utf8;
23:08:18 select * from configs
23:08:18 select * from users where id=869
23:08:18 select count(id) from users where spreader_id='869'
23:08:18 select * from images
23:08:18 select * from goods where need_top=1 and need_hidden=0 order by id desc limit 0,5
23:08:18 select count(id) from goods where need_top=0 and need_hidden=0 order by id desc
23:08:18 select * from goods where need_top=0 and need_hidden=0 order by id desc limit 0,5
23:08:43 use a0122145834;
23:08:43 set names utf8;
23:08:43 select * from configs
23:08:43 select * from users where id=869
23:08:43 select count(id) from users where spreader_id='869'
23:08:43 select * from images
23:08:43 select type_id from articles where id='9'
23:08:43 select * from articles where id='9'
23:09:47 use a0122145834;
23:09:47 set names utf8;
23:09:47 select * from configs
23:09:57 use a0122145834;
23:09:57 set names utf8;
23:09:57 select * from configs
23:09:57 select * from users where id=869
23:09:57 select count(id) from users where spreader_id='869'
23:09:57 select * from images
23:09:57 select count(id) from income where user_id=869
23:09:57 select * from income where user_id=869 limit 0,5
23:09:59 use a0122145834;
23:09:59 set names utf8;
23:09:59 select * from configs
23:10:00 use a0122145834;
23:10:00 set names utf8;
23:10:00 select * from configs
23:10:05 use a0122145834;
23:10:05 set names utf8;
23:10:05 select * from configs
23:10:05 select * from users where user_name='2049917091' and user_word='e99a18c428cb38d5f260853678922e03'
23:10:06 use a0122145834;
23:10:06 set names utf8;
23:10:06 select * from configs
23:10:06 select * from users where id=51
23:10:06 select count(id) from users where spreader_id='51'
23:10:06 select * from images
23:10:06 select * from goods where need_top=1 and need_hidden=0 order by id desc limit 0,5
23:10:06 select count(id) from goods where need_top=0 and need_hidden=0 order by id desc
23:10:06 select * from goods where need_top=0 and need_hidden=0 order by id desc limit 0,5
23:10:14 use a0122145834;
23:10:14 set names utf8;
23:10:14 select * from configs
23:10:14 select * from users where id=51
23:10:14 select count(id) from users where spreader_id='51'
23:10:14 select * from images
23:10:14 select * from goods where need_top=1 and need_hidden=0 order by id desc limit 0,5
23:10:14 select count(id) from goods where need_top=0 and need_hidden=0 order by id desc
23:10:14 select * from goods where need_top=0 and need_hidden=0 order by id desc limit 0,5
23:15:18 use a0122145834;
23:15:18 set names utf8;
23:15:18 select * from configs
23:16:19 use a0122145834;
23:16:19 set names utf8;
23:16:19 select * from configs
23:23:36 use a0122145834;
23:23:36 set names utf8;
23:23:36 select * from configs
23:23:36 select count(id) from users where register_ip='119.163.77.64' or last_ip='119.163.77.64' and add_time>1391873016
23:23:36 select * from users where user_name='785269325'
23:23:36 insert into users (user_name,nick_name,user_word,email,spreader_id,add_time,register_ip) values ('785269325','求昵称','5c22ed0ec09b810c250e4ba95fa23f92','785269325@qq.com',984,'1394465016','119.163.77.64') ;
23:23:36 use a0122145834;
23:23:36 set names utf8;
23:23:36 select * from configs
23:23:36 select * from users where id=994
23:23:36 select count(id) from users where spreader_id='994'
23:23:36 select * from images
23:33:57 use a0122145834;
23:33:57 set names utf8;
23:33:57 select * from configs
23:34:03 use a0122145834;
23:34:03 set names utf8;
23:34:03 select * from configs
23:34:04 use a0122145834;
23:34:04 set names utf8;
23:34:04 select * from configs
23:34:09 use a0122145834;
23:34:09 set names utf8;
23:34:09 select * from configs
23:34:09 select * from users where user_name='2049917091' and user_word='e99a18c428cb38d5f260853678922e03'
23:34:09 use a0122145834;
23:34:09 set names utf8;
23:34:09 select * from configs
23:34:09 select * from users where id=51
23:34:09 select count(id) from users where spreader_id='51'
23:34:09 select * from images
23:34:09 select * from goods where need_top=1 and need_hidden=0 order by id desc limit 0,5
23:34:09 select count(id) from goods where need_top=0 and need_hidden=0 order by id desc
23:34:09 select * from goods where need_top=0 and need_hidden=0 order by id desc limit 0,5
23:34:16 use a0122145834;
23:34:16 set names utf8;
23:34:16 select * from configs
23:34:16 select * from users where id=51
23:34:16 select count(id) from users where spreader_id='51'
23:34:16 select * from images
23:34:16 select * from goods where need_top=1 and need_hidden=0 order by id desc limit 0,5
23:34:16 select count(id) from goods where need_top=0 and need_hidden=0 order by id desc
23:34:16 select * from goods where need_top=0 and need_hidden=0 order by id desc limit 0,5
23:40:03 use a0122145834;
23:40:03 set names utf8;
23:40:03 select * from configs
23:40:20 use a0122145834;
23:40:20 set names utf8;
23:40:20 select * from configs
23:41:22 use a0122145834;
23:41:22 set names utf8;
23:41:22 select * from configs
23:41:25 use a0122145834;
23:41:25 set names utf8;
23:41:25 select * from configs
23:41:26 use a0122145834;
23:41:26 set names utf8;
23:41:26 select * from configs
23:41:28 use a0122145834;
23:41:28 set names utf8;
23:41:28 select * from configs
23:41:30 use a0122145834;
23:41:30 set names utf8;
23:41:30 select * from configs
23:41:30 select * from users where user_name='2049917091' and user_word='e99a18c428cb38d5f260853678922e03'
23:41:30 use a0122145834;
23:41:30 set names utf8;
23:41:30 select * from configs
23:41:30 select * from users where id=51
23:41:30 select count(id) from users where spreader_id='51'
23:41:30 select * from images
23:41:30 select * from goods where need_top=1 and need_hidden=0 order by id desc limit 0,5
23:41:30 select count(id) from goods where need_top=0 and need_hidden=0 order by id desc
23:41:30 select * from goods where need_top=0 and need_hidden=0 order by id desc limit 0,5
23:42:55 use a0122145834;
23:42:55 set names utf8;
23:42:55 select * from configs
23:43:27 use a0122145834;
23:43:27 set names utf8;
23:43:27 select * from configs
23:43:27 use a0122145834;
23:43:27 set names utf8;
23:43:27 select * from configs
23:43:41 use a0122145834;
23:43:41 set names utf8;
23:43:41 select * from configs
23:43:42 use a0122145834;
23:43:42 set names utf8;
23:43:42 select * from configs
23:43:59 use a0122145834;
23:43:59 set names utf8;
23:43:59 select * from configs
23:43:59 select * from users where user_name='2451894304' and user_word='69f2ba5377e096ce329cd41499e2f864'
23:43:59 use a0122145834;
23:43:59 set names utf8;
23:43:59 select * from configs
23:43:59 select * from users where id=945
23:44:00 select count(id) from users where spreader_id='945'
23:44:00 select * from images
23:44:00 select * from goods where need_top=1 and need_hidden=0 order by id desc limit 0,5
23:44:00 select count(id) from goods where need_top=0 and need_hidden=0 order by id desc
23:44:00 select * from goods where need_top=0 and need_hidden=0 order by id desc limit 0,5
23:44:15 use a0122145834;
23:44:15 set names utf8;
23:44:15 select * from configs
23:44:15 select * from users where id=945
23:44:15 select count(id) from users where spreader_id='945'
23:44:15 select * from images
23:44:17 use a0122145834;
23:44:17 set names utf8;
23:44:17 select * from configs
23:44:17 select * from users where id=945
23:44:17 select count(id) from users where spreader_id='945'
23:44:17 select * from images
23:44:20 use a0122145834;
23:44:20 set names utf8;
23:44:20 select * from configs
23:44:20 select * from users where id=945
23:44:20 select count(id) from users where spreader_id='945'
23:44:20 select * from images
23:45:04 use a0122145834;
23:45:04 set names utf8;
23:45:04 select * from configs
23:45:04 select * from users where id=945
23:45:04 select count(id) from users where spreader_id='945'
23:45:04 select * from images
23:45:04 update users set nick_name='林海阳光',pay_name='袁孙丁',pay_email='13696657266',address='' where id=945
23:45:06 use a0122145834;
23:45:06 set names utf8;
23:45:06 select * from configs
23:45:06 select * from users where id=945
23:45:06 select count(id) from users where spreader_id='945'
23:45:06 select * from images
23:59:01 use a0122145834;
23:59:01 set names utf8;
23:59:01 select * from configs
23:59:46 use a0122145834;
23:59:46 set names utf8;
23:59:46 select * from configs
