00:03:34 use a0122145834;
00:03:34 set names utf8;
00:03:34 select * from configs
00:03:36 use a0122145834;
00:03:36 set names utf8;
00:03:36 select * from configs
00:08:35 use a0122145834;
00:08:35 set names utf8;
00:08:35 select * from configs
00:08:39 use a0122145834;
00:08:39 set names utf8;
00:08:39 select * from configs
00:13:20 use a0122145834;
00:13:20 set names utf8;
00:13:20 select * from configs
00:13:20 use a0122145834;
00:13:20 set names utf8;
00:13:20 select * from configs
00:13:38 use a0122145834;
00:13:38 set names utf8;
00:13:38 select * from configs
00:13:44 use a0122145834;
00:13:44 set names utf8;
00:13:44 select * from configs
00:15:46 use a0122145834;
00:15:46 set names utf8;
00:15:46 select * from configs
00:15:46 use a0122145834;
00:15:46 set names utf8;
00:15:46 select * from configs
00:16:15 use a0122145834;
00:16:15 set names utf8;
00:16:15 select * from configs
00:16:38 use a0122145834;
00:16:38 set names utf8;
00:16:38 select * from configs
00:17:27 use a0122145834;
00:17:27 set names utf8;
00:17:27 select * from configs
00:17:27 use a0122145834;
00:17:27 set names utf8;
00:17:27 select * from configs
00:24:30 use a0122145834;
00:24:30 set names utf8;
00:24:30 select * from configs
00:24:32 use a0122145834;
00:24:32 set names utf8;
00:24:32 select * from configs
01:06:52 use a0122145834;
01:06:52 set names utf8;
01:06:52 select * from configs
01:06:54 use a0122145834;
01:06:54 set names utf8;
01:06:54 select * from configs
01:15:59 use a0122145834;
01:15:59 set names utf8;
01:15:59 select * from configs
01:16:10 use a0122145834;
01:16:10 set names utf8;
01:16:10 select * from configs
01:16:10 use a0122145834;
01:16:10 set names utf8;
01:16:10 select * from configs
01:16:13 use a0122145834;
01:16:13 set names utf8;
01:16:13 select * from configs
01:55:22 use a0122145834;
01:55:22 set names utf8;
01:55:22 select * from configs
01:55:50 use a0122145834;
01:55:50 set names utf8;
01:55:50 select * from configs
01:55:51 use a0122145834;
01:55:51 set names utf8;
01:55:51 select * from configs
02:27:51 use a0122145834;
02:27:51 set names utf8;
02:27:51 select * from configs
02:29:43 use a0122145834;
02:29:43 set names utf8;
02:29:43 select * from configs
04:34:12 use a0122145834;
04:34:12 set names utf8;
04:34:12 select * from configs
04:34:43 use a0122145834;
04:34:43 set names utf8;
04:34:43 select * from configs
05:29:41 use a0122145834;
05:29:41 set names utf8;
05:29:41 select * from configs
05:31:14 use a0122145834;
05:31:14 set names utf8;
05:31:14 select * from configs
06:34:03 use a0122145834;
06:34:03 set names utf8;
06:34:03 select * from configs
06:35:17 use a0122145834;
06:35:17 set names utf8;
06:35:17 select * from configs
07:28:00 use a0122145834;
07:28:00 set names utf8;
07:28:00 select * from configs
07:29:25 use a0122145834;
07:29:25 set names utf8;
07:29:25 select * from configs
07:47:47 use a0122145834;
07:47:47 set names utf8;
07:47:47 select * from configs
07:47:47 use a0122145834;
07:47:47 set names utf8;
07:47:47 select * from configs
07:47:47 use a0122145834;
07:47:47 set names utf8;
07:47:47 select * from configs
07:47:47 use a0122145834;
07:47:47 set names utf8;
07:47:47 select * from configs
07:47:48 use a0122145834;
07:47:48 set names utf8;
07:47:48 select * from configs
07:47:48 use a0122145834;
07:47:48 set names utf8;
07:47:48 select * from configs
08:18:37 use a0122145834;
08:18:37 set names utf8;
08:18:37 select * from configs
08:19:38 use a0122145834;
08:19:38 set names utf8;
08:19:38 select * from configs
08:20:13 use a0122145834;
08:20:13 set names utf8;
08:20:13 select * from configs
08:20:16 use a0122145834;
08:20:16 set names utf8;
08:20:16 select * from configs
09:24:01 use a0122145834;
09:24:01 set names utf8;
09:24:01 select * from configs
09:24:06 use a0122145834;
09:24:06 set names utf8;
09:24:06 select * from configs
09:25:09 use a0122145834;
09:25:09 set names utf8;
09:25:09 select * from configs
09:37:28 use a0122145834;
09:37:28 set names utf8;
09:37:28 select * from configs
09:37:48 use a0122145834;
09:37:48 set names utf8;
09:37:48 select * from configs
11:20:28 use a0122145834;
11:20:28 set names utf8;
11:20:28 select * from configs
11:22:28 use a0122145834;
11:22:28 set names utf8;
11:22:28 select * from configs
11:22:37 use a0122145834;
11:22:37 set names utf8;
11:22:37 select * from configs
11:22:37 use a0122145834;
11:22:37 set names utf8;
11:22:37 select * from configs
11:22:50 use a0122145834;
11:22:50 set names utf8;
11:22:50 select * from configs
11:22:51 use a0122145834;
11:22:51 set names utf8;
11:22:51 select * from configs
11:23:02 use a0122145834;
11:23:02 set names utf8;
11:23:02 select * from configs
11:23:02 select * from admins where user_name='admin' and user_word='21232f297a57a5a743894a0e4a801fc3'
11:23:03 use a0122145834;
11:23:03 set names utf8;
11:23:03 select * from configs
11:23:03 select * from admins where id=1
11:23:08 use a0122145834;
11:23:08 set names utf8;
11:23:08 select * from configs
11:23:08 select * from admins where id=1
11:23:08 use a0122145834;
11:23:08 set names utf8;
11:23:08 select * from configs
11:23:08 select * from admins where id=1
11:23:08 select count(id) from users
11:23:08 select * from users limit 0,20
11:24:43 use a0122145834;
11:24:43 set names utf8;
11:24:43 select * from configs
11:39:34 use a0122145834;
11:39:34 set names utf8;
11:39:34 select * from configs
11:39:35 use a0122145834;
11:39:35 set names utf8;
11:39:35 select * from configs
11:39:48 use a0122145834;
11:39:48 set names utf8;
11:39:48 select * from configs
11:39:48 select * from users where user_name='745729535' and user_word='e10adc3949ba59abbe56e057f20f883e'
11:39:48 use a0122145834;
11:39:48 set names utf8;
11:39:48 select * from configs
11:39:48 select * from users where id=16
11:39:48 select count(id) from users where spreader_id='16'
11:39:48 select * from images
11:39:48 select * from goods where need_top=1 and need_hidden=0 order by id desc limit 0,5
11:39:48 select count(id) from goods where need_top=0 and need_hidden=0 order by id desc
11:39:48 select * from goods where need_top=0 and need_hidden=0 order by id desc limit 0,10
11:39:54 use a0122145834;
11:39:54 set names utf8;
11:39:54 select * from configs
11:39:54 select * from users where id=16
11:39:54 select * from goods where need_hidden=0 and id=8
11:39:54 select * from orders where user_id=16 and goods_id=8 
11:39:59 use a0122145834;
11:40:00 set names utf8;
11:40:00 select * from configs
11:40:00 select * from users where id=16
11:40:00 select * from goods where id=8
11:40:00 update users set money=money-15 where id=16
11:40:00 insert into orders (goods_id,user_id,pay_type,order_sn,order_type,add_time) values ('8','16','1','139044840036749','1','1390448400') ;
11:40:00 select * from users where id=15
11:40:00 update users set money=money+10 where id=15
11:40:01 use a0122145834;
11:40:01 set names utf8;
11:40:01 select * from configs
11:40:01 select * from users where id=16
11:40:01 select * from goods where need_hidden=0 and id=8
11:40:01 select * from orders where user_id=16 and goods_id=8 
11:40:12 use a0122145834;
11:40:12 set names utf8;
11:40:12 select * from configs
11:40:12 select * from admins where id=1
11:40:12 use a0122145834;
11:40:12 set names utf8;
11:40:12 select * from configs
11:40:12 select * from admins where id=1
11:40:12 select count(id) from users
11:40:12 select * from users limit 0,20
11:40:55 use a0122145834;
11:40:55 set names utf8;
11:40:55 select * from configs
11:40:55 select * from users where id=16
11:40:55 select * from goods where id=8
11:40:55 update users set money=money-15 where id=16
11:40:55 insert into orders (goods_id,user_id,pay_type,order_sn,order_type,add_time) values ('8','16','1','139044845587524','1','1390448455') ;
11:40:55 select * from users where id=15
11:40:55 update users set money=money+10 where id=15
11:40:58 use a0122145834;
11:40:58 set names utf8;
11:40:58 select * from configs
11:40:58 select * from users where id=16
11:40:58 select * from goods where need_hidden=0 and id=8
11:40:58 select * from orders where user_id=16 and goods_id=8 
11:41:07 use a0122145834;
11:41:07 set names utf8;
11:41:07 select * from configs
11:41:07 select * from admins where id=1
11:41:07 select count(id) from users
11:41:07 select * from users limit 0,20
11:41:15 use a0122145834;
11:41:15 set names utf8;
11:41:15 select * from configs
11:41:15 select * from users where id=16
11:41:15 select count(id) from users where spreader_id='16'
11:41:15 select * from images
11:41:18 use a0122145834;
11:41:18 set names utf8;
11:41:18 select * from configs
11:41:18 select * from users where id=16
11:41:18 select count(id) from users where spreader_id='16'
11:41:18 select * from images
11:41:18 select * from goods where need_top=1 and need_hidden=0 order by id desc limit 0,5
11:41:18 select count(id) from goods where need_top=0 and need_hidden=0 order by id desc
11:41:18 select * from goods where need_top=0 and need_hidden=0 order by id desc limit 0,10
11:41:22 use a0122145834;
11:41:22 set names utf8;
11:41:22 select * from configs
11:41:22 select * from users where id=16
11:41:22 select * from goods where need_hidden=0 and id=8
11:41:22 select * from orders where user_id=16 and goods_id=8 
11:41:26 use a0122145834;
11:41:26 set names utf8;
11:41:26 select * from configs
11:41:26 select * from users where id=16
11:41:26 select * from goods where id=8
11:41:26 update users set credits=credits-15 where id=16
11:41:26 insert into orders (goods_id,user_id,pay_type,order_sn,order_type,add_time) values ('8','16','1','139044848654900','0','1390448486') ;
11:41:26 select * from users where id=15
11:41:26 update users set money=money+10 where id=15
11:41:28 use a0122145834;
11:41:28 set names utf8;
11:41:28 select * from configs
11:41:28 select * from users where id=16
11:41:28 select * from goods where need_hidden=0 and id=8
11:41:28 select * from orders where user_id=16 and goods_id=8 
11:41:43 use a0122145834;
11:41:43 set names utf8;
11:41:43 select * from configs
11:41:43 select * from admins where id=1
11:41:43 select count(id) from users
11:41:43 select * from users limit 0,20
11:41:48 use a0122145834;
11:41:48 set names utf8;
11:41:48 select * from configs
11:41:48 select * from admins where id=1
11:41:48 select count(id) from users
11:41:48 select * from users limit 0,20
11:42:07 use a0122145834;
11:42:07 set names utf8;
11:42:07 select * from configs
11:42:07 select * from admins where id=1
11:42:07 select * from users where id=15
11:42:17 use a0122145834;
11:42:17 set names utf8;
11:42:17 select * from configs
11:42:17 select * from admins where id=1
11:42:17 update users set user_name='77812886',nick_name='求昵称',credits='0',money='30',pay_email='',pay_name='',address='',vip_level='1' where id=15 
11:42:19 use a0122145834;
11:42:19 set names utf8;
11:42:19 select * from configs
11:42:19 select * from admins where id=1
11:42:19 use a0122145834;
11:42:19 set names utf8;
11:42:19 select * from configs
11:42:19 select * from admins where id=1
11:42:19 select count(id) from users
11:42:19 select * from users limit 0,20
11:42:22 use a0122145834;
11:42:22 set names utf8;
11:42:22 select * from configs
11:42:22 select * from admins where id=1
11:42:22 select * from users where id=15
11:42:27 use a0122145834;
11:42:27 set names utf8;
11:42:27 select * from configs
11:42:27 select * from admins where id=1
11:42:27 update users set user_name='77812886',nick_name='求昵称',credits='0',money='30',pay_email='',pay_name='',address='',vip_level='1' where id=15 
11:42:29 use a0122145834;
11:42:29 set names utf8;
11:42:29 select * from configs
11:42:29 select * from admins where id=1
11:42:29 use a0122145834;
11:42:29 set names utf8;
11:42:29 select * from configs
11:42:29 select * from admins where id=1
11:42:29 select count(id) from users
11:42:29 select * from users limit 0,20
11:42:34 use a0122145834;
11:42:34 set names utf8;
11:42:34 select * from configs
11:42:34 select * from admins where id=1
11:42:34 select * from users where id=15
11:42:41 use a0122145834;
11:42:41 set names utf8;
11:42:41 select * from configs
11:42:41 select * from admins where id=1
11:42:41 update users set user_name='77812886',nick_name='求昵称',credits='0',money='30',pay_email='',pay_name='',address='',vip_level='1',spreader_rate='0.5' where id=15 
11:42:43 use a0122145834;
11:42:43 set names utf8;
11:42:43 select * from configs
11:42:43 select * from admins where id=1
11:42:43 select * from users where id=15
11:42:47 use a0122145834;
11:42:47 set names utf8;
11:42:47 select * from configs
11:42:47 select * from admins where id=1
11:42:47 update users set user_name='77812886',nick_name='求昵称',credits='0',money='30',pay_email='',pay_name='',address='',vip_level='1',spreader_rate='0.4' where id=15 
11:42:49 use a0122145834;
11:42:49 set names utf8;
11:42:49 select * from configs
11:42:49 select * from admins where id=1
11:42:49 select * from users where id=15
11:42:53 use a0122145834;
11:42:53 set names utf8;
11:42:53 select * from configs
11:42:53 select * from admins where id=1
11:42:53 update users set user_name='77812886',nick_name='求昵称',credits='0',money='30',pay_email='',pay_name='',address='',vip_level='1',spreader_rate='0.2' where id=15 
11:42:55 use a0122145834;
11:42:55 set names utf8;
11:42:55 select * from configs
11:42:55 select * from admins where id=1
11:42:55 select * from users where id=15
11:42:58 use a0122145834;
11:42:58 set names utf8;
11:42:58 select * from configs
11:42:58 select * from admins where id=1
11:42:58 update users set user_name='77812886',nick_name='求昵称',credits='0',money='30',pay_email='',pay_name='',address='',vip_level='1' where id=15 
11:43:00 use a0122145834;
11:43:00 set names utf8;
11:43:00 select * from configs
11:43:00 select * from admins where id=1
11:43:00 use a0122145834;
11:43:01 set names utf8;
11:43:01 select * from configs
11:43:01 select * from admins where id=1
11:43:01 select count(id) from users
11:43:01 select * from users limit 0,20
11:43:05 use a0122145834;
11:43:05 set names utf8;
11:43:05 select * from configs
11:43:05 select * from admins where id=1
11:43:05 select * from users where id=15
11:43:10 use a0122145834;
11:43:10 set names utf8;
11:43:10 select * from configs
11:43:10 select * from admins where id=1
11:43:10 update users set user_name='77812886',nick_name='求昵称',credits='0',money='30',pay_email='',pay_name='',address='',vip_level='1',spreader_rate='0.4' where id=15 
11:43:11 use a0122145834;
11:43:11 set names utf8;
11:43:11 select * from configs
11:43:11 select * from admins where id=1
11:43:11 select * from users where id=15
11:43:23 use a0122145834;
11:43:23 set names utf8;
11:43:23 select * from configs
11:43:23 select * from users where id=16
11:43:23 select * from goods where id=8
11:43:23 update users set credits=credits-15 where id=16
11:43:23 insert into orders (goods_id,user_id,pay_type,order_sn,order_type,add_time) values ('8','16','1','139044860341763','0','1390448603') ;
11:43:23 select * from users where id=15
11:43:23 update users set money=money+6 where id=15
11:43:25 use a0122145834;
11:43:25 set names utf8;
11:43:25 select * from configs
11:43:25 select * from users where id=16
11:43:25 select * from goods where need_hidden=0 and id=8
11:43:25 select * from orders where user_id=16 and goods_id=8 
11:43:28 use a0122145834;
11:43:28 set names utf8;
11:43:28 select * from configs
11:43:28 select * from admins where id=1
11:43:28 use a0122145834;
11:43:28 set names utf8;
11:43:28 select * from configs
11:43:28 select * from admins where id=1
11:43:28 select count(id) from users
11:43:28 select * from users limit 0,20
11:43:38 use a0122145834;
11:43:38 set names utf8;
11:43:38 select * from configs
11:43:38 select * from users where id=16
11:43:38 select * from goods where id=8
11:43:40 use a0122145834;
11:43:40 set names utf8;
11:43:40 select * from configs
11:43:40 select * from users where id=16
11:43:40 select * from goods where need_hidden=0 and id=8
11:43:40 select * from orders where user_id=16 and goods_id=8 
11:43:48 use a0122145834;
11:43:48 set names utf8;
11:43:48 select * from configs
11:43:48 select * from admins where id=1
11:43:48 select * from users where id=16
11:43:53 use a0122145834;
11:43:53 set names utf8;
11:43:53 select * from configs
11:43:53 select * from admins where id=1
11:43:53 update users set user_name='745729535',nick_name='求昵称',credits='100',money='108081',pay_email='',pay_name='',address='',vip_level='2',spreader_rate='0.5' where id=16 
11:43:54 use a0122145834;
11:43:54 set names utf8;
11:43:54 select * from configs
11:43:54 select * from admins where id=1
11:43:54 select * from users where id=16
11:44:01 use a0122145834;
11:44:01 set names utf8;
11:44:01 select * from configs
11:44:01 select * from users where id=16
11:44:01 select * from goods where need_hidden=0 and id=8
11:44:01 select * from orders where user_id=16 and goods_id=8 
11:44:15 use a0122145834;
11:44:15 set names utf8;
11:44:15 select * from configs
11:44:15 select * from users where id=16
11:44:15 select * from goods where id=8
11:44:15 update users set credits=credits-15 where id=16
11:44:15 insert into orders (goods_id,user_id,pay_type,order_sn,order_type,add_time) values ('8','16','1','139044865591757','0','1390448655') ;
11:44:15 select * from users where id=15
11:44:15 update users set money=money+6 where id=15
11:44:16 use a0122145834;
11:44:16 set names utf8;
11:44:16 select * from configs
11:44:16 select * from users where id=16
11:44:16 select * from goods where need_hidden=0 and id=8
11:44:16 select * from orders where user_id=16 and goods_id=8 
11:44:22 use a0122145834;
11:44:22 set names utf8;
11:44:22 select * from configs
11:44:22 select * from admins where id=1
11:44:23 use a0122145834;
11:44:23 set names utf8;
11:44:23 select * from configs
11:44:23 select * from admins where id=1
11:44:23 select count(id) from users
11:44:23 select * from users limit 0,20
11:45:12 use a0122145834;
11:45:12 set names utf8;
11:45:12 select * from configs
11:45:12 select * from users where id=16
11:45:12 select * from goods where id=8
11:45:12 update users set money=money-15 where id=16
11:45:12 insert into orders (goods_id,user_id,pay_type,order_sn,order_type,add_time) values ('8','16','1','139044871247021','1','1390448712') ;
11:45:12 select * from users where id=15
11:45:12 update users set money=money+6 where id=15
11:45:14 use a0122145834;
11:45:14 set names utf8;
11:45:14 select * from configs
11:45:14 select * from users where id=16
11:45:14 select * from goods where need_hidden=0 and id=8
11:45:14 select * from orders where user_id=16 and goods_id=8 
11:45:17 use a0122145834;
11:45:17 set names utf8;
11:45:17 select * from configs
11:45:17 select * from admins where id=1
11:45:17 use a0122145834;
11:45:17 set names utf8;
11:45:17 select * from configs
11:45:17 select * from admins where id=1
11:45:17 select count(id) from users
11:45:17 select * from users limit 0,20
11:45:26 use a0122145834;
11:45:26 set names utf8;
11:45:26 select * from configs
11:45:26 select * from users where id=16
11:45:26 select * from goods where id=8
11:45:26 update users set credits=credits-15 where id=16
11:45:26 insert into orders (goods_id,user_id,pay_type,order_sn,order_type,add_time) values ('8','16','1','139044872688015','0','1390448726') ;
11:45:26 select * from users where id=15
11:45:26 update users set money=money+6 where id=15
11:45:28 use a0122145834;
11:45:28 set names utf8;
11:45:28 select * from configs
11:45:28 select * from users where id=16
11:45:28 select * from goods where need_hidden=0 and id=8
11:45:28 select * from orders where user_id=16 and goods_id=8 
11:45:34 use a0122145834;
11:45:34 set names utf8;
11:45:34 select * from configs
11:45:34 select * from admins where id=1
11:45:34 select count(id) from users
11:45:34 select * from users limit 0,20
11:45:44 use a0122145834;
11:45:44 set names utf8;
11:45:44 select * from configs
11:45:44 select * from admins where id=1
11:46:02 use a0122145834;
11:46:02 set names utf8;
11:46:02 select * from configs
11:46:02 select * from admins where id=1
11:46:02 truncate configs
11:46:02 Insert into configs (cf_name,cf_value) values ('keywords','久恒欢迎您'),('description','qqq'),('default_template','default'),('domain','http://10nai.com'),('title','会员您好!'),('copyright','欢迎您'),('spreader_string','qqqq'),('pay_type','1'),('is_sales','1'),('pay_name','a支付宝(账号)'),('pay_key','支付宝(key)	'),('pay_id','支付宝(pid)	'),('services_qq','998877'),('services_tel','111111111111'),('spreader_cridits','推广送积分'),('spreader_rate','0.3'),('goods_view_num','10'),('page_view_num','20'),('vip_money','1000'),('vip_credits','10'),('vip_spreader','0.5'),('vip_is_open','1'),('spreader_mode','1'),('spreader_add','11'),('vip_msg','7d12d38cb34b51d560e3a9b31a680b07cba4ddc3444b1e41'),('email_code','7d12d38cb34b51d560e3a9b31a680b07cba4ddc3444b1e41'),('services_qq_array','Array')
11:46:04 use a0122145834;
11:46:04 set names utf8;
11:46:04 select * from configs
11:46:04 select * from admins where id=1
11:46:06 use a0122145834;
11:46:06 set names utf8;
11:46:06 select * from configs
11:46:06 select * from users where id=16
11:46:06 select * from goods where need_hidden=0 and id=8
11:46:06 select * from orders where user_id=16 and goods_id=8 
11:46:10 use a0122145834;
11:46:10 set names utf8;
11:46:10 select * from configs
11:46:10 select * from users where id=16
11:46:10 select count(id) from users where spreader_id='16'
11:46:10 select * from images
11:46:10 select * from goods where need_top=1 and need_hidden=0 order by id desc limit 0,5
11:46:10 select count(id) from goods where need_top=0 and need_hidden=0 order by id desc
11:46:10 select * from goods where need_top=0 and need_hidden=0 order by id desc limit 0,10
11:46:13 use a0122145834;
11:46:13 set names utf8;
11:46:13 select * from configs
11:46:13 select * from users where id=16
11:46:13 select * from goods where need_hidden=0 and id=8
11:46:13 select * from orders where user_id=16 and goods_id=8 
11:46:17 use a0122145834;
11:46:17 set names utf8;
11:46:17 select * from configs
11:46:17 select * from users where id=16
11:46:17 select count(id) from users where spreader_id='16'
11:46:17 select * from images
11:46:19 use a0122145834;
11:46:19 set names utf8;
11:46:19 select * from configs
11:46:19 select * from users where id=16
11:46:19 select count(id) from users where spreader_id='16'
11:46:19 select * from images
11:46:19 select count(v.id) from vipmsg as v left join users as u on v.user_id=u.id where v.can_see=1 order by v.id desc
11:46:19 select v.id,u.nick_name,v.user_id,v.user_msg,v.recove,v.add_time from vipmsg as v left join users as u on v.user_id=u.id where v.can_see=1 order by v.id desc limit 0,10
11:46:21 use a0122145834;
11:46:21 set names utf8;
11:46:21 select * from configs
11:46:21 select * from users where id=16
11:46:21 select count(id) from users where spreader_id='16'
11:46:21 select * from images
11:46:23 use a0122145834;
11:46:23 set names utf8;
11:46:23 select * from configs
11:46:23 select * from users where id=16
11:46:23 select count(id) from users where spreader_id='16'
11:46:23 select * from images
11:46:23 select * from article_type
11:46:23 select count(id) from articles order by add_time desc
11:46:23 select * from articles order by add_time desc limit 0,10
11:46:29 use a0122145834;
11:46:29 set names utf8;
11:46:29 select * from configs
11:46:29 select * from users where id=16
11:46:29 select count(id) from users where spreader_id='16'
11:46:29 select * from images
11:46:29 select * from article_type
11:46:29 select * from article_type where id='3'
11:46:29 select count(id) from articles where type_id='3' order by add_time desc
11:46:29 select * from articles where type_id='3' order by add_time desc limit 0,10
11:46:31 use a0122145834;
11:46:31 set names utf8;
11:46:31 select * from configs
11:46:31 select * from users where id=16
11:46:31 select count(id) from users where spreader_id='16'
11:46:31 select * from images
11:46:31 select * from article_type
11:46:31 select * from article_type where id='4'
11:46:31 select count(id) from articles where type_id='4' order by add_time desc
11:46:31 select * from articles where type_id='4' order by add_time desc limit 0,10
11:46:32 use a0122145834;
11:46:32 set names utf8;
11:46:32 select * from configs
11:46:32 select * from users where id=16
11:46:32 select count(id) from users where spreader_id='16'
11:46:32 select * from images
11:46:32 select * from article_type
11:46:32 select * from article_type where id='0'
11:46:32 select count(id) from articles where type_id='0' order by add_time desc
11:46:32 select * from articles where type_id='0' order by add_time desc limit 0,10
11:46:33 use a0122145834;
11:46:33 set names utf8;
11:46:33 select * from configs
11:46:33 select * from users where id=16
11:46:33 select count(id) from users where spreader_id='16'
11:46:33 select * from images
11:46:33 select * from goods where need_top=1 and need_hidden=0 order by id desc limit 0,5
11:46:33 select count(id) from goods where need_top=0 and need_hidden=0 order by id desc
11:46:33 select * from goods where need_top=0 and need_hidden=0 order by id desc limit 0,10
11:46:35 use a0122145834;
11:46:35 set names utf8;
11:46:35 select * from configs
11:46:35 select * from users where id=16
11:46:35 select count(id) from users where spreader_id='16'
11:46:35 select * from images
11:46:35 select * from article_type
11:46:35 select * from article_type where id='0'
11:46:35 select count(id) from articles where type_id='0' order by add_time desc
11:46:35 select * from articles where type_id='0' order by add_time desc limit 0,10
11:46:36 use a0122145834;
11:46:36 set names utf8;
11:46:36 select * from configs
11:46:36 select * from users where id=16
11:46:36 select count(id) from users where spreader_id='16'
11:46:36 select * from images
11:46:36 select count(id) from expense where user_id=16
11:46:36 select * from expense where user_id=16 limit 0,10
11:46:37 use a0122145834;
11:46:37 set names utf8;
11:46:37 select * from configs
11:46:37 select * from users where id=16
11:46:37 select count(id) from users where spreader_id='16'
11:46:38 select * from images
11:46:39 use a0122145834;
11:46:39 set names utf8;
11:46:39 select * from configs
11:46:39 select * from users where id=16
11:46:39 select count(id) from users where spreader_id='16'
11:46:39 select * from images
11:46:39 select * from article_type
11:46:39 select count(id) from articles order by add_time desc
11:46:39 select * from articles order by add_time desc limit 0,10
11:46:40 use a0122145834;
11:46:40 set names utf8;
11:46:40 select * from configs
11:46:40 select * from users where id=16
11:46:40 select count(id) from users where spreader_id='16'
11:46:40 select * from images
11:47:22 use a0122145834;
11:47:22 set names utf8;
11:47:22 select * from configs
11:47:22 select * from users where id=16
11:47:22 select count(id) from users where spreader_id='16'
11:47:22 select * from images
11:47:54 use a0122145834;
11:47:54 set names utf8;
11:47:54 select * from configs
11:47:54 select * from users where id=16
11:47:54 select count(id) from users where spreader_id='16'
11:47:54 select * from images
11:47:57 use a0122145834;
11:47:57 set names utf8;
11:47:57 select * from configs
11:47:57 select * from users where id=16
11:47:57 select count(id) from users where spreader_id='16'
11:47:57 select * from images
11:47:57 select count(v.id) from vipmsg as v left join users as u on v.user_id=u.id where v.can_see=1 order by v.id desc
11:47:57 select v.id,u.nick_name,v.user_id,v.user_msg,v.recove,v.add_time from vipmsg as v left join users as u on v.user_id=u.id where v.can_see=1 order by v.id desc limit 0,10
11:48:03 use a0122145834;
11:48:03 set names utf8;
11:48:03 select * from configs
11:48:03 select * from users where id=16
11:48:03 select count(id) from users where spreader_id='16'
11:48:03 select * from images
11:48:03 select * from goods where need_top=1 and need_hidden=0 order by id desc limit 0,5
11:48:03 select count(id) from goods where need_top=0 and need_hidden=0 order by id desc
11:48:03 select * from goods where need_top=0 and need_hidden=0 order by id desc limit 0,10
11:48:06 use a0122145834;
11:48:06 set names utf8;
11:48:06 select * from configs
11:48:06 select * from users where id=16
11:48:06 select count(id) from users where spreader_id='16'
11:48:06 select * from images
11:48:12 use a0122145834;
11:48:12 set names utf8;
11:48:12 select * from configs
11:48:12 select * from users where id=16
11:48:12 select count(id) from users where spreader_id='16'
11:48:12 select * from images
11:48:12 select count(id) from income where user_id=16
11:48:12 select * from income where user_id=16 limit 0,10
11:48:15 use a0122145834;
11:48:15 set names utf8;
11:48:15 select * from configs
11:48:15 select * from users where id=16
11:48:15 select count(id) from users where spreader_id='16'
11:48:15 select * from images
11:49:03 use a0122145834;
11:49:03 set names utf8;
11:49:03 select * from configs
11:49:03 select * from users where id=16
11:49:03 select count(id) from users where spreader_id='16'
11:49:03 select * from images
11:49:03 select * from article_type
11:49:03 select count(id) from articles order by add_time desc
11:49:03 select * from articles order by add_time desc limit 0,10
11:49:06 use a0122145834;
11:49:06 set names utf8;
11:49:06 select * from configs
11:49:06 select * from users where id=16
11:49:06 select count(id) from users where spreader_id='16'
11:49:06 select * from images
11:49:06 select type_id from articles where id='6'
11:49:06 select * from articles where id='6'
11:49:11 use a0122145834;
11:49:11 set names utf8;
11:49:11 select * from configs
11:49:11 select * from users where id=16
11:49:11 select count(id) from users where spreader_id='16'
11:49:11 select * from images
11:49:15 use a0122145834;
11:49:15 set names utf8;
11:49:15 select * from configs
11:49:15 select * from users where id=16
11:49:15 select count(id) from users where spreader_id='16'
11:49:15 select * from images
11:49:15 select * from goods where need_top=1 and need_hidden=0 order by id desc limit 0,5
11:49:15 select count(id) from goods where need_top=0 and need_hidden=0 order by id desc
11:49:15 select * from goods where need_top=0 and need_hidden=0 order by id desc limit 0,10
11:49:21 use a0122145834;
11:49:21 set names utf8;
11:49:21 select * from configs
11:49:21 select * from users where id=16
11:49:21 select * from goods where need_hidden=0 and id=8
11:49:21 select * from orders where user_id=16 and goods_id=8 
11:49:54 use a0122145834;
11:49:54 set names utf8;
11:49:54 select * from configs
11:50:30 use a0122145834;
11:50:30 set names utf8;
11:50:30 select * from configs
11:53:03 use a0122145834;
11:53:03 set names utf8;
11:53:03 select * from configs
11:53:03 select * from users where id=16
11:53:03 select count(id) from users where spreader_id='16'
11:53:03 select * from images
11:53:03 select * from goods where need_top=1 and need_hidden=0 order by id desc limit 0,5
11:53:03 select count(id) from goods where need_top=0 and need_hidden=0 order by id desc
11:53:03 select * from goods where need_top=0 and need_hidden=0 order by id desc limit 0,10
11:55:49 use a0122145834;
11:55:49 set names utf8;
11:55:49 select * from configs
11:55:49 select * from admins where id=1
11:55:49 truncate configs
11:55:49 Insert into configs (cf_name,cf_value) values ('keywords','久恒欢迎您'),('description','qqq'),('default_template','default'),('domain','http://10nai.com'),('title','会员您好!'),('copyright','欢迎您'),('spreader_string','qqqq'),('pay_type','1'),('is_sales','1'),('pay_name','a支付宝(账号)'),('pay_key','支付宝(key)	'),('pay_id','支付宝(pid)	'),('services_qq','998877'),('services_tel','111111111111'),('spreader_cridits','10'),('spreader_rate','0.3'),('goods_view_num','10'),('page_view_num','20'),('vip_money','1000'),('vip_credits','10'),('vip_spreader','0.5'),('vip_is_open','1'),('spreader_mode','1'),('spreader_add','11'),('vip_msg','7d12d38cb34b51d560e3a9b31a680b07cba4ddc3444b1e41'),('email_code','7d12d38cb34b51d560e3a9b31a680b07cba4ddc3444b1e41'),('services_qq_array','Array')
11:55:52 use a0122145834;
11:55:52 set names utf8;
11:55:52 select * from configs
11:55:52 select * from admins where id=1
11:56:00 use a0122145834;
11:56:00 set names utf8;
11:56:00 select * from configs
11:56:00 select * from admins where id=1
11:56:00 use a0122145834;
11:56:00 set names utf8;
11:56:00 select * from configs
11:56:00 select * from admins where id=1
11:56:00 select count(id) from users
11:56:00 select * from users limit 0,20
11:56:08 use a0122145834;
11:56:08 set names utf8;
11:56:08 select * from configs
11:56:08 select * from admins where id=1
11:56:08 select * from users where id=16
11:56:11 use a0122145834;
11:56:11 set names utf8;
11:56:11 select * from configs
11:56:11 select * from admins where id=1
11:56:11 select count(id) from users
11:56:11 select * from users limit 0,20
11:56:22 use a0122145834;
11:56:22 set names utf8;
11:56:22 select * from configs
11:56:22 select * from admins where id=1
11:56:22 Delete from users where id in (16)
11:56:48 use a0122145834;
11:56:48 set names utf8;
11:56:48 select * from configs
11:57:08 use a0122145834;
11:57:08 set names utf8;
11:57:08 select * from configs
11:57:14 use a0122145834;
11:57:14 set names utf8;
11:57:14 select * from configs
11:57:14 use a0122145834;
11:57:14 set names utf8;
11:57:14 select * from configs
11:57:16 use a0122145834;
11:57:16 set names utf8;
11:57:16 select * from configs
11:57:39 use a0122145834;
11:57:39 set names utf8;
11:57:39 select * from configs
11:57:39 select count(id) from users where register_ip='122.88.65.254' or last_ip='122.88.65.254' and add_time>1387857459
11:57:39 select * from users where user_name='745729535'
11:57:39 insert into users (user_name,nick_name,user_word,email,spreader_id,add_time,register_ip) values ('745729535','求昵称','e10adc3949ba59abbe56e057f20f883e','745729535@qq.com',15,'1390449459','122.88.65.254') ;
11:57:40 use a0122145834;
11:57:40 set names utf8;
11:57:40 select * from configs
11:57:40 select * from users where id=17
11:57:40 select count(id) from users where spreader_id='17'
11:57:40 select * from images
11:57:53 use a0122145834;
11:57:53 set names utf8;
11:57:53 select * from configs
11:57:53 select * from users where id=17
11:57:54 use a0122145834;
11:57:54 set names utf8;
11:57:54 select * from configs
11:57:54 select * from users where id=17
11:57:54 select count(id) from users where spreader_id='17'
11:57:54 select * from images
11:57:54 select * from goods where need_top=1 and need_hidden=0 order by id desc limit 0,5
11:57:54 select count(id) from goods where need_top=0 and need_hidden=0 order by id desc
11:57:54 select * from goods where need_top=0 and need_hidden=0 order by id desc limit 0,10
11:58:05 use a0122145834;
11:58:05 set names utf8;
11:58:05 select * from configs
11:58:05 select * from users where id=17
11:58:05 select count(id) from users where spreader_id='17'
11:58:05 select * from images
11:58:05 select * from goods where need_top=1 and need_hidden=0 order by id desc limit 0,5
11:58:05 select count(id) from goods where need_top=0 and need_hidden=0 order by id desc
11:58:05 select * from goods where need_top=0 and need_hidden=0 order by id desc limit 0,10
11:58:09 use a0122145834;
11:58:09 set names utf8;
11:58:09 select * from configs
11:58:09 select * from users where id=17
11:58:09 select count(id) from users where spreader_id='17'
11:58:09 select * from images
11:58:09 select * from goods where need_top=1 and need_hidden=0 order by id desc limit 0,5
11:58:09 select count(id) from goods where need_top=0 and need_hidden=0 order by id desc
11:58:09 select * from goods where need_top=0 and need_hidden=0 order by id desc limit 0,10
11:58:49 use a0122145834;
11:58:49 set names utf8;
11:58:49 select * from configs
11:58:49 select * from admins where id=1
11:58:49 select count(id) from users
11:58:49 select * from users limit 0,20
12:00:54 use a0122145834;
12:00:54 set names utf8;
12:00:54 select * from configs
12:00:54 use a0122145834;
12:00:54 set names utf8;
12:00:54 select * from configs
12:00:58 use a0122145834;
12:00:58 set names utf8;
12:00:58 select * from configs
12:10:01 use a0122145834;
12:10:01 set names utf8;
12:10:01 select * from configs
12:10:01 select * from admins where id=1
12:10:01 use a0122145834;
12:10:01 set names utf8;
12:10:01 select * from configs
12:10:01 select * from admins where id=1
12:10:01 select count(id) from users
12:10:01 select * from users limit 0,20
12:10:08 use a0122145834;
12:10:08 set names utf8;
12:10:08 select * from configs
12:10:08 select * from admins where id=1
12:10:08 select * from users where id=17
12:10:14 use a0122145834;
12:10:14 set names utf8;
12:10:14 select * from configs
12:10:14 select * from admins where id=1
12:10:14 update users set user_name='745729535',nick_name='求昵称',credits='111111',money='0',pay_email='',pay_name='',address='',vip_level='0' where id=17 
12:10:15 use a0122145834;
12:10:15 set names utf8;
12:10:15 select * from configs
12:10:15 select * from admins where id=1
12:10:15 select * from users where id=17
12:10:18 use a0122145834;
12:10:18 set names utf8;
12:10:18 select * from configs
12:10:18 select * from users where id=16
12:10:18 select count(id) from users where spreader_id=''
12:10:18 select * from images
12:10:18 select * from goods where need_top=1 and need_hidden=0 order by id desc limit 0,5
12:10:18 select count(id) from goods where need_top=0 and need_hidden=0 order by id desc
12:10:18 select * from goods where need_top=0 and need_hidden=0 order by id desc limit 0,10
12:10:23 use a0122145834;
12:10:23 set names utf8;
12:10:23 select * from configs
12:10:23 select * from users where id=16
12:10:23 select count(id) from users where spreader_id=''
12:10:23 select * from images
12:10:23 select * from goods where need_top=1 and need_hidden=0 order by id desc limit 0,5
12:10:23 select count(id) from goods where need_top=0 and need_hidden=0 order by id desc
12:10:23 select * from goods where need_top=0 and need_hidden=0 order by id desc limit 0,10
12:10:28 use a0122145834;
12:10:28 set names utf8;
12:10:28 select * from configs
12:10:28 select * from users where id=17
12:10:28 select count(id) from users where spreader_id='17'
12:10:28 select * from images
12:10:28 select * from goods where need_top=1 and need_hidden=0 order by id desc limit 0,5
12:10:28 select count(id) from goods where need_top=0 and need_hidden=0 order by id desc
12:10:28 select * from goods where need_top=0 and need_hidden=0 order by id desc limit 0,10
12:10:37 use a0122145834;
12:10:37 set names utf8;
12:10:37 select * from configs
12:10:37 select * from users where id=16
12:10:37 select count(id) from users where spreader_id=''
12:10:37 select * from images
12:10:38 select * from goods where need_top=1 and need_hidden=0 order by id desc limit 0,5
12:10:38 select count(id) from goods where need_top=0 and need_hidden=0 order by id desc
12:10:38 select * from goods where need_top=0 and need_hidden=0 order by id desc limit 0,10
12:10:50 use a0122145834;
12:10:50 set names utf8;
12:10:50 select * from configs
12:10:50 select * from users where id=16
12:10:50 select count(id) from users where spreader_id=''
12:10:50 select * from images
12:10:50 select count(v.id) from vipmsg as v left join users as u on v.user_id=u.id where v.can_see=1 order by v.id desc
12:10:50 select v.id,u.nick_name,v.user_id,v.user_msg,v.recove,v.add_time from vipmsg as v left join users as u on v.user_id=u.id where v.can_see=1 order by v.id desc limit 0,10
12:10:54 use a0122145834;
12:10:54 set names utf8;
12:10:54 select * from configs
12:10:54 select * from users where id=17
12:10:54 select count(id) from users where spreader_id='17'
12:10:54 select * from images
12:10:54 select * from goods where need_top=1 and need_hidden=0 order by id desc limit 0,5
12:10:54 select count(id) from goods where need_top=0 and need_hidden=0 order by id desc
12:10:54 select * from goods where need_top=0 and need_hidden=0 order by id desc limit 0,10
12:10:59 use a0122145834;
12:10:59 set names utf8;
12:10:59 select * from configs
12:10:59 select * from users where id=17
12:11:01 use a0122145834;
12:11:01 set names utf8;
12:11:01 select * from configs
12:11:01 select * from users where id=17
12:11:01 select count(id) from users where spreader_id='17'
12:11:01 select * from images
12:11:01 select * from goods where need_top=1 and need_hidden=0 order by id desc limit 0,5
12:11:01 select count(id) from goods where need_top=0 and need_hidden=0 order by id desc
12:11:01 select * from goods where need_top=0 and need_hidden=0 order by id desc limit 0,10
12:11:03 use a0122145834;
12:11:03 set names utf8;
12:11:03 select * from configs
12:11:03 select * from users where id=17
12:11:04 use a0122145834;
12:11:04 set names utf8;
12:11:04 select * from configs
12:11:04 select * from users where id=17
12:11:04 select count(id) from users where spreader_id='17'
12:11:04 select * from images
12:11:04 select * from goods where need_top=1 and need_hidden=0 order by id desc limit 0,5
12:11:04 select count(id) from goods where need_top=0 and need_hidden=0 order by id desc
12:11:04 select * from goods where need_top=0 and need_hidden=0 order by id desc limit 0,10
12:11:05 use a0122145834;
12:11:05 set names utf8;
12:11:05 select * from configs
12:11:05 select * from users where id=17
12:11:07 use a0122145834;
12:11:07 set names utf8;
12:11:07 select * from configs
12:11:07 select * from users where id=17
12:11:07 select count(id) from users where spreader_id='17'
12:11:07 select * from images
12:11:07 select * from goods where need_top=1 and need_hidden=0 order by id desc limit 0,5
12:11:07 select count(id) from goods where need_top=0 and need_hidden=0 order by id desc
12:11:07 select * from goods where need_top=0 and need_hidden=0 order by id desc limit 0,10
12:11:08 use a0122145834;
12:11:08 set names utf8;
12:11:08 select * from configs
12:11:08 select * from users where id=17
12:11:08 select count(id) from users where spreader_id='17'
12:11:08 select * from images
12:11:09 use a0122145834;
12:11:09 set names utf8;
12:11:09 select * from configs
12:11:09 select * from users where id=17
12:11:09 select count(id) from users where spreader_id='17'
12:11:09 select * from images
12:11:12 use a0122145834;
12:11:12 set names utf8;
12:11:12 select * from configs
12:11:12 select * from users where id=17
12:11:12 select count(id) from users where spreader_id='17'
12:11:12 select * from images
12:11:14 use a0122145834;
12:11:14 set names utf8;
12:11:14 select * from configs
12:11:14 select * from users where id=17
12:11:14 select count(id) from users where spreader_id='17'
12:11:14 select * from images
12:11:14 select * from goods where need_top=1 and need_hidden=0 order by id desc limit 0,5
12:11:14 select count(id) from goods where need_top=0 and need_hidden=0 order by id desc
12:11:14 select * from goods where need_top=0 and need_hidden=0 order by id desc limit 0,10
12:11:16 use a0122145834;
12:11:16 set names utf8;
12:11:16 select * from configs
12:11:16 select * from users where id=17
12:11:16 select * from goods where need_hidden=0 and id=8
12:11:16 select * from orders where user_id=17 and goods_id=8 
12:11:19 use a0122145834;
12:11:19 set names utf8;
12:11:19 select * from configs
12:11:19 select * from users where id=17
12:11:19 select * from goods where id=8
12:11:22 use a0122145834;
12:11:22 set names utf8;
12:11:22 select * from configs
12:11:22 select * from users where id=17
12:11:22 select * from goods where need_hidden=0 and id=8
12:11:22 select * from orders where user_id=17 and goods_id=8 
12:11:25 use a0122145834;
12:11:25 set names utf8;
12:11:25 select * from configs
12:11:25 select * from users where id=17
12:11:25 select * from goods where id=8
12:11:25 update users set credits=credits-15 where id=17
12:11:25 insert into orders (goods_id,user_id,pay_type,order_sn,order_type,add_time) values ('8','17','1','139045028587722','0','1390450285') ;
12:11:25 select * from users where id=15
12:11:25 update users set money=money+6 where id=15
12:11:26 use a0122145834;
12:11:26 set names utf8;
12:11:26 select * from configs
12:11:26 select * from users where id=17
12:11:26 select * from goods where need_hidden=0 and id=8
12:11:26 select * from orders where user_id=17 and goods_id=8 
12:11:29 use a0122145834;
12:11:29 set names utf8;
12:11:29 select * from configs
12:11:29 select * from admins where id=1
12:11:30 use a0122145834;
12:11:30 set names utf8;
12:11:30 select * from configs
12:11:30 select * from admins where id=1
12:11:30 select count(id) from users
12:11:30 select * from users limit 0,20
12:17:38 use a0122145834;
12:17:38 set names utf8;
12:17:38 select * from configs
12:17:38 select * from users where id=17
12:17:38 select count(id) from users where spreader_id='17'
12:17:38 select * from images
12:17:40 use a0122145834;
12:17:40 set names utf8;
12:17:40 select * from configs
12:17:40 select * from users where id=17
12:17:40 select count(id) from users where spreader_id='17'
12:17:40 select * from images
12:18:35 use a0122145834;
12:18:35 set names utf8;
12:18:35 select * from configs
12:18:57 use a0122145834;
12:18:57 set names utf8;
12:18:57 select * from configs
12:19:40 use a0122145834;
12:19:40 set names utf8;
12:19:40 select * from configs
12:20:01 use a0122145834;
12:20:01 set names utf8;
12:20:01 select * from configs
12:20:22 use a0122145834;
12:20:22 set names utf8;
12:20:22 select * from configs
12:20:45 use a0122145834;
12:20:45 set names utf8;
12:20:45 select * from configs
12:21:06 use a0122145834;
12:21:06 set names utf8;
12:21:06 select * from configs
12:21:27 use a0122145834;
12:21:27 set names utf8;
12:21:27 select * from configs
12:21:47 use a0122145834;
12:21:47 set names utf8;
12:21:47 select * from configs
12:25:46 use a0122145834;
12:25:46 set names utf8;
12:25:46 select * from configs
12:25:46 select * from users where id=17
12:25:46 select count(id) from users where spreader_id='17'
12:25:46 select * from images
12:25:48 use a0122145834;
12:25:48 set names utf8;
12:25:48 select * from configs
12:25:48 select * from users where id=17
12:25:48 select count(id) from users where spreader_id='17'
12:25:48 select * from images
12:27:24 use a0122145834;
12:27:24 set names utf8;
12:27:24 select * from configs
12:27:24 select * from users where id=17
12:27:26 use a0122145834;
12:27:26 set names utf8;
12:27:26 select * from configs
12:27:26 select * from users where id=17
12:27:26 select count(id) from users where spreader_id='17'
12:27:26 select * from images
12:27:26 select * from goods where need_top=1 and need_hidden=0 order by id desc limit 0,5
12:27:26 select count(id) from goods where need_top=0 and need_hidden=0 order by id desc
12:27:26 select * from goods where need_top=0 and need_hidden=0 order by id desc limit 0,10
12:27:28 use a0122145834;
12:27:28 set names utf8;
12:27:28 select * from configs
12:27:28 select * from users where id=17
12:27:28 select count(id) from users where spreader_id='17'
12:27:28 select * from images
12:27:28 select count(v.id) from vipmsg as v left join users as u on v.user_id=u.id where v.can_see=1 order by v.id desc
12:27:28 select v.id,u.nick_name,v.user_id,v.user_msg,v.recove,v.add_time from vipmsg as v left join users as u on v.user_id=u.id where v.can_see=1 order by v.id desc limit 0,10
12:27:36 use a0122145834;
12:27:36 set names utf8;
12:27:36 select * from configs
12:27:36 select * from users where id=17
12:27:36 select count(id) from users where spreader_id='17'
12:27:36 select * from images
12:29:19 use a0122145834;
12:29:19 set names utf8;
12:29:19 select * from configs
12:29:19 select * from users where id=17
12:29:19 select count(id) from users where spreader_id='17'
12:29:19 select * from images
12:29:19 use a0122145834;
12:29:19 set names utf8;
12:29:19 select * from configs
12:29:19 select * from users where id=16
12:29:19 use a0122145834;
12:29:19 set names utf8;
12:29:19 select * from configs
12:29:19 select * from users where id=16
12:29:19 select count(id) from users where spreader_id=''
12:29:19 select * from images
12:29:19 select * from goods where need_top=1 and need_hidden=0 order by id desc limit 0,5
12:29:19 select count(id) from goods where need_top=0 and need_hidden=0 order by id desc
12:29:19 select * from goods where need_top=0 and need_hidden=0 order by id desc limit 0,10
12:29:26 use a0122145834;
12:29:26 set names utf8;
12:29:26 select * from configs
12:29:26 select * from users where id=16
12:29:26 select count(id) from users where spreader_id=''
12:29:26 select * from images
12:29:26 use a0122145834;
12:29:26 set names utf8;
12:29:26 select * from configs
12:29:35 use a0122145834;
12:29:35 set names utf8;
12:29:35 select * from configs
12:29:36 use a0122145834;
12:29:36 set names utf8;
12:29:36 select * from configs
12:29:49 use a0122145834;
12:29:49 set names utf8;
12:29:49 select * from configs
12:29:49 select * from users where user_name='77812886' and user_word='e10adc3949ba59abbe56e057f20f883e'
12:29:49 use a0122145834;
12:29:49 set names utf8;
12:29:49 select * from configs
12:29:49 select * from users where id=15
12:29:49 select count(id) from users where spreader_id='15'
12:29:49 select * from images
12:29:49 select * from goods where need_top=1 and need_hidden=0 order by id desc limit 0,5
12:29:49 select count(id) from goods where need_top=0 and need_hidden=0 order by id desc
12:29:49 select * from goods where need_top=0 and need_hidden=0 order by id desc limit 0,10
12:30:01 use a0122145834;
12:30:01 set names utf8;
12:30:01 select * from configs
12:30:01 select * from users where id=15
12:30:01 select count(id) from users where spreader_id='15'
12:30:01 select * from images
12:30:01 select * from goods where need_top=1 and need_hidden=0 order by id desc limit 0,5
12:30:01 select count(id) from goods where need_top=0 and need_hidden=0 order by id desc
12:30:01 select * from goods where need_top=0 and need_hidden=0 order by id desc limit 0,10
12:30:04 use a0122145834;
12:30:04 set names utf8;
12:30:04 select * from configs
12:30:04 select * from users where id=15
12:30:04 select count(id) from users where spreader_id='15'
12:30:04 select * from images
12:30:10 use a0122145834;
12:30:10 set names utf8;
12:30:10 select * from configs
12:30:10 select * from users where id=15
12:30:10 select count(id) from users where spreader_id='15'
12:30:10 select * from images
12:30:10 use a0122145834;
12:30:10 set names utf8;
12:30:10 select * from configs
12:30:39 use a0122145834;
12:30:39 set names utf8;
12:30:39 select * from configs
12:30:42 use a0122145834;
12:30:42 set names utf8;
12:30:42 select * from configs
12:30:42 use a0122145834;
12:30:42 set names utf8;
12:30:42 select * from configs
12:30:43 use a0122145834;
12:30:43 set names utf8;
12:30:43 select * from configs
12:30:59 use a0122145834;
12:30:59 set names utf8;
12:30:59 select * from configs
12:31:15 use a0122145834;
12:31:15 set names utf8;
12:31:15 select * from configs
12:31:15 select * from users where user_name='745729535' and user_word='e10adc3949ba59abbe56e057f20f883e'
12:31:16 use a0122145834;
12:31:16 set names utf8;
12:31:16 select * from configs
12:31:16 select * from users where id=17
12:31:16 select count(id) from users where spreader_id='17'
12:31:16 select * from images
12:31:16 select * from goods where need_top=1 and need_hidden=0 order by id desc limit 0,5
12:31:16 select count(id) from goods where need_top=0 and need_hidden=0 order by id desc
12:31:16 select * from goods where need_top=0 and need_hidden=0 order by id desc limit 0,10
12:31:23 use a0122145834;
12:31:23 set names utf8;
12:31:23 select * from configs
12:31:23 select * from users where id=17
12:31:23 select count(id) from users where spreader_id='17'
12:31:23 select * from images
12:31:23 use a0122145834;
12:31:23 set names utf8;
12:31:23 select * from configs
12:31:29 use a0122145834;
12:31:29 set names utf8;
12:31:29 select * from configs
12:31:29 select * from admins where id=1
12:31:29 select * from users where id=17
12:31:32 use a0122145834;
12:31:32 set names utf8;
12:31:32 select * from configs
12:31:32 select * from admins where id=1
12:31:32 select count(id) from users
12:31:32 select * from users limit 0,20
12:32:07 use a0122145834;
12:32:07 set names utf8;
12:32:07 select * from configs
12:32:07 select * from admins where id=1
12:32:07 select * from users where id=17
12:32:12 use a0122145834;
12:32:12 set names utf8;
12:32:12 select * from configs
12:32:13 use a0122145834;
12:32:13 set names utf8;
12:32:13 select * from configs
12:32:30 use a0122145834;
12:32:30 set names utf8;
12:32:30 select * from configs
12:32:34 use a0122145834;
12:32:34 set names utf8;
12:32:34 select * from configs
12:32:35 use a0122145834;
12:32:35 set names utf8;
12:32:35 select * from configs
12:32:38 use a0122145834;
12:32:38 set names utf8;
12:32:38 select * from configs
12:32:39 use a0122145834;
12:32:39 set names utf8;
12:32:39 select * from configs
12:32:39 use a0122145834;
12:32:39 set names utf8;
12:32:39 select * from configs
12:32:39 select count(id) from users where register_ip='122.88.65.254' or last_ip='122.88.65.254' and add_time>1387859559
12:32:39 select * from users where user_name='745729535'
12:32:43 use a0122145834;
12:32:43 set names utf8;
12:32:43 select * from configs
12:32:59 use a0122145834;
12:32:59 set names utf8;
12:32:59 select * from configs
12:32:59 select * from admins where id=1
12:32:59 use a0122145834;
12:32:59 set names utf8;
12:32:59 select * from configs
12:32:59 select * from admins where id=1
12:32:59 select count(id) from users
12:32:59 select * from users limit 0,20
12:33:12 use a0122145834;
12:33:12 set names utf8;
12:33:12 select * from configs
12:33:12 select * from admins where id=1
12:33:12 Delete from users where id in (17)
12:33:15 use a0122145834;
12:33:15 set names utf8;
12:33:15 select * from configs
12:33:15 select * from admins where id=1
12:33:15 select count(id) from users
12:33:15 select * from users limit 0,20
12:33:18 use a0122145834;
12:33:18 set names utf8;
12:33:18 select * from configs
12:33:24 use a0122145834;
12:33:24 set names utf8;
12:33:24 select * from configs
12:33:24 select count(id) from users where register_ip='122.88.65.254' or last_ip='122.88.65.254' and add_time>1387859604
12:33:24 select * from users where user_name='745729535'
12:33:24 insert into users (user_name,nick_name,user_word,email,spreader_id,add_time,register_ip) values ('745729535','求昵称','e10adc3949ba59abbe56e057f20f883e','745729535@qq.com',0,'1390451604','122.88.65.254') ;
12:33:24 use a0122145834;
12:33:24 set names utf8;
12:33:24 select * from configs
12:33:24 select * from users where id=18
12:33:24 select count(id) from users where spreader_id='18'
12:33:24 select * from images
12:33:34 use a0122145834;
12:33:34 set names utf8;
12:33:34 select * from configs
12:33:34 select * from users where id=18
12:33:34 use a0122145834;
12:33:34 set names utf8;
12:33:34 select * from configs
12:33:34 select * from users where id=18
12:33:34 select count(id) from users where spreader_id='18'
12:33:34 select * from images
12:33:34 select * from goods where need_top=1 and need_hidden=0 order by id desc limit 0,5
12:33:34 select count(id) from goods where need_top=0 and need_hidden=0 order by id desc
12:33:34 select * from goods where need_top=0 and need_hidden=0 order by id desc limit 0,10
12:33:50 use a0122145834;
12:33:50 set names utf8;
12:33:50 select * from configs
12:33:50 select * from users where id=18
12:33:50 select count(id) from users where spreader_id='18'
12:33:50 select * from images
12:33:52 use a0122145834;
12:33:52 set names utf8;
12:33:52 select * from configs
12:33:52 select * from users where id=18
12:33:52 select count(id) from users where spreader_id='18'
12:33:52 select * from images
12:33:54 use a0122145834;
12:33:54 set names utf8;
12:33:54 select * from configs
12:33:54 select * from users where id=18
12:33:56 use a0122145834;
12:33:56 set names utf8;
12:33:56 select * from configs
12:33:56 select * from users where id=18
12:33:56 select count(id) from users where spreader_id='18'
12:33:56 select * from images
12:33:56 select * from goods where need_top=1 and need_hidden=0 order by id desc limit 0,5
12:33:56 select count(id) from goods where need_top=0 and need_hidden=0 order by id desc
12:33:56 select * from goods where need_top=0 and need_hidden=0 order by id desc limit 0,10
12:34:00 use a0122145834;
12:34:00 set names utf8;
12:34:00 select * from configs
12:34:00 select * from users where id=18
12:34:00 select count(id) from users where spreader_id='18'
12:34:00 select * from images
12:34:01 use a0122145834;
12:34:01 set names utf8;
12:34:01 select * from configs
12:34:21 use a0122145834;
12:34:21 set names utf8;
12:34:21 select * from configs
12:34:27 use a0122145834;
12:34:27 set names utf8;
12:34:27 select * from configs
12:34:35 use a0122145834;
12:34:35 set names utf8;
12:34:35 select * from configs
12:34:35 select count(id) from users where register_ip='122.88.65.254' or last_ip='122.88.65.254' and add_time>1387859675
12:34:35 select * from users where user_name='77812886'
12:34:37 use a0122145834;
12:34:37 set names utf8;
12:34:37 select * from configs
12:34:39 use a0122145834;
12:34:39 set names utf8;
12:34:39 select * from configs
12:34:59 use a0122145834;
12:34:59 set names utf8;
12:34:59 select * from configs
12:35:01 use a0122145834;
12:35:01 set names utf8;
12:35:01 select * from configs
12:35:24 use a0122145834;
12:35:24 set names utf8;
12:35:24 select * from configs
12:35:24 select * from users where user_name='77812886' and user_word='e10adc3949ba59abbe56e057f20f883e'
12:35:24 use a0122145834;
12:35:24 set names utf8;
12:35:24 select * from configs
12:35:25 select * from users where id=15
12:35:25 select count(id) from users where spreader_id='15'
12:35:25 select * from images
12:35:25 select * from goods where need_top=1 and need_hidden=0 order by id desc limit 0,5
12:35:25 select count(id) from goods where need_top=0 and need_hidden=0 order by id desc
12:35:25 select * from goods where need_top=0 and need_hidden=0 order by id desc limit 0,10
12:35:28 use a0122145834;
12:35:28 set names utf8;
12:35:28 select * from configs
12:35:28 select * from users where id=15
12:35:28 select count(id) from users where spreader_id='15'
12:35:28 select * from images
12:35:28 select * from goods where need_top=1 and need_hidden=0 order by id desc limit 0,5
12:35:28 select count(id) from goods where need_top=0 and need_hidden=0 order by id desc
12:35:28 select * from goods where need_top=0 and need_hidden=0 order by id desc limit 0,10
12:35:56 use a0122145834;
12:35:56 set names utf8;
12:35:56 select * from configs
12:35:56 select * from users where id=15
12:35:56 select * from goods where need_hidden=0 and id=8
12:35:56 select * from orders where user_id=15 and goods_id=8 
12:36:02 use a0122145834;
12:36:02 set names utf8;
12:36:02 select * from configs
12:36:02 select * from users where id=15
12:36:02 select count(id) from users where spreader_id='15'
12:36:02 select * from images
12:36:04 use a0122145834;
12:36:04 set names utf8;
12:36:04 select * from configs
12:36:04 select * from users where id=15
12:36:04 select count(id) from users where spreader_id='15'
12:36:04 select * from images
12:36:08 use a0122145834;
12:36:08 set names utf8;
12:36:08 select * from configs
12:36:08 select * from users where id=15
12:36:10 use a0122145834;
12:36:10 set names utf8;
12:36:10 select * from configs
12:36:10 select * from users where id=15
12:36:10 select count(id) from users where spreader_id='15'
12:36:10 select * from images
12:36:10 select * from goods where need_top=1 and need_hidden=0 order by id desc limit 0,5
12:36:10 select count(id) from goods where need_top=0 and need_hidden=0 order by id desc
12:36:10 select * from goods where need_top=0 and need_hidden=0 order by id desc limit 0,10
12:36:12 use a0122145834;
12:36:12 set names utf8;
12:36:12 select * from configs
12:36:12 select * from users where id=15
12:36:12 select count(id) from users where spreader_id='15'
12:36:12 select * from images
12:36:15 use a0122145834;
12:36:15 set names utf8;
12:36:15 select * from configs
12:36:15 select * from users where id=15
12:36:15 select count(id) from users where spreader_id='15'
12:36:15 select * from images
12:36:15 select * from goods where need_top=1 and need_hidden=0 order by id desc limit 0,5
12:36:15 select count(id) from goods where need_top=0 and need_hidden=0 order by id desc
12:36:15 select * from goods where need_top=0 and need_hidden=0 order by id desc limit 0,10
12:36:17 use a0122145834;
12:36:17 set names utf8;
12:36:17 select * from configs
12:36:17 select * from users where id=15
12:36:17 select count(id) from users where spreader_id='15'
12:36:17 select * from images
12:36:17 select * from article_type
12:36:17 select * from article_type where id='0'
12:36:17 select count(id) from articles where type_id='0' order by add_time desc
12:36:17 select * from articles where type_id='0' order by add_time desc limit 0,10
12:36:20 use a0122145834;
12:36:20 set names utf8;
12:36:20 select * from configs
12:36:20 select * from users where id=15
12:36:20 select count(id) from users where spreader_id='15'
12:36:20 select * from images
12:36:20 select * from article_type
12:36:20 select * from article_type where id='0'
12:36:20 select count(id) from articles where type_id='0' order by add_time desc
12:36:20 select * from articles where type_id='0' order by add_time desc limit 0,10
12:36:22 use a0122145834;
12:36:22 set names utf8;
12:36:22 select * from configs
12:36:22 select * from users where id=15
12:36:22 select count(id) from users where spreader_id='15'
12:36:22 select * from images
12:36:24 use a0122145834;
12:36:24 set names utf8;
12:36:24 select * from configs
12:36:24 select * from users where id=15
12:36:24 select count(id) from users where spreader_id='15'
12:36:24 select * from images
12:36:24 select * from goods where need_top=1 and need_hidden=0 order by id desc limit 0,5
12:36:24 select count(id) from goods where need_top=0 and need_hidden=0 order by id desc
12:36:24 select * from goods where need_top=0 and need_hidden=0 order by id desc limit 0,10
12:36:26 use a0122145834;
12:36:26 set names utf8;
12:36:26 select * from configs
12:36:26 select * from users where id=15
12:36:26 select count(id) from users where spreader_id='15'
12:36:26 select * from images
12:36:26 select * from article_type
12:36:26 select * from article_type where id='0'
12:36:26 select count(id) from articles where type_id='0' order by add_time desc
12:36:26 select * from articles where type_id='0' order by add_time desc limit 0,10
12:36:28 use a0122145834;
12:36:28 set names utf8;
12:36:28 select * from configs
12:36:28 select * from users where id=15
12:36:28 select count(id) from users where spreader_id='15'
12:36:28 select * from images
12:36:29 use a0122145834;
12:36:29 set names utf8;
12:36:29 select * from configs
12:36:29 select * from users where id=15
12:36:29 select count(id) from users where spreader_id='15'
12:36:29 select * from images
12:36:29 select * from goods where need_top=1 and need_hidden=0 order by id desc limit 0,5
12:36:29 select count(id) from goods where need_top=0 and need_hidden=0 order by id desc
12:36:29 select * from goods where need_top=0 and need_hidden=0 order by id desc limit 0,10
12:36:32 use a0122145834;
12:36:32 set names utf8;
12:36:32 select * from configs
12:36:32 select * from users where id=15
12:36:32 select count(id) from users where spreader_id='15'
12:36:32 select * from images
12:36:32 select * from article_type
12:36:32 select * from article_type where id='0'
12:36:32 select count(id) from articles where type_id='0' order by add_time desc
12:36:32 select * from articles where type_id='0' order by add_time desc limit 0,10
12:36:34 use a0122145834;
12:36:34 set names utf8;
12:36:34 select * from configs
12:36:34 select * from users where id=15
12:36:34 select count(id) from users where spreader_id='15'
12:36:34 select * from images
12:36:34 select * from article_type
12:36:34 select * from article_type where id='0'
12:36:34 select count(id) from articles where type_id='0' order by add_time desc
12:36:34 select * from articles where type_id='0' order by add_time desc limit 0,10
12:36:36 use a0122145834;
12:36:36 set names utf8;
12:36:36 select * from configs
12:36:36 select * from users where id=15
12:36:36 select count(id) from users where spreader_id='15'
12:36:36 select * from images
12:36:36 select * from goods where need_top=1 and need_hidden=0 order by id desc limit 0,5
12:36:36 select count(id) from goods where need_top=0 and need_hidden=0 order by id desc
12:36:36 select * from goods where need_top=0 and need_hidden=0 order by id desc limit 0,10
12:36:38 use a0122145834;
12:36:38 set names utf8;
12:36:38 select * from configs
12:36:38 select * from users where id=15
12:36:38 select count(id) from users where spreader_id='15'
12:36:38 select * from images
12:36:38 select * from article_type
12:36:38 select * from article_type where id='0'
12:36:38 select count(id) from articles where type_id='0' order by add_time desc
12:36:38 select * from articles where type_id='0' order by add_time desc limit 0,10
12:36:41 use a0122145834;
12:36:41 set names utf8;
12:36:41 select * from configs
12:36:41 select * from users where id=15
12:36:41 select count(id) from users where spreader_id='15'
12:36:41 select * from images
12:36:41 select type_id from articles where id='8'
12:36:41 select * from articles where id='8'
12:36:44 use a0122145834;
12:36:44 set names utf8;
12:36:44 select * from configs
12:36:44 select * from users where id=15
12:36:44 select count(id) from users where spreader_id='15'
12:36:44 select * from images
12:36:44 select * from article_type
12:36:44 select count(id) from articles order by add_time desc
12:36:44 select * from articles order by add_time desc limit 0,10
12:36:51 use a0122145834;
12:36:51 set names utf8;
12:36:51 select * from configs
12:36:51 select * from users where id=15
12:36:51 select count(id) from users where spreader_id='15'
12:36:51 select * from images
12:36:51 select * from article_type
12:36:51 select * from article_type where id='0'
12:36:51 select count(id) from articles where type_id='0' order by add_time desc
12:36:51 select * from articles where type_id='0' order by add_time desc limit 0,10
12:37:04 use a0122145834;
12:37:04 set names utf8;
12:37:04 select * from configs
12:37:04 select * from users where id=15
12:37:04 use a0122145834;
12:37:04 set names utf8;
12:37:04 select * from configs
12:37:04 select * from users where id=15
12:37:04 select count(id) from users where spreader_id='15'
12:37:04 select * from images
12:37:04 select * from goods where need_top=1 and need_hidden=0 order by id desc limit 0,5
12:37:04 select count(id) from goods where need_top=0 and need_hidden=0 order by id desc
12:37:04 select * from goods where need_top=0 and need_hidden=0 order by id desc limit 0,10
12:37:08 use a0122145834;
12:37:08 set names utf8;
12:37:08 select * from configs
12:37:08 select * from users where id=15
12:37:08 select count(id) from users where spreader_id='15'
12:37:08 select * from images
12:37:09 use a0122145834;
12:37:09 set names utf8;
12:37:09 select * from configs
12:37:14 use a0122145834;
12:37:14 set names utf8;
12:37:14 select * from configs
12:37:14 use a0122145834;
12:37:14 set names utf8;
12:37:14 select * from configs
12:37:26 use a0122145834;
12:37:26 set names utf8;
12:37:26 select * from configs
12:37:26 select * from users where user_name='745729535' and user_word='e10adc3949ba59abbe56e057f20f883e'
12:37:26 use a0122145834;
12:37:26 set names utf8;
12:37:26 select * from configs
12:37:26 select * from users where id=18
12:37:26 select count(id) from users where spreader_id='18'
12:37:26 select * from images
12:37:26 select * from goods where need_top=1 and need_hidden=0 order by id desc limit 0,5
12:37:26 select count(id) from goods where need_top=0 and need_hidden=0 order by id desc
12:37:26 select * from goods where need_top=0 and need_hidden=0 order by id desc limit 0,10
12:37:33 use a0122145834;
12:37:33 set names utf8;
12:37:33 select * from configs
12:37:33 select * from users where id=18
12:37:35 use a0122145834;
12:37:35 set names utf8;
12:37:35 select * from configs
12:37:35 select * from users where id=18
12:37:35 select count(id) from users where spreader_id='18'
12:37:35 select * from images
12:37:35 select * from goods where need_top=1 and need_hidden=0 order by id desc limit 0,5
12:37:35 select count(id) from goods where need_top=0 and need_hidden=0 order by id desc
12:37:35 select * from goods where need_top=0 and need_hidden=0 order by id desc limit 0,10
12:37:39 use a0122145834;
12:37:39 set names utf8;
12:37:39 select * from configs
12:37:39 select * from users where id=18
12:37:39 select count(id) from users where spreader_id='18'
12:37:39 select * from images
12:37:39 select * from goods where need_top=1 and need_hidden=0 order by id desc limit 0,5
12:37:39 select count(id) from goods where need_top=0 and need_hidden=0 order by id desc
12:37:39 select * from goods where need_top=0 and need_hidden=0 order by id desc limit 0,10
12:37:43 use a0122145834;
12:37:43 set names utf8;
12:37:43 select * from configs
12:37:43 select * from users where id=18
12:37:43 select count(id) from users where spreader_id='18'
12:37:43 select * from images
12:37:43 select * from goods where need_top=1 and need_hidden=0 order by id desc limit 0,5
12:37:43 select count(id) from goods where need_top=0 and need_hidden=0 order by id desc
12:37:43 select * from goods where need_top=0 and need_hidden=0 order by id desc limit 0,10
12:37:47 use a0122145834;
12:37:47 set names utf8;
12:37:47 select * from configs
12:37:47 select * from users where id=18
12:37:47 select count(id) from users where spreader_id='18'
12:37:47 select * from images
12:37:47 select * from goods where need_top=1 and need_hidden=0 order by id desc limit 0,5
12:37:47 select count(id) from goods where need_top=0 and need_hidden=0 order by id desc
12:37:47 select * from goods where need_top=0 and need_hidden=0 order by id desc limit 0,10
12:38:13 use a0122145834;
12:38:13 set names utf8;
12:38:13 select * from configs
12:38:13 select * from users where id=18
12:38:13 select count(id) from users where spreader_id='18'
12:38:13 select * from images
12:38:14 use a0122145834;
12:38:14 set names utf8;
12:38:14 select * from configs
12:39:37 use a0122145834;
12:39:37 set names utf8;
12:39:37 select * from configs
12:39:37 use a0122145834;
12:39:37 set names utf8;
12:39:37 select * from configs
12:40:22 use a0122145834;
12:40:22 set names utf8;
12:40:22 select * from configs
12:40:36 use a0122145834;
12:40:36 set names utf8;
12:40:36 select * from configs
12:42:32 use a0122145834;
12:42:32 set names utf8;
12:42:32 select * from configs
12:43:13 use a0122145834;
12:43:13 set names utf8;
12:43:13 select * from configs
12:43:23 use a0122145834;
12:43:23 set names utf8;
12:43:23 select * from configs
12:43:24 use a0122145834;
12:43:24 set names utf8;
12:43:24 select * from configs
12:45:05 use a0122145834;
12:45:05 set names utf8;
12:45:05 select * from configs
12:46:28 use a0122145834;
12:46:28 set names utf8;
12:46:28 select * from configs
12:46:33 use a0122145834;
12:46:33 set names utf8;
12:46:33 select * from configs
12:46:33 use a0122145834;
12:46:33 set names utf8;
12:46:33 select * from configs
12:49:14 use a0122145834;
12:49:14 set names utf8;
12:49:14 select * from configs
12:50:06 use a0122145834;
12:50:06 set names utf8;
12:50:06 select * from configs
12:50:07 use a0122145834;
12:50:07 set names utf8;
12:50:07 select * from configs
12:51:30 use a0122145834;
12:51:30 set names utf8;
12:51:30 select * from configs
12:54:14 use a0122145834;
12:54:14 set names utf8;
12:54:14 select * from configs
13:00:11 use a0122145834;
13:00:11 set names utf8;
13:00:11 select * from configs
13:00:11 use a0122145834;
13:00:11 set names utf8;
13:00:11 select * from configs
13:11:47 use a0122145834;
13:11:47 set names utf8;
13:11:47 select * from configs
13:22:24 use a0122145834;
13:22:24 set names utf8;
13:22:24 select * from configs
13:22:24 select * from users where user_name='' and user_word='d41d8cd98f00b204e9800998ecf8427e'
13:22:53 use a0122145834;
13:22:53 set names utf8;
13:22:53 select * from configs
13:22:55 use a0122145834;
13:22:56 set names utf8;
13:22:56 select * from configs
13:26:06 use a0122145834;
13:26:06 set names utf8;
13:26:06 select * from configs
13:27:42 use a0122145834;
13:27:42 set names utf8;
13:27:42 select * from configs
13:28:13 use a0122145834;
13:28:13 set names utf8;
13:28:13 select * from configs
13:28:13 select * from admins where id=1
13:28:13 select count(id) from users
13:28:13 select * from users limit 0,20
13:28:25 use a0122145834;
13:28:25 set names utf8;
13:28:25 select * from configs
13:29:04 use a0122145834;
13:29:04 set names utf8;
13:29:04 select * from configs
13:29:07 use a0122145834;
13:29:07 set names utf8;
13:29:07 select * from configs
13:41:10 use a0122145834;
13:41:10 set names utf8;
13:41:10 select * from configs
13:52:01 use a0122145834;
13:52:01 set names utf8;
13:52:01 select * from configs
13:56:30 use a0122145834;
13:56:30 set names utf8;
13:56:30 select * from configs
13:56:32 use a0122145834;
13:56:32 set names utf8;
13:56:32 select * from configs
14:17:31 use a0122145834;
14:17:31 set names utf8;
14:17:32 select * from configs
14:18:39 use a0122145834;
14:18:39 set names utf8;
14:18:39 select * from configs
14:20:25 use a0122145834;
14:20:25 set names utf8;
14:20:25 select * from configs
14:20:25 select * from users where user_name='77812886' and user_word='e10adc3949ba59abbe56e057f20f883e'
14:20:26 use a0122145834;
14:20:26 set names utf8;
14:20:26 select * from configs
14:20:26 select * from users where id=15
14:20:26 select count(id) from users where spreader_id='15'
14:20:26 select * from images
14:20:26 select * from goods where need_top=1 and need_hidden=0 order by id desc limit 0,5
14:20:26 select count(id) from goods where need_top=0 and need_hidden=0 order by id desc
14:20:26 select * from goods where need_top=0 and need_hidden=0 order by id desc limit 0,10
14:20:40 use a0122145834;
14:20:40 set names utf8;
14:20:40 select * from configs
14:20:40 select * from users where id=15
14:20:40 select count(id) from users where spreader_id='15'
14:20:40 select * from images
14:22:46 use a0122145834;
14:22:46 set names utf8;
14:22:46 select * from configs
14:22:46 select * from users where id=1
14:23:17 use a0122145834;
14:23:17 set names utf8;
14:23:17 select * from configs
14:23:17 select * from users where id=1
14:23:17 use a0122145834;
14:23:17 set names utf8;
14:23:17 select * from configs
14:23:17 select * from users where id=1
14:25:36 use a0122145834;
14:25:36 set names utf8;
14:25:36 select * from configs
14:25:36 select * from users where id=15
14:25:36 select count(id) from users where spreader_id='15'
14:25:36 select * from images
14:25:45 use a0122145834;
14:25:45 set names utf8;
14:25:45 select * from configs
14:25:45 select * from users where id=15
14:25:45 use a0122145834;
14:25:45 set names utf8;
14:25:45 select * from configs
14:25:45 select * from users where id=15
14:25:45 select count(id) from users where spreader_id='15'
14:25:45 select * from images
14:25:45 select * from goods where need_top=1 and need_hidden=0 order by id desc limit 0,5
14:25:45 select count(id) from goods where need_top=0 and need_hidden=0 order by id desc
14:25:45 select * from goods where need_top=0 and need_hidden=0 order by id desc limit 0,10
14:25:50 use a0122145834;
14:25:50 set names utf8;
14:25:50 select * from configs
14:25:50 select * from users where id=1
14:36:45 use a0122145834;
14:36:45 set names utf8;
14:36:45 select * from configs
14:36:45 select * from users where id=15
14:36:45 select count(id) from users where spreader_id='15'
14:36:45 select * from images
14:36:52 use a0122145834;
14:36:52 set names utf8;
14:36:52 select * from configs
14:36:52 select * from users where id=1
14:49:49 use a0122145834;
14:49:49 set names utf8;
14:49:49 select * from configs
14:49:49 select * from users where id=15
14:49:49 select count(id) from users where spreader_id='15'
14:49:49 select * from images
14:52:23 use a0122145834;
14:52:23 set names utf8;
14:52:23 select * from configs
14:52:23 select * from users where id=15
14:52:23 select count(id) from users where spreader_id='15'
14:52:23 select * from images
14:57:16 use a0122145834;
14:57:16 set names utf8;
14:57:16 select * from configs
14:57:16 select * from users where id=15
14:57:16 select count(id) from users where spreader_id='15'
14:57:16 select * from images
14:57:41 use a0122145834;
14:57:41 set names utf8;
14:57:41 select * from configs
14:57:41 select * from users where id=15
14:57:43 use a0122145834;
14:57:43 set names utf8;
14:57:43 select * from configs
14:57:43 select * from users where id=15
14:57:43 select count(id) from users where spreader_id='15'
14:57:43 select * from images
14:57:43 select * from goods where need_top=1 and need_hidden=0 order by id desc limit 0,5
14:57:43 select count(id) from goods where need_top=0 and need_hidden=0 order by id desc
14:57:43 select * from goods where need_top=0 and need_hidden=0 order by id desc limit 0,10
14:57:45 use a0122145834;
14:57:45 set names utf8;
14:57:45 select * from configs
14:57:45 select * from users where id=15
14:57:45 select count(id) from users where spreader_id='15'
14:57:45 select * from images
14:57:45 select count(id) from income where user_id=15
14:57:45 select * from income where user_id=15 limit 0,10
14:57:47 use a0122145834;
14:57:47 set names utf8;
14:57:47 select * from configs
14:57:47 select * from users where id=15
14:57:47 insert into income (user_id,income_money,order_sn,add_time,pay_status) values ('15','10','139046026773757','1390460267','0') ;
15:15:42 use a0122145834;
15:15:42 set names utf8;
15:15:42 select * from configs
15:16:13 use a0122145834;
15:16:14 set names utf8;
15:16:14 select * from configs
15:22:30 use a0122145834;
15:22:30 set names utf8;
15:22:30 select * from configs
15:22:30 use a0122145834;
15:22:30 set names utf8;
15:22:30 select * from configs
15:22:30 use a0122145834;
15:22:30 set names utf8;
15:22:30 select * from configs
15:22:30 use a0122145834;
15:22:30 set names utf8;
15:22:30 select * from configs
15:37:08 use a0122145834;
15:37:08 set names utf8;
15:37:08 select * from configs
15:43:57 use a0122145834;
15:43:57 set names utf8;
15:43:57 select * from configs
15:43:57 select * from users where id=15
15:43:57 select count(id) from users where spreader_id='15'
15:43:57 select * from images
15:43:57 select count(id) from income where user_id=15
15:43:57 select * from income where user_id=15 limit 0,10
15:44:08 use a0122145834;
15:44:08 set names utf8;
15:44:08 select * from configs
15:44:08 select * from users where id=1
15:44:15 use a0122145834;
15:44:15 set names utf8;
15:44:15 select * from configs
15:44:15 select * from users where id=1
15:44:16 use a0122145834;
15:44:16 set names utf8;
15:44:16 select * from configs
15:44:16 select * from users where id=1
15:44:17 use a0122145834;
15:44:17 set names utf8;
15:44:17 select * from configs
15:44:17 select * from users where id=1
15:44:21 use a0122145834;
15:44:21 set names utf8;
15:44:21 select * from configs
15:44:21 select * from users where id=1
15:44:22 use a0122145834;
15:44:22 set names utf8;
15:44:22 select * from configs
15:44:22 select * from users where id=1
15:44:23 use a0122145834;
15:44:23 set names utf8;
15:44:23 select * from configs
15:44:23 select * from users where id=1
15:44:28 use a0122145834;
15:44:28 set names utf8;
15:44:28 select * from configs
15:44:28 select * from users where id=1
15:44:29 use a0122145834;
15:44:29 set names utf8;
15:44:29 select * from configs
15:44:29 select * from users where id=1
15:44:30 use a0122145834;
15:44:30 set names utf8;
15:44:30 select * from configs
15:44:30 select * from users where id=1
15:45:24 use a0122145834;
15:45:24 set names utf8;
15:45:24 select * from configs
15:45:24 select * from users where id=1
15:45:28 use a0122145834;
15:45:28 set names utf8;
15:45:28 select * from configs
15:45:28 select * from users where id=15
15:45:28 use a0122145834;
15:45:28 set names utf8;
15:45:28 select * from configs
15:45:28 select * from users where id=15
15:45:28 select count(id) from users where spreader_id='15'
15:45:28 select * from images
15:45:28 select * from goods where need_top=1 and need_hidden=0 order by id desc limit 0,5
15:45:28 select count(id) from goods where need_top=0 and need_hidden=0 order by id desc
15:45:28 select * from goods where need_top=0 and need_hidden=0 order by id desc limit 0,10
15:45:38 use a0122145834;
15:45:38 set names utf8;
15:45:38 select * from configs
15:45:38 select * from users where id=15
15:45:38 select count(id) from users where spreader_id='15'
15:45:38 select * from images
15:45:38 use a0122145834;
15:45:38 set names utf8;
15:45:38 select * from configs
15:45:39 use a0122145834;
15:45:39 set names utf8;
15:45:39 select * from configs
15:45:39 use a0122145834;
15:45:39 set names utf8;
15:45:39 select * from configs
15:45:43 use a0122145834;
15:45:43 set names utf8;
15:45:43 select * from configs
15:45:47 use a0122145834;
15:45:47 set names utf8;
15:45:47 select * from configs
15:45:48 use a0122145834;
15:45:48 set names utf8;
15:45:48 select * from configs
15:49:01 use a0122145834;
15:49:01 set names utf8;
15:49:01 select * from configs
15:49:01 select * from users where id=1
15:49:22 use a0122145834;
15:49:22 set names utf8;
15:49:22 select * from configs
15:49:22 select * from users where id=1
15:49:31 use a0122145834;
15:49:31 set names utf8;
15:49:31 select * from configs
15:49:45 use a0122145834;
15:49:45 set names utf8;
15:49:45 select * from configs
15:49:46 use a0122145834;
15:49:46 set names utf8;
15:49:46 select * from configs
15:49:51 use a0122145834;
15:49:51 set names utf8;
15:49:51 select * from configs
15:49:51 use a0122145834;
15:49:51 set names utf8;
15:49:51 select * from configs
15:50:00 use a0122145834;
15:50:00 set names utf8;
15:50:00 select * from configs
15:50:00 select * from admins where user_name='admin' and user_word='21232f297a57a5a743894a0e4a801fc3'
15:50:00 use a0122145834;
15:50:00 set names utf8;
15:50:00 select * from configs
15:50:00 select * from admins where id=1
15:50:11 use a0122145834;
15:50:11 set names utf8;
15:50:11 select * from configs
15:50:11 select * from admins where id=1
15:50:12 use a0122145834;
15:50:12 set names utf8;
15:50:12 select * from configs
15:50:12 select * from admins where id=1
15:50:12 select count(id) from users
15:50:12 select * from users limit 0,20
16:44:01 use a0122145834;
16:44:01 set names utf8;
16:44:01 select * from configs
16:44:34 use a0122145834;
16:44:34 set names utf8;
16:44:34 select * from configs
16:49:58 use a0122145834;
16:49:58 set names utf8;
16:49:58 select * from configs
16:49:58 select * from users where id=1
16:50:05 use a0122145834;
16:50:05 set names utf8;
16:50:05 select * from configs
18:41:07 use a0122145834;
18:41:07 set names utf8;
18:41:07 select * from configs
18:43:34 use a0122145834;
18:43:34 set names utf8;
18:43:34 select * from configs
18:45:35 use a0122145834;
18:45:35 set names utf8;
18:45:35 select * from configs
18:45:38 use a0122145834;
18:45:38 set names utf8;
18:45:38 select * from configs
18:46:09 use a0122145834;
18:46:09 set names utf8;
18:46:09 select * from configs
18:46:12 use a0122145834;
18:46:12 set names utf8;
18:46:12 select * from configs
18:46:17 use a0122145834;
18:46:17 set names utf8;
18:46:17 select * from configs
18:46:17 use a0122145834;
18:46:17 set names utf8;
18:46:17 select * from configs
19:33:37 use a0122145834;
19:33:37 set names utf8;
19:33:37 select * from configs
19:35:58 use a0122145834;
19:35:58 set names utf8;
19:35:58 select * from configs
19:38:14 use a0122145834;
19:38:14 set names utf8;
19:38:14 select * from configs
20:17:19 use a0122145834;
20:17:19 set names utf8;
20:17:19 select * from configs
20:23:53 use a0122145834;
20:23:53 set names utf8;
20:23:53 select * from configs
20:30:04 use a0122145834;
20:30:04 set names utf8;
20:30:04 select * from configs
20:34:18 use a0122145834;
20:34:18 set names utf8;
20:34:18 select * from configs
20:39:35 use a0122145834;
20:39:35 set names utf8;
20:39:35 select * from configs
21:38:42 use a0122145834;
21:38:42 set names utf8;
21:38:42 select * from configs
22:07:13 use a0122145834;
22:07:13 set names utf8;
22:07:13 select * from configs
22:07:14 use a0122145834;
22:07:14 set names utf8;
22:07:14 select * from configs
22:07:19 use a0122145834;
22:07:19 set names utf8;
22:07:19 select * from configs
22:36:40 use a0122145834;
22:36:40 set names utf8;
22:36:40 select * from configs
22:36:41 use a0122145834;
22:36:41 set names utf8;
22:36:41 select * from configs
22:41:10 use a0122145834;
22:41:10 set names utf8;
22:41:10 select * from configs
22:41:48 use a0122145834;
22:41:48 set names utf8;
22:41:48 select * from configs
22:46:32 use a0122145834;
22:46:32 set names utf8;
22:46:32 select * from configs
22:48:18 use a0122145834;
22:48:18 set names utf8;
22:48:18 select * from configs
22:53:16 use a0122145834;
22:53:16 set names utf8;
22:53:16 select * from configs
22:54:18 use a0122145834;
22:54:18 set names utf8;
22:54:18 select * from configs
22:54:18 use a0122145834;
22:54:18 set names utf8;
22:54:18 select * from configs
23:05:00 use a0122145834;
23:05:00 set names utf8;
23:05:00 select * from configs
23:05:05 use a0122145834;
23:05:05 set names utf8;
23:05:05 select * from configs
23:05:34 use a0122145834;
23:05:34 set names utf8;
23:05:34 select * from configs
23:07:20 use a0122145834;
23:07:20 set names utf8;
23:07:20 select * from configs
23:10:13 use a0122145834;
23:10:13 set names utf8;
23:10:13 select * from configs
23:10:29 use a0122145834;
23:10:29 set names utf8;
23:10:29 select * from configs
23:15:55 use a0122145834;
23:15:55 set names utf8;
23:15:55 select * from configs
23:16:00 use a0122145834;
23:16:00 set names utf8;
23:16:00 select * from configs
23:16:01 use a0122145834;
23:16:01 set names utf8;
23:16:01 select * from configs
23:16:17 use a0122145834;
23:16:17 set names utf8;
23:16:17 select * from configs
23:16:29 use a0122145834;
23:16:29 set names utf8;
23:16:29 select * from configs
23:17:34 use a0122145834;
23:17:34 set names utf8;
23:17:34 select * from configs
23:17:36 use a0122145834;
23:17:36 set names utf8;
23:17:36 select * from configs
23:17:37 use a0122145834;
23:17:37 set names utf8;
23:17:37 select * from configs
23:23:54 use a0122145834;
23:23:54 set names utf8;
23:23:54 select * from configs
23:24:07 use a0122145834;
23:24:07 set names utf8;
23:24:07 select * from configs
23:28:58 use a0122145834;
23:28:58 set names utf8;
23:28:58 select * from configs
23:29:57 use a0122145834;
23:29:57 set names utf8;
23:29:57 select * from configs
23:30:00 use a0122145834;
23:30:00 set names utf8;
23:30:00 select * from configs
23:32:30 use a0122145834;
23:32:30 set names utf8;
23:32:30 select * from configs
23:34:15 use a0122145834;
23:34:15 set names utf8;
23:34:15 select * from configs
23:34:42 use a0122145834;
23:34:42 set names utf8;
23:34:42 select * from configs
23:35:12 use a0122145834;
23:35:12 set names utf8;
23:35:12 select * from configs
23:35:15 use a0122145834;
23:35:15 set names utf8;
23:35:15 select * from configs
23:35:38 use a0122145834;
23:35:38 set names utf8;
23:35:38 select * from configs
23:36:21 use a0122145834;
23:36:21 set names utf8;
23:36:21 select * from configs
23:36:46 use a0122145834;
23:36:46 set names utf8;
23:36:46 select * from configs
23:36:46 use a0122145834;
23:36:46 set names utf8;
23:36:46 select * from configs
23:39:41 use a0122145834;
23:39:41 set names utf8;
23:39:41 select * from configs
23:40:14 use a0122145834;
23:40:14 set names utf8;
23:40:14 select * from configs
23:40:15 use a0122145834;
23:40:15 set names utf8;
23:40:15 select * from configs
23:40:54 use a0122145834;
23:40:54 set names utf8;
23:40:54 select * from configs
23:42:23 use a0122145834;
23:42:23 set names utf8;
23:42:23 select * from configs
23:42:25 use a0122145834;
23:42:25 set names utf8;
23:42:25 select * from configs
23:42:27 use a0122145834;
23:42:27 set names utf8;
23:42:27 select * from configs
23:42:29 use a0122145834;
23:42:29 set names utf8;
23:42:29 select * from configs
23:42:31 use a0122145834;
23:42:31 set names utf8;
23:42:31 select * from configs
23:42:33 use a0122145834;
23:42:33 set names utf8;
23:42:33 select * from configs
23:42:34 use a0122145834;
23:42:34 set names utf8;
23:42:34 select * from configs
23:42:36 use a0122145834;
23:42:36 set names utf8;
23:42:36 select * from configs
23:42:37 use a0122145834;
23:42:37 set names utf8;
23:42:37 select * from configs
23:42:58 use a0122145834;
23:42:58 set names utf8;
23:42:58 select * from configs
23:43:03 use a0122145834;
23:43:03 set names utf8;
23:43:03 select * from configs
23:44:15 use a0122145834;
23:44:15 set names utf8;
23:44:15 select * from configs
23:44:35 use a0122145834;
23:44:35 set names utf8;
23:44:35 select * from configs
23:44:39 use a0122145834;
23:44:39 set names utf8;
23:44:39 select * from configs
23:44:41 use a0122145834;
23:44:41 set names utf8;
23:44:41 select * from configs
23:44:42 use a0122145834;
23:44:42 set names utf8;
23:44:42 select * from configs
23:44:44 use a0122145834;
23:44:44 set names utf8;
23:44:44 select * from configs
23:44:44 use a0122145834;
23:44:44 set names utf8;
23:44:44 select * from configs
23:44:46 use a0122145834;
23:44:46 set names utf8;
23:44:46 select * from configs
23:47:31 use a0122145834;
23:47:31 set names utf8;
23:47:31 select * from configs
23:51:11 use a0122145834;
23:51:11 set names utf8;
23:51:11 select * from configs
23:57:39 use a0122145834;
23:57:39 set names utf8;
23:57:39 select * from configs
